2017-08-12 13:46:15,891: rp.session.vivek-HP-Pavilion-m6-Notebook-PC.vivek.017390.0021: MainProcess                     : MainThread     : INFO    : python.interpreter   version: 2.7.12 (default, Nov 19 2016, 06:48:10) [GCC 5.4.0 20160609]
2017-08-12 13:46:15,891: rp.session.vivek-HP-Pavilion-m6-Notebook-PC.vivek.017390.0021: MainProcess                     : MainThread     : INFO    :                      pid: 21344
2017-08-12 13:46:15,891: rp.session.vivek-HP-Pavilion-m6-Notebook-PC.vivek.017390.0021: MainProcess                     : MainThread     : INFO    :                      tid: MainThread
2017-08-12 13:46:15,891: rp.session.vivek-HP-Pavilion-m6-Notebook-PC.vivek.017390.0021: MainProcess                     : MainThread     : INFO    : radical.pilot        version: 0.46-v0.46.RC2@HEAD-detached-at-v0.46.RC2
2017-08-12 13:46:15,891: rp.session.vivek-HP-Pavilion-m6-Notebook-PC.vivek.017390.0021: MainProcess                     : MainThread     : INFO    : using database mongodb://rp:rp@ds015335.mlab.com:15335/rp
2017-08-12 13:46:15,892: rp.session.vivek-HP-Pavilion-m6-Notebook-PC.vivek.017390.0021: MainProcess                     : MainThread     : INFO    : Load resource configurations from /home/vivek/Research/ves/test_entk/local/lib/python2.7/site-packages/radical/pilot/configs/resource_nersc.json
2017-08-12 13:46:15,905: rp.session.vivek-HP-Pavilion-m6-Notebook-PC.vivek.017390.0021: MainProcess                     : MainThread     : INFO    : Load resource configurations for nersc.edison_ccm_ssh
2017-08-12 13:46:15,906: rp.session.vivek-HP-Pavilion-m6-Notebook-PC.vivek.017390.0021: MainProcess                     : MainThread     : INFO    : Load resource configurations for nersc.hopper_orte
2017-08-12 13:46:15,906: rp.session.vivek-HP-Pavilion-m6-Notebook-PC.vivek.017390.0021: MainProcess                     : MainThread     : INFO    : Load resource configurations for nersc.hopper_ccm_ssh
2017-08-12 13:46:15,907: rp.session.vivek-HP-Pavilion-m6-Notebook-PC.vivek.017390.0021: MainProcess                     : MainThread     : INFO    : Load resource configurations for nersc.edison_aprun
2017-08-12 13:46:15,907: rp.session.vivek-HP-Pavilion-m6-Notebook-PC.vivek.017390.0021: MainProcess                     : MainThread     : INFO    : Load resource configurations for nersc.hopper_aprun
2017-08-12 13:46:15,908: rp.session.vivek-HP-Pavilion-m6-Notebook-PC.vivek.017390.0021: MainProcess                     : MainThread     : INFO    : Load resource configurations for nersc.edison_orte
2017-08-12 13:46:15,908: rp.session.vivek-HP-Pavilion-m6-Notebook-PC.vivek.017390.0021: MainProcess                     : MainThread     : INFO    : Load resource configurations from /home/vivek/Research/ves/test_entk/local/lib/python2.7/site-packages/radical/pilot/configs/resource_ornl.json
2017-08-12 13:46:15,914: rp.session.vivek-HP-Pavilion-m6-Notebook-PC.vivek.017390.0021: MainProcess                     : MainThread     : INFO    : Load resource configurations for ornl.titan_orte
2017-08-12 13:46:15,915: rp.session.vivek-HP-Pavilion-m6-Notebook-PC.vivek.017390.0021: MainProcess                     : MainThread     : INFO    : Load resource configurations for ornl.titan_aprun
2017-08-12 13:46:15,915: rp.session.vivek-HP-Pavilion-m6-Notebook-PC.vivek.017390.0021: MainProcess                     : MainThread     : INFO    : Load resource configurations for ornl.titan_ortelib
2017-08-12 13:46:15,916: rp.session.vivek-HP-Pavilion-m6-Notebook-PC.vivek.017390.0021: MainProcess                     : MainThread     : INFO    : Load resource configurations from /home/vivek/Research/ves/test_entk/local/lib/python2.7/site-packages/radical/pilot/configs/resource_rice.json
2017-08-12 13:46:15,919: rp.session.vivek-HP-Pavilion-m6-Notebook-PC.vivek.017390.0021: MainProcess                     : MainThread     : INFO    : Load resource configurations for rice.davinci_ssh
2017-08-12 13:46:15,919: rp.session.vivek-HP-Pavilion-m6-Notebook-PC.vivek.017390.0021: MainProcess                     : MainThread     : INFO    : Load resource configurations for rice.biou_ssh
2017-08-12 13:46:15,920: rp.session.vivek-HP-Pavilion-m6-Notebook-PC.vivek.017390.0021: MainProcess                     : MainThread     : INFO    : Load resource configurations from /home/vivek/Research/ves/test_entk/local/lib/python2.7/site-packages/radical/pilot/configs/resource_lumc.json
2017-08-12 13:46:15,923: rp.session.vivek-HP-Pavilion-m6-Notebook-PC.vivek.017390.0021: MainProcess                     : MainThread     : INFO    : Load resource configurations for lumc.gb-ui_ssh
2017-08-12 13:46:15,924: rp.session.vivek-HP-Pavilion-m6-Notebook-PC.vivek.017390.0021: MainProcess                     : MainThread     : INFO    : Load resource configurations for lumc.shark_ssh
2017-08-12 13:46:15,924: rp.session.vivek-HP-Pavilion-m6-Notebook-PC.vivek.017390.0021: MainProcess                     : MainThread     : INFO    : Load resource configurations from /home/vivek/Research/ves/test_entk/local/lib/python2.7/site-packages/radical/pilot/configs/resource_ncsa.json
2017-08-12 13:46:15,932: rp.session.vivek-HP-Pavilion-m6-Notebook-PC.vivek.017390.0021: MainProcess                     : MainThread     : INFO    : Load resource configurations for ncsa.bw_orte
2017-08-12 13:46:15,933: rp.session.vivek-HP-Pavilion-m6-Notebook-PC.vivek.017390.0021: MainProcess                     : MainThread     : INFO    : Load resource configurations for ncsa.bw_ccm_ssh
2017-08-12 13:46:15,933: rp.session.vivek-HP-Pavilion-m6-Notebook-PC.vivek.017390.0021: MainProcess                     : MainThread     : INFO    : Load resource configurations for ncsa.bw_ortelib
2017-08-12 13:46:15,934: rp.session.vivek-HP-Pavilion-m6-Notebook-PC.vivek.017390.0021: MainProcess                     : MainThread     : INFO    : Load resource configurations for ncsa.bw_aprun
2017-08-12 13:46:15,934: rp.session.vivek-HP-Pavilion-m6-Notebook-PC.vivek.017390.0021: MainProcess                     : MainThread     : INFO    : Load resource configurations for ncsa.bw_local_orte
2017-08-12 13:46:15,935: rp.session.vivek-HP-Pavilion-m6-Notebook-PC.vivek.017390.0021: MainProcess                     : MainThread     : INFO    : Load resource configurations from /home/vivek/Research/ves/test_entk/local/lib/python2.7/site-packages/radical/pilot/configs/resource_das5.json
2017-08-12 13:46:15,936: rp.session.vivek-HP-Pavilion-m6-Notebook-PC.vivek.017390.0021: MainProcess                     : MainThread     : INFO    : Load resource configurations for das5.fs1_ssh
2017-08-12 13:46:15,937: rp.session.vivek-HP-Pavilion-m6-Notebook-PC.vivek.017390.0021: MainProcess                     : MainThread     : INFO    : Load resource configurations from /home/vivek/Research/ves/test_entk/local/lib/python2.7/site-packages/radical/pilot/configs/resource_chameleon.json
2017-08-12 13:46:15,938: rp.session.vivek-HP-Pavilion-m6-Notebook-PC.vivek.017390.0021: MainProcess                     : MainThread     : INFO    : Load resource configurations for chameleon.cloud_vm_yarn
2017-08-12 13:46:15,938: rp.session.vivek-HP-Pavilion-m6-Notebook-PC.vivek.017390.0021: MainProcess                     : MainThread     : INFO    : Load resource configurations from /home/vivek/Research/ves/test_entk/local/lib/python2.7/site-packages/radical/pilot/configs/resource_stfc.json
2017-08-12 13:46:15,940: rp.session.vivek-HP-Pavilion-m6-Notebook-PC.vivek.017390.0021: MainProcess                     : MainThread     : INFO    : Load resource configurations for stfc.joule_runjob
2017-08-12 13:46:15,940: rp.session.vivek-HP-Pavilion-m6-Notebook-PC.vivek.017390.0021: MainProcess                     : MainThread     : INFO    : Load resource configurations from /home/vivek/Research/ves/test_entk/local/lib/python2.7/site-packages/radical/pilot/configs/resource_das4.json
2017-08-12 13:46:15,942: rp.session.vivek-HP-Pavilion-m6-Notebook-PC.vivek.017390.0021: MainProcess                     : MainThread     : INFO    : Load resource configurations for das4.fs2_ssh
2017-08-12 13:46:15,942: rp.session.vivek-HP-Pavilion-m6-Notebook-PC.vivek.017390.0021: MainProcess                     : MainThread     : INFO    : Load resource configurations from /home/vivek/Research/ves/test_entk/local/lib/python2.7/site-packages/radical/pilot/configs/resource_yale.json
2017-08-12 13:46:15,944: rp.session.vivek-HP-Pavilion-m6-Notebook-PC.vivek.017390.0021: MainProcess                     : MainThread     : INFO    : Load resource configurations for yale.grace_ssh
2017-08-12 13:46:15,944: rp.session.vivek-HP-Pavilion-m6-Notebook-PC.vivek.017390.0021: MainProcess                     : MainThread     : INFO    : Load resource configurations from /home/vivek/Research/ves/test_entk/local/lib/python2.7/site-packages/radical/pilot/configs/resource_ncar.json
2017-08-12 13:46:15,946: rp.session.vivek-HP-Pavilion-m6-Notebook-PC.vivek.017390.0021: MainProcess                     : MainThread     : INFO    : Load resource configurations for ncar.yellowstone_ssh
2017-08-12 13:46:15,946: rp.session.vivek-HP-Pavilion-m6-Notebook-PC.vivek.017390.0021: MainProcess                     : MainThread     : INFO    : Load resource configurations from /home/vivek/Research/ves/test_entk/local/lib/python2.7/site-packages/radical/pilot/configs/resource_iu.json
2017-08-12 13:46:15,949: rp.session.vivek-HP-Pavilion-m6-Notebook-PC.vivek.017390.0021: MainProcess                     : MainThread     : INFO    : Load resource configurations for iu.bigred2_ccm_ssh
2017-08-12 13:46:15,949: rp.session.vivek-HP-Pavilion-m6-Notebook-PC.vivek.017390.0021: MainProcess                     : MainThread     : INFO    : Load resource configurations for iu.bigred2_aprun
2017-08-12 13:46:15,950: rp.session.vivek-HP-Pavilion-m6-Notebook-PC.vivek.017390.0021: MainProcess                     : MainThread     : INFO    : Load resource configurations from /home/vivek/Research/ves/test_entk/local/lib/python2.7/site-packages/radical/pilot/configs/resource_osg.json
2017-08-12 13:46:15,953: rp.session.vivek-HP-Pavilion-m6-Notebook-PC.vivek.017390.0021: MainProcess                     : MainThread     : INFO    : Load resource configurations for osg.xsede-virt-clust
2017-08-12 13:46:15,954: rp.session.vivek-HP-Pavilion-m6-Notebook-PC.vivek.017390.0021: MainProcess                     : MainThread     : INFO    : Load resource configurations for osg.connect
2017-08-12 13:46:15,954: rp.session.vivek-HP-Pavilion-m6-Notebook-PC.vivek.017390.0021: MainProcess                     : MainThread     : INFO    : Load resource configurations from /home/vivek/Research/ves/test_entk/local/lib/python2.7/site-packages/radical/pilot/configs/resource_radical.json
2017-08-12 13:46:15,958: rp.session.vivek-HP-Pavilion-m6-Notebook-PC.vivek.017390.0021: MainProcess                     : MainThread     : INFO    : Load resource configurations for radical.two
2017-08-12 13:46:15,959: rp.session.vivek-HP-Pavilion-m6-Notebook-PC.vivek.017390.0021: MainProcess                     : MainThread     : INFO    : Load resource configurations for radical.tutorial
2017-08-12 13:46:15,959: rp.session.vivek-HP-Pavilion-m6-Notebook-PC.vivek.017390.0021: MainProcess                     : MainThread     : INFO    : Load resource configurations for radical.one
2017-08-12 13:46:15,960: rp.session.vivek-HP-Pavilion-m6-Notebook-PC.vivek.017390.0021: MainProcess                     : MainThread     : INFO    : Load resource configurations from /home/vivek/Research/ves/test_entk/local/lib/python2.7/site-packages/radical/pilot/configs/resource_lrz.json
2017-08-12 13:46:15,961: rp.session.vivek-HP-Pavilion-m6-Notebook-PC.vivek.017390.0021: MainProcess                     : MainThread     : INFO    : Load resource configurations for lrz.supermuc_ssh
2017-08-12 13:46:15,962: rp.session.vivek-HP-Pavilion-m6-Notebook-PC.vivek.017390.0021: MainProcess                     : MainThread     : INFO    : Load resource configurations from /home/vivek/Research/ves/test_entk/local/lib/python2.7/site-packages/radical/pilot/configs/resource_local.json
2017-08-12 13:46:15,971: rp.session.vivek-HP-Pavilion-m6-Notebook-PC.vivek.017390.0021: MainProcess                     : MainThread     : INFO    : Load resource configurations for local.localhost_orte
2017-08-12 13:46:15,972: rp.session.vivek-HP-Pavilion-m6-Notebook-PC.vivek.017390.0021: MainProcess                     : MainThread     : INFO    : Load resource configurations for local.localhost_anaconda
2017-08-12 13:46:15,972: rp.session.vivek-HP-Pavilion-m6-Notebook-PC.vivek.017390.0021: MainProcess                     : MainThread     : INFO    : Load resource configurations for local.localhost_ortelib
2017-08-12 13:46:15,972: rp.session.vivek-HP-Pavilion-m6-Notebook-PC.vivek.017390.0021: MainProcess                     : MainThread     : INFO    : Load resource configurations for local.localhost
2017-08-12 13:46:15,973: rp.session.vivek-HP-Pavilion-m6-Notebook-PC.vivek.017390.0021: MainProcess                     : MainThread     : INFO    : Load resource configurations for local.localhost_spark
2017-08-12 13:46:15,973: rp.session.vivek-HP-Pavilion-m6-Notebook-PC.vivek.017390.0021: MainProcess                     : MainThread     : INFO    : Load resource configurations for local.localhost_spark_anaconda
2017-08-12 13:46:15,973: rp.session.vivek-HP-Pavilion-m6-Notebook-PC.vivek.017390.0021: MainProcess                     : MainThread     : INFO    : Load resource configurations for local.localhost_yarn
2017-08-12 13:46:15,974: rp.session.vivek-HP-Pavilion-m6-Notebook-PC.vivek.017390.0021: MainProcess                     : MainThread     : INFO    : Load resource configurations from /home/vivek/Research/ves/test_entk/local/lib/python2.7/site-packages/radical/pilot/configs/resource_aliases.json
2017-08-12 13:46:15,974: rp.session.vivek-HP-Pavilion-m6-Notebook-PC.vivek.017390.0021: MainProcess                     : MainThread     : INFO    : Load resource configurations from /home/vivek/Research/ves/test_entk/local/lib/python2.7/site-packages/radical/pilot/configs/resource_fub.json
2017-08-12 13:46:15,976: rp.session.vivek-HP-Pavilion-m6-Notebook-PC.vivek.017390.0021: MainProcess                     : MainThread     : INFO    : Load resource configurations for fub.allegro_rsh
2017-08-12 13:46:15,976: rp.session.vivek-HP-Pavilion-m6-Notebook-PC.vivek.017390.0021: MainProcess                     : MainThread     : INFO    : Load resource configurations from /home/vivek/Research/ves/test_entk/local/lib/python2.7/site-packages/radical/pilot/configs/resource_xsede.json
2017-08-12 13:46:16,010: rp.session.vivek-HP-Pavilion-m6-Notebook-PC.vivek.017390.0021: MainProcess                     : MainThread     : INFO    : Load resource configurations for xsede.stampede2_ssh
2017-08-12 13:46:16,011: rp.session.vivek-HP-Pavilion-m6-Notebook-PC.vivek.017390.0021: MainProcess                     : MainThread     : INFO    : Load resource configurations for xsede.wrangler_spark
2017-08-12 13:46:16,011: rp.session.vivek-HP-Pavilion-m6-Notebook-PC.vivek.017390.0021: MainProcess                     : MainThread     : INFO    : Load resource configurations for xsede.stampede_yarn
2017-08-12 13:46:16,012: rp.session.vivek-HP-Pavilion-m6-Notebook-PC.vivek.017390.0021: MainProcess                     : MainThread     : INFO    : Load resource configurations for xsede.gordon_ssh
2017-08-12 13:46:16,012: rp.session.vivek-HP-Pavilion-m6-Notebook-PC.vivek.017390.0021: MainProcess                     : MainThread     : INFO    : Load resource configurations for xsede.stampede_ssh
2017-08-12 13:46:16,013: rp.session.vivek-HP-Pavilion-m6-Notebook-PC.vivek.017390.0021: MainProcess                     : MainThread     : INFO    : Load resource configurations for xsede.lonestar_ssh
2017-08-12 13:46:16,013: rp.session.vivek-HP-Pavilion-m6-Notebook-PC.vivek.017390.0021: MainProcess                     : MainThread     : INFO    : Load resource configurations for xsede.supermic_spark
2017-08-12 13:46:16,014: rp.session.vivek-HP-Pavilion-m6-Notebook-PC.vivek.017390.0021: MainProcess                     : MainThread     : INFO    : Load resource configurations for xsede.wrangler_ssh
2017-08-12 13:46:16,014: rp.session.vivek-HP-Pavilion-m6-Notebook-PC.vivek.017390.0021: MainProcess                     : MainThread     : INFO    : Load resource configurations for xsede.wrangler_yarn
2017-08-12 13:46:16,015: rp.session.vivek-HP-Pavilion-m6-Notebook-PC.vivek.017390.0021: MainProcess                     : MainThread     : INFO    : Load resource configurations for xsede.bridges
2017-08-12 13:46:16,015: rp.session.vivek-HP-Pavilion-m6-Notebook-PC.vivek.017390.0021: MainProcess                     : MainThread     : INFO    : Load resource configurations for xsede.supermic_ssh
2017-08-12 13:46:16,015: rp.session.vivek-HP-Pavilion-m6-Notebook-PC.vivek.017390.0021: MainProcess                     : MainThread     : INFO    : Load resource configurations for xsede.stampede_orte
2017-08-12 13:46:16,016: rp.session.vivek-HP-Pavilion-m6-Notebook-PC.vivek.017390.0021: MainProcess                     : MainThread     : INFO    : Load resource configurations for xsede.greenfield
2017-08-12 13:46:16,016: rp.session.vivek-HP-Pavilion-m6-Notebook-PC.vivek.017390.0021: MainProcess                     : MainThread     : INFO    : Load resource configurations for xsede.comet_spark
2017-08-12 13:46:16,017: rp.session.vivek-HP-Pavilion-m6-Notebook-PC.vivek.017390.0021: MainProcess                     : MainThread     : INFO    : Load resource configurations for xsede.trestles_ssh
2017-08-12 13:46:16,017: rp.session.vivek-HP-Pavilion-m6-Notebook-PC.vivek.017390.0021: MainProcess                     : MainThread     : INFO    : Load resource configurations for xsede.comet_ssh
2017-08-12 13:46:16,018: rp.session.vivek-HP-Pavilion-m6-Notebook-PC.vivek.017390.0021: MainProcess                     : MainThread     : INFO    : Load resource configurations for xsede.stampede_spark
2017-08-12 13:46:16,018: rp.session.vivek-HP-Pavilion-m6-Notebook-PC.vivek.017390.0021: MainProcess                     : MainThread     : INFO    : Load resource configurations for xsede.comet_orte
2017-08-12 13:46:16,018: rp.session.vivek-HP-Pavilion-m6-Notebook-PC.vivek.017390.0021: MainProcess                     : MainThread     : INFO    : Load resource configurations for xsede.comet_ortelib
2017-08-12 13:46:16,019: rp.session.vivek-HP-Pavilion-m6-Notebook-PC.vivek.017390.0021: MainProcess                     : MainThread     : INFO    : Load resource configurations for xsede.blacklight_ssh
2017-08-12 13:46:16,019: rp.session.vivek-HP-Pavilion-m6-Notebook-PC.vivek.017390.0021: MainProcess                     : MainThread     : INFO    : Load resource configurations for xsede.stampede_ortelib
2017-08-12 13:46:16,020: rp.session.vivek-HP-Pavilion-m6-Notebook-PC.vivek.017390.0021: MainProcess                     : MainThread     : INFO    : Load resource configurations from /home/vivek/Research/ves/test_entk/local/lib/python2.7/site-packages/radical/pilot/configs/resource_futuregrid.json
2017-08-12 13:46:16,030: rp.session.vivek-HP-Pavilion-m6-Notebook-PC.vivek.017390.0021: MainProcess                     : MainThread     : INFO    : Load resource configurations for futuregrid.delta_ssh
2017-08-12 13:46:16,030: rp.session.vivek-HP-Pavilion-m6-Notebook-PC.vivek.017390.0021: MainProcess                     : MainThread     : INFO    : Load resource configurations for futuregrid.india_ssh
2017-08-12 13:46:16,031: rp.session.vivek-HP-Pavilion-m6-Notebook-PC.vivek.017390.0021: MainProcess                     : MainThread     : INFO    : Load resource configurations for futuregrid.echo_ssh
2017-08-12 13:46:16,031: rp.session.vivek-HP-Pavilion-m6-Notebook-PC.vivek.017390.0021: MainProcess                     : MainThread     : INFO    : Load resource configurations for futuregrid.xray_ccm
2017-08-12 13:46:16,032: rp.session.vivek-HP-Pavilion-m6-Notebook-PC.vivek.017390.0021: MainProcess                     : MainThread     : INFO    : Load resource configurations for futuregrid.bravo_ssh
2017-08-12 13:46:16,032: rp.session.vivek-HP-Pavilion-m6-Notebook-PC.vivek.017390.0021: MainProcess                     : MainThread     : INFO    : Load resource configurations for futuregrid.xray_aprun
2017-08-12 13:46:16,032: rp.session.vivek-HP-Pavilion-m6-Notebook-PC.vivek.017390.0021: MainProcess                     : MainThread     : INFO    : Load resource configurations from /home/vivek/Research/ves/test_entk/local/lib/python2.7/site-packages/radical/pilot/configs/resource_epsrc.json
2017-08-12 13:46:16,036: rp.session.vivek-HP-Pavilion-m6-Notebook-PC.vivek.017390.0021: MainProcess                     : MainThread     : INFO    : Load resource configurations for epsrc.archer_orte
2017-08-12 13:46:16,036: rp.session.vivek-HP-Pavilion-m6-Notebook-PC.vivek.017390.0021: MainProcess                     : MainThread     : INFO    : Load resource configurations for epsrc.archer_aprun
2017-08-12 13:46:16,275: rp.session.vivek-HP-Pavilion-m6-Notebook-PC.vivek.017390.0021: MainProcess                     : MainThread     : INFO    : New Session created: rp.session.vivek-HP-Pavilion-m6-Notebook-PC.vivek.017390.0021.
2017-08-12 13:46:16,276: rp.session.vivek-HP-Pavilion-m6-Notebook-PC.vivek.017390.0021: MainProcess                     : MainThread     : DEBUG   : start bridges   : {u'control_pubsub': {u'bulk_size': 0, u'log_level': u'debug', u'stall_hwm': 1},
 u'log_pubsub': {u'bulk_size': 0, u'log_level': u'debug', u'stall_hwm': 1},
 u'state_pubsub': {u'bulk_size': 0, u'log_level': u'debug', u'stall_hwm': 1}}
2017-08-12 13:46:16,276: rp.session.vivek-HP-Pavilion-m6-Notebook-PC.vivek.017390.0021: MainProcess                     : MainThread     : INFO    : create bridge control_pubsub
2017-08-12 13:46:16,309: rp.session.vivek-HP-Pavilion-m6-Notebook-PC.vivek.017390.0021: MainProcess                     : MainThread     : INFO    : created bridge control_pubsub (control.pubsub.bridge.0000)
2017-08-12 13:46:16,309: rp.session.vivek-HP-Pavilion-m6-Notebook-PC.vivek.017390.0021: MainProcess                     : MainThread     : INFO    : create bridge state_pubsub
2017-08-12 13:46:16,326: rp.session.vivek-HP-Pavilion-m6-Notebook-PC.vivek.017390.0021: MainProcess                     : MainThread     : INFO    : created bridge state_pubsub (state.pubsub.bridge.0000)
2017-08-12 13:46:16,326: rp.session.vivek-HP-Pavilion-m6-Notebook-PC.vivek.017390.0021: MainProcess                     : MainThread     : INFO    : create bridge log_pubsub
2017-08-12 13:46:16,344: rp.session.vivek-HP-Pavilion-m6-Notebook-PC.vivek.017390.0021: MainProcess                     : MainThread     : INFO    : created bridge log_pubsub (log.pubsub.bridge.0000)
2017-08-12 13:46:16,345: rp.session.vivek-HP-Pavilion-m6-Notebook-PC.vivek.017390.0021: MainProcess                     : MainThread     : DEBUG   : start components: {u'UpdateWorker': {u'count': 1}}
2017-08-12 13:46:16,345: rp.session.vivek-HP-Pavilion-m6-Notebook-PC.vivek.017390.0021: MainProcess                     : MainThread     : DEBUG   : start 1 component(s) UpdateWorker
2017-08-12 13:46:16,486: rp.session.vivek-HP-Pavilion-m6-Notebook-PC.vivek.017390.0021: MainProcess                     : MainThread     : INFO    : rp.session.vivek-HP-Pavilion-m6-Notebook-PC.vivek.017390.0021 starts update.0
2017-08-12 13:46:16,622: rp.session.vivek-HP-Pavilion-m6-Notebook-PC.vivek.017390.0021: MainProcess                     : MainThread     : WARNING : using alias 'xsede.supermic_ssh' for deprecated resource key 'xsede.supermic'
2017-08-12 13:46:16,622: rp.session.vivek-HP-Pavilion-m6-Notebook-PC.vivek.017390.0021: MainProcess                     : MainThread     : DEBUG   : rsup.PTYShell('gsissh://supermic.cct-lsu.xsede.org:2222/')
2017-08-12 13:46:20,797: rp.session.vivek-HP-Pavilion-m6-Notebook-PC.vivek.017390.0021: MainProcess                     : MainThread     : DEBUG   : sandbox base gsissh://supermic.cct-lsu.xsede.org:2222/: '/work/vivek91'
2017-08-12 13:46:20,921: rp.session.vivek-HP-Pavilion-m6-Notebook-PC.vivek.017390.0021: MainProcess                     : MainThread     : DEBUG   : bulk pilot insert result: {'nModified': 0, 'nUpserted': 0, 'nMatched': 0, 'writeErrors': [], 'upserted': [], 'writeConcernErrors': [], 'nRemoved': 0, 'nInserted': 1}
2017-08-12 13:46:20,926: rp.session.vivek-HP-Pavilion-m6-Notebook-PC.vivek.017390.0021: pmgr.launching.0                : MainThread     : WARNING : using alias 'xsede.supermic_ssh' for deprecated resource key 'xsede.supermic'
2017-08-12 13:46:20,932: rp.session.vivek-HP-Pavilion-m6-Notebook-PC.vivek.017390.0021: pmgr.launching.0                : MainThread     : WARNING : using alias 'xsede.supermic_ssh' for deprecated resource key 'xsede.supermic'
2017-08-12 13:46:20,933: rp.session.vivek-HP-Pavilion-m6-Notebook-PC.vivek.017390.0021: pmgr.launching.0                : MainThread     : DEBUG   : rsup.PTYShell('gsissh://supermic.cct-lsu.xsede.org:2222/')
2017-08-12 13:46:22,402: rp.session.vivek-HP-Pavilion-m6-Notebook-PC.vivek.017390.0021: pmgr.launching.0                : MainThread     : DEBUG   : sandbox base gsissh://supermic.cct-lsu.xsede.org:2222/: '/work/vivek91'
2017-08-12 13:47:33,798: rp.session.vivek-HP-Pavilion-m6-Notebook-PC.vivek.017390.0021: task-manager                    : MainThread     : DEBUG   : bulk unit insert result: {'nModified': 0, 'nUpserted': 0, 'nMatched': 0, 'writeErrors': [], 'upserted': [], 'writeConcernErrors': [], 'nRemoved': 0, 'nInserted': 1}
2017-08-12 13:47:33,896: rp.session.vivek-HP-Pavilion-m6-Notebook-PC.vivek.017390.0021: task-manager                    : MainThread     : DEBUG   : bulk unit insert result: {'nModified': 0, 'nUpserted': 0, 'nMatched': 0, 'writeErrors': [], 'upserted': [], 'writeConcernErrors': [], 'nRemoved': 0, 'nInserted': 1}
2017-08-12 13:47:33,958: rp.session.vivek-HP-Pavilion-m6-Notebook-PC.vivek.017390.0021: task-manager                    : MainThread     : DEBUG   : bulk unit insert result: {'nModified': 0, 'nUpserted': 0, 'nMatched': 0, 'writeErrors': [], 'upserted': [], 'writeConcernErrors': [], 'nRemoved': 0, 'nInserted': 1}
2017-08-12 13:47:34,050: rp.session.vivek-HP-Pavilion-m6-Notebook-PC.vivek.017390.0021: task-manager                    : MainThread     : DEBUG   : bulk unit insert result: {'nModified': 0, 'nUpserted': 0, 'nMatched': 0, 'writeErrors': [], 'upserted': [], 'writeConcernErrors': [], 'nRemoved': 0, 'nInserted': 1}
2017-08-12 13:47:34,103: rp.session.vivek-HP-Pavilion-m6-Notebook-PC.vivek.017390.0021: task-manager                    : MainThread     : DEBUG   : bulk unit insert result: {'nModified': 0, 'nUpserted': 0, 'nMatched': 0, 'writeErrors': [], 'upserted': [], 'writeConcernErrors': [], 'nRemoved': 0, 'nInserted': 1}
2017-08-12 13:47:34,164: rp.session.vivek-HP-Pavilion-m6-Notebook-PC.vivek.017390.0021: task-manager                    : MainThread     : DEBUG   : bulk unit insert result: {'nModified': 0, 'nUpserted': 0, 'nMatched': 0, 'writeErrors': [], 'upserted': [], 'writeConcernErrors': [], 'nRemoved': 0, 'nInserted': 1}
2017-08-12 13:47:34,210: rp.session.vivek-HP-Pavilion-m6-Notebook-PC.vivek.017390.0021: task-manager                    : MainThread     : DEBUG   : bulk unit insert result: {'nModified': 0, 'nUpserted': 0, 'nMatched': 0, 'writeErrors': [], 'upserted': [], 'writeConcernErrors': [], 'nRemoved': 0, 'nInserted': 1}
2017-08-12 13:47:34,263: rp.session.vivek-HP-Pavilion-m6-Notebook-PC.vivek.017390.0021: task-manager                    : MainThread     : DEBUG   : bulk unit insert result: {'nModified': 0, 'nUpserted': 0, 'nMatched': 0, 'writeErrors': [], 'upserted': [], 'writeConcernErrors': [], 'nRemoved': 0, 'nInserted': 1}
2017-08-12 13:47:34,337: rp.session.vivek-HP-Pavilion-m6-Notebook-PC.vivek.017390.0021: task-manager                    : MainThread     : DEBUG   : bulk unit insert result: {'nModified': 0, 'nUpserted': 0, 'nMatched': 0, 'writeErrors': [], 'upserted': [], 'writeConcernErrors': [], 'nRemoved': 0, 'nInserted': 1}
2017-08-12 13:47:34,394: rp.session.vivek-HP-Pavilion-m6-Notebook-PC.vivek.017390.0021: task-manager                    : MainThread     : DEBUG   : bulk unit insert result: {'nModified': 0, 'nUpserted': 0, 'nMatched': 0, 'writeErrors': [], 'upserted': [], 'writeConcernErrors': [], 'nRemoved': 0, 'nInserted': 1}
2017-08-12 13:48:16,849: rp.session.vivek-HP-Pavilion-m6-Notebook-PC.vivek.017390.0021: task-manager                    : MainThread     : DEBUG   : bulk unit insert result: {'nModified': 0, 'nUpserted': 0, 'nMatched': 0, 'writeErrors': [], 'upserted': [], 'writeConcernErrors': [], 'nRemoved': 0, 'nInserted': 1}
2017-08-12 13:48:54,712: rp.session.vivek-HP-Pavilion-m6-Notebook-PC.vivek.017390.0021: MainProcess                     : MainThread     : DEBUG   : session rp.session.vivek-HP-Pavilion-m6-Notebook-PC.vivek.017390.0021 closing
2017-08-12 13:48:54,713: rp.session.vivek-HP-Pavilion-m6-Notebook-PC.vivek.017390.0021: MainProcess                     : MainThread     : DEBUG   : session rp.session.vivek-HP-Pavilion-m6-Notebook-PC.vivek.017390.0021 closes pmgr   pmgr.0000
2017-08-12 13:48:55,266: rp.session.vivek-HP-Pavilion-m6-Notebook-PC.vivek.017390.0021: MainProcess                     : MainThread     : DEBUG   : session rp.session.vivek-HP-Pavilion-m6-Notebook-PC.vivek.017390.0021 closed pmgr   pmgr.0000
2017-08-12 13:48:55,266: rp.session.vivek-HP-Pavilion-m6-Notebook-PC.vivek.017390.0021: MainProcess                     : MainThread     : DEBUG   : session rp.session.vivek-HP-Pavilion-m6-Notebook-PC.vivek.017390.0021 closes comp   update.0
2017-08-12 13:48:55,408: rp.session.vivek-HP-Pavilion-m6-Notebook-PC.vivek.017390.0021: MainProcess                     : MainThread     : DEBUG   : session rp.session.vivek-HP-Pavilion-m6-Notebook-PC.vivek.017390.0021 closed comp   update.0
2017-08-12 13:48:55,408: rp.session.vivek-HP-Pavilion-m6-Notebook-PC.vivek.017390.0021: MainProcess                     : MainThread     : DEBUG   : session rp.session.vivek-HP-Pavilion-m6-Notebook-PC.vivek.017390.0021 closes bridge control.pubsub.bridge.0000
2017-08-12 13:48:55,627: rp.session.vivek-HP-Pavilion-m6-Notebook-PC.vivek.017390.0021: MainProcess                     : MainThread     : DEBUG   : session rp.session.vivek-HP-Pavilion-m6-Notebook-PC.vivek.017390.0021 closed bridge control.pubsub.bridge.0000
2017-08-12 13:48:55,627: rp.session.vivek-HP-Pavilion-m6-Notebook-PC.vivek.017390.0021: MainProcess                     : MainThread     : DEBUG   : session rp.session.vivek-HP-Pavilion-m6-Notebook-PC.vivek.017390.0021 closes bridge state.pubsub.bridge.0000
2017-08-12 13:48:55,768: rp.session.vivek-HP-Pavilion-m6-Notebook-PC.vivek.017390.0021: MainProcess                     : MainThread     : DEBUG   : session rp.session.vivek-HP-Pavilion-m6-Notebook-PC.vivek.017390.0021 closed bridge state.pubsub.bridge.0000
2017-08-12 13:48:55,768: rp.session.vivek-HP-Pavilion-m6-Notebook-PC.vivek.017390.0021: MainProcess                     : MainThread     : DEBUG   : session rp.session.vivek-HP-Pavilion-m6-Notebook-PC.vivek.017390.0021 closes bridge log.pubsub.bridge.0000
2017-08-12 13:48:55,992: rp.session.vivek-HP-Pavilion-m6-Notebook-PC.vivek.017390.0021: MainProcess                     : MainThread     : DEBUG   : session rp.session.vivek-HP-Pavilion-m6-Notebook-PC.vivek.017390.0021 closed bridge log.pubsub.bridge.0000
2017-08-12 13:48:55,992: rp.session.vivek-HP-Pavilion-m6-Notebook-PC.vivek.017390.0021: MainProcess                     : MainThread     : DEBUG   : session rp.session.vivek-HP-Pavilion-m6-Notebook-PC.vivek.017390.0021 closes db (False)
2017-08-12 13:48:55,993: rp.session.vivek-HP-Pavilion-m6-Notebook-PC.vivek.017390.0021: MainProcess                     : MainThread     : DEBUG   : session rp.session.vivek-HP-Pavilion-m6-Notebook-PC.vivek.017390.0021 closed (delete=False)
