2017-08-12 13:46:16,310: state.pubsub.bridge.0000: MainProcess                     : MainThread     : INFO    : python.interpreter   version: 2.7.12 (default, Nov 19 2016, 06:48:10) [GCC 5.4.0 20160609]
2017-08-12 13:46:16,310: state.pubsub.bridge.0000: MainProcess                     : MainThread     : INFO    :                      pid: 21344
2017-08-12 13:46:16,310: state.pubsub.bridge.0000: MainProcess                     : MainThread     : INFO    :                      tid: MainThread
2017-08-12 13:46:16,310: state.pubsub.bridge.0000: MainProcess                     : MainThread     : INFO    : radical.pilot        version: 0.46-v0.46.RC2@HEAD-detached-at-v0.46.RC2
2017-08-12 13:46:16,310: state.pubsub.bridge.0000: MainProcess                     : MainThread     : INFO    : create state_pubsub - bridge - tcp://*:*
2017-08-12 13:46:16,311: state.pubsub.bridge.0000: MainProcess                     : MainThread     : DEBUG   : start process
2017-08-12 13:46:16,316: state.pubsub.bridge.0000: state.pubsub.bridge.0000        : MainThread     : DEBUG   : ru_initialize_common (NOOP)
2017-08-12 13:46:16,319: state.pubsub.bridge.0000: state.pubsub.bridge.0000.child  : MainThread     : INFO    : child (me) initializing
2017-08-12 13:46:16,320: state.pubsub.bridge.0000: state.pubsub.bridge.0000.child  : MainThread     : DEBUG   : parent name: state.pubsub.bridge.0000.child.watch
2017-08-12 13:46:16,320: state.pubsub.bridge.0000: state.pubsub.bridge.0000.child  : MainThread     : DEBUG   : start thread
2017-08-12 13:46:16,320: state.pubsub.bridge.0000: state.pubsub.bridge.0000.child  : state.pubsub.bridge.0000.child.watch: DEBUG   : child name: state.pubsub.bridge.0000.child.watch.thread
2017-08-12 13:46:16,320: state.pubsub.bridge.0000: state.pubsub.bridge.0000.child  : state.pubsub.bridge.0000.child.watch: INFO    : child (me) initializing
2017-08-12 13:46:16,321: state.pubsub.bridge.0000: state.pubsub.bridge.0000.child  : state.pubsub.bridge.0000.child.watch: DEBUG   : ru_initialize_common (NOOP)
2017-08-12 13:46:16,321: state.pubsub.bridge.0000: state.pubsub.bridge.0000.child  : state.pubsub.bridge.0000.child.watch: DEBUG   : ru_initialize_child (NOOP)
2017-08-12 13:46:16,321: state.pubsub.bridge.0000: state.pubsub.bridge.0000.child  : state.pubsub.bridge.0000.child.watch: INFO    : send alive
2017-08-12 13:46:16,321: state.pubsub.bridge.0000: state.pubsub.bridge.0000.child  : state.pubsub.bridge.0000.child.watch: INFO    : put message: [state.pubsub.bridge.0000.child.watch.thread] alive
2017-08-12 13:46:16,321: state.pubsub.bridge.0000: state.pubsub.bridge.0000.child  : MainThread     : INFO    : get msg: alive
2017-08-12 13:46:16,322: state.pubsub.bridge.0000: state.pubsub.bridge.0000.child  : MainThread     : DEBUG   : ru_initialize_common (NOOP)
2017-08-12 13:46:16,322: state.pubsub.bridge.0000: state.pubsub.bridge.0000.child  : MainThread     : DEBUG   : ru_initialize_parent (NOOP)
2017-08-12 13:46:16,322: state.pubsub.bridge.0000: state.pubsub.bridge.0000.child  : MainThread     : DEBUG   : child thread state.pubsub.bridge.0000.child.watch started
2017-08-12 13:46:16,322: state.pubsub.bridge.0000: state.pubsub.bridge.0000.child  : MainThread     : INFO    : child (me) is alive
2017-08-12 13:46:16,322: state.pubsub.bridge.0000: state.pubsub.bridge.0000.child  : MainThread     : INFO    : send alive
2017-08-12 13:46:16,322: state.pubsub.bridge.0000: state.pubsub.bridge.0000.child  : MainThread     : INFO    : send message: [state.pubsub.bridge.0000.child] alive
2017-08-12 13:46:16,322: state.pubsub.bridge.0000: MainProcess                     : MainThread     : INFO    : recv message: alive
2017-08-12 13:46:16,323: state.pubsub.bridge.0000: MainProcess                     : MainThread     : DEBUG   : ru_initialize_common (NOOP)
2017-08-12 13:46:16,323: state.pubsub.bridge.0000: MainProcess                     : MainThread     : DEBUG   : ru_initialize_parent (NOOP)
2017-08-12 13:46:16,323: state.pubsub.bridge.0000: MainProcess                     : MainThread     : DEBUG   : parent name: state.pubsub.bridge.0000.watch
2017-08-12 13:46:16,323: state.pubsub.bridge.0000: MainProcess                     : MainThread     : DEBUG   : start thread
2017-08-12 13:46:16,324: state.pubsub.bridge.0000: MainProcess                     : state.pubsub.bridge.0000.watch: DEBUG   : child name: state.pubsub.bridge.0000.watch.thread
2017-08-12 13:46:16,324: state.pubsub.bridge.0000: MainProcess                     : state.pubsub.bridge.0000.watch: INFO    : child (me) initializing
2017-08-12 13:46:16,324: state.pubsub.bridge.0000: MainProcess                     : state.pubsub.bridge.0000.watch: DEBUG   : ru_initialize_common (NOOP)
2017-08-12 13:46:16,324: state.pubsub.bridge.0000: MainProcess                     : state.pubsub.bridge.0000.watch: DEBUG   : ru_initialize_child (NOOP)
2017-08-12 13:46:16,324: state.pubsub.bridge.0000: MainProcess                     : state.pubsub.bridge.0000.watch: INFO    : send alive
2017-08-12 13:46:16,324: state.pubsub.bridge.0000: MainProcess                     : state.pubsub.bridge.0000.watch: INFO    : put message: [state.pubsub.bridge.0000.watch.thread] alive
2017-08-12 13:46:16,325: state.pubsub.bridge.0000: MainProcess                     : MainThread     : INFO    : get msg: alive
2017-08-12 13:46:16,325: state.pubsub.bridge.0000: MainProcess                     : MainThread     : DEBUG   : ru_initialize_common (NOOP)
2017-08-12 13:46:16,325: state.pubsub.bridge.0000: MainProcess                     : MainThread     : DEBUG   : ru_initialize_parent (NOOP)
2017-08-12 13:46:16,325: state.pubsub.bridge.0000: MainProcess                     : MainThread     : DEBUG   : child thread state.pubsub.bridge.0000.watch started
2017-08-12 13:46:16,325: state.pubsub.bridge.0000: MainProcess                     : MainThread     : INFO    : child is alive
2017-08-12 13:46:16,325: state.pubsub.bridge.0000: MainProcess                     : MainThread     : DEBUG   : process class started child
2017-08-12 13:48:55,627: state.pubsub.bridge.0000: MainProcess                     : MainThread     : INFO    : parent stops child
2017-08-12 13:48:55,628: state.pubsub.bridge.0000: MainProcess                     : MainThread     : DEBUG   : ru_finalize_parent (NOOP)
2017-08-12 13:48:55,628: state.pubsub.bridge.0000: MainProcess                     : MainThread     : INFO    : parent stops child
2017-08-12 13:48:55,628: state.pubsub.bridge.0000: MainProcess                     : MainThread     : DEBUG   : ru_finalize_parent (NOOP)
2017-08-12 13:48:55,628: state.pubsub.bridge.0000: MainProcess                     : MainThread     : DEBUG   : ru_finalize_common (NOOP)
2017-08-12 13:48:55,646: state.pubsub.bridge.0000: MainProcess                     : state.pubsub.bridge.0000.watch: INFO    : watcher closes
2017-08-12 13:48:55,646: state.pubsub.bridge.0000: MainProcess                     : state.pubsub.bridge.0000.watch: INFO    : put message: [state.pubsub.bridge.0000.watch.thread] work finished
2017-08-12 13:48:55,646: state.pubsub.bridge.0000: MainProcess                     : state.pubsub.bridge.0000.watch: DEBUG   : ru_finalize_child (NOOP)
2017-08-12 13:48:55,646: state.pubsub.bridge.0000: MainProcess                     : state.pubsub.bridge.0000.watch: DEBUG   : ru_finalize_common (NOOP)
2017-08-12 13:48:55,647: state.pubsub.bridge.0000: MainProcess                     : state.pubsub.bridge.0000.watch: INFO    : put message: [state.pubsub.bridge.0000.watch.thread] terminating
2017-08-12 13:48:55,760: state.pubsub.bridge.0000: MainProcess                     : MainThread     : WARNING : failed to stop child - terminate
