2017-08-12 13:47:33,202: umgr.unschedule.pubsub.bridge.0000: task-manager                    : MainThread     : INFO    : python.interpreter   version: 2.7.12 (default, Nov 19 2016, 06:48:10) [GCC 5.4.0 20160609]
2017-08-12 13:47:33,202: umgr.unschedule.pubsub.bridge.0000: task-manager                    : MainThread     : INFO    :                      pid: 21516
2017-08-12 13:47:33,203: umgr.unschedule.pubsub.bridge.0000: task-manager                    : MainThread     : INFO    :                      tid: MainThread
2017-08-12 13:47:33,203: umgr.unschedule.pubsub.bridge.0000: task-manager                    : MainThread     : INFO    : radical.pilot        version: 0.46-v0.46.RC2@HEAD-detached-at-v0.46.RC2
2017-08-12 13:47:33,203: umgr.unschedule.pubsub.bridge.0000: task-manager                    : MainThread     : INFO    : create umgr_unschedule_pubsub - bridge - tcp://*:*
2017-08-12 13:47:33,204: umgr.unschedule.pubsub.bridge.0000: task-manager                    : MainThread     : DEBUG   : start process
2017-08-12 13:47:33,219: umgr.unschedule.pubsub.bridge.0000: umgr.unschedule.pubsub.bridge.0000: MainThread     : DEBUG   : ru_initialize_common (NOOP)
2017-08-12 13:47:33,244: umgr.unschedule.pubsub.bridge.0000: umgr.unschedule.pubsub.bridge.0000.child: MainThread     : INFO    : child (me) initializing
2017-08-12 13:47:33,244: umgr.unschedule.pubsub.bridge.0000: umgr.unschedule.pubsub.bridge.0000.child: MainThread     : DEBUG   : parent name: umgr.unschedule.pubsub.bridge.0000.child.watch
2017-08-12 13:47:33,244: umgr.unschedule.pubsub.bridge.0000: umgr.unschedule.pubsub.bridge.0000.child: MainThread     : DEBUG   : start thread
2017-08-12 13:47:33,245: umgr.unschedule.pubsub.bridge.0000: umgr.unschedule.pubsub.bridge.0000.child: umgr.unschedule.pubsub.bridge.0000.child.watch: DEBUG   : child name: umgr.unschedule.pubsub.bridge.0000.child.watch.thread
2017-08-12 13:47:33,246: umgr.unschedule.pubsub.bridge.0000: umgr.unschedule.pubsub.bridge.0000.child: umgr.unschedule.pubsub.bridge.0000.child.watch: INFO    : child (me) initializing
2017-08-12 13:47:33,246: umgr.unschedule.pubsub.bridge.0000: umgr.unschedule.pubsub.bridge.0000.child: umgr.unschedule.pubsub.bridge.0000.child.watch: DEBUG   : ru_initialize_common (NOOP)
2017-08-12 13:47:33,246: umgr.unschedule.pubsub.bridge.0000: umgr.unschedule.pubsub.bridge.0000.child: umgr.unschedule.pubsub.bridge.0000.child.watch: DEBUG   : ru_initialize_child (NOOP)
2017-08-12 13:47:33,246: umgr.unschedule.pubsub.bridge.0000: umgr.unschedule.pubsub.bridge.0000.child: umgr.unschedule.pubsub.bridge.0000.child.watch: INFO    : send alive
2017-08-12 13:47:33,246: umgr.unschedule.pubsub.bridge.0000: umgr.unschedule.pubsub.bridge.0000.child: umgr.unschedule.pubsub.bridge.0000.child.watch: INFO    : put message: [umgr.unschedule.pubsub.bridge.0000.child.watch.thread] alive
2017-08-12 13:47:33,247: umgr.unschedule.pubsub.bridge.0000: umgr.unschedule.pubsub.bridge.0000.child: MainThread     : INFO    : get msg: alive
2017-08-12 13:47:33,247: umgr.unschedule.pubsub.bridge.0000: umgr.unschedule.pubsub.bridge.0000.child: MainThread     : DEBUG   : ru_initialize_common (NOOP)
2017-08-12 13:47:33,247: umgr.unschedule.pubsub.bridge.0000: umgr.unschedule.pubsub.bridge.0000.child: MainThread     : DEBUG   : ru_initialize_parent (NOOP)
2017-08-12 13:47:33,247: umgr.unschedule.pubsub.bridge.0000: umgr.unschedule.pubsub.bridge.0000.child: MainThread     : DEBUG   : child thread umgr.unschedule.pubsub.bridge.0000.child.watch started
2017-08-12 13:47:33,248: umgr.unschedule.pubsub.bridge.0000: umgr.unschedule.pubsub.bridge.0000.child: MainThread     : INFO    : child (me) is alive
2017-08-12 13:47:33,248: umgr.unschedule.pubsub.bridge.0000: umgr.unschedule.pubsub.bridge.0000.child: MainThread     : INFO    : send alive
2017-08-12 13:47:33,248: umgr.unschedule.pubsub.bridge.0000: umgr.unschedule.pubsub.bridge.0000.child: MainThread     : INFO    : send message: [umgr.unschedule.pubsub.bridge.0000.child] alive
2017-08-12 13:47:33,248: umgr.unschedule.pubsub.bridge.0000: task-manager                    : MainThread     : INFO    : recv message: alive
2017-08-12 13:47:33,248: umgr.unschedule.pubsub.bridge.0000: task-manager                    : MainThread     : DEBUG   : ru_initialize_common (NOOP)
2017-08-12 13:47:33,248: umgr.unschedule.pubsub.bridge.0000: task-manager                    : MainThread     : DEBUG   : ru_initialize_parent (NOOP)
2017-08-12 13:47:33,249: umgr.unschedule.pubsub.bridge.0000: task-manager                    : MainThread     : DEBUG   : parent name: umgr.unschedule.pubsub.bridge.0000.watch
2017-08-12 13:47:33,249: umgr.unschedule.pubsub.bridge.0000: task-manager                    : MainThread     : DEBUG   : start thread
2017-08-12 13:47:33,252: umgr.unschedule.pubsub.bridge.0000: task-manager                    : umgr.unschedule.pubsub.bridge.0000.watch: DEBUG   : child name: umgr.unschedule.pubsub.bridge.0000.watch.thread
2017-08-12 13:47:33,252: umgr.unschedule.pubsub.bridge.0000: task-manager                    : umgr.unschedule.pubsub.bridge.0000.watch: INFO    : child (me) initializing
2017-08-12 13:47:33,252: umgr.unschedule.pubsub.bridge.0000: task-manager                    : umgr.unschedule.pubsub.bridge.0000.watch: DEBUG   : ru_initialize_common (NOOP)
2017-08-12 13:47:33,252: umgr.unschedule.pubsub.bridge.0000: task-manager                    : umgr.unschedule.pubsub.bridge.0000.watch: DEBUG   : ru_initialize_child (NOOP)
2017-08-12 13:47:33,254: umgr.unschedule.pubsub.bridge.0000: task-manager                    : umgr.unschedule.pubsub.bridge.0000.watch: INFO    : send alive
2017-08-12 13:47:33,255: umgr.unschedule.pubsub.bridge.0000: task-manager                    : umgr.unschedule.pubsub.bridge.0000.watch: INFO    : put message: [umgr.unschedule.pubsub.bridge.0000.watch.thread] alive
2017-08-12 13:47:33,256: umgr.unschedule.pubsub.bridge.0000: task-manager                    : MainThread     : INFO    : get msg: alive
2017-08-12 13:47:33,258: umgr.unschedule.pubsub.bridge.0000: task-manager                    : MainThread     : DEBUG   : ru_initialize_common (NOOP)
2017-08-12 13:47:33,258: umgr.unschedule.pubsub.bridge.0000: task-manager                    : MainThread     : DEBUG   : ru_initialize_parent (NOOP)
2017-08-12 13:47:33,259: umgr.unschedule.pubsub.bridge.0000: task-manager                    : MainThread     : DEBUG   : child thread umgr.unschedule.pubsub.bridge.0000.watch started
2017-08-12 13:47:33,260: umgr.unschedule.pubsub.bridge.0000: task-manager                    : MainThread     : INFO    : child is alive
2017-08-12 13:47:33,260: umgr.unschedule.pubsub.bridge.0000: task-manager                    : MainThread     : DEBUG   : process class started child
2017-08-12 13:48:45,326: umgr.unschedule.pubsub.bridge.0000: umgr.unschedule.pubsub.bridge.0000.child: MainThread     : DEBUG   : ru_finalize_child (NOOP)
2017-08-12 13:48:45,327: umgr.unschedule.pubsub.bridge.0000: umgr.unschedule.pubsub.bridge.0000.child: MainThread     : INFO    : send message: [umgr.unschedule.pubsub.bridge.0000.child] terminating
2017-08-12 13:48:45,382: umgr.unschedule.pubsub.bridge.0000: umgr.unschedule.pubsub.bridge.0000.child: umgr.unschedule.pubsub.bridge.0000.child.watch: INFO    : watcher closes
2017-08-12 13:48:45,382: umgr.unschedule.pubsub.bridge.0000: umgr.unschedule.pubsub.bridge.0000.child: umgr.unschedule.pubsub.bridge.0000.child.watch: INFO    : put message: [umgr.unschedule.pubsub.bridge.0000.child.watch.thread] work finished
2017-08-12 13:48:45,382: umgr.unschedule.pubsub.bridge.0000: umgr.unschedule.pubsub.bridge.0000.child: umgr.unschedule.pubsub.bridge.0000.child.watch: DEBUG   : ru_finalize_child (NOOP)
2017-08-12 13:48:45,383: umgr.unschedule.pubsub.bridge.0000: umgr.unschedule.pubsub.bridge.0000.child: umgr.unschedule.pubsub.bridge.0000.child.watch: DEBUG   : ru_finalize_common (NOOP)
2017-08-12 13:48:45,383: umgr.unschedule.pubsub.bridge.0000: umgr.unschedule.pubsub.bridge.0000.child: umgr.unschedule.pubsub.bridge.0000.child.watch: INFO    : put message: [umgr.unschedule.pubsub.bridge.0000.child.watch.thread] terminating
