2017-08-12 13:46:16,353: update.0.child      : update.0                        : MainThread     : INFO    : python.interpreter   version: 2.7.12 (default, Nov 19 2016, 06:48:10) [GCC 5.4.0 20160609]
2017-08-12 13:46:16,353: update.0.child      : update.0                        : MainThread     : INFO    :                      pid: 21381
2017-08-12 13:46:16,353: update.0.child      : update.0                        : MainThread     : INFO    :                      tid: MainThread
2017-08-12 13:46:16,353: update.0.child      : update.0                        : MainThread     : INFO    : radical.pilot        version: 0.46-v0.46.RC2@HEAD-detached-at-v0.46.RC2
2017-08-12 13:46:16,354: update.0.child      : update.0                        : MainThread     : INFO    : initialize update.0.child
2017-08-12 13:46:16,355: update.0.child      : update.0                        : MainThread     : INFO    : cfg: {'agents': {},
 u'bridges': {u'control_pubsub': {'addr_in': 'tcp://192.168.1.14:45649',
                                  'addr_out': 'tcp://192.168.1.14:37987',
                                  u'bulk_size': 0,
                                  u'log_level': u'debug',
                                  u'stall_hwm': 1},
              u'log_pubsub': {'addr_in': 'tcp://192.168.1.14:36859',
                              'addr_out': 'tcp://192.168.1.14:34677',
                              u'bulk_size': 0,
                              u'log_level': u'debug',
                              u'stall_hwm': 1},
              u'state_pubsub': {'addr_in': 'tcp://192.168.1.14:42063',
                                'addr_out': 'tcp://192.168.1.14:36401',
                                u'bulk_size': 0,
                                u'log_level': u'debug',
                                u'stall_hwm': 1}},
 'cname': u'UpdateWorker',
 u'components': {},
 u'count': 1,
 'dburl': 'mongodb://rp:rp@ds015335.mlab.com:15335/rp',
 'debug': 'DEBUG',
 u'default_dburl': u'mongodb://rp:rp@ds015335.mlab.com:15335/rp',
 'logdir': '/home/vivek/Research/repos/entk-experiments/anen_base/rp.session.vivek-HP-Pavilion-m6-Notebook-PC.vivek.017390.0021',
 'number': 0,
 'owner': 'rp.session.vivek-HP-Pavilion-m6-Notebook-PC.vivek.017390.0021',
 'session_id': 'rp.session.vivek-HP-Pavilion-m6-Notebook-PC.vivek.017390.0021'}
2017-08-12 13:46:16,355: update.0.child      : update.0                        : MainThread     : DEBUG   : start components: {}
2017-08-12 13:46:16,356: update.0.child      : update.0                        : MainThread     : DEBUG   : alive check in term
2017-08-12 13:46:16,356: update.0.child      : update.0                        : MainThread     : DEBUG   : START: update.0.child register publisher log_pubsub
2017-08-12 13:46:16,356: update.0.child      : update.0                        : MainThread     : DEBUG   : using addr tcp://192.168.1.14:36859 for pubsub log_pubsub
2017-08-12 13:46:16,358: update.0.child      : update.0                        : MainThread     : DEBUG   : registered publisher : log_pubsub : log.pubsub.pub.0000
2017-08-12 13:46:16,358: update.0.child      : update.0                        : MainThread     : DEBUG   : alive check in term
2017-08-12 13:46:16,358: update.0.child      : update.0                        : MainThread     : DEBUG   : START: update.0.child register publisher state_pubsub
2017-08-12 13:46:16,358: update.0.child      : update.0                        : MainThread     : DEBUG   : using addr tcp://192.168.1.14:42063 for pubsub state_pubsub
2017-08-12 13:46:16,360: update.0.child      : update.0                        : MainThread     : DEBUG   : registered publisher : state_pubsub : state.pubsub.pub.0000
2017-08-12 13:46:16,360: update.0.child      : update.0                        : MainThread     : DEBUG   : alive check in term
2017-08-12 13:46:16,361: update.0.child      : update.0                        : MainThread     : DEBUG   : START: update.0.child register publisher control_pubsub
2017-08-12 13:46:16,361: update.0.child      : update.0                        : MainThread     : DEBUG   : using addr tcp://192.168.1.14:45649 for pubsub control_pubsub
2017-08-12 13:46:16,363: update.0.child      : update.0                        : MainThread     : DEBUG   : registered publisher : control_pubsub : control.pubsub.pub.0000
2017-08-12 13:46:16,384: update.0.child      : update.0                        : MainThread     : DEBUG   : alive check in term
2017-08-12 13:46:16,384: update.0.child      : update.0                        : MainThread     : DEBUG   : START: update.0.child register subscriber update.0.child.subscriber._cancel_monitor_cb
2017-08-12 13:46:16,384: update.0.child      : update.0                        : MainThread     : DEBUG   : using addr tcp://192.168.1.14:37987 for pubsub control_pubsub
2017-08-12 13:46:16,389: update.0.child      : update.0                        : MainThread     : DEBUG   : parent name: update.0.child.subscriber._cancel_monitor_cb
2017-08-12 13:46:16,389: update.0.child      : update.0                        : MainThread     : DEBUG   : start thread
2017-08-12 13:46:16,389: update.0.child      : update.0                        : update.0.child.subscriber._cancel_monitor_cb: DEBUG   : child name: update.0.child.subscriber._cancel_monitor_cb.thread
2017-08-12 13:46:16,390: update.0.child      : update.0                        : update.0.child.subscriber._cancel_monitor_cb: INFO    : child (me) initializing
2017-08-12 13:46:16,390: update.0.child      : update.0                        : update.0.child.subscriber._cancel_monitor_cb: DEBUG   : ru_initialize_common (NOOP)
2017-08-12 13:46:16,390: update.0.child      : update.0                        : update.0.child.subscriber._cancel_monitor_cb: DEBUG   : ru_initialize_child (NOOP)
2017-08-12 13:46:16,390: update.0.child      : update.0                        : update.0.child.subscriber._cancel_monitor_cb: INFO    : send alive
2017-08-12 13:46:16,390: update.0.child      : update.0                        : update.0.child.subscriber._cancel_monitor_cb: INFO    : put message: [update.0.child.subscriber._cancel_monitor_cb.thread] alive
2017-08-12 13:46:16,391: update.0.child      : update.0                        : MainThread     : INFO    : get msg: alive
2017-08-12 13:46:16,391: update.0.child      : update.0                        : MainThread     : DEBUG   : ru_initialize_common (NOOP)
2017-08-12 13:46:16,391: update.0.child      : update.0                        : MainThread     : DEBUG   : ru_initialize_parent (NOOP)
2017-08-12 13:46:16,391: update.0.child      : update.0                        : MainThread     : DEBUG   : child thread update.0.child.subscriber._cancel_monitor_cb started
2017-08-12 13:46:16,391: update.0.child      : update.0                        : MainThread     : DEBUG   : update.0.child registered control_pubsub subscriber update.0.child.subscriber._cancel_monitor_cb
2017-08-12 13:46:16,463: update.0.child      : update.0                        : MainThread     : DEBUG   : alive check in term
2017-08-12 13:46:16,463: update.0.child      : update.0                        : MainThread     : DEBUG   : START: update.0.child register subscriber update.0.child.subscriber._state_cb
2017-08-12 13:46:16,463: update.0.child      : update.0                        : MainThread     : DEBUG   : using addr tcp://192.168.1.14:36401 for pubsub state_pubsub
2017-08-12 13:46:16,465: update.0.child      : update.0                        : MainThread     : DEBUG   : parent name: update.0.child.subscriber._state_cb
2017-08-12 13:46:16,465: update.0.child      : update.0                        : MainThread     : DEBUG   : start thread
2017-08-12 13:46:16,465: update.0.child      : update.0                        : update.0.child.subscriber._state_cb: DEBUG   : child name: update.0.child.subscriber._state_cb.thread
2017-08-12 13:46:16,466: update.0.child      : update.0                        : update.0.child.subscriber._state_cb: INFO    : child (me) initializing
2017-08-12 13:46:16,466: update.0.child      : update.0                        : update.0.child.subscriber._state_cb: DEBUG   : ru_initialize_common (NOOP)
2017-08-12 13:46:16,466: update.0.child      : update.0                        : update.0.child.subscriber._state_cb: DEBUG   : ru_initialize_child (NOOP)
2017-08-12 13:46:16,466: update.0.child      : update.0                        : update.0.child.subscriber._state_cb: INFO    : send alive
2017-08-12 13:46:16,466: update.0.child      : update.0                        : update.0.child.subscriber._state_cb: INFO    : put message: [update.0.child.subscriber._state_cb.thread] alive
2017-08-12 13:46:16,467: update.0.child      : update.0                        : MainThread     : INFO    : get msg: alive
2017-08-12 13:46:16,467: update.0.child      : update.0                        : MainThread     : DEBUG   : ru_initialize_common (NOOP)
2017-08-12 13:46:16,467: update.0.child      : update.0                        : MainThread     : DEBUG   : ru_initialize_parent (NOOP)
2017-08-12 13:46:16,467: update.0.child      : update.0                        : MainThread     : DEBUG   : child thread update.0.child.subscriber._state_cb started
2017-08-12 13:46:16,467: update.0.child      : update.0                        : MainThread     : DEBUG   : update.0.child registered state_pubsub subscriber update.0.child.subscriber._state_cb
2017-08-12 13:46:16,467: update.0.child      : update.0                        : MainThread     : DEBUG   : alive check in term
2017-08-12 13:46:16,467: update.0.child      : update.0                        : MainThread     : DEBUG   : START: update.0.child register idler update.0.child.idler._idle_cb
2017-08-12 13:46:16,468: update.0.child      : update.0                        : MainThread     : DEBUG   : parent name: update.0.child.idler._idle_cb
2017-08-12 13:46:16,468: update.0.child      : update.0                        : MainThread     : DEBUG   : start thread
2017-08-12 13:46:16,468: update.0.child      : update.0                        : update.0.child.idler._idle_cb: DEBUG   : child name: update.0.child.idler._idle_cb.thread
2017-08-12 13:46:16,468: update.0.child      : update.0                        : update.0.child.idler._idle_cb: INFO    : child (me) initializing
2017-08-12 13:46:16,468: update.0.child      : update.0                        : update.0.child.idler._idle_cb: DEBUG   : ru_initialize_common (NOOP)
2017-08-12 13:46:16,468: update.0.child      : update.0                        : update.0.child.idler._idle_cb: DEBUG   : ru_initialize_child (NOOP)
2017-08-12 13:46:16,468: update.0.child      : update.0                        : update.0.child.idler._idle_cb: INFO    : send alive
2017-08-12 13:46:16,468: update.0.child      : update.0                        : update.0.child.idler._idle_cb: INFO    : put message: [update.0.child.idler._idle_cb.thread] alive
2017-08-12 13:46:16,469: update.0.child      : update.0                        : MainThread     : INFO    : get msg: alive
2017-08-12 13:46:16,470: update.0.child      : update.0                        : MainThread     : DEBUG   : ru_initialize_common (NOOP)
2017-08-12 13:46:16,470: update.0.child      : update.0                        : MainThread     : DEBUG   : ru_initialize_parent (NOOP)
2017-08-12 13:46:16,470: update.0.child      : update.0                        : MainThread     : DEBUG   : child thread update.0.child.idler._idle_cb started
2017-08-12 13:46:16,470: update.0.child      : update.0                        : MainThread     : DEBUG   : update.0.child registered idler update.0.child.idler._idle_cb
2017-08-12 13:46:16,470: update.0.child      : update.0                        : MainThread     : INFO    : child (me) initializing
2017-08-12 13:46:16,470: update.0.child      : update.0                        : MainThread     : DEBUG   : parent name: update.0.child.watch
2017-08-12 13:46:16,470: update.0.child      : update.0                        : MainThread     : DEBUG   : start thread
2017-08-12 13:46:16,471: update.0.child      : update.0                        : update.0.child.watch: DEBUG   : child name: update.0.child.watch.thread
2017-08-12 13:46:16,471: update.0.child      : update.0                        : update.0.child.watch: INFO    : child (me) initializing
2017-08-12 13:46:16,471: update.0.child      : update.0                        : update.0.child.watch: DEBUG   : ru_initialize_common (NOOP)
2017-08-12 13:46:16,471: update.0.child      : update.0                        : update.0.child.watch: DEBUG   : ru_initialize_child (NOOP)
2017-08-12 13:46:16,471: update.0.child      : update.0                        : update.0.child.watch: INFO    : send alive
2017-08-12 13:46:16,472: update.0.child      : update.0                        : update.0.child.watch: INFO    : put message: [update.0.child.watch.thread] alive
2017-08-12 13:46:16,472: update.0.child      : update.0                        : MainThread     : INFO    : get msg: alive
2017-08-12 13:46:16,472: update.0.child      : update.0                        : MainThread     : DEBUG   : ru_initialize_common (NOOP)
2017-08-12 13:46:16,472: update.0.child      : update.0                        : MainThread     : DEBUG   : ru_initialize_parent (NOOP)
2017-08-12 13:46:16,472: update.0.child      : update.0                        : MainThread     : DEBUG   : child thread update.0.child.watch started
2017-08-12 13:46:16,473: update.0.child      : update.0                        : MainThread     : INFO    : child (me) is alive
2017-08-12 13:46:16,473: update.0.child      : update.0                        : MainThread     : INFO    : send alive
2017-08-12 13:46:16,473: update.0.child      : update.0                        : MainThread     : INFO    : send message: [update.0.child] alive
2017-08-12 13:46:20,924: update.0.child      : update.0                        : update.0.child.subscriber._state_cb: DEBUG   : bulked pilot.0000 [PMGR_LAUNCHING_PENDING] update.0.child
2017-08-12 13:46:20,941: update.0.child      : update.0                        : update.0.child.subscriber._state_cb: DEBUG   : bulk update result: {'nModified': 1, 'nUpserted': 0, 'nMatched': 1, 'writeErrors': [], 'upserted': [], 'writeConcernErrors': [], 'nRemoved': 0, 'nInserted': 0}
2017-08-12 13:46:20,942: update.0.child      : update.0                        : update.0.child.subscriber._state_cb: DEBUG   : bulked pilot.0000 [PMGR_LAUNCHING] update.0.child
2017-08-12 13:46:22,493: update.0.child      : update.0                        : update.0.child.idler._idle_cb: DEBUG   : bulk update result: {'nModified': 1, 'nUpserted': 0, 'nMatched': 1, 'writeErrors': [], 'upserted': [], 'writeConcernErrors': [], 'nRemoved': 0, 'nInserted': 0}
2017-08-12 13:46:35,621: update.0.child      : update.0                        : update.0.child.subscriber._state_cb: DEBUG   : bulked pilot.0000 [PMGR_ACTIVE_PENDING] update.0.child
2017-08-12 13:46:35,637: update.0.child      : update.0                        : update.0.child.subscriber._state_cb: DEBUG   : bulk update result: {'nModified': 1, 'nUpserted': 0, 'nMatched': 1, 'writeErrors': [], 'upserted': [], 'writeConcernErrors': [], 'nRemoved': 0, 'nInserted': 0}
2017-08-12 13:47:32,985: update.0.child      : update.0                        : update.0.child.subscriber._state_cb: DEBUG   : bulked pilot.0000 [PMGR_ACTIVE] update.0.child
2017-08-12 13:47:33,016: update.0.child      : update.0                        : update.0.child.subscriber._state_cb: DEBUG   : bulk update result: {'nModified': 1, 'nUpserted': 0, 'nMatched': 1, 'writeErrors': [], 'upserted': [], 'writeConcernErrors': [], 'nRemoved': 0, 'nInserted': 0}
2017-08-12 13:47:33,800: update.0.child      : update.0                        : update.0.child.subscriber._state_cb: DEBUG   : bulked unit.000000 [UMGR_SCHEDULING_PENDING] update.0.child
2017-08-12 13:47:33,807: update.0.child      : update.0                        : update.0.child.subscriber._state_cb: DEBUG   : bulked unit.000000 [UMGR_SCHEDULING] update.0.child
2017-08-12 13:47:33,807: update.0.child      : update.0                        : update.0.child.subscriber._state_cb: DEBUG   : bulked unit.000000 [UMGR_STAGING_INPUT_PENDING] update.0.child
2017-08-12 13:47:33,810: update.0.child      : update.0                        : update.0.child.subscriber._state_cb: DEBUG   : bulked unit.000000 [UMGR_STAGING_INPUT] update.0.child
2017-08-12 13:47:33,811: update.0.child      : update.0                        : update.0.child.subscriber._state_cb: DEBUG   : bulked unit.000000 [AGENT_STAGING_INPUT_PENDING] update.0.child
2017-08-12 13:47:33,898: update.0.child      : update.0                        : update.0.child.subscriber._state_cb: DEBUG   : bulked unit.000001 [UMGR_SCHEDULING_PENDING] update.0.child
2017-08-12 13:47:33,899: update.0.child      : update.0                        : update.0.child.subscriber._state_cb: DEBUG   : bulked unit.000001 [UMGR_SCHEDULING] update.0.child
2017-08-12 13:47:33,899: update.0.child      : update.0                        : update.0.child.subscriber._state_cb: DEBUG   : bulked unit.000001 [UMGR_STAGING_INPUT_PENDING] update.0.child
2017-08-12 13:47:33,902: update.0.child      : update.0                        : update.0.child.subscriber._state_cb: DEBUG   : bulked unit.000001 [UMGR_STAGING_INPUT] update.0.child
2017-08-12 13:47:33,904: update.0.child      : update.0                        : update.0.child.subscriber._state_cb: DEBUG   : bulked unit.000001 [AGENT_STAGING_INPUT_PENDING] update.0.child
2017-08-12 13:47:33,975: update.0.child      : update.0                        : update.0.child.subscriber._state_cb: DEBUG   : bulked unit.000002 [UMGR_SCHEDULING_PENDING] update.0.child
2017-08-12 13:47:33,985: update.0.child      : update.0                        : update.0.child.subscriber._state_cb: DEBUG   : bulked unit.000002 [UMGR_SCHEDULING] update.0.child
2017-08-12 13:47:34,008: update.0.child      : update.0                        : update.0.child.subscriber._state_cb: DEBUG   : bulk update result: {'nModified': 12, 'nUpserted': 0, 'nMatched': 12, 'writeErrors': [], 'upserted': [], 'writeConcernErrors': [], 'nRemoved': 0, 'nInserted': 0}
2017-08-12 13:47:34,009: update.0.child      : update.0                        : update.0.child.subscriber._state_cb: DEBUG   : bulked unit.000002 [UMGR_STAGING_INPUT_PENDING] update.0.child
2017-08-12 13:47:34,011: update.0.child      : update.0                        : update.0.child.subscriber._state_cb: DEBUG   : bulked unit.000002 [UMGR_STAGING_INPUT] update.0.child
2017-08-12 13:47:34,013: update.0.child      : update.0                        : update.0.child.subscriber._state_cb: DEBUG   : bulked unit.000002 [AGENT_STAGING_INPUT_PENDING] update.0.child
2017-08-12 13:47:34,054: update.0.child      : update.0                        : update.0.child.subscriber._state_cb: DEBUG   : bulked unit.000003 [UMGR_SCHEDULING_PENDING] update.0.child
2017-08-12 13:47:34,054: update.0.child      : update.0                        : update.0.child.subscriber._state_cb: DEBUG   : bulked unit.000003 [UMGR_SCHEDULING] update.0.child
2017-08-12 13:47:34,054: update.0.child      : update.0                        : update.0.child.subscriber._state_cb: DEBUG   : bulked unit.000003 [UMGR_STAGING_INPUT_PENDING] update.0.child
2017-08-12 13:47:34,056: update.0.child      : update.0                        : update.0.child.subscriber._state_cb: DEBUG   : bulked unit.000003 [UMGR_STAGING_INPUT] update.0.child
2017-08-12 13:47:34,060: update.0.child      : update.0                        : update.0.child.subscriber._state_cb: DEBUG   : bulked unit.000003 [AGENT_STAGING_INPUT_PENDING] update.0.child
2017-08-12 13:47:34,105: update.0.child      : update.0                        : update.0.child.subscriber._state_cb: DEBUG   : bulked unit.000004 [UMGR_SCHEDULING_PENDING] update.0.child
2017-08-12 13:47:34,106: update.0.child      : update.0                        : update.0.child.subscriber._state_cb: DEBUG   : bulked unit.000004 [UMGR_SCHEDULING] update.0.child
2017-08-12 13:47:34,116: update.0.child      : update.0                        : update.0.child.subscriber._state_cb: DEBUG   : bulked unit.000004 [UMGR_STAGING_INPUT_PENDING] update.0.child
2017-08-12 13:47:34,118: update.0.child      : update.0                        : update.0.child.subscriber._state_cb: DEBUG   : bulked unit.000004 [UMGR_STAGING_INPUT] update.0.child
2017-08-12 13:47:34,119: update.0.child      : update.0                        : update.0.child.subscriber._state_cb: DEBUG   : bulked unit.000004 [AGENT_STAGING_INPUT_PENDING] update.0.child
2017-08-12 13:47:34,166: update.0.child      : update.0                        : update.0.child.subscriber._state_cb: DEBUG   : bulked unit.000005 [UMGR_SCHEDULING_PENDING] update.0.child
2017-08-12 13:47:34,170: update.0.child      : update.0                        : update.0.child.subscriber._state_cb: DEBUG   : bulked unit.000005 [UMGR_SCHEDULING] update.0.child
2017-08-12 13:47:34,175: update.0.child      : update.0                        : update.0.child.subscriber._state_cb: DEBUG   : bulked unit.000005 [UMGR_STAGING_INPUT_PENDING] update.0.child
2017-08-12 13:47:34,181: update.0.child      : update.0                        : update.0.child.subscriber._state_cb: DEBUG   : bulked unit.000005 [UMGR_STAGING_INPUT] update.0.child
2017-08-12 13:47:34,182: update.0.child      : update.0                        : update.0.child.subscriber._state_cb: DEBUG   : bulked unit.000005 [AGENT_STAGING_INPUT_PENDING] update.0.child
2017-08-12 13:47:34,213: update.0.child      : update.0                        : update.0.child.subscriber._state_cb: DEBUG   : bulked unit.000006 [UMGR_SCHEDULING_PENDING] update.0.child
2017-08-12 13:47:34,217: update.0.child      : update.0                        : update.0.child.subscriber._state_cb: DEBUG   : bulked unit.000006 [UMGR_SCHEDULING] update.0.child
2017-08-12 13:47:34,218: update.0.child      : update.0                        : update.0.child.subscriber._state_cb: DEBUG   : bulked unit.000006 [UMGR_STAGING_INPUT_PENDING] update.0.child
2017-08-12 13:47:34,225: update.0.child      : update.0                        : update.0.child.subscriber._state_cb: DEBUG   : bulked unit.000006 [UMGR_STAGING_INPUT] update.0.child
2017-08-12 13:47:34,226: update.0.child      : update.0                        : update.0.child.subscriber._state_cb: DEBUG   : bulked unit.000006 [AGENT_STAGING_INPUT_PENDING] update.0.child
2017-08-12 13:47:34,272: update.0.child      : update.0                        : update.0.child.subscriber._state_cb: DEBUG   : bulked unit.000007 [UMGR_SCHEDULING_PENDING] update.0.child
2017-08-12 13:47:34,276: update.0.child      : update.0                        : update.0.child.subscriber._state_cb: DEBUG   : bulked unit.000007 [UMGR_SCHEDULING] update.0.child
2017-08-12 13:47:34,278: update.0.child      : update.0                        : update.0.child.subscriber._state_cb: DEBUG   : bulked unit.000007 [UMGR_STAGING_INPUT_PENDING] update.0.child
2017-08-12 13:47:34,282: update.0.child      : update.0                        : update.0.child.subscriber._state_cb: DEBUG   : bulked unit.000007 [UMGR_STAGING_INPUT] update.0.child
2017-08-12 13:47:34,283: update.0.child      : update.0                        : update.0.child.subscriber._state_cb: DEBUG   : bulked unit.000007 [AGENT_STAGING_INPUT_PENDING] update.0.child
2017-08-12 13:47:34,340: update.0.child      : update.0                        : update.0.child.subscriber._state_cb: DEBUG   : bulked unit.000008 [UMGR_SCHEDULING_PENDING] update.0.child
2017-08-12 13:47:34,342: update.0.child      : update.0                        : update.0.child.subscriber._state_cb: DEBUG   : bulked unit.000008 [UMGR_SCHEDULING] update.0.child
2017-08-12 13:47:34,346: update.0.child      : update.0                        : update.0.child.subscriber._state_cb: DEBUG   : bulked unit.000008 [UMGR_STAGING_INPUT_PENDING] update.0.child
2017-08-12 13:47:34,350: update.0.child      : update.0                        : update.0.child.subscriber._state_cb: DEBUG   : bulked unit.000008 [UMGR_STAGING_INPUT] update.0.child
2017-08-12 13:47:34,351: update.0.child      : update.0                        : update.0.child.subscriber._state_cb: DEBUG   : bulked unit.000008 [AGENT_STAGING_INPUT_PENDING] update.0.child
2017-08-12 13:47:34,397: update.0.child      : update.0                        : update.0.child.subscriber._state_cb: DEBUG   : bulked unit.000009 [UMGR_SCHEDULING_PENDING] update.0.child
2017-08-12 13:47:34,401: update.0.child      : update.0                        : update.0.child.subscriber._state_cb: DEBUG   : bulked unit.000009 [UMGR_SCHEDULING] update.0.child
2017-08-12 13:47:34,404: update.0.child      : update.0                        : update.0.child.subscriber._state_cb: DEBUG   : bulked unit.000009 [UMGR_STAGING_INPUT_PENDING] update.0.child
2017-08-12 13:47:34,405: update.0.child      : update.0                        : update.0.child.subscriber._state_cb: DEBUG   : bulked unit.000009 [UMGR_STAGING_INPUT] update.0.child
2017-08-12 13:47:34,406: update.0.child      : update.0                        : update.0.child.subscriber._state_cb: DEBUG   : bulked unit.000009 [AGENT_STAGING_INPUT_PENDING] update.0.child
2017-08-12 13:47:35,737: update.0.child      : update.0                        : update.0.child.idler._idle_cb: DEBUG   : bulk update result: {'nModified': 38, 'nUpserted': 0, 'nMatched': 38, 'writeErrors': [], 'upserted': [], 'writeConcernErrors': [], 'nRemoved': 0, 'nInserted': 0}
2017-08-12 13:47:35,785: update.0.child      : update.0                        : update.0.child.subscriber._state_cb: DEBUG   : bulked unit.000001 [AGENT_STAGING_INPUT] update.0.child
2017-08-12 13:47:35,818: update.0.child      : update.0                        : update.0.child.subscriber._state_cb: DEBUG   : bulked unit.000000 [AGENT_STAGING_INPUT] update.0.child
2017-08-12 13:47:36,750: update.0.child      : update.0                        : update.0.child.idler._idle_cb: DEBUG   : bulk update result: {'nModified': 2, 'nUpserted': 0, 'nMatched': 2, 'writeErrors': [], 'upserted': [], 'writeConcernErrors': [], 'nRemoved': 0, 'nInserted': 0}
2017-08-12 13:47:36,866: update.0.child      : update.0                        : update.0.child.subscriber._state_cb: DEBUG   : bulked unit.000009 [AGENT_STAGING_INPUT] update.0.child
2017-08-12 13:47:36,873: update.0.child      : update.0                        : update.0.child.subscriber._state_cb: DEBUG   : bulked unit.000008 [AGENT_STAGING_INPUT] update.0.child
2017-08-12 13:47:36,883: update.0.child      : update.0                        : update.0.child.subscriber._state_cb: DEBUG   : bulked unit.000003 [AGENT_STAGING_INPUT] update.0.child
2017-08-12 13:47:36,903: update.0.child      : update.0                        : update.0.child.subscriber._state_cb: DEBUG   : bulked unit.000002 [AGENT_STAGING_INPUT] update.0.child
2017-08-12 13:47:36,922: update.0.child      : update.0                        : update.0.child.subscriber._state_cb: DEBUG   : bulked unit.000001 [AGENT_SCHEDULING_PENDING] update.0.child
2017-08-12 13:47:36,940: update.0.child      : update.0                        : update.0.child.subscriber._state_cb: DEBUG   : bulked unit.000001 [AGENT_SCHEDULING] update.0.child
2017-08-12 13:47:36,954: update.0.child      : update.0                        : update.0.child.subscriber._state_cb: DEBUG   : bulked unit.000001 [AGENT_EXECUTING_PENDING] update.0.child
2017-08-12 13:47:36,974: update.0.child      : update.0                        : update.0.child.subscriber._state_cb: DEBUG   : bulked unit.000001 [AGENT_EXECUTING] update.0.child
2017-08-12 13:47:36,984: update.0.child      : update.0                        : update.0.child.subscriber._state_cb: DEBUG   : bulked unit.000000 [AGENT_SCHEDULING_PENDING] update.0.child
2017-08-12 13:47:37,002: update.0.child      : update.0                        : update.0.child.subscriber._state_cb: DEBUG   : bulked unit.000000 [AGENT_SCHEDULING] update.0.child
2017-08-12 13:47:37,020: update.0.child      : update.0                        : update.0.child.subscriber._state_cb: DEBUG   : bulked unit.000000 [AGENT_EXECUTING_PENDING] update.0.child
2017-08-12 13:47:37,040: update.0.child      : update.0                        : update.0.child.subscriber._state_cb: DEBUG   : bulked unit.000000 [AGENT_EXECUTING] update.0.child
2017-08-12 13:47:37,058: update.0.child      : update.0                        : update.0.child.subscriber._state_cb: DEBUG   : bulked unit.000007 [AGENT_STAGING_INPUT] update.0.child
2017-08-12 13:47:37,088: update.0.child      : update.0                        : update.0.child.subscriber._state_cb: DEBUG   : bulked unit.000006 [AGENT_STAGING_INPUT] update.0.child
2017-08-12 13:47:37,109: update.0.child      : update.0                        : update.0.child.subscriber._state_cb: DEBUG   : bulked unit.000005 [AGENT_STAGING_INPUT] update.0.child
2017-08-12 13:47:37,134: update.0.child      : update.0                        : update.0.child.subscriber._state_cb: DEBUG   : bulked unit.000004 [AGENT_STAGING_INPUT] update.0.child
2017-08-12 13:47:37,782: update.0.child      : update.0                        : update.0.child.idler._idle_cb: DEBUG   : bulk update result: {'nModified': 16, 'nUpserted': 0, 'nMatched': 16, 'writeErrors': [], 'upserted': [], 'writeConcernErrors': [], 'nRemoved': 0, 'nInserted': 0}
2017-08-12 13:47:38,170: update.0.child      : update.0                        : update.0.child.subscriber._state_cb: DEBUG   : bulked unit.000009 [AGENT_SCHEDULING_PENDING] update.0.child
2017-08-12 13:47:38,179: update.0.child      : update.0                        : update.0.child.subscriber._state_cb: DEBUG   : bulked unit.000009 [AGENT_SCHEDULING] update.0.child
2017-08-12 13:47:38,192: update.0.child      : update.0                        : update.0.child.subscriber._state_cb: DEBUG   : bulked unit.000008 [AGENT_SCHEDULING_PENDING] update.0.child
2017-08-12 13:47:38,201: update.0.child      : update.0                        : update.0.child.subscriber._state_cb: DEBUG   : bulked unit.000008 [AGENT_SCHEDULING] update.0.child
2017-08-12 13:47:38,210: update.0.child      : update.0                        : update.0.child.subscriber._state_cb: DEBUG   : bulked unit.000008 [AGENT_EXECUTING_PENDING] update.0.child
2017-08-12 13:47:38,221: update.0.child      : update.0                        : update.0.child.subscriber._state_cb: DEBUG   : bulked unit.000008 [AGENT_EXECUTING] update.0.child
2017-08-12 13:47:38,238: update.0.child      : update.0                        : update.0.child.subscriber._state_cb: DEBUG   : bulked unit.000003 [AGENT_SCHEDULING_PENDING] update.0.child
2017-08-12 13:47:38,251: update.0.child      : update.0                        : update.0.child.subscriber._state_cb: DEBUG   : bulked unit.000003 [AGENT_SCHEDULING] update.0.child
2017-08-12 13:47:38,267: update.0.child      : update.0                        : update.0.child.subscriber._state_cb: DEBUG   : bulked unit.000003 [AGENT_EXECUTING_PENDING] update.0.child
2017-08-12 13:47:38,276: update.0.child      : update.0                        : update.0.child.subscriber._state_cb: DEBUG   : bulked unit.000003 [AGENT_EXECUTING] update.0.child
2017-08-12 13:47:38,298: update.0.child      : update.0                        : update.0.child.subscriber._state_cb: DEBUG   : bulked unit.000002 [AGENT_SCHEDULING_PENDING] update.0.child
2017-08-12 13:47:38,313: update.0.child      : update.0                        : update.0.child.subscriber._state_cb: DEBUG   : bulked unit.000002 [AGENT_SCHEDULING] update.0.child
2017-08-12 13:47:38,330: update.0.child      : update.0                        : update.0.child.subscriber._state_cb: DEBUG   : bulked unit.000002 [AGENT_EXECUTING_PENDING] update.0.child
2017-08-12 13:47:38,348: update.0.child      : update.0                        : update.0.child.subscriber._state_cb: DEBUG   : bulked unit.000002 [AGENT_EXECUTING] update.0.child
2017-08-12 13:47:38,355: update.0.child      : update.0                        : update.0.child.subscriber._state_cb: DEBUG   : bulked unit.000007 [AGENT_SCHEDULING_PENDING] update.0.child
2017-08-12 13:47:38,368: update.0.child      : update.0                        : update.0.child.subscriber._state_cb: DEBUG   : bulked unit.000007 [AGENT_SCHEDULING] update.0.child
2017-08-12 13:47:38,386: update.0.child      : update.0                        : update.0.child.subscriber._state_cb: DEBUG   : bulked unit.000007 [AGENT_EXECUTING_PENDING] update.0.child
2017-08-12 13:47:38,397: update.0.child      : update.0                        : update.0.child.subscriber._state_cb: DEBUG   : bulked unit.000007 [AGENT_EXECUTING] update.0.child
2017-08-12 13:47:38,409: update.0.child      : update.0                        : update.0.child.subscriber._state_cb: DEBUG   : bulked unit.000006 [AGENT_SCHEDULING_PENDING] update.0.child
2017-08-12 13:47:38,432: update.0.child      : update.0                        : update.0.child.subscriber._state_cb: DEBUG   : bulked unit.000006 [AGENT_SCHEDULING] update.0.child
2017-08-12 13:47:38,450: update.0.child      : update.0                        : update.0.child.subscriber._state_cb: DEBUG   : bulked unit.000006 [AGENT_EXECUTING_PENDING] update.0.child
2017-08-12 13:47:38,472: update.0.child      : update.0                        : update.0.child.subscriber._state_cb: DEBUG   : bulked unit.000006 [AGENT_EXECUTING] update.0.child
2017-08-12 13:47:38,482: update.0.child      : update.0                        : update.0.child.subscriber._state_cb: DEBUG   : bulked unit.000005 [AGENT_SCHEDULING_PENDING] update.0.child
2017-08-12 13:47:38,501: update.0.child      : update.0                        : update.0.child.subscriber._state_cb: DEBUG   : bulked unit.000005 [AGENT_SCHEDULING] update.0.child
2017-08-12 13:47:38,508: update.0.child      : update.0                        : update.0.child.subscriber._state_cb: DEBUG   : bulked unit.000005 [AGENT_EXECUTING_PENDING] update.0.child
2017-08-12 13:47:38,532: update.0.child      : update.0                        : update.0.child.subscriber._state_cb: DEBUG   : bulked unit.000005 [AGENT_EXECUTING] update.0.child
2017-08-12 13:47:38,555: update.0.child      : update.0                        : update.0.child.subscriber._state_cb: DEBUG   : bulked unit.000004 [AGENT_SCHEDULING_PENDING] update.0.child
2017-08-12 13:47:38,570: update.0.child      : update.0                        : update.0.child.subscriber._state_cb: DEBUG   : bulked unit.000004 [AGENT_SCHEDULING] update.0.child
2017-08-12 13:47:38,598: update.0.child      : update.0                        : update.0.child.subscriber._state_cb: DEBUG   : bulked unit.000004 [AGENT_EXECUTING_PENDING] update.0.child
2017-08-12 13:47:38,620: update.0.child      : update.0                        : update.0.child.subscriber._state_cb: DEBUG   : bulked unit.000004 [AGENT_EXECUTING] update.0.child
2017-08-12 13:47:38,820: update.0.child      : update.0                        : update.0.child.idler._idle_cb: DEBUG   : bulk update result: {'nModified': 30, 'nUpserted': 0, 'nMatched': 30, 'writeErrors': [], 'upserted': [], 'writeConcernErrors': [], 'nRemoved': 0, 'nInserted': 0}
2017-08-12 13:47:55,249: update.0.child      : update.0                        : update.0.child.subscriber._state_cb: DEBUG   : bulked unit.000001 [AGENT_STAGING_OUTPUT_PENDING] update.0.child
2017-08-12 13:47:55,273: update.0.child      : update.0                        : update.0.child.subscriber._state_cb: DEBUG   : bulk update result: {'nModified': 1, 'nUpserted': 0, 'nMatched': 1, 'writeErrors': [], 'upserted': [], 'writeConcernErrors': [], 'nRemoved': 0, 'nInserted': 0}
2017-08-12 13:47:57,335: update.0.child      : update.0                        : update.0.child.subscriber._state_cb: DEBUG   : bulked unit.000009 [AGENT_EXECUTING_PENDING] update.0.child
2017-08-12 13:47:57,346: update.0.child      : update.0                        : update.0.child.subscriber._state_cb: DEBUG   : bulk update result: {'nModified': 1, 'nUpserted': 0, 'nMatched': 1, 'writeErrors': [], 'upserted': [], 'writeConcernErrors': [], 'nRemoved': 0, 'nInserted': 0}
2017-08-12 13:47:57,347: update.0.child      : update.0                        : update.0.child.subscriber._state_cb: DEBUG   : bulked unit.000009 [AGENT_EXECUTING] update.0.child
2017-08-12 13:47:57,357: update.0.child      : update.0                        : update.0.child.subscriber._state_cb: DEBUG   : bulked unit.000001 [AGENT_STAGING_OUTPUT] update.0.child
2017-08-12 13:47:57,370: update.0.child      : update.0                        : update.0.child.subscriber._state_cb: DEBUG   : bulked unit.000001 [UMGR_STAGING_OUTPUT_PENDING] update.0.child
2017-08-12 13:47:57,403: update.0.child      : update.0                        : update.0.child.subscriber._state_cb: DEBUG   : bulked unit.000001 [UMGR_STAGING_OUTPUT_PENDING] update.0.child
2017-08-12 13:47:57,422: update.0.child      : update.0                        : update.0.child.subscriber._state_cb: DEBUG   : bulked unit.000001 [UMGR_STAGING_OUTPUT] update.0.child
2017-08-12 13:47:57,423: update.0.child      : update.0                        : update.0.child.subscriber._state_cb: DEBUG   : bulked unit.000001 [DONE] update.0.child
2017-08-12 13:47:58,448: update.0.child      : update.0                        : update.0.child.subscriber._state_cb: DEBUG   : bulked unit.000008 [AGENT_STAGING_OUTPUT_PENDING] update.0.child
2017-08-12 13:47:58,487: update.0.child      : update.0                        : update.0.child.subscriber._state_cb: DEBUG   : bulk update result: {'nModified': 7, 'nUpserted': 0, 'nMatched': 7, 'writeErrors': [], 'upserted': [], 'writeConcernErrors': [], 'nRemoved': 0, 'nInserted': 0}
2017-08-12 13:47:58,487: update.0.child      : update.0                        : update.0.child.subscriber._state_cb: DEBUG   : bulked unit.000008 [AGENT_STAGING_OUTPUT] update.0.child
2017-08-12 13:47:58,487: update.0.child      : update.0                        : update.0.child.subscriber._state_cb: DEBUG   : bulked unit.000008 [UMGR_STAGING_OUTPUT_PENDING] update.0.child
2017-08-12 13:47:58,503: update.0.child      : update.0                        : update.0.child.subscriber._state_cb: DEBUG   : bulked unit.000003 [AGENT_STAGING_OUTPUT_PENDING] update.0.child
2017-08-12 13:47:58,528: update.0.child      : update.0                        : update.0.child.subscriber._state_cb: DEBUG   : bulked unit.000003 [AGENT_STAGING_OUTPUT] update.0.child
2017-08-12 13:47:58,546: update.0.child      : update.0                        : update.0.child.subscriber._state_cb: DEBUG   : bulked unit.000003 [UMGR_STAGING_OUTPUT_PENDING] update.0.child
2017-08-12 13:47:58,556: update.0.child      : update.0                        : update.0.child.subscriber._state_cb: DEBUG   : bulked unit.000002 [AGENT_STAGING_OUTPUT_PENDING] update.0.child
2017-08-12 13:47:58,582: update.0.child      : update.0                        : update.0.child.subscriber._state_cb: DEBUG   : bulked unit.000002 [AGENT_STAGING_OUTPUT] update.0.child
2017-08-12 13:47:58,617: update.0.child      : update.0                        : update.0.child.subscriber._state_cb: DEBUG   : bulked unit.000002 [UMGR_STAGING_OUTPUT_PENDING] update.0.child
2017-08-12 13:47:58,641: update.0.child      : update.0                        : update.0.child.subscriber._state_cb: DEBUG   : bulked unit.000006 [AGENT_STAGING_OUTPUT_PENDING] update.0.child
2017-08-12 13:47:58,662: update.0.child      : update.0                        : update.0.child.subscriber._state_cb: DEBUG   : bulked unit.000006 [AGENT_STAGING_OUTPUT] update.0.child
2017-08-12 13:47:58,697: update.0.child      : update.0                        : update.0.child.subscriber._state_cb: DEBUG   : bulked unit.000006 [UMGR_STAGING_OUTPUT_PENDING] update.0.child
2017-08-12 13:47:58,714: update.0.child      : update.0                        : update.0.child.subscriber._state_cb: DEBUG   : bulked unit.000005 [AGENT_STAGING_OUTPUT_PENDING] update.0.child
2017-08-12 13:47:58,729: update.0.child      : update.0                        : update.0.child.subscriber._state_cb: DEBUG   : bulked unit.000005 [AGENT_STAGING_OUTPUT] update.0.child
2017-08-12 13:47:58,746: update.0.child      : update.0                        : update.0.child.subscriber._state_cb: DEBUG   : bulked unit.000005 [UMGR_STAGING_OUTPUT_PENDING] update.0.child
2017-08-12 13:47:58,756: update.0.child      : update.0                        : update.0.child.subscriber._state_cb: DEBUG   : bulked unit.000004 [AGENT_STAGING_OUTPUT_PENDING] update.0.child
2017-08-12 13:47:58,777: update.0.child      : update.0                        : update.0.child.subscriber._state_cb: DEBUG   : bulked unit.000004 [AGENT_STAGING_OUTPUT] update.0.child
2017-08-12 13:47:58,788: update.0.child      : update.0                        : update.0.child.subscriber._state_cb: DEBUG   : bulked unit.000004 [UMGR_STAGING_OUTPUT_PENDING] update.0.child
2017-08-12 13:47:58,844: update.0.child      : update.0                        : update.0.child.subscriber._state_cb: DEBUG   : bulked unit.000002 [UMGR_STAGING_OUTPUT_PENDING] update.0.child
2017-08-12 13:47:58,846: update.0.child      : update.0                        : update.0.child.subscriber._state_cb: DEBUG   : bulked unit.000004 [UMGR_STAGING_OUTPUT_PENDING] update.0.child
2017-08-12 13:47:58,847: update.0.child      : update.0                        : update.0.child.subscriber._state_cb: DEBUG   : bulked unit.000006 [UMGR_STAGING_OUTPUT_PENDING] update.0.child
2017-08-12 13:47:58,847: update.0.child      : update.0                        : update.0.child.subscriber._state_cb: DEBUG   : bulked unit.000008 [UMGR_STAGING_OUTPUT_PENDING] update.0.child
2017-08-12 13:47:58,847: update.0.child      : update.0                        : update.0.child.subscriber._state_cb: DEBUG   : bulked unit.000003 [UMGR_STAGING_OUTPUT_PENDING] update.0.child
2017-08-12 13:47:58,847: update.0.child      : update.0                        : update.0.child.subscriber._state_cb: DEBUG   : bulked unit.000005 [UMGR_STAGING_OUTPUT_PENDING] update.0.child
2017-08-12 13:47:58,856: update.0.child      : update.0                        : update.0.child.subscriber._state_cb: DEBUG   : bulked unit.000002 [UMGR_STAGING_OUTPUT] update.0.child
2017-08-12 13:47:58,857: update.0.child      : update.0                        : update.0.child.subscriber._state_cb: DEBUG   : bulked unit.000004 [UMGR_STAGING_OUTPUT] update.0.child
2017-08-12 13:47:58,857: update.0.child      : update.0                        : update.0.child.subscriber._state_cb: DEBUG   : bulked unit.000006 [UMGR_STAGING_OUTPUT] update.0.child
2017-08-12 13:47:58,857: update.0.child      : update.0                        : update.0.child.subscriber._state_cb: DEBUG   : bulked unit.000008 [UMGR_STAGING_OUTPUT] update.0.child
2017-08-12 13:47:58,857: update.0.child      : update.0                        : update.0.child.subscriber._state_cb: DEBUG   : bulked unit.000003 [UMGR_STAGING_OUTPUT] update.0.child
2017-08-12 13:47:58,857: update.0.child      : update.0                        : update.0.child.subscriber._state_cb: DEBUG   : bulked unit.000005 [UMGR_STAGING_OUTPUT] update.0.child
2017-08-12 13:47:58,858: update.0.child      : update.0                        : update.0.child.subscriber._state_cb: DEBUG   : bulked unit.000002 [DONE] update.0.child
2017-08-12 13:47:58,858: update.0.child      : update.0                        : update.0.child.subscriber._state_cb: DEBUG   : bulked unit.000004 [DONE] update.0.child
2017-08-12 13:47:58,858: update.0.child      : update.0                        : update.0.child.subscriber._state_cb: DEBUG   : bulked unit.000006 [DONE] update.0.child
2017-08-12 13:47:58,858: update.0.child      : update.0                        : update.0.child.subscriber._state_cb: DEBUG   : bulked unit.000008 [DONE] update.0.child
2017-08-12 13:47:58,858: update.0.child      : update.0                        : update.0.child.subscriber._state_cb: DEBUG   : bulked unit.000003 [DONE] update.0.child
2017-08-12 13:47:58,858: update.0.child      : update.0                        : update.0.child.subscriber._state_cb: DEBUG   : bulked unit.000005 [DONE] update.0.child
2017-08-12 13:47:59,938: update.0.child      : update.0                        : update.0.child.idler._idle_cb: DEBUG   : bulk update result: {'nModified': 35, 'nUpserted': 0, 'nMatched': 35, 'writeErrors': [], 'upserted': [], 'writeConcernErrors': [], 'nRemoved': 0, 'nInserted': 0}
2017-08-12 13:48:03,982: update.0.child      : update.0                        : update.0.child.subscriber._state_cb: DEBUG   : bulked unit.000007 [AGENT_STAGING_OUTPUT_PENDING] update.0.child
2017-08-12 13:48:03,994: update.0.child      : update.0                        : update.0.child.subscriber._state_cb: DEBUG   : bulk update result: {'nModified': 1, 'nUpserted': 0, 'nMatched': 1, 'writeErrors': [], 'upserted': [], 'writeConcernErrors': [], 'nRemoved': 0, 'nInserted': 0}
2017-08-12 13:48:05,040: update.0.child      : update.0                        : update.0.child.subscriber._state_cb: DEBUG   : bulked unit.000007 [AGENT_STAGING_OUTPUT] update.0.child
2017-08-12 13:48:05,054: update.0.child      : update.0                        : update.0.child.subscriber._state_cb: DEBUG   : bulk update result: {'nModified': 1, 'nUpserted': 0, 'nMatched': 1, 'writeErrors': [], 'upserted': [], 'writeConcernErrors': [], 'nRemoved': 0, 'nInserted': 0}
2017-08-12 13:48:05,064: update.0.child      : update.0                        : update.0.child.subscriber._state_cb: DEBUG   : bulked unit.000007 [UMGR_STAGING_OUTPUT_PENDING] update.0.child
2017-08-12 13:48:05,102: update.0.child      : update.0                        : update.0.child.subscriber._state_cb: DEBUG   : bulked unit.000007 [UMGR_STAGING_OUTPUT_PENDING] update.0.child
2017-08-12 13:48:05,106: update.0.child      : update.0                        : update.0.child.subscriber._state_cb: DEBUG   : bulked unit.000007 [UMGR_STAGING_OUTPUT] update.0.child
2017-08-12 13:48:05,108: update.0.child      : update.0                        : update.0.child.subscriber._state_cb: DEBUG   : bulked unit.000007 [DONE] update.0.child
2017-08-12 13:48:06,128: update.0.child      : update.0                        : update.0.child.subscriber._state_cb: DEBUG   : bulked unit.000000 [AGENT_STAGING_OUTPUT_PENDING] update.0.child
2017-08-12 13:48:06,167: update.0.child      : update.0                        : update.0.child.subscriber._state_cb: DEBUG   : bulk update result: {'nModified': 5, 'nUpserted': 0, 'nMatched': 5, 'writeErrors': [], 'upserted': [], 'writeConcernErrors': [], 'nRemoved': 0, 'nInserted': 0}
2017-08-12 13:48:06,167: update.0.child      : update.0                        : update.0.child.subscriber._state_cb: DEBUG   : bulked unit.000000 [AGENT_STAGING_OUTPUT] update.0.child
2017-08-12 13:48:06,167: update.0.child      : update.0                        : update.0.child.subscriber._state_cb: DEBUG   : bulked unit.000000 [UMGR_STAGING_OUTPUT_PENDING] update.0.child
2017-08-12 13:48:06,197: update.0.child      : update.0                        : update.0.child.subscriber._state_cb: DEBUG   : bulked unit.000000 [UMGR_STAGING_OUTPUT_PENDING] update.0.child
2017-08-12 13:48:06,203: update.0.child      : update.0                        : update.0.child.subscriber._state_cb: DEBUG   : bulked unit.000000 [UMGR_STAGING_OUTPUT] update.0.child
2017-08-12 13:48:06,204: update.0.child      : update.0                        : update.0.child.subscriber._state_cb: DEBUG   : bulked unit.000000 [DONE] update.0.child
2017-08-12 13:48:07,970: update.0.child      : update.0                        : update.0.child.idler._idle_cb: DEBUG   : bulk update result: {'nModified': 5, 'nUpserted': 0, 'nMatched': 5, 'writeErrors': [], 'upserted': [], 'writeConcernErrors': [], 'nRemoved': 0, 'nInserted': 0}
2017-08-12 13:48:15,629: update.0.child      : update.0                        : update.0.child.subscriber._state_cb: DEBUG   : bulked unit.000009 [AGENT_STAGING_OUTPUT_PENDING] update.0.child
2017-08-12 13:48:15,646: update.0.child      : update.0                        : update.0.child.subscriber._state_cb: DEBUG   : bulk update result: {'nModified': 1, 'nUpserted': 0, 'nMatched': 1, 'writeErrors': [], 'upserted': [], 'writeConcernErrors': [], 'nRemoved': 0, 'nInserted': 0}
2017-08-12 13:48:16,680: update.0.child      : update.0                        : update.0.child.subscriber._state_cb: DEBUG   : bulked unit.000009 [AGENT_STAGING_OUTPUT] update.0.child
2017-08-12 13:48:16,693: update.0.child      : update.0                        : update.0.child.subscriber._state_cb: DEBUG   : bulk update result: {'nModified': 1, 'nUpserted': 0, 'nMatched': 1, 'writeErrors': [], 'upserted': [], 'writeConcernErrors': [], 'nRemoved': 0, 'nInserted': 0}
2017-08-12 13:48:16,695: update.0.child      : update.0                        : update.0.child.subscriber._state_cb: DEBUG   : bulked unit.000009 [UMGR_STAGING_OUTPUT_PENDING] update.0.child
2017-08-12 13:48:16,732: update.0.child      : update.0                        : update.0.child.subscriber._state_cb: DEBUG   : bulked unit.000009 [UMGR_STAGING_OUTPUT_PENDING] update.0.child
2017-08-12 13:48:16,735: update.0.child      : update.0                        : update.0.child.subscriber._state_cb: DEBUG   : bulked unit.000009 [UMGR_STAGING_OUTPUT] update.0.child
2017-08-12 13:48:16,737: update.0.child      : update.0                        : update.0.child.subscriber._state_cb: DEBUG   : bulked unit.000009 [DONE] update.0.child
2017-08-12 13:48:16,850: update.0.child      : update.0                        : update.0.child.subscriber._state_cb: DEBUG   : bulked unit.000010 [UMGR_SCHEDULING_PENDING] update.0.child
2017-08-12 13:48:16,861: update.0.child      : update.0                        : update.0.child.subscriber._state_cb: DEBUG   : bulked unit.000010 [UMGR_SCHEDULING] update.0.child
2017-08-12 13:48:16,861: update.0.child      : update.0                        : update.0.child.subscriber._state_cb: DEBUG   : bulked unit.000010 [UMGR_STAGING_INPUT_PENDING] update.0.child
2017-08-12 13:48:16,866: update.0.child      : update.0                        : update.0.child.subscriber._state_cb: DEBUG   : bulked unit.000010 [UMGR_STAGING_INPUT] update.0.child
2017-08-12 13:48:18,004: update.0.child      : update.0                        : update.0.child.idler._idle_cb: DEBUG   : bulk update result: {'nModified': 8, 'nUpserted': 0, 'nMatched': 8, 'writeErrors': [], 'upserted': [], 'writeConcernErrors': [], 'nRemoved': 0, 'nInserted': 0}
2017-08-12 13:48:20,696: update.0.child      : update.0                        : update.0.child.subscriber._state_cb: DEBUG   : bulked unit.000010 [AGENT_STAGING_INPUT_PENDING] update.0.child
2017-08-12 13:48:20,711: update.0.child      : update.0                        : update.0.child.subscriber._state_cb: DEBUG   : bulk update result: {'nModified': 1, 'nUpserted': 0, 'nMatched': 1, 'writeErrors': [], 'upserted': [], 'writeConcernErrors': [], 'nRemoved': 0, 'nInserted': 0}
2017-08-12 13:48:21,962: update.0.child      : update.0                        : update.0.child.subscriber._state_cb: DEBUG   : bulked unit.000010 [AGENT_STAGING_INPUT] update.0.child
2017-08-12 13:48:21,973: update.0.child      : update.0                        : update.0.child.subscriber._state_cb: DEBUG   : bulk update result: {'nModified': 1, 'nUpserted': 0, 'nMatched': 1, 'writeErrors': [], 'upserted': [], 'writeConcernErrors': [], 'nRemoved': 0, 'nInserted': 0}
2017-08-12 13:48:23,097: update.0.child      : update.0                        : update.0.child.subscriber._state_cb: DEBUG   : bulked unit.000010 [AGENT_SCHEDULING_PENDING] update.0.child
2017-08-12 13:48:23,130: update.0.child      : update.0                        : update.0.child.subscriber._state_cb: DEBUG   : bulk update result: {'nModified': 1, 'nUpserted': 0, 'nMatched': 1, 'writeErrors': [], 'upserted': [], 'writeConcernErrors': [], 'nRemoved': 0, 'nInserted': 0}
2017-08-12 13:48:23,130: update.0.child      : update.0                        : update.0.child.subscriber._state_cb: DEBUG   : bulked unit.000010 [AGENT_SCHEDULING] update.0.child
2017-08-12 13:48:23,131: update.0.child      : update.0                        : update.0.child.subscriber._state_cb: DEBUG   : bulked unit.000010 [AGENT_EXECUTING_PENDING] update.0.child
2017-08-12 13:48:23,131: update.0.child      : update.0                        : update.0.child.subscriber._state_cb: DEBUG   : bulked unit.000010 [AGENT_EXECUTING] update.0.child
2017-08-12 13:48:25,040: update.0.child      : update.0                        : update.0.child.idler._idle_cb: DEBUG   : bulk update result: {'nModified': 3, 'nUpserted': 0, 'nMatched': 3, 'writeErrors': [], 'upserted': [], 'writeConcernErrors': [], 'nRemoved': 0, 'nInserted': 0}
2017-08-12 13:48:43,154: update.0.child      : update.0                        : update.0.child.subscriber._state_cb: DEBUG   : bulked unit.000010 [AGENT_STAGING_OUTPUT_PENDING] update.0.child
2017-08-12 13:48:43,164: update.0.child      : update.0                        : update.0.child.subscriber._state_cb: DEBUG   : bulk update result: {'nModified': 1, 'nUpserted': 0, 'nMatched': 1, 'writeErrors': [], 'upserted': [], 'writeConcernErrors': [], 'nRemoved': 0, 'nInserted': 0}
2017-08-12 13:48:44,219: update.0.child      : update.0                        : update.0.child.subscriber._state_cb: DEBUG   : bulked unit.000010 [AGENT_STAGING_OUTPUT] update.0.child
2017-08-12 13:48:44,229: update.0.child      : update.0                        : update.0.child.subscriber._state_cb: DEBUG   : bulk update result: {'nModified': 1, 'nUpserted': 0, 'nMatched': 1, 'writeErrors': [], 'upserted': [], 'writeConcernErrors': [], 'nRemoved': 0, 'nInserted': 0}
2017-08-12 13:48:44,231: update.0.child      : update.0                        : update.0.child.subscriber._state_cb: DEBUG   : bulked unit.000010 [UMGR_STAGING_OUTPUT_PENDING] update.0.child
2017-08-12 13:48:44,331: update.0.child      : update.0                        : update.0.child.subscriber._state_cb: DEBUG   : bulked unit.000010 [UMGR_STAGING_OUTPUT_PENDING] update.0.child
2017-08-12 13:48:44,338: update.0.child      : update.0                        : update.0.child.subscriber._state_cb: DEBUG   : bulked unit.000010 [UMGR_STAGING_OUTPUT] update.0.child
2017-08-12 13:48:44,341: update.0.child      : update.0                        : update.0.child.subscriber._state_cb: DEBUG   : bulked unit.000010 [DONE] update.0.child
2017-08-12 13:48:46,119: update.0.child      : update.0                        : update.0.child.idler._idle_cb: DEBUG   : bulk update result: {'nModified': 4, 'nUpserted': 0, 'nMatched': 4, 'writeErrors': [], 'upserted': [], 'writeConcernErrors': [], 'nRemoved': 0, 'nInserted': 0}
2017-08-12 13:48:54,639: update.0.child      : update.0                        : update.0.child.subscriber._state_cb: DEBUG   : bulked pilot.0000 [CANCELED] update.0.child
2017-08-12 13:48:54,656: update.0.child      : update.0                        : update.0.child.subscriber._state_cb: DEBUG   : bulk update result: {'nModified': 1, 'nUpserted': 0, 'nMatched': 1, 'writeErrors': [], 'upserted': [], 'writeConcernErrors': [], 'nRemoved': 0, 'nInserted': 0}
2017-08-12 13:48:55,298: update.0.child      : update.0                        : update.0.child.watch: WARNING : endpoint disappeard
2017-08-12 13:48:55,298: update.0.child      : update.0                        : update.0.child.watch: INFO    : watcher closes
2017-08-12 13:48:55,299: update.0.child      : update.0                        : update.0.child.watch: INFO    : put message: [update.0.child.watch.thread] work finished
2017-08-12 13:48:55,299: update.0.child      : update.0                        : update.0.child.watch: DEBUG   : ru_finalize_child (NOOP)
2017-08-12 13:48:55,299: update.0.child      : update.0                        : update.0.child.watch: DEBUG   : ru_finalize_common (NOOP)
2017-08-12 13:48:55,299: update.0.child      : update.0                        : update.0.child.watch: INFO    : put message: [update.0.child.watch.thread] terminating
2017-08-12 13:48:55,322: update.0.child      : update.0                        : MainThread     : WARNING : alive check: proc invalid - stop [False - True]
