2017-08-12 13:10:39,001: control.pubsub.pub.0000: update.0                        : MainThread     : INFO    : python.interpreter   version: 2.7.12 (default, Nov 19 2016, 06:48:10) [GCC 5.4.0 20160609]
2017-08-12 13:10:39,001: control.pubsub.pub.0000: update.0                        : MainThread     : INFO    :                      pid: 18966
2017-08-12 13:10:39,001: control.pubsub.pub.0000: update.0                        : MainThread     : INFO    :                      tid: MainThread
2017-08-12 13:10:39,001: control.pubsub.pub.0000: update.0                        : MainThread     : INFO    : radical.pilot        version: 0.46-v0.46.RC2@HEAD-detached-at-v0.46.RC2
2017-08-12 13:10:39,001: control.pubsub.pub.0000: update.0                        : MainThread     : INFO    : create control_pubsub - pub - tcp://192.168.1.14:33837
2017-08-12 13:10:39,002: control.pubsub.pub.0000: update.0                        : MainThread     : DEBUG   : start process
2017-08-12 13:10:39,002: control.pubsub.pub.0000: update.0                        : MainThread     : DEBUG   : ru_initialize_common (NOOP)
2017-08-12 13:10:39,002: control.pubsub.pub.0000: update.0                        : MainThread     : DEBUG   : ru_initialize_parent (NOOP)
2017-08-12 13:10:39,002: control.pubsub.pub.0000: update.0                        : MainThread     : DEBUG   : process class started (no child)
2017-08-12 13:10:39,170: control.pubsub.pub.0000: MainProcess                     : MainThread     : INFO    : python.interpreter   version: 2.7.12 (default, Nov 19 2016, 06:48:10) [GCC 5.4.0 20160609]
2017-08-12 13:10:39,171: control.pubsub.pub.0000: MainProcess                     : MainThread     : INFO    :                      pid: 18929
2017-08-12 13:10:39,171: control.pubsub.pub.0000: MainProcess                     : MainThread     : INFO    :                      tid: MainThread
2017-08-12 13:10:39,171: control.pubsub.pub.0000: MainProcess                     : MainThread     : INFO    : radical.pilot        version: 0.46-v0.46.RC2@HEAD-detached-at-v0.46.RC2
2017-08-12 13:10:39,171: control.pubsub.pub.0000: MainProcess                     : MainThread     : INFO    : create control_pubsub - pub - tcp://192.168.1.14:33837
2017-08-12 13:10:39,171: control.pubsub.pub.0000: MainProcess                     : MainThread     : DEBUG   : start process
2017-08-12 13:10:39,171: control.pubsub.pub.0000: MainProcess                     : MainThread     : DEBUG   : ru_initialize_common (NOOP)
2017-08-12 13:10:39,172: control.pubsub.pub.0000: MainProcess                     : MainThread     : DEBUG   : ru_initialize_parent (NOOP)
2017-08-12 13:10:39,172: control.pubsub.pub.0000: MainProcess                     : MainThread     : DEBUG   : process class started (no child)
2017-08-12 13:13:06,001: control.pubsub.pub.0000: MainProcess                     : MainThread     : INFO    : parent stops child
2017-08-12 13:13:06,002: control.pubsub.pub.0000: MainProcess                     : MainThread     : DEBUG   : ru_finalize_parent (NOOP)
