2017-08-12 13:10:39,204: pmgr.launching.0.child: pmgr.launching.0                : MainThread     : INFO    : python.interpreter   version: 2.7.12 (default, Nov 19 2016, 06:48:10) [GCC 5.4.0 20160609]
2017-08-12 13:10:39,205: pmgr.launching.0.child: pmgr.launching.0                : MainThread     : INFO    :                      pid: 18994
2017-08-12 13:10:39,205: pmgr.launching.0.child: pmgr.launching.0                : MainThread     : INFO    :                      tid: MainThread
2017-08-12 13:10:39,206: pmgr.launching.0.child: pmgr.launching.0                : MainThread     : INFO    : radical.pilot        version: 0.46-v0.46.RC2@HEAD-detached-at-v0.46.RC2
2017-08-12 13:10:39,206: pmgr.launching.0.child: pmgr.launching.0                : MainThread     : INFO    : initialize pmgr.launching.0.child
2017-08-12 13:10:39,211: pmgr.launching.0.child: pmgr.launching.0                : MainThread     : INFO    : cfg: {'agents': {},
 u'bridges': {u'control_pubsub': {'addr_in': 'tcp://192.168.1.14:33837',
                                  'addr_out': 'tcp://192.168.1.14:38457',
                                  u'bulk_size': 0,
                                  u'log_level': u'debug',
                                  u'stall_hwm': 1},
              u'log_pubsub': {'addr_in': 'tcp://192.168.1.14:46493',
                              'addr_out': 'tcp://192.168.1.14:40849',
                              u'bulk_size': 0,
                              u'log_level': u'debug',
                              u'stall_hwm': 1},
              u'pmgr_launching_queue': {'addr_in': 'tcp://192.168.1.14:40025',
                                        'addr_out': 'tcp://192.168.1.14:40647',
                                        u'bulk_size': 0,
                                        u'log_level': u'debug',
                                        u'stall_hwm': 1},
              u'state_pubsub': {'addr_in': 'tcp://192.168.1.14:36701',
                                'addr_out': 'tcp://192.168.1.14:41341',
                                u'bulk_size': 0,
                                u'log_level': u'debug',
                                u'stall_hwm': 1}},
 'cname': u'PMGRLaunchingComponent',
 u'components': {},
 u'count': 1,
 u'db_poll_sleeptime': 1.0,
 'number': 0,
 'owner': 'pmgr.0000',
 'uid': 'pmgr.0000'}
2017-08-12 13:10:39,211: pmgr.launching.0.child: pmgr.launching.0                : MainThread     : DEBUG   : start components: {}
2017-08-12 13:10:39,211: pmgr.launching.0.child: pmgr.launching.0                : MainThread     : DEBUG   : alive check in term
2017-08-12 13:10:39,211: pmgr.launching.0.child: pmgr.launching.0                : MainThread     : DEBUG   : START: pmgr.launching.0.child register publisher log_pubsub
2017-08-12 13:10:39,211: pmgr.launching.0.child: pmgr.launching.0                : MainThread     : DEBUG   : using addr tcp://192.168.1.14:46493 for pubsub log_pubsub
2017-08-12 13:10:39,214: pmgr.launching.0.child: pmgr.launching.0                : MainThread     : DEBUG   : registered publisher : log_pubsub : log.pubsub.pub.0001
2017-08-12 13:10:39,215: pmgr.launching.0.child: pmgr.launching.0                : MainThread     : DEBUG   : alive check in term
2017-08-12 13:10:39,215: pmgr.launching.0.child: pmgr.launching.0                : MainThread     : DEBUG   : START: pmgr.launching.0.child register publisher state_pubsub
2017-08-12 13:10:39,215: pmgr.launching.0.child: pmgr.launching.0                : MainThread     : DEBUG   : using addr tcp://192.168.1.14:36701 for pubsub state_pubsub
2017-08-12 13:10:39,216: pmgr.launching.0.child: pmgr.launching.0                : MainThread     : DEBUG   : registered publisher : state_pubsub : state.pubsub.pub.0001
2017-08-12 13:10:39,217: pmgr.launching.0.child: pmgr.launching.0                : MainThread     : DEBUG   : alive check in term
2017-08-12 13:10:39,217: pmgr.launching.0.child: pmgr.launching.0                : MainThread     : DEBUG   : START: pmgr.launching.0.child register publisher control_pubsub
2017-08-12 13:10:39,217: pmgr.launching.0.child: pmgr.launching.0                : MainThread     : DEBUG   : using addr tcp://192.168.1.14:33837 for pubsub control_pubsub
2017-08-12 13:10:39,218: pmgr.launching.0.child: pmgr.launching.0                : MainThread     : DEBUG   : registered publisher : control_pubsub : control.pubsub.pub.0001
2017-08-12 13:10:39,218: pmgr.launching.0.child: pmgr.launching.0                : MainThread     : DEBUG   : alive check in term
2017-08-12 13:10:39,218: pmgr.launching.0.child: pmgr.launching.0                : MainThread     : DEBUG   : START: pmgr.launching.0.child register subscriber pmgr.launching.0.child.subscriber._cancel_monitor_cb
2017-08-12 13:10:39,218: pmgr.launching.0.child: pmgr.launching.0                : MainThread     : DEBUG   : using addr tcp://192.168.1.14:38457 for pubsub control_pubsub
2017-08-12 13:10:39,220: pmgr.launching.0.child: pmgr.launching.0                : MainThread     : DEBUG   : parent name: pmgr.launching.0.child.subscriber._cancel_monitor_cb
2017-08-12 13:10:39,220: pmgr.launching.0.child: pmgr.launching.0                : MainThread     : DEBUG   : start thread
2017-08-12 13:10:39,220: pmgr.launching.0.child: pmgr.launching.0                : pmgr.launching.0.child.subscriber._cancel_monitor_cb: DEBUG   : child name: pmgr.launching.0.child.subscriber._cancel_monitor_cb.thread
2017-08-12 13:10:39,220: pmgr.launching.0.child: pmgr.launching.0                : pmgr.launching.0.child.subscriber._cancel_monitor_cb: INFO    : child (me) initializing
2017-08-12 13:10:39,220: pmgr.launching.0.child: pmgr.launching.0                : pmgr.launching.0.child.subscriber._cancel_monitor_cb: DEBUG   : ru_initialize_common (NOOP)
2017-08-12 13:10:39,220: pmgr.launching.0.child: pmgr.launching.0                : pmgr.launching.0.child.subscriber._cancel_monitor_cb: DEBUG   : ru_initialize_child (NOOP)
2017-08-12 13:10:39,220: pmgr.launching.0.child: pmgr.launching.0                : pmgr.launching.0.child.subscriber._cancel_monitor_cb: INFO    : send alive
2017-08-12 13:10:39,221: pmgr.launching.0.child: pmgr.launching.0                : pmgr.launching.0.child.subscriber._cancel_monitor_cb: INFO    : put message: [pmgr.launching.0.child.subscriber._cancel_monitor_cb.thread] alive
2017-08-12 13:10:39,221: pmgr.launching.0.child: pmgr.launching.0                : MainThread     : INFO    : get msg: alive
2017-08-12 13:10:39,222: pmgr.launching.0.child: pmgr.launching.0                : MainThread     : DEBUG   : ru_initialize_common (NOOP)
2017-08-12 13:10:39,222: pmgr.launching.0.child: pmgr.launching.0                : MainThread     : DEBUG   : ru_initialize_parent (NOOP)
2017-08-12 13:10:39,222: pmgr.launching.0.child: pmgr.launching.0                : MainThread     : DEBUG   : child thread pmgr.launching.0.child.subscriber._cancel_monitor_cb started
2017-08-12 13:10:39,222: pmgr.launching.0.child: pmgr.launching.0                : MainThread     : DEBUG   : pmgr.launching.0.child registered control_pubsub subscriber pmgr.launching.0.child.subscriber._cancel_monitor_cb
2017-08-12 13:10:39,222: pmgr.launching.0.child: pmgr.launching.0                : MainThread     : DEBUG   : alive check in term
2017-08-12 13:10:39,222: pmgr.launching.0.child: pmgr.launching.0                : MainThread     : DEBUG   : using addr tcp://192.168.1.14:40647 for input pmgr_launching_queue
2017-08-12 13:10:39,236: pmgr.launching.0.child: pmgr.launching.0                : MainThread     : DEBUG   : registered input pmgr.launching.0.child.work.PMGR_LAUNCHING_PENDING
2017-08-12 13:10:39,237: pmgr.launching.0.child: pmgr.launching.0                : MainThread     : DEBUG   : START: pmgr.launching.0.child register input PMGR_LAUNCHING_PENDING: pmgr.launching.0.child.work.PMGR_LAUNCHING_PENDING
2017-08-12 13:10:39,237: pmgr.launching.0.child: pmgr.launching.0                : MainThread     : DEBUG   : registered worker work [PMGR_LAUNCHING_PENDING]
2017-08-12 13:10:39,237: pmgr.launching.0.child: pmgr.launching.0                : MainThread     : DEBUG   : alive check in term
2017-08-12 13:10:39,237: pmgr.launching.0.child: pmgr.launching.0                : MainThread     : DEBUG   : START: pmgr.launching.0.child register idler pmgr.launching.0.child.idler._pilot_watcher_cb
2017-08-12 13:10:39,237: pmgr.launching.0.child: pmgr.launching.0                : MainThread     : DEBUG   : parent name: pmgr.launching.0.child.idler._pilot_watcher_cb
2017-08-12 13:10:39,237: pmgr.launching.0.child: pmgr.launching.0                : MainThread     : DEBUG   : start thread
2017-08-12 13:10:39,237: pmgr.launching.0.child: pmgr.launching.0                : pmgr.launching.0.child.idler._pilot_watcher_cb: DEBUG   : child name: pmgr.launching.0.child.idler._pilot_watcher_cb.thread
2017-08-12 13:10:39,237: pmgr.launching.0.child: pmgr.launching.0                : pmgr.launching.0.child.idler._pilot_watcher_cb: INFO    : child (me) initializing
2017-08-12 13:10:39,238: pmgr.launching.0.child: pmgr.launching.0                : pmgr.launching.0.child.idler._pilot_watcher_cb: DEBUG   : ru_initialize_common (NOOP)
2017-08-12 13:10:39,238: pmgr.launching.0.child: pmgr.launching.0                : pmgr.launching.0.child.idler._pilot_watcher_cb: DEBUG   : ru_initialize_child (NOOP)
2017-08-12 13:10:39,238: pmgr.launching.0.child: pmgr.launching.0                : pmgr.launching.0.child.idler._pilot_watcher_cb: INFO    : send alive
2017-08-12 13:10:39,238: pmgr.launching.0.child: pmgr.launching.0                : pmgr.launching.0.child.idler._pilot_watcher_cb: INFO    : put message: [pmgr.launching.0.child.idler._pilot_watcher_cb.thread] alive
2017-08-12 13:10:39,239: pmgr.launching.0.child: pmgr.launching.0                : MainThread     : INFO    : get msg: alive
2017-08-12 13:10:39,239: pmgr.launching.0.child: pmgr.launching.0                : MainThread     : DEBUG   : ru_initialize_common (NOOP)
2017-08-12 13:10:39,239: pmgr.launching.0.child: pmgr.launching.0                : MainThread     : DEBUG   : ru_initialize_parent (NOOP)
2017-08-12 13:10:39,239: pmgr.launching.0.child: pmgr.launching.0                : MainThread     : DEBUG   : child thread pmgr.launching.0.child.idler._pilot_watcher_cb started
2017-08-12 13:10:39,239: pmgr.launching.0.child: pmgr.launching.0                : MainThread     : DEBUG   : pmgr.launching.0.child registered idler pmgr.launching.0.child.idler._pilot_watcher_cb
2017-08-12 13:10:39,240: pmgr.launching.0.child: pmgr.launching.0                : MainThread     : DEBUG   : alive check in term
2017-08-12 13:10:39,240: pmgr.launching.0.child: pmgr.launching.0                : MainThread     : DEBUG   : START: pmgr.launching.0.child register subscriber pmgr.launching.0.child.subscriber._pmgr_control_cb
2017-08-12 13:10:39,240: pmgr.launching.0.child: pmgr.launching.0                : MainThread     : DEBUG   : using addr tcp://192.168.1.14:38457 for pubsub control_pubsub
2017-08-12 13:10:39,247: pmgr.launching.0.child: pmgr.launching.0                : MainThread     : DEBUG   : parent name: pmgr.launching.0.child.subscriber._pmgr_control_cb
2017-08-12 13:10:39,247: pmgr.launching.0.child: pmgr.launching.0                : MainThread     : DEBUG   : start thread
2017-08-12 13:10:39,248: pmgr.launching.0.child: pmgr.launching.0                : pmgr.launching.0.child.subscriber._pmgr_control_cb: DEBUG   : child name: pmgr.launching.0.child.subscriber._pmgr_control_cb.thread
2017-08-12 13:10:39,248: pmgr.launching.0.child: pmgr.launching.0                : pmgr.launching.0.child.subscriber._pmgr_control_cb: INFO    : child (me) initializing
2017-08-12 13:10:39,248: pmgr.launching.0.child: pmgr.launching.0                : pmgr.launching.0.child.subscriber._pmgr_control_cb: DEBUG   : ru_initialize_common (NOOP)
2017-08-12 13:10:39,248: pmgr.launching.0.child: pmgr.launching.0                : pmgr.launching.0.child.subscriber._pmgr_control_cb: DEBUG   : ru_initialize_child (NOOP)
2017-08-12 13:10:39,248: pmgr.launching.0.child: pmgr.launching.0                : pmgr.launching.0.child.subscriber._pmgr_control_cb: INFO    : send alive
2017-08-12 13:10:39,248: pmgr.launching.0.child: pmgr.launching.0                : pmgr.launching.0.child.subscriber._pmgr_control_cb: INFO    : put message: [pmgr.launching.0.child.subscriber._pmgr_control_cb.thread] alive
2017-08-12 13:10:39,249: pmgr.launching.0.child: pmgr.launching.0                : MainThread     : INFO    : get msg: alive
2017-08-12 13:10:39,249: pmgr.launching.0.child: pmgr.launching.0                : MainThread     : DEBUG   : ru_initialize_common (NOOP)
2017-08-12 13:10:39,249: pmgr.launching.0.child: pmgr.launching.0                : MainThread     : DEBUG   : ru_initialize_parent (NOOP)
2017-08-12 13:10:39,249: pmgr.launching.0.child: pmgr.launching.0                : MainThread     : DEBUG   : child thread pmgr.launching.0.child.subscriber._pmgr_control_cb started
2017-08-12 13:10:39,249: pmgr.launching.0.child: pmgr.launching.0                : MainThread     : DEBUG   : pmgr.launching.0.child registered control_pubsub subscriber pmgr.launching.0.child.subscriber._pmgr_control_cb
2017-08-12 13:10:39,250: pmgr.launching.0.child: pmgr.launching.0                : MainThread     : INFO    : ('0.46', '0.46-v0.46.RC2@HEAD-detached-at-v0.46.RC2', 'v0.46.RC2', '@HEAD-detached-at-v0.46.RC2', 'radical.pilot-0.46-v0.46.RC2-HEAD-detached-at-v0.46.RC2.tar.gz', '/home/vivek/Research/ves/test_entk/local/lib/python2.7/site-packages/radical/pilot/pmgr/launching/../..//radical.pilot-0.46-v0.46.RC2-HEAD-detached-at-v0.46.RC2.tar.gz')
2017-08-12 13:10:39,250: pmgr.launching.0.child: pmgr.launching.0                : MainThread     : INFO    : child (me) initializing
2017-08-12 13:10:39,250: pmgr.launching.0.child: pmgr.launching.0                : MainThread     : DEBUG   : parent name: pmgr.launching.0.child.watch
2017-08-12 13:10:39,251: pmgr.launching.0.child: pmgr.launching.0                : MainThread     : DEBUG   : start thread
2017-08-12 13:10:39,251: pmgr.launching.0.child: pmgr.launching.0                : pmgr.launching.0.child.watch: DEBUG   : child name: pmgr.launching.0.child.watch.thread
2017-08-12 13:10:39,251: pmgr.launching.0.child: pmgr.launching.0                : pmgr.launching.0.child.watch: INFO    : child (me) initializing
2017-08-12 13:10:39,251: pmgr.launching.0.child: pmgr.launching.0                : pmgr.launching.0.child.watch: DEBUG   : ru_initialize_common (NOOP)
2017-08-12 13:10:39,251: pmgr.launching.0.child: pmgr.launching.0                : pmgr.launching.0.child.watch: DEBUG   : ru_initialize_child (NOOP)
2017-08-12 13:10:39,251: pmgr.launching.0.child: pmgr.launching.0                : pmgr.launching.0.child.watch: INFO    : send alive
2017-08-12 13:10:39,251: pmgr.launching.0.child: pmgr.launching.0                : pmgr.launching.0.child.watch: INFO    : put message: [pmgr.launching.0.child.watch.thread] alive
2017-08-12 13:10:39,252: pmgr.launching.0.child: pmgr.launching.0                : MainThread     : INFO    : get msg: alive
2017-08-12 13:10:39,252: pmgr.launching.0.child: pmgr.launching.0                : MainThread     : DEBUG   : ru_initialize_common (NOOP)
2017-08-12 13:10:39,252: pmgr.launching.0.child: pmgr.launching.0                : MainThread     : DEBUG   : ru_initialize_parent (NOOP)
2017-08-12 13:10:39,252: pmgr.launching.0.child: pmgr.launching.0                : MainThread     : DEBUG   : child thread pmgr.launching.0.child.watch started
2017-08-12 13:10:39,252: pmgr.launching.0.child: pmgr.launching.0                : MainThread     : INFO    : child (me) is alive
2017-08-12 13:10:39,252: pmgr.launching.0.child: pmgr.launching.0                : MainThread     : INFO    : send alive
2017-08-12 13:10:39,252: pmgr.launching.0.child: pmgr.launching.0                : MainThread     : INFO    : send message: [pmgr.launching.0.child] alive
2017-08-12 13:10:43,557: pmgr.launching.0.child: pmgr.launching.0                : MainThread     : DEBUG   : got pilot (pilot.0000)
2017-08-12 13:10:43,557: pmgr.launching.0.child: pmgr.launching.0                : MainThread     : DEBUG   : advance bulk size: 1 [False, True]
2017-08-12 13:10:43,557: pmgr.launching.0.child: pmgr.launching.0                : MainThread     : DEBUG   : advance bulk: pilot.0000 [1]
2017-08-12 13:10:43,557: pmgr.launching.0.child: pmgr.launching.0                : MainThread     : INFO    : Launching pilots on xsede.supermic: ['pilot.0000']
2017-08-12 13:10:45,230: pmgr.launching.0.child: pmgr.launching.0                : MainThread     : INFO    : Read agent config file: /home/vivek/Research/ves/test_entk/local/lib/python2.7/site-packages/radical/pilot/pmgr/launching/../..//configs/agent_default.json
2017-08-12 13:10:45,232: pmgr.launching.0.child: pmgr.launching.0                : MainThread     : DEBUG   : Write agent cfg to '/tmp/rp.agent_cfg.MDsLkD'.
2017-08-12 13:10:45,241: pmgr.launching.0.child: pmgr.launching.0                : MainThread     : DEBUG   : {'agent_launch_method': 'SSH',
 u'bridges': {u'agent_executing_queue': {u'bulk_size': 0,
                                         u'log_level': u'debug',
                                         u'stall_hwm': 1},
              u'agent_reschedule_pubsub': {u'bulk_size': 0,
                                           u'log_level': u'debug',
                                           u'stall_hwm': 1},
              u'agent_scheduling_queue': {u'bulk_size': 0,
                                          u'log_level': u'debug',
                                          u'stall_hwm': 1},
              u'agent_staging_input_queue': {u'bulk_size': 0,
                                             u'log_level': u'debug',
                                             u'stall_hwm': 1},
              u'agent_staging_output_queue': {u'bulk_size': 0,
                                              u'log_level': u'debug',
                                              u'stall_hwm': 1},
              u'agent_unschedule_pubsub': {u'bulk_size': 0,
                                           u'log_level': u'debug',
                                           u'stall_hwm': 1},
              u'control_pubsub': {u'bulk_size': 0,
                                  u'log_level': u'debug',
                                  u'stall_hwm': 1},
              u'log_pubsub': {u'bulk_size': 0,
                              u'log_level': u'debug',
                              u'stall_hwm': 1},
              u'state_pubsub': {u'bulk_size': 0,
                                u'log_level': u'debug',
                                u'stall_hwm': 1}},
 u'bulk_collection_size': 100,
 u'bulk_collection_time': 1.0,
 u'components': {u'AgentExecutingComponent': {u'count': 1},
                 u'AgentSchedulingComponent': {u'count': 1},
                 u'AgentStagingInputComponent': {u'count': 1},
                 u'AgentStagingOutputComponent': {u'count': 1},
                 u'UpdateWorker': {u'count': 1}},
 'cores': 180,
 'cores_per_node': 20,
 'cu_post_exec': None,
 'cu_pre_exec': None,
 'cu_tmp': None,
 u'db_poll_sleeptime': 1.0,
 'dburl': 'mongodb://rp:rp@ds015335.mlab.com:15335/rp',
 'debug': 10,
 'export_to_cu': None,
 'logdir': '.',
 'lrms': 'TORQUE',
 u'max_io_loglength': 1024,
 u'mode': u'shared',
 'mpi_launch_method': 'MPIEXEC',
 'owner': 'agent_0',
 'pilot_id': 'pilot.0000',
 'pilot_sandbox': '/work/vivek91/radical.pilot.sandbox/rp.session.vivek-HP-Pavilion-m6-Notebook-PC.vivek.017390.0018/pilot.0000/',
 'resource_cfg': {'agent_launch_method': 'SSH',
                  'agent_scheduler': 'CONTINUOUS',
                  'agent_spawner': 'POPEN',
                  'cores_per_node': '20',
                  'default_queue': 'workq',
                  'default_remote_workdir': '/work/$USER',
                  'description': "SuperMIC (pronounced 'Super Mick') is Louisiana State University's (LSU) newest supercomputer funded by the National Science Foundation's (NSF) Major Research Instrumentation (MRI) award to the Center for Computation & Technology. (https://portal.xsede.org/lsu-supermic)",
                  'filesystem_endpoint': 'gsisftp://supermic.cct-lsu.xsede.org:2222/',
                  'gsissh': {'filesystem_endpoint': 'gsisftp://supermic.cct-lsu.xsede.org:2222/',
                             'job_manager_endpoint': 'torque+gsissh://supermic.cct-lsu.xsede.org:2222/'},
                  'job_manager_endpoint': 'torque+gsissh://supermic.cct-lsu.xsede.org:2222/',
                  'label': 'xsede.supermic_ssh',
                  'lrms': 'TORQUE',
                  'mpi_launch_method': 'MPIEXEC',
                  'notes': 'Partially allocated through XSEDE. Primary access through GSISSH. Allows SSH key authentication too.',
                  'pre_bootstrap_1': ['module load python'],
                  'python_dist': 'default',
                  'rp_version': 'local',
                  'schemas': ['gsissh', 'ssh'],
                  'ssh': {'filesystem_endpoint': 'sftp://supermic.cct-lsu.xsede.org/',
                          'job_manager_endpoint': 'torque+ssh://supermic.cct-lsu.xsede.org/'},
                  'task_launch_method': 'SSH',
                  'valid_roots': ['/work'],
                  'virtenv_mode': 'create'},
 'resource_sandbox': '/work/vivek91/radical.pilot.sandbox',
 'runtime': 60,
 'scheduler': 'CONTINUOUS',
 'session_id': 'rp.session.vivek-HP-Pavilion-m6-Notebook-PC.vivek.017390.0018',
 'session_sandbox': '/work/vivek91/radical.pilot.sandbox/rp.session.vivek-HP-Pavilion-m6-Notebook-PC.vivek.017390.0018',
 'spawner': 'POPEN',
 u'staging_area': u'staging_area',
 u'staging_schema': u'staging',
 u'target': u'local',
 'task_launch_method': 'SSH'}
2017-08-12 13:10:45,243: pmgr.launching.0.child: pmgr.launching.0                : MainThread     : DEBUG   : use bootstrapper /home/vivek/Research/ves/test_entk/local/lib/python2.7/site-packages/radical/pilot/agent/bootstrap_1.sh
2017-08-12 13:10:45,245: pmgr.launching.0.child: pmgr.launching.0                : MainThread     : DEBUG   : Bootstrap command line: /bin/bash ['-l /work/vivek91/radical.pilot.sandbox/rp.session.vivek-HP-Pavilion-m6-Notebook-PC.vivek.017390.0018/bootstrap_1.sh', " -d 'radical.utils-0.46-v0.46.RC1-2-g8f65bf8-devel.tar.gz:saga-python-0.46-v0.46.RC1-devel.tar.gz:radical.pilot-0.46-v0.46.RC2-HEAD-detached-at-v0.46.RC2.tar.gz' -p 'pilot.0000' -s 'rp.session.vivek-HP-Pavilion-m6-Notebook-PC.vivek.017390.0018' -m 'create' -r 'local' -b 'default' -g 'default' -v '/work/vivek91/radical.pilot.sandbox/ve.xsede.supermic.0.46' -y '60' -e 'module load python'"]
2017-08-12 13:10:45,245: pmgr.launching.0.child: pmgr.launching.0                : MainThread     : DEBUG   : cmd: cd /tmp/rp_agent_tar_dirJh_7QJ && tar zchf /tmp/rp_agent_tar_dirJh_7QJ/rp.session.vivek-HP-Pavilion-m6-Notebook-PC.vivek.017390.0018.pmgr.launching.0.child.tgz *
2017-08-12 13:10:45,300: pmgr.launching.0.child: pmgr.launching.0                : MainThread     : DEBUG   : out: 
2017-08-12 13:10:45,301: pmgr.launching.0.child: pmgr.launching.0                : MainThread     : DEBUG   : rs.file.Directory ('gsisftp://supermic.cct-lsu.xsede.org:2222/')
2017-08-12 13:11:06,207: pmgr.launching.0.child: pmgr.launching.0                : MainThread     : DEBUG   : tar cmd : tar zmxvf /work/vivek91/radical.pilot.sandbox/rp.session.vivek-HP-Pavilion-m6-Notebook-PC.vivek.017390.0018/rp.session.vivek-HP-Pavilion-m6-Notebook-PC.vivek.017390.0018.pmgr.launching.0.child.tgz -C /work/vivek91/radical.pilot.sandbox/rp.session.vivek-HP-Pavilion-m6-Notebook-PC.vivek.017390.0018
2017-08-12 13:11:08,514: pmgr.launching.0.child: pmgr.launching.0                : MainThread     : DEBUG   : tar done: Done, bootstrap_1.sh
pilot.0000/
pilot.0000/agent_0.cfg
pilot.0000/pilot.0000.log.tgz
radical.pilot-0.46-v0.46.RC2-HEAD-detached-at-v0.46.RC2.tar.gz
radical.utils-0.46-v0.46.RC1-2-g8f65bf8-devel.tar.gz
saga-python-0.46-v0.46.RC1-devel.tar.gz
, 
2017-08-12 13:11:12,320: pmgr.launching.0.child: pmgr.launching.0                : MainThread     : DEBUG   : jd: {'Arguments': ['-l /work/vivek91/radical.pilot.sandbox/rp.session.vivek-HP-Pavilion-m6-Notebook-PC.vivek.017390.0018/bootstrap_1.sh',
               " -d 'radical.utils-0.46-v0.46.RC1-2-g8f65bf8-devel.tar.gz:saga-python-0.46-v0.46.RC1-devel.tar.gz:radical.pilot-0.46-v0.46.RC2-HEAD-detached-at-v0.46.RC2.tar.gz' -p 'pilot.0000' -s 'rp.session.vivek-HP-Pavilion-m6-Notebook-PC.vivek.017390.0018' -m 'create' -r 'local' -b 'default' -g 'default' -v '/work/vivek91/radical.pilot.sandbox/ve.xsede.supermic.0.46' -y '60' -e 'module load python'"],
 'CandidateHosts': None,
 'Environment': {},
 'Error': 'bootstrap_1.err',
 'Executable': '/bin/bash',
 'FileTransfer': [],
 'Name': 'pilot.0000',
 'Output': 'bootstrap_1.out',
 'ProcessesPerHost': 20,
 'Project': 'TG-MCB090174',
 'Queue': 'workq',
 'SPMDVariation': None,
 'TotalCPUCount': 180,
 'TotalPhysicalMemory': None,
 'WallTimeLimit': 60,
 'WorkingDirectory': '/work/vivek91/radical.pilot.sandbox/rp.session.vivek-HP-Pavilion-m6-Notebook-PC.vivek.017390.0018/pilot.0000/'}
2017-08-12 13:11:13,336: pmgr.launching.0.child: pmgr.launching.0                : MainThread     : DEBUG   : pilot job: pilot.0000 : [torque+gsissh://supermic.cct-lsu.xsede.org:2222/]-[311646] : pilot.0000 : Pending
2017-08-12 13:11:13,337: pmgr.launching.0.child: pmgr.launching.0                : MainThread     : DEBUG   : advance bulk size: 1 [False, True]
2017-08-12 13:11:13,337: pmgr.launching.0.child: pmgr.launching.0                : MainThread     : DEBUG   : advance bulk: pilot.0000 [1]
2017-08-12 13:12:04,443: pmgr.launching.0.child: pmgr.launching.0                : pmgr.launching.0.child.subscriber._pmgr_control_cb: DEBUG   : launcher got {'cmd': 'add_pilots', 'arg': {'pilots': [{'resource_sandbox': 'gsisftp://supermic.cct-lsu.xsede.org:2222/work/vivek91/radical.pilot.sandbox', 'resource_details': {'lm_detail': None, 'lm_info': None}, 'resource': 'xsede.supermic', 'description': {'queue': None, 'resource': 'xsede.supermic', 'exit_on_error': False, 'candidate_hosts': None, 'project': 'TG-MCB090174', 'sandbox': None, 'cleanup': None, 'access_schema': None, 'memory': None, 'cores': 180, 'runtime': 60}, 'pmgr': 'pmgr.0000', 'stdout': None, 'state': 'PMGR_ACTIVE', 'sandbox': 'gsisftp://supermic.cct-lsu.xsede.org:2222/work/vivek91/radical.pilot.sandbox/rp.session.vivek-HP-Pavilion-m6-Notebook-PC.vivek.017390.0018/pilot.0000/', 'session': 'rp.session.vivek-HP-Pavilion-m6-Notebook-PC.vivek.017390.0018', 'log': None, 'stderr': None, 'client_sandbox': '/home/vivek/Research/repos/entk-experiments/anen_base', 'type': 'pilot', 'pilot_sandbox': 'gsisftp://supermic.cct-lsu.xsede.org:2222/work/vivek91/radical.pilot.sandbox/rp.session.vivek-HP-Pavilion-m6-Notebook-PC.vivek.017390.0018/pilot.0000/', 'uid': 'pilot.0000'}], 'umgr': 'umgr.0000'}}
2017-08-12 13:13:03,911: pmgr.launching.0.child: pmgr.launching.0                : pmgr.launching.0.child.subscriber._pmgr_control_cb: DEBUG   : launcher got {'cmd': 'cancel_pilots', 'arg': {'uids': ['pilot.0000'], 'pmgr': 'pmgr.0000'}}
2017-08-12 13:13:03,912: pmgr.launching.0.child: pmgr.launching.0                : pmgr.launching.0.child.subscriber._pmgr_control_cb: INFO    : received pilot_cancel command (['pilot.0000'])
2017-08-12 13:13:05,417: pmgr.launching.0.child: pmgr.launching.0                : pmgr.launching.0.child.subscriber._pmgr_control_cb: DEBUG   : launcher got {'cmd': 'cancel_pilots', 'arg': {'uids': ['pilot.0000'], 'pmgr': 'pmgr.0000'}}
2017-08-12 13:13:05,417: pmgr.launching.0.child: pmgr.launching.0                : pmgr.launching.0.child.subscriber._pmgr_control_cb: INFO    : received pilot_cancel command (['pilot.0000'])
2017-08-12 13:13:05,654: pmgr.launching.0.child: pmgr.launching.0                : pmgr.launching.0.child.watch: WARNING : endpoint disappeard
2017-08-12 13:13:05,654: pmgr.launching.0.child: pmgr.launching.0                : pmgr.launching.0.child.watch: INFO    : watcher closes
2017-08-12 13:13:05,654: pmgr.launching.0.child: pmgr.launching.0                : pmgr.launching.0.child.watch: INFO    : put message: [pmgr.launching.0.child.watch.thread] work finished
2017-08-12 13:13:05,655: pmgr.launching.0.child: pmgr.launching.0                : pmgr.launching.0.child.watch: DEBUG   : ru_finalize_child (NOOP)
2017-08-12 13:13:05,655: pmgr.launching.0.child: pmgr.launching.0                : pmgr.launching.0.child.watch: DEBUG   : ru_finalize_common (NOOP)
2017-08-12 13:13:05,655: pmgr.launching.0.child: pmgr.launching.0                : pmgr.launching.0.child.watch: INFO    : put message: [pmgr.launching.0.child.watch.thread] terminating
