2017-08-12 13:10:38,528: rp.session.vivek-HP-Pavilion-m6-Notebook-PC.vivek.017390.0018: MainProcess                     : MainThread     : INFO    : python.interpreter   version: 2.7.12 (default, Nov 19 2016, 06:48:10) [GCC 5.4.0 20160609]
2017-08-12 13:10:38,528: rp.session.vivek-HP-Pavilion-m6-Notebook-PC.vivek.017390.0018: MainProcess                     : MainThread     : INFO    :                      pid: 18929
2017-08-12 13:10:38,528: rp.session.vivek-HP-Pavilion-m6-Notebook-PC.vivek.017390.0018: MainProcess                     : MainThread     : INFO    :                      tid: MainThread
2017-08-12 13:10:38,528: rp.session.vivek-HP-Pavilion-m6-Notebook-PC.vivek.017390.0018: MainProcess                     : MainThread     : INFO    : radical.pilot        version: 0.46-v0.46.RC2@HEAD-detached-at-v0.46.RC2
2017-08-12 13:10:38,528: rp.session.vivek-HP-Pavilion-m6-Notebook-PC.vivek.017390.0018: MainProcess                     : MainThread     : INFO    : using database mongodb://rp:rp@ds015335.mlab.com:15335/rp
2017-08-12 13:10:38,529: rp.session.vivek-HP-Pavilion-m6-Notebook-PC.vivek.017390.0018: MainProcess                     : MainThread     : INFO    : Load resource configurations from /home/vivek/Research/ves/test_entk/local/lib/python2.7/site-packages/radical/pilot/configs/resource_nersc.json
2017-08-12 13:10:38,543: rp.session.vivek-HP-Pavilion-m6-Notebook-PC.vivek.017390.0018: MainProcess                     : MainThread     : INFO    : Load resource configurations for nersc.edison_ccm_ssh
2017-08-12 13:10:38,543: rp.session.vivek-HP-Pavilion-m6-Notebook-PC.vivek.017390.0018: MainProcess                     : MainThread     : INFO    : Load resource configurations for nersc.hopper_orte
2017-08-12 13:10:38,544: rp.session.vivek-HP-Pavilion-m6-Notebook-PC.vivek.017390.0018: MainProcess                     : MainThread     : INFO    : Load resource configurations for nersc.hopper_ccm_ssh
2017-08-12 13:10:38,544: rp.session.vivek-HP-Pavilion-m6-Notebook-PC.vivek.017390.0018: MainProcess                     : MainThread     : INFO    : Load resource configurations for nersc.edison_aprun
2017-08-12 13:10:38,545: rp.session.vivek-HP-Pavilion-m6-Notebook-PC.vivek.017390.0018: MainProcess                     : MainThread     : INFO    : Load resource configurations for nersc.hopper_aprun
2017-08-12 13:10:38,545: rp.session.vivek-HP-Pavilion-m6-Notebook-PC.vivek.017390.0018: MainProcess                     : MainThread     : INFO    : Load resource configurations for nersc.edison_orte
2017-08-12 13:10:38,546: rp.session.vivek-HP-Pavilion-m6-Notebook-PC.vivek.017390.0018: MainProcess                     : MainThread     : INFO    : Load resource configurations from /home/vivek/Research/ves/test_entk/local/lib/python2.7/site-packages/radical/pilot/configs/resource_ornl.json
2017-08-12 13:10:38,551: rp.session.vivek-HP-Pavilion-m6-Notebook-PC.vivek.017390.0018: MainProcess                     : MainThread     : INFO    : Load resource configurations for ornl.titan_orte
2017-08-12 13:10:38,552: rp.session.vivek-HP-Pavilion-m6-Notebook-PC.vivek.017390.0018: MainProcess                     : MainThread     : INFO    : Load resource configurations for ornl.titan_aprun
2017-08-12 13:10:38,552: rp.session.vivek-HP-Pavilion-m6-Notebook-PC.vivek.017390.0018: MainProcess                     : MainThread     : INFO    : Load resource configurations for ornl.titan_ortelib
2017-08-12 13:10:38,552: rp.session.vivek-HP-Pavilion-m6-Notebook-PC.vivek.017390.0018: MainProcess                     : MainThread     : INFO    : Load resource configurations from /home/vivek/Research/ves/test_entk/local/lib/python2.7/site-packages/radical/pilot/configs/resource_rice.json
2017-08-12 13:10:38,555: rp.session.vivek-HP-Pavilion-m6-Notebook-PC.vivek.017390.0018: MainProcess                     : MainThread     : INFO    : Load resource configurations for rice.davinci_ssh
2017-08-12 13:10:38,556: rp.session.vivek-HP-Pavilion-m6-Notebook-PC.vivek.017390.0018: MainProcess                     : MainThread     : INFO    : Load resource configurations for rice.biou_ssh
2017-08-12 13:10:38,556: rp.session.vivek-HP-Pavilion-m6-Notebook-PC.vivek.017390.0018: MainProcess                     : MainThread     : INFO    : Load resource configurations from /home/vivek/Research/ves/test_entk/local/lib/python2.7/site-packages/radical/pilot/configs/resource_lumc.json
2017-08-12 13:10:38,560: rp.session.vivek-HP-Pavilion-m6-Notebook-PC.vivek.017390.0018: MainProcess                     : MainThread     : INFO    : Load resource configurations for lumc.gb-ui_ssh
2017-08-12 13:10:38,560: rp.session.vivek-HP-Pavilion-m6-Notebook-PC.vivek.017390.0018: MainProcess                     : MainThread     : INFO    : Load resource configurations for lumc.shark_ssh
2017-08-12 13:10:38,561: rp.session.vivek-HP-Pavilion-m6-Notebook-PC.vivek.017390.0018: MainProcess                     : MainThread     : INFO    : Load resource configurations from /home/vivek/Research/ves/test_entk/local/lib/python2.7/site-packages/radical/pilot/configs/resource_ncsa.json
2017-08-12 13:10:38,569: rp.session.vivek-HP-Pavilion-m6-Notebook-PC.vivek.017390.0018: MainProcess                     : MainThread     : INFO    : Load resource configurations for ncsa.bw_orte
2017-08-12 13:10:38,569: rp.session.vivek-HP-Pavilion-m6-Notebook-PC.vivek.017390.0018: MainProcess                     : MainThread     : INFO    : Load resource configurations for ncsa.bw_ccm_ssh
2017-08-12 13:10:38,569: rp.session.vivek-HP-Pavilion-m6-Notebook-PC.vivek.017390.0018: MainProcess                     : MainThread     : INFO    : Load resource configurations for ncsa.bw_ortelib
2017-08-12 13:10:38,570: rp.session.vivek-HP-Pavilion-m6-Notebook-PC.vivek.017390.0018: MainProcess                     : MainThread     : INFO    : Load resource configurations for ncsa.bw_aprun
2017-08-12 13:10:38,570: rp.session.vivek-HP-Pavilion-m6-Notebook-PC.vivek.017390.0018: MainProcess                     : MainThread     : INFO    : Load resource configurations for ncsa.bw_local_orte
2017-08-12 13:10:38,571: rp.session.vivek-HP-Pavilion-m6-Notebook-PC.vivek.017390.0018: MainProcess                     : MainThread     : INFO    : Load resource configurations from /home/vivek/Research/ves/test_entk/local/lib/python2.7/site-packages/radical/pilot/configs/resource_das5.json
2017-08-12 13:10:38,572: rp.session.vivek-HP-Pavilion-m6-Notebook-PC.vivek.017390.0018: MainProcess                     : MainThread     : INFO    : Load resource configurations for das5.fs1_ssh
2017-08-12 13:10:38,573: rp.session.vivek-HP-Pavilion-m6-Notebook-PC.vivek.017390.0018: MainProcess                     : MainThread     : INFO    : Load resource configurations from /home/vivek/Research/ves/test_entk/local/lib/python2.7/site-packages/radical/pilot/configs/resource_chameleon.json
2017-08-12 13:10:38,574: rp.session.vivek-HP-Pavilion-m6-Notebook-PC.vivek.017390.0018: MainProcess                     : MainThread     : INFO    : Load resource configurations for chameleon.cloud_vm_yarn
2017-08-12 13:10:38,574: rp.session.vivek-HP-Pavilion-m6-Notebook-PC.vivek.017390.0018: MainProcess                     : MainThread     : INFO    : Load resource configurations from /home/vivek/Research/ves/test_entk/local/lib/python2.7/site-packages/radical/pilot/configs/resource_stfc.json
2017-08-12 13:10:38,576: rp.session.vivek-HP-Pavilion-m6-Notebook-PC.vivek.017390.0018: MainProcess                     : MainThread     : INFO    : Load resource configurations for stfc.joule_runjob
2017-08-12 13:10:38,576: rp.session.vivek-HP-Pavilion-m6-Notebook-PC.vivek.017390.0018: MainProcess                     : MainThread     : INFO    : Load resource configurations from /home/vivek/Research/ves/test_entk/local/lib/python2.7/site-packages/radical/pilot/configs/resource_das4.json
2017-08-12 13:10:38,578: rp.session.vivek-HP-Pavilion-m6-Notebook-PC.vivek.017390.0018: MainProcess                     : MainThread     : INFO    : Load resource configurations for das4.fs2_ssh
2017-08-12 13:10:38,578: rp.session.vivek-HP-Pavilion-m6-Notebook-PC.vivek.017390.0018: MainProcess                     : MainThread     : INFO    : Load resource configurations from /home/vivek/Research/ves/test_entk/local/lib/python2.7/site-packages/radical/pilot/configs/resource_yale.json
2017-08-12 13:10:38,580: rp.session.vivek-HP-Pavilion-m6-Notebook-PC.vivek.017390.0018: MainProcess                     : MainThread     : INFO    : Load resource configurations for yale.grace_ssh
2017-08-12 13:10:38,580: rp.session.vivek-HP-Pavilion-m6-Notebook-PC.vivek.017390.0018: MainProcess                     : MainThread     : INFO    : Load resource configurations from /home/vivek/Research/ves/test_entk/local/lib/python2.7/site-packages/radical/pilot/configs/resource_ncar.json
2017-08-12 13:10:38,582: rp.session.vivek-HP-Pavilion-m6-Notebook-PC.vivek.017390.0018: MainProcess                     : MainThread     : INFO    : Load resource configurations for ncar.yellowstone_ssh
2017-08-12 13:10:38,582: rp.session.vivek-HP-Pavilion-m6-Notebook-PC.vivek.017390.0018: MainProcess                     : MainThread     : INFO    : Load resource configurations from /home/vivek/Research/ves/test_entk/local/lib/python2.7/site-packages/radical/pilot/configs/resource_iu.json
2017-08-12 13:10:38,585: rp.session.vivek-HP-Pavilion-m6-Notebook-PC.vivek.017390.0018: MainProcess                     : MainThread     : INFO    : Load resource configurations for iu.bigred2_ccm_ssh
2017-08-12 13:10:38,585: rp.session.vivek-HP-Pavilion-m6-Notebook-PC.vivek.017390.0018: MainProcess                     : MainThread     : INFO    : Load resource configurations for iu.bigred2_aprun
2017-08-12 13:10:38,586: rp.session.vivek-HP-Pavilion-m6-Notebook-PC.vivek.017390.0018: MainProcess                     : MainThread     : INFO    : Load resource configurations from /home/vivek/Research/ves/test_entk/local/lib/python2.7/site-packages/radical/pilot/configs/resource_osg.json
2017-08-12 13:10:38,589: rp.session.vivek-HP-Pavilion-m6-Notebook-PC.vivek.017390.0018: MainProcess                     : MainThread     : INFO    : Load resource configurations for osg.xsede-virt-clust
2017-08-12 13:10:38,590: rp.session.vivek-HP-Pavilion-m6-Notebook-PC.vivek.017390.0018: MainProcess                     : MainThread     : INFO    : Load resource configurations for osg.connect
2017-08-12 13:10:38,590: rp.session.vivek-HP-Pavilion-m6-Notebook-PC.vivek.017390.0018: MainProcess                     : MainThread     : INFO    : Load resource configurations from /home/vivek/Research/ves/test_entk/local/lib/python2.7/site-packages/radical/pilot/configs/resource_radical.json
2017-08-12 13:10:38,594: rp.session.vivek-HP-Pavilion-m6-Notebook-PC.vivek.017390.0018: MainProcess                     : MainThread     : INFO    : Load resource configurations for radical.two
2017-08-12 13:10:38,595: rp.session.vivek-HP-Pavilion-m6-Notebook-PC.vivek.017390.0018: MainProcess                     : MainThread     : INFO    : Load resource configurations for radical.tutorial
2017-08-12 13:10:38,595: rp.session.vivek-HP-Pavilion-m6-Notebook-PC.vivek.017390.0018: MainProcess                     : MainThread     : INFO    : Load resource configurations for radical.one
2017-08-12 13:10:38,596: rp.session.vivek-HP-Pavilion-m6-Notebook-PC.vivek.017390.0018: MainProcess                     : MainThread     : INFO    : Load resource configurations from /home/vivek/Research/ves/test_entk/local/lib/python2.7/site-packages/radical/pilot/configs/resource_lrz.json
2017-08-12 13:10:38,597: rp.session.vivek-HP-Pavilion-m6-Notebook-PC.vivek.017390.0018: MainProcess                     : MainThread     : INFO    : Load resource configurations for lrz.supermuc_ssh
2017-08-12 13:10:38,598: rp.session.vivek-HP-Pavilion-m6-Notebook-PC.vivek.017390.0018: MainProcess                     : MainThread     : INFO    : Load resource configurations from /home/vivek/Research/ves/test_entk/local/lib/python2.7/site-packages/radical/pilot/configs/resource_local.json
2017-08-12 13:10:38,607: rp.session.vivek-HP-Pavilion-m6-Notebook-PC.vivek.017390.0018: MainProcess                     : MainThread     : INFO    : Load resource configurations for local.localhost_orte
2017-08-12 13:10:38,607: rp.session.vivek-HP-Pavilion-m6-Notebook-PC.vivek.017390.0018: MainProcess                     : MainThread     : INFO    : Load resource configurations for local.localhost_anaconda
2017-08-12 13:10:38,608: rp.session.vivek-HP-Pavilion-m6-Notebook-PC.vivek.017390.0018: MainProcess                     : MainThread     : INFO    : Load resource configurations for local.localhost_ortelib
2017-08-12 13:10:38,608: rp.session.vivek-HP-Pavilion-m6-Notebook-PC.vivek.017390.0018: MainProcess                     : MainThread     : INFO    : Load resource configurations for local.localhost
2017-08-12 13:10:38,608: rp.session.vivek-HP-Pavilion-m6-Notebook-PC.vivek.017390.0018: MainProcess                     : MainThread     : INFO    : Load resource configurations for local.localhost_spark
2017-08-12 13:10:38,608: rp.session.vivek-HP-Pavilion-m6-Notebook-PC.vivek.017390.0018: MainProcess                     : MainThread     : INFO    : Load resource configurations for local.localhost_spark_anaconda
2017-08-12 13:10:38,609: rp.session.vivek-HP-Pavilion-m6-Notebook-PC.vivek.017390.0018: MainProcess                     : MainThread     : INFO    : Load resource configurations for local.localhost_yarn
2017-08-12 13:10:38,609: rp.session.vivek-HP-Pavilion-m6-Notebook-PC.vivek.017390.0018: MainProcess                     : MainThread     : INFO    : Load resource configurations from /home/vivek/Research/ves/test_entk/local/lib/python2.7/site-packages/radical/pilot/configs/resource_aliases.json
2017-08-12 13:10:38,610: rp.session.vivek-HP-Pavilion-m6-Notebook-PC.vivek.017390.0018: MainProcess                     : MainThread     : INFO    : Load resource configurations from /home/vivek/Research/ves/test_entk/local/lib/python2.7/site-packages/radical/pilot/configs/resource_fub.json
2017-08-12 13:10:38,611: rp.session.vivek-HP-Pavilion-m6-Notebook-PC.vivek.017390.0018: MainProcess                     : MainThread     : INFO    : Load resource configurations for fub.allegro_rsh
2017-08-12 13:10:38,612: rp.session.vivek-HP-Pavilion-m6-Notebook-PC.vivek.017390.0018: MainProcess                     : MainThread     : INFO    : Load resource configurations from /home/vivek/Research/ves/test_entk/local/lib/python2.7/site-packages/radical/pilot/configs/resource_xsede.json
2017-08-12 13:10:38,645: rp.session.vivek-HP-Pavilion-m6-Notebook-PC.vivek.017390.0018: MainProcess                     : MainThread     : INFO    : Load resource configurations for xsede.stampede2_ssh
2017-08-12 13:10:38,645: rp.session.vivek-HP-Pavilion-m6-Notebook-PC.vivek.017390.0018: MainProcess                     : MainThread     : INFO    : Load resource configurations for xsede.wrangler_spark
2017-08-12 13:10:38,646: rp.session.vivek-HP-Pavilion-m6-Notebook-PC.vivek.017390.0018: MainProcess                     : MainThread     : INFO    : Load resource configurations for xsede.stampede_yarn
2017-08-12 13:10:38,646: rp.session.vivek-HP-Pavilion-m6-Notebook-PC.vivek.017390.0018: MainProcess                     : MainThread     : INFO    : Load resource configurations for xsede.gordon_ssh
2017-08-12 13:10:38,647: rp.session.vivek-HP-Pavilion-m6-Notebook-PC.vivek.017390.0018: MainProcess                     : MainThread     : INFO    : Load resource configurations for xsede.stampede_ssh
2017-08-12 13:10:38,647: rp.session.vivek-HP-Pavilion-m6-Notebook-PC.vivek.017390.0018: MainProcess                     : MainThread     : INFO    : Load resource configurations for xsede.lonestar_ssh
2017-08-12 13:10:38,648: rp.session.vivek-HP-Pavilion-m6-Notebook-PC.vivek.017390.0018: MainProcess                     : MainThread     : INFO    : Load resource configurations for xsede.supermic_spark
2017-08-12 13:10:38,648: rp.session.vivek-HP-Pavilion-m6-Notebook-PC.vivek.017390.0018: MainProcess                     : MainThread     : INFO    : Load resource configurations for xsede.wrangler_ssh
2017-08-12 13:10:38,649: rp.session.vivek-HP-Pavilion-m6-Notebook-PC.vivek.017390.0018: MainProcess                     : MainThread     : INFO    : Load resource configurations for xsede.wrangler_yarn
2017-08-12 13:10:38,649: rp.session.vivek-HP-Pavilion-m6-Notebook-PC.vivek.017390.0018: MainProcess                     : MainThread     : INFO    : Load resource configurations for xsede.bridges
2017-08-12 13:10:38,649: rp.session.vivek-HP-Pavilion-m6-Notebook-PC.vivek.017390.0018: MainProcess                     : MainThread     : INFO    : Load resource configurations for xsede.supermic_ssh
2017-08-12 13:10:38,650: rp.session.vivek-HP-Pavilion-m6-Notebook-PC.vivek.017390.0018: MainProcess                     : MainThread     : INFO    : Load resource configurations for xsede.stampede_orte
2017-08-12 13:10:38,650: rp.session.vivek-HP-Pavilion-m6-Notebook-PC.vivek.017390.0018: MainProcess                     : MainThread     : INFO    : Load resource configurations for xsede.greenfield
2017-08-12 13:10:38,651: rp.session.vivek-HP-Pavilion-m6-Notebook-PC.vivek.017390.0018: MainProcess                     : MainThread     : INFO    : Load resource configurations for xsede.comet_spark
2017-08-12 13:10:38,651: rp.session.vivek-HP-Pavilion-m6-Notebook-PC.vivek.017390.0018: MainProcess                     : MainThread     : INFO    : Load resource configurations for xsede.trestles_ssh
2017-08-12 13:10:38,652: rp.session.vivek-HP-Pavilion-m6-Notebook-PC.vivek.017390.0018: MainProcess                     : MainThread     : INFO    : Load resource configurations for xsede.comet_ssh
2017-08-12 13:10:38,652: rp.session.vivek-HP-Pavilion-m6-Notebook-PC.vivek.017390.0018: MainProcess                     : MainThread     : INFO    : Load resource configurations for xsede.stampede_spark
2017-08-12 13:10:38,652: rp.session.vivek-HP-Pavilion-m6-Notebook-PC.vivek.017390.0018: MainProcess                     : MainThread     : INFO    : Load resource configurations for xsede.comet_orte
2017-08-12 13:10:38,653: rp.session.vivek-HP-Pavilion-m6-Notebook-PC.vivek.017390.0018: MainProcess                     : MainThread     : INFO    : Load resource configurations for xsede.comet_ortelib
2017-08-12 13:10:38,653: rp.session.vivek-HP-Pavilion-m6-Notebook-PC.vivek.017390.0018: MainProcess                     : MainThread     : INFO    : Load resource configurations for xsede.blacklight_ssh
2017-08-12 13:10:38,654: rp.session.vivek-HP-Pavilion-m6-Notebook-PC.vivek.017390.0018: MainProcess                     : MainThread     : INFO    : Load resource configurations for xsede.stampede_ortelib
2017-08-12 13:10:38,654: rp.session.vivek-HP-Pavilion-m6-Notebook-PC.vivek.017390.0018: MainProcess                     : MainThread     : INFO    : Load resource configurations from /home/vivek/Research/ves/test_entk/local/lib/python2.7/site-packages/radical/pilot/configs/resource_futuregrid.json
2017-08-12 13:10:38,664: rp.session.vivek-HP-Pavilion-m6-Notebook-PC.vivek.017390.0018: MainProcess                     : MainThread     : INFO    : Load resource configurations for futuregrid.delta_ssh
2017-08-12 13:10:38,665: rp.session.vivek-HP-Pavilion-m6-Notebook-PC.vivek.017390.0018: MainProcess                     : MainThread     : INFO    : Load resource configurations for futuregrid.india_ssh
2017-08-12 13:10:38,665: rp.session.vivek-HP-Pavilion-m6-Notebook-PC.vivek.017390.0018: MainProcess                     : MainThread     : INFO    : Load resource configurations for futuregrid.echo_ssh
2017-08-12 13:10:38,665: rp.session.vivek-HP-Pavilion-m6-Notebook-PC.vivek.017390.0018: MainProcess                     : MainThread     : INFO    : Load resource configurations for futuregrid.xray_ccm
2017-08-12 13:10:38,666: rp.session.vivek-HP-Pavilion-m6-Notebook-PC.vivek.017390.0018: MainProcess                     : MainThread     : INFO    : Load resource configurations for futuregrid.bravo_ssh
2017-08-12 13:10:38,666: rp.session.vivek-HP-Pavilion-m6-Notebook-PC.vivek.017390.0018: MainProcess                     : MainThread     : INFO    : Load resource configurations for futuregrid.xray_aprun
2017-08-12 13:10:38,667: rp.session.vivek-HP-Pavilion-m6-Notebook-PC.vivek.017390.0018: MainProcess                     : MainThread     : INFO    : Load resource configurations from /home/vivek/Research/ves/test_entk/local/lib/python2.7/site-packages/radical/pilot/configs/resource_epsrc.json
2017-08-12 13:10:38,670: rp.session.vivek-HP-Pavilion-m6-Notebook-PC.vivek.017390.0018: MainProcess                     : MainThread     : INFO    : Load resource configurations for epsrc.archer_orte
2017-08-12 13:10:38,670: rp.session.vivek-HP-Pavilion-m6-Notebook-PC.vivek.017390.0018: MainProcess                     : MainThread     : INFO    : Load resource configurations for epsrc.archer_aprun
2017-08-12 13:10:38,904: rp.session.vivek-HP-Pavilion-m6-Notebook-PC.vivek.017390.0018: MainProcess                     : MainThread     : INFO    : New Session created: rp.session.vivek-HP-Pavilion-m6-Notebook-PC.vivek.017390.0018.
2017-08-12 13:10:38,905: rp.session.vivek-HP-Pavilion-m6-Notebook-PC.vivek.017390.0018: MainProcess                     : MainThread     : DEBUG   : start bridges   : {u'control_pubsub': {u'bulk_size': 0, u'log_level': u'debug', u'stall_hwm': 1},
 u'log_pubsub': {u'bulk_size': 0, u'log_level': u'debug', u'stall_hwm': 1},
 u'state_pubsub': {u'bulk_size': 0, u'log_level': u'debug', u'stall_hwm': 1}}
2017-08-12 13:10:38,905: rp.session.vivek-HP-Pavilion-m6-Notebook-PC.vivek.017390.0018: MainProcess                     : MainThread     : INFO    : create bridge control_pubsub
2017-08-12 13:10:38,940: rp.session.vivek-HP-Pavilion-m6-Notebook-PC.vivek.017390.0018: MainProcess                     : MainThread     : INFO    : created bridge control_pubsub (control.pubsub.bridge.0000)
2017-08-12 13:10:38,940: rp.session.vivek-HP-Pavilion-m6-Notebook-PC.vivek.017390.0018: MainProcess                     : MainThread     : INFO    : create bridge state_pubsub
2017-08-12 13:10:38,958: rp.session.vivek-HP-Pavilion-m6-Notebook-PC.vivek.017390.0018: MainProcess                     : MainThread     : INFO    : created bridge state_pubsub (state.pubsub.bridge.0000)
2017-08-12 13:10:38,958: rp.session.vivek-HP-Pavilion-m6-Notebook-PC.vivek.017390.0018: MainProcess                     : MainThread     : INFO    : create bridge log_pubsub
2017-08-12 13:10:38,978: rp.session.vivek-HP-Pavilion-m6-Notebook-PC.vivek.017390.0018: MainProcess                     : MainThread     : INFO    : created bridge log_pubsub (log.pubsub.bridge.0000)
2017-08-12 13:10:38,978: rp.session.vivek-HP-Pavilion-m6-Notebook-PC.vivek.017390.0018: MainProcess                     : MainThread     : DEBUG   : start components: {u'UpdateWorker': {u'count': 1}}
2017-08-12 13:10:38,978: rp.session.vivek-HP-Pavilion-m6-Notebook-PC.vivek.017390.0018: MainProcess                     : MainThread     : DEBUG   : start 1 component(s) UpdateWorker
2017-08-12 13:10:39,174: rp.session.vivek-HP-Pavilion-m6-Notebook-PC.vivek.017390.0018: MainProcess                     : MainThread     : INFO    : rp.session.vivek-HP-Pavilion-m6-Notebook-PC.vivek.017390.0018 starts update.0
2017-08-12 13:10:39,298: rp.session.vivek-HP-Pavilion-m6-Notebook-PC.vivek.017390.0018: MainProcess                     : MainThread     : WARNING : using alias 'xsede.supermic_ssh' for deprecated resource key 'xsede.supermic'
2017-08-12 13:10:39,299: rp.session.vivek-HP-Pavilion-m6-Notebook-PC.vivek.017390.0018: MainProcess                     : MainThread     : DEBUG   : rsup.PTYShell('gsissh://supermic.cct-lsu.xsede.org:2222/')
2017-08-12 13:10:43,438: rp.session.vivek-HP-Pavilion-m6-Notebook-PC.vivek.017390.0018: MainProcess                     : MainThread     : DEBUG   : sandbox base gsissh://supermic.cct-lsu.xsede.org:2222/: '/work/vivek91'
2017-08-12 13:10:43,555: rp.session.vivek-HP-Pavilion-m6-Notebook-PC.vivek.017390.0018: MainProcess                     : MainThread     : DEBUG   : bulk pilot insert result: {'nModified': 0, 'nUpserted': 0, 'nMatched': 0, 'writeErrors': [], 'upserted': [], 'writeConcernErrors': [], 'nRemoved': 0, 'nInserted': 1}
2017-08-12 13:10:43,558: rp.session.vivek-HP-Pavilion-m6-Notebook-PC.vivek.017390.0018: pmgr.launching.0                : MainThread     : WARNING : using alias 'xsede.supermic_ssh' for deprecated resource key 'xsede.supermic'
2017-08-12 13:10:43,560: rp.session.vivek-HP-Pavilion-m6-Notebook-PC.vivek.017390.0018: pmgr.launching.0                : MainThread     : WARNING : using alias 'xsede.supermic_ssh' for deprecated resource key 'xsede.supermic'
2017-08-12 13:10:43,560: rp.session.vivek-HP-Pavilion-m6-Notebook-PC.vivek.017390.0018: pmgr.launching.0                : MainThread     : DEBUG   : rsup.PTYShell('gsissh://supermic.cct-lsu.xsede.org:2222/')
2017-08-12 13:10:45,128: rp.session.vivek-HP-Pavilion-m6-Notebook-PC.vivek.017390.0018: pmgr.launching.0                : MainThread     : DEBUG   : sandbox base gsissh://supermic.cct-lsu.xsede.org:2222/: '/work/vivek91'
2017-08-12 13:12:04,501: rp.session.vivek-HP-Pavilion-m6-Notebook-PC.vivek.017390.0018: task-manager                    : MainThread     : DEBUG   : bulk unit insert result: {'nModified': 0, 'nUpserted': 0, 'nMatched': 0, 'writeErrors': [], 'upserted': [], 'writeConcernErrors': [], 'nRemoved': 0, 'nInserted': 1}
2017-08-12 13:12:04,583: rp.session.vivek-HP-Pavilion-m6-Notebook-PC.vivek.017390.0018: task-manager                    : MainThread     : DEBUG   : bulk unit insert result: {'nModified': 0, 'nUpserted': 0, 'nMatched': 0, 'writeErrors': [], 'upserted': [], 'writeConcernErrors': [], 'nRemoved': 0, 'nInserted': 1}
2017-08-12 13:12:04,651: rp.session.vivek-HP-Pavilion-m6-Notebook-PC.vivek.017390.0018: task-manager                    : MainThread     : DEBUG   : bulk unit insert result: {'nModified': 0, 'nUpserted': 0, 'nMatched': 0, 'writeErrors': [], 'upserted': [], 'writeConcernErrors': [], 'nRemoved': 0, 'nInserted': 1}
2017-08-12 13:12:04,706: rp.session.vivek-HP-Pavilion-m6-Notebook-PC.vivek.017390.0018: task-manager                    : MainThread     : DEBUG   : bulk unit insert result: {'nModified': 0, 'nUpserted': 0, 'nMatched': 0, 'writeErrors': [], 'upserted': [], 'writeConcernErrors': [], 'nRemoved': 0, 'nInserted': 1}
2017-08-12 13:12:04,760: rp.session.vivek-HP-Pavilion-m6-Notebook-PC.vivek.017390.0018: task-manager                    : MainThread     : DEBUG   : bulk unit insert result: {'nModified': 0, 'nUpserted': 0, 'nMatched': 0, 'writeErrors': [], 'upserted': [], 'writeConcernErrors': [], 'nRemoved': 0, 'nInserted': 1}
2017-08-12 13:12:04,825: rp.session.vivek-HP-Pavilion-m6-Notebook-PC.vivek.017390.0018: task-manager                    : MainThread     : DEBUG   : bulk unit insert result: {'nModified': 0, 'nUpserted': 0, 'nMatched': 0, 'writeErrors': [], 'upserted': [], 'writeConcernErrors': [], 'nRemoved': 0, 'nInserted': 1}
2017-08-12 13:12:04,863: rp.session.vivek-HP-Pavilion-m6-Notebook-PC.vivek.017390.0018: task-manager                    : MainThread     : DEBUG   : bulk unit insert result: {'nModified': 0, 'nUpserted': 0, 'nMatched': 0, 'writeErrors': [], 'upserted': [], 'writeConcernErrors': [], 'nRemoved': 0, 'nInserted': 1}
2017-08-12 13:12:04,932: rp.session.vivek-HP-Pavilion-m6-Notebook-PC.vivek.017390.0018: task-manager                    : MainThread     : DEBUG   : bulk unit insert result: {'nModified': 0, 'nUpserted': 0, 'nMatched': 0, 'writeErrors': [], 'upserted': [], 'writeConcernErrors': [], 'nRemoved': 0, 'nInserted': 1}
2017-08-12 13:12:04,978: rp.session.vivek-HP-Pavilion-m6-Notebook-PC.vivek.017390.0018: task-manager                    : MainThread     : DEBUG   : bulk unit insert result: {'nModified': 0, 'nUpserted': 0, 'nMatched': 0, 'writeErrors': [], 'upserted': [], 'writeConcernErrors': [], 'nRemoved': 0, 'nInserted': 1}
2017-08-12 13:12:05,061: rp.session.vivek-HP-Pavilion-m6-Notebook-PC.vivek.017390.0018: task-manager                    : MainThread     : DEBUG   : bulk unit insert result: {'nModified': 0, 'nUpserted': 0, 'nMatched': 0, 'writeErrors': [], 'upserted': [], 'writeConcernErrors': [], 'nRemoved': 0, 'nInserted': 1}
2017-08-12 13:12:48,042: rp.session.vivek-HP-Pavilion-m6-Notebook-PC.vivek.017390.0018: task-manager                    : MainThread     : DEBUG   : bulk unit insert result: {'nModified': 0, 'nUpserted': 0, 'nMatched': 0, 'writeErrors': [], 'upserted': [], 'writeConcernErrors': [], 'nRemoved': 0, 'nInserted': 1}
2017-08-12 13:13:05,415: rp.session.vivek-HP-Pavilion-m6-Notebook-PC.vivek.017390.0018: MainProcess                     : MainThread     : DEBUG   : session rp.session.vivek-HP-Pavilion-m6-Notebook-PC.vivek.017390.0018 closing
2017-08-12 13:13:05,416: rp.session.vivek-HP-Pavilion-m6-Notebook-PC.vivek.017390.0018: MainProcess                     : MainThread     : DEBUG   : session rp.session.vivek-HP-Pavilion-m6-Notebook-PC.vivek.017390.0018 closes pmgr   pmgr.0000
2017-08-12 13:13:05,997: rp.session.vivek-HP-Pavilion-m6-Notebook-PC.vivek.017390.0018: MainProcess                     : MainThread     : DEBUG   : session rp.session.vivek-HP-Pavilion-m6-Notebook-PC.vivek.017390.0018 closed pmgr   pmgr.0000
2017-08-12 13:13:05,997: rp.session.vivek-HP-Pavilion-m6-Notebook-PC.vivek.017390.0018: MainProcess                     : MainThread     : DEBUG   : session rp.session.vivek-HP-Pavilion-m6-Notebook-PC.vivek.017390.0018 closes comp   update.0
2017-08-12 13:13:06,221: rp.session.vivek-HP-Pavilion-m6-Notebook-PC.vivek.017390.0018: MainProcess                     : MainThread     : DEBUG   : session rp.session.vivek-HP-Pavilion-m6-Notebook-PC.vivek.017390.0018 closed comp   update.0
2017-08-12 13:13:06,221: rp.session.vivek-HP-Pavilion-m6-Notebook-PC.vivek.017390.0018: MainProcess                     : MainThread     : DEBUG   : session rp.session.vivek-HP-Pavilion-m6-Notebook-PC.vivek.017390.0018 closes bridge control.pubsub.bridge.0000
2017-08-12 13:13:06,393: rp.session.vivek-HP-Pavilion-m6-Notebook-PC.vivek.017390.0018: MainProcess                     : MainThread     : DEBUG   : session rp.session.vivek-HP-Pavilion-m6-Notebook-PC.vivek.017390.0018 closed bridge control.pubsub.bridge.0000
2017-08-12 13:13:06,394: rp.session.vivek-HP-Pavilion-m6-Notebook-PC.vivek.017390.0018: MainProcess                     : MainThread     : DEBUG   : session rp.session.vivek-HP-Pavilion-m6-Notebook-PC.vivek.017390.0018 closes bridge state.pubsub.bridge.0000
2017-08-12 13:13:06,536: rp.session.vivek-HP-Pavilion-m6-Notebook-PC.vivek.017390.0018: MainProcess                     : MainThread     : DEBUG   : session rp.session.vivek-HP-Pavilion-m6-Notebook-PC.vivek.017390.0018 closed bridge state.pubsub.bridge.0000
2017-08-12 13:13:06,536: rp.session.vivek-HP-Pavilion-m6-Notebook-PC.vivek.017390.0018: MainProcess                     : MainThread     : DEBUG   : session rp.session.vivek-HP-Pavilion-m6-Notebook-PC.vivek.017390.0018 closes bridge log.pubsub.bridge.0000
2017-08-12 13:13:06,709: rp.session.vivek-HP-Pavilion-m6-Notebook-PC.vivek.017390.0018: MainProcess                     : MainThread     : DEBUG   : session rp.session.vivek-HP-Pavilion-m6-Notebook-PC.vivek.017390.0018 closed bridge log.pubsub.bridge.0000
2017-08-12 13:13:06,710: rp.session.vivek-HP-Pavilion-m6-Notebook-PC.vivek.017390.0018: MainProcess                     : MainThread     : DEBUG   : session rp.session.vivek-HP-Pavilion-m6-Notebook-PC.vivek.017390.0018 closes db (False)
2017-08-12 13:13:06,710: rp.session.vivek-HP-Pavilion-m6-Notebook-PC.vivek.017390.0018: MainProcess                     : MainThread     : DEBUG   : session rp.session.vivek-HP-Pavilion-m6-Notebook-PC.vivek.017390.0018 closed (delete=False)
