2017-08-12 13:10:39,215: state.pubsub.pub.0001: pmgr.launching.0                : MainThread     : INFO    : python.interpreter   version: 2.7.12 (default, Nov 19 2016, 06:48:10) [GCC 5.4.0 20160609]
2017-08-12 13:10:39,216: state.pubsub.pub.0001: pmgr.launching.0                : MainThread     : INFO    :                      pid: 18994
2017-08-12 13:10:39,216: state.pubsub.pub.0001: pmgr.launching.0                : MainThread     : INFO    :                      tid: MainThread
2017-08-12 13:10:39,216: state.pubsub.pub.0001: pmgr.launching.0                : MainThread     : INFO    : radical.pilot        version: 0.46-v0.46.RC2@HEAD-detached-at-v0.46.RC2
2017-08-12 13:10:39,216: state.pubsub.pub.0001: pmgr.launching.0                : MainThread     : INFO    : create state_pubsub - pub - tcp://192.168.1.14:36701
2017-08-12 13:10:39,216: state.pubsub.pub.0001: pmgr.launching.0                : MainThread     : DEBUG   : start process
2017-08-12 13:10:39,216: state.pubsub.pub.0001: pmgr.launching.0                : MainThread     : DEBUG   : ru_initialize_common (NOOP)
2017-08-12 13:10:39,216: state.pubsub.pub.0001: pmgr.launching.0                : MainThread     : DEBUG   : ru_initialize_parent (NOOP)
2017-08-12 13:10:39,216: state.pubsub.pub.0001: pmgr.launching.0                : MainThread     : DEBUG   : process class started (no child)
2017-08-12 13:10:39,260: state.pubsub.pub.0001: MainProcess                     : MainThread     : INFO    : python.interpreter   version: 2.7.12 (default, Nov 19 2016, 06:48:10) [GCC 5.4.0 20160609]
2017-08-12 13:10:39,261: state.pubsub.pub.0001: MainProcess                     : MainThread     : INFO    :                      pid: 18929
2017-08-12 13:10:39,261: state.pubsub.pub.0001: MainProcess                     : MainThread     : INFO    :                      tid: MainThread
2017-08-12 13:10:39,261: state.pubsub.pub.0001: MainProcess                     : MainThread     : INFO    : radical.pilot        version: 0.46-v0.46.RC2@HEAD-detached-at-v0.46.RC2
2017-08-12 13:10:39,261: state.pubsub.pub.0001: MainProcess                     : MainThread     : INFO    : create state_pubsub - pub - tcp://192.168.1.14:36701
2017-08-12 13:10:39,262: state.pubsub.pub.0001: MainProcess                     : MainThread     : DEBUG   : start process
2017-08-12 13:10:39,262: state.pubsub.pub.0001: MainProcess                     : MainThread     : DEBUG   : ru_initialize_common (NOOP)
2017-08-12 13:10:39,262: state.pubsub.pub.0001: MainProcess                     : MainThread     : DEBUG   : ru_initialize_parent (NOOP)
2017-08-12 13:10:39,262: state.pubsub.pub.0001: MainProcess                     : MainThread     : DEBUG   : process class started (no child)
2017-08-12 13:13:05,505: state.pubsub.pub.0001: MainProcess                     : MainThread     : INFO    : parent stops child
2017-08-12 13:13:05,505: state.pubsub.pub.0001: MainProcess                     : MainThread     : DEBUG   : ru_finalize_parent (NOOP)
