2017-08-12 13:12:04,094: umgr.staging.output.0.child: umgr.staging.output.0           : MainThread     : INFO    : python.interpreter   version: 2.7.12 (default, Nov 19 2016, 06:48:10) [GCC 5.4.0 20160609]
2017-08-12 13:12:04,094: umgr.staging.output.0.child: umgr.staging.output.0           : MainThread     : INFO    :                      pid: 19176
2017-08-12 13:12:04,094: umgr.staging.output.0.child: umgr.staging.output.0           : MainThread     : INFO    :                      tid: MainThread
2017-08-12 13:12:04,095: umgr.staging.output.0.child: umgr.staging.output.0           : MainThread     : INFO    : radical.pilot        version: 0.46-v0.46.RC2@HEAD-detached-at-v0.46.RC2
2017-08-12 13:12:04,095: umgr.staging.output.0.child: umgr.staging.output.0           : MainThread     : INFO    : initialize umgr.staging.output.0.child
2017-08-12 13:12:04,101: umgr.staging.output.0.child: umgr.staging.output.0           : MainThread     : INFO    : cfg: {'agents': {},
 u'bridges': {u'control_pubsub': {'addr_in': 'tcp://192.168.1.14:33837',
                                  'addr_out': 'tcp://192.168.1.14:38457',
                                  u'bulk_size': 0,
                                  u'log_level': u'debug',
                                  u'stall_hwm': 1},
              u'log_pubsub': {'addr_in': 'tcp://192.168.1.14:46493',
                              'addr_out': 'tcp://192.168.1.14:40849',
                              u'bulk_size': 0,
                              u'log_level': u'debug',
                              u'stall_hwm': 1},
              u'state_pubsub': {'addr_in': 'tcp://192.168.1.14:36701',
                                'addr_out': 'tcp://192.168.1.14:41341',
                                u'bulk_size': 0,
                                u'log_level': u'debug',
                                u'stall_hwm': 1},
              u'umgr_reschedule_pubsub': {'addr_in': 'tcp://192.168.1.14:35431',
                                          'addr_out': 'tcp://192.168.1.14:45037',
                                          u'bulk_size': 0,
                                          u'log_level': u'debug',
                                          u'stall_hwm': 1},
              u'umgr_scheduling_queue': {'addr_in': 'tcp://192.168.1.14:44369',
                                         'addr_out': 'tcp://192.168.1.14:44453',
                                         u'bulk_size': 0,
                                         u'log_level': u'debug',
                                         u'stall_hwm': 1},
              u'umgr_staging_input_queue': {'addr_in': 'tcp://192.168.1.14:37897',
                                            'addr_out': 'tcp://192.168.1.14:45293',
                                            u'bulk_size': 0,
                                            u'log_level': u'debug',
                                            u'stall_hwm': 1},
              u'umgr_staging_output_queue': {'addr_in': 'tcp://192.168.1.14:35653',
                                             'addr_out': 'tcp://192.168.1.14:40253',
                                             u'bulk_size': 0,
                                             u'log_level': u'debug',
                                             u'stall_hwm': 1},
              u'umgr_unschedule_pubsub': {'addr_in': 'tcp://192.168.1.14:36641',
                                          'addr_out': 'tcp://192.168.1.14:39681',
                                          u'bulk_size': 0,
                                          u'log_level': u'debug',
                                          u'stall_hwm': 1}},
 u'bulk_collection_size': 100,
 u'bulk_collection_time': 1.0,
 'cname': u'UMGRStagingOutputComponent',
 u'components': {},
 u'count': 1,
 u'db_poll_sleeptime': 1.0,
 'number': 0,
 'owner': 'umgr.0000',
 u'scheduler': u'round_robin',
 'uid': 'umgr.0000'}
2017-08-12 13:12:04,101: umgr.staging.output.0.child: umgr.staging.output.0           : MainThread     : DEBUG   : start components: {}
2017-08-12 13:12:04,101: umgr.staging.output.0.child: umgr.staging.output.0           : MainThread     : DEBUG   : alive check in term
2017-08-12 13:12:04,102: umgr.staging.output.0.child: umgr.staging.output.0           : MainThread     : DEBUG   : START: umgr.staging.output.0.child register publisher log_pubsub
2017-08-12 13:12:04,102: umgr.staging.output.0.child: umgr.staging.output.0           : MainThread     : DEBUG   : using addr tcp://192.168.1.14:46493 for pubsub log_pubsub
2017-08-12 13:12:04,105: umgr.staging.output.0.child: umgr.staging.output.0           : MainThread     : DEBUG   : registered publisher : log_pubsub : log.pubsub.pub.0004
2017-08-12 13:12:04,106: umgr.staging.output.0.child: umgr.staging.output.0           : MainThread     : DEBUG   : alive check in term
2017-08-12 13:12:04,106: umgr.staging.output.0.child: umgr.staging.output.0           : MainThread     : DEBUG   : START: umgr.staging.output.0.child register publisher state_pubsub
2017-08-12 13:12:04,106: umgr.staging.output.0.child: umgr.staging.output.0           : MainThread     : DEBUG   : using addr tcp://192.168.1.14:36701 for pubsub state_pubsub
2017-08-12 13:12:04,131: umgr.staging.output.0.child: umgr.staging.output.0           : MainThread     : DEBUG   : registered publisher : state_pubsub : state.pubsub.pub.0004
2017-08-12 13:12:04,131: umgr.staging.output.0.child: umgr.staging.output.0           : MainThread     : DEBUG   : alive check in term
2017-08-12 13:12:04,131: umgr.staging.output.0.child: umgr.staging.output.0           : MainThread     : DEBUG   : START: umgr.staging.output.0.child register publisher control_pubsub
2017-08-12 13:12:04,131: umgr.staging.output.0.child: umgr.staging.output.0           : MainThread     : DEBUG   : using addr tcp://192.168.1.14:33837 for pubsub control_pubsub
2017-08-12 13:12:04,135: umgr.staging.output.0.child: umgr.staging.output.0           : MainThread     : DEBUG   : registered publisher : control_pubsub : control.pubsub.pub.0004
2017-08-12 13:12:04,135: umgr.staging.output.0.child: umgr.staging.output.0           : MainThread     : DEBUG   : alive check in term
2017-08-12 13:12:04,135: umgr.staging.output.0.child: umgr.staging.output.0           : MainThread     : DEBUG   : START: umgr.staging.output.0.child register subscriber umgr.staging.output.0.child.subscriber._cancel_monitor_cb
2017-08-12 13:12:04,135: umgr.staging.output.0.child: umgr.staging.output.0           : MainThread     : DEBUG   : using addr tcp://192.168.1.14:38457 for pubsub control_pubsub
2017-08-12 13:12:04,139: umgr.staging.output.0.child: umgr.staging.output.0           : MainThread     : DEBUG   : parent name: umgr.staging.output.0.child.subscriber._cancel_monitor_cb
2017-08-12 13:12:04,139: umgr.staging.output.0.child: umgr.staging.output.0           : MainThread     : DEBUG   : start thread
2017-08-12 13:12:04,140: umgr.staging.output.0.child: umgr.staging.output.0           : umgr.staging.output.0.child.subscriber._cancel_monitor_cb: DEBUG   : child name: umgr.staging.output.0.child.subscriber._cancel_monitor_cb.thread
2017-08-12 13:12:04,140: umgr.staging.output.0.child: umgr.staging.output.0           : umgr.staging.output.0.child.subscriber._cancel_monitor_cb: INFO    : child (me) initializing
2017-08-12 13:12:04,140: umgr.staging.output.0.child: umgr.staging.output.0           : umgr.staging.output.0.child.subscriber._cancel_monitor_cb: DEBUG   : ru_initialize_common (NOOP)
2017-08-12 13:12:04,140: umgr.staging.output.0.child: umgr.staging.output.0           : umgr.staging.output.0.child.subscriber._cancel_monitor_cb: DEBUG   : ru_initialize_child (NOOP)
2017-08-12 13:12:04,140: umgr.staging.output.0.child: umgr.staging.output.0           : umgr.staging.output.0.child.subscriber._cancel_monitor_cb: INFO    : send alive
2017-08-12 13:12:04,140: umgr.staging.output.0.child: umgr.staging.output.0           : umgr.staging.output.0.child.subscriber._cancel_monitor_cb: INFO    : put message: [umgr.staging.output.0.child.subscriber._cancel_monitor_cb.thread] alive
2017-08-12 13:12:04,141: umgr.staging.output.0.child: umgr.staging.output.0           : MainThread     : INFO    : get msg: alive
2017-08-12 13:12:04,141: umgr.staging.output.0.child: umgr.staging.output.0           : MainThread     : DEBUG   : ru_initialize_common (NOOP)
2017-08-12 13:12:04,141: umgr.staging.output.0.child: umgr.staging.output.0           : MainThread     : DEBUG   : ru_initialize_parent (NOOP)
2017-08-12 13:12:04,141: umgr.staging.output.0.child: umgr.staging.output.0           : MainThread     : DEBUG   : child thread umgr.staging.output.0.child.subscriber._cancel_monitor_cb started
2017-08-12 13:12:04,141: umgr.staging.output.0.child: umgr.staging.output.0           : MainThread     : DEBUG   : umgr.staging.output.0.child registered control_pubsub subscriber umgr.staging.output.0.child.subscriber._cancel_monitor_cb
2017-08-12 13:12:04,141: umgr.staging.output.0.child: umgr.staging.output.0           : MainThread     : DEBUG   : alive check in term
2017-08-12 13:12:04,141: umgr.staging.output.0.child: umgr.staging.output.0           : MainThread     : DEBUG   : using addr tcp://192.168.1.14:40253 for input umgr_staging_output_queue
2017-08-12 13:12:04,143: umgr.staging.output.0.child: umgr.staging.output.0           : MainThread     : DEBUG   : registered input umgr.staging.output.0.child.work.UMGR_STAGING_OUTPUT_PENDING
2017-08-12 13:12:04,143: umgr.staging.output.0.child: umgr.staging.output.0           : MainThread     : DEBUG   : START: umgr.staging.output.0.child register input UMGR_STAGING_OUTPUT_PENDING: umgr.staging.output.0.child.work.UMGR_STAGING_OUTPUT_PENDING
2017-08-12 13:12:04,143: umgr.staging.output.0.child: umgr.staging.output.0           : MainThread     : DEBUG   : registered worker work [UMGR_STAGING_OUTPUT_PENDING]
2017-08-12 13:12:04,144: umgr.staging.output.0.child: umgr.staging.output.0           : MainThread     : INFO    : child (me) initializing
2017-08-12 13:12:04,144: umgr.staging.output.0.child: umgr.staging.output.0           : MainThread     : DEBUG   : parent name: umgr.staging.output.0.child.watch
2017-08-12 13:12:04,144: umgr.staging.output.0.child: umgr.staging.output.0           : MainThread     : DEBUG   : start thread
2017-08-12 13:12:04,144: umgr.staging.output.0.child: umgr.staging.output.0           : umgr.staging.output.0.child.watch: DEBUG   : child name: umgr.staging.output.0.child.watch.thread
2017-08-12 13:12:04,144: umgr.staging.output.0.child: umgr.staging.output.0           : umgr.staging.output.0.child.watch: INFO    : child (me) initializing
2017-08-12 13:12:04,144: umgr.staging.output.0.child: umgr.staging.output.0           : umgr.staging.output.0.child.watch: DEBUG   : ru_initialize_common (NOOP)
2017-08-12 13:12:04,144: umgr.staging.output.0.child: umgr.staging.output.0           : umgr.staging.output.0.child.watch: DEBUG   : ru_initialize_child (NOOP)
2017-08-12 13:12:04,144: umgr.staging.output.0.child: umgr.staging.output.0           : umgr.staging.output.0.child.watch: INFO    : send alive
2017-08-12 13:12:04,144: umgr.staging.output.0.child: umgr.staging.output.0           : umgr.staging.output.0.child.watch: INFO    : put message: [umgr.staging.output.0.child.watch.thread] alive
2017-08-12 13:12:04,145: umgr.staging.output.0.child: umgr.staging.output.0           : MainThread     : INFO    : get msg: alive
2017-08-12 13:12:04,145: umgr.staging.output.0.child: umgr.staging.output.0           : MainThread     : DEBUG   : ru_initialize_common (NOOP)
2017-08-12 13:12:04,145: umgr.staging.output.0.child: umgr.staging.output.0           : MainThread     : DEBUG   : ru_initialize_parent (NOOP)
2017-08-12 13:12:04,145: umgr.staging.output.0.child: umgr.staging.output.0           : MainThread     : DEBUG   : child thread umgr.staging.output.0.child.watch started
2017-08-12 13:12:04,145: umgr.staging.output.0.child: umgr.staging.output.0           : MainThread     : INFO    : child (me) is alive
2017-08-12 13:12:04,145: umgr.staging.output.0.child: umgr.staging.output.0           : MainThread     : INFO    : send alive
2017-08-12 13:12:04,145: umgr.staging.output.0.child: umgr.staging.output.0           : MainThread     : INFO    : send message: [umgr.staging.output.0.child] alive
2017-08-12 13:12:28,241: umgr.staging.output.0.child: umgr.staging.output.0           : MainThread     : DEBUG   : got unit (unit.000002)
2017-08-12 13:12:28,242: umgr.staging.output.0.child: umgr.staging.output.0           : MainThread     : DEBUG   : advance bulk size: 1 [False, True]
2017-08-12 13:12:28,242: umgr.staging.output.0.child: umgr.staging.output.0           : MainThread     : DEBUG   : advance bulk: unit.000002 [1]
2017-08-12 13:12:28,243: umgr.staging.output.0.child: umgr.staging.output.0           : MainThread     : DEBUG   : advance bulk size: 1 [True, True]
2017-08-12 13:12:28,244: umgr.staging.output.0.child: umgr.staging.output.0           : MainThread     : DEBUG   : advance bulk: unit.000002 [1]
2017-08-12 13:12:28,245: umgr.staging.output.0.child: umgr.staging.output.0           : MainThread     : DEBUG   : bucket: DONE : ['unit.000002']
2017-08-12 13:12:28,246: umgr.staging.output.0.child: umgr.staging.output.0           : MainThread     : DEBUG   : push unit.000002 ===| DONE
2017-08-12 13:12:38,473: umgr.staging.output.0.child: umgr.staging.output.0           : MainThread     : DEBUG   : got unit (unit.000001)
2017-08-12 13:12:38,473: umgr.staging.output.0.child: umgr.staging.output.0           : MainThread     : DEBUG   : advance bulk size: 1 [False, True]
2017-08-12 13:12:38,474: umgr.staging.output.0.child: umgr.staging.output.0           : MainThread     : DEBUG   : advance bulk: unit.000001 [1]
2017-08-12 13:12:38,474: umgr.staging.output.0.child: umgr.staging.output.0           : MainThread     : DEBUG   : advance bulk size: 1 [True, True]
2017-08-12 13:12:38,475: umgr.staging.output.0.child: umgr.staging.output.0           : MainThread     : DEBUG   : advance bulk: unit.000001 [1]
2017-08-12 13:12:38,476: umgr.staging.output.0.child: umgr.staging.output.0           : MainThread     : DEBUG   : bucket: DONE : ['unit.000001']
2017-08-12 13:12:38,477: umgr.staging.output.0.child: umgr.staging.output.0           : MainThread     : DEBUG   : push unit.000001 ===| DONE
2017-08-12 13:12:39,520: umgr.staging.output.0.child: umgr.staging.output.0           : MainThread     : DEBUG   : got unit (unit.000003)
2017-08-12 13:12:39,520: umgr.staging.output.0.child: umgr.staging.output.0           : MainThread     : DEBUG   : got unit (unit.000000)
2017-08-12 13:12:39,520: umgr.staging.output.0.child: umgr.staging.output.0           : MainThread     : DEBUG   : got unit (unit.000004)
2017-08-12 13:12:39,521: umgr.staging.output.0.child: umgr.staging.output.0           : MainThread     : DEBUG   : advance bulk size: 3 [False, True]
2017-08-12 13:12:39,521: umgr.staging.output.0.child: umgr.staging.output.0           : MainThread     : DEBUG   : advance bulk: unit.000003 [3]
2017-08-12 13:12:39,521: umgr.staging.output.0.child: umgr.staging.output.0           : MainThread     : DEBUG   : advance bulk: unit.000000 [3]
2017-08-12 13:12:39,521: umgr.staging.output.0.child: umgr.staging.output.0           : MainThread     : DEBUG   : advance bulk: unit.000004 [3]
2017-08-12 13:12:39,521: umgr.staging.output.0.child: umgr.staging.output.0           : MainThread     : DEBUG   : advance bulk size: 3 [True, True]
2017-08-12 13:12:39,522: umgr.staging.output.0.child: umgr.staging.output.0           : MainThread     : DEBUG   : advance bulk: unit.000003 [3]
2017-08-12 13:12:39,522: umgr.staging.output.0.child: umgr.staging.output.0           : MainThread     : DEBUG   : advance bulk: unit.000000 [3]
2017-08-12 13:12:39,522: umgr.staging.output.0.child: umgr.staging.output.0           : MainThread     : DEBUG   : advance bulk: unit.000004 [3]
2017-08-12 13:12:39,522: umgr.staging.output.0.child: umgr.staging.output.0           : MainThread     : DEBUG   : bucket: DONE : ['unit.000003', 'unit.000000', 'unit.000004']
2017-08-12 13:12:39,522: umgr.staging.output.0.child: umgr.staging.output.0           : MainThread     : DEBUG   : push unit.000003 ===| DONE
2017-08-12 13:12:39,522: umgr.staging.output.0.child: umgr.staging.output.0           : MainThread     : DEBUG   : push unit.000000 ===| DONE
2017-08-12 13:12:39,523: umgr.staging.output.0.child: umgr.staging.output.0           : MainThread     : DEBUG   : push unit.000004 ===| DONE
2017-08-12 13:12:40,566: umgr.staging.output.0.child: umgr.staging.output.0           : MainThread     : DEBUG   : got unit (unit.000006)
2017-08-12 13:12:40,566: umgr.staging.output.0.child: umgr.staging.output.0           : MainThread     : DEBUG   : got unit (unit.000005)
2017-08-12 13:12:40,566: umgr.staging.output.0.child: umgr.staging.output.0           : MainThread     : DEBUG   : got unit (unit.000008)
2017-08-12 13:12:40,566: umgr.staging.output.0.child: umgr.staging.output.0           : MainThread     : DEBUG   : advance bulk size: 3 [False, True]
2017-08-12 13:12:40,566: umgr.staging.output.0.child: umgr.staging.output.0           : MainThread     : DEBUG   : advance bulk: unit.000006 [3]
2017-08-12 13:12:40,566: umgr.staging.output.0.child: umgr.staging.output.0           : MainThread     : DEBUG   : advance bulk: unit.000005 [3]
2017-08-12 13:12:40,566: umgr.staging.output.0.child: umgr.staging.output.0           : MainThread     : DEBUG   : advance bulk: unit.000008 [3]
2017-08-12 13:12:40,567: umgr.staging.output.0.child: umgr.staging.output.0           : MainThread     : DEBUG   : advance bulk size: 3 [True, True]
2017-08-12 13:12:40,567: umgr.staging.output.0.child: umgr.staging.output.0           : MainThread     : DEBUG   : advance bulk: unit.000006 [3]
2017-08-12 13:12:40,567: umgr.staging.output.0.child: umgr.staging.output.0           : MainThread     : DEBUG   : advance bulk: unit.000005 [3]
2017-08-12 13:12:40,567: umgr.staging.output.0.child: umgr.staging.output.0           : MainThread     : DEBUG   : advance bulk: unit.000008 [3]
2017-08-12 13:12:40,567: umgr.staging.output.0.child: umgr.staging.output.0           : MainThread     : DEBUG   : bucket: DONE : ['unit.000006', 'unit.000005', 'unit.000008']
2017-08-12 13:12:40,567: umgr.staging.output.0.child: umgr.staging.output.0           : MainThread     : DEBUG   : push unit.000006 ===| DONE
2017-08-12 13:12:40,568: umgr.staging.output.0.child: umgr.staging.output.0           : MainThread     : DEBUG   : push unit.000005 ===| DONE
2017-08-12 13:12:40,568: umgr.staging.output.0.child: umgr.staging.output.0           : MainThread     : DEBUG   : push unit.000008 ===| DONE
2017-08-12 13:12:46,711: umgr.staging.output.0.child: umgr.staging.output.0           : MainThread     : DEBUG   : got unit (unit.000007)
2017-08-12 13:12:46,711: umgr.staging.output.0.child: umgr.staging.output.0           : MainThread     : DEBUG   : advance bulk size: 1 [False, True]
2017-08-12 13:12:46,712: umgr.staging.output.0.child: umgr.staging.output.0           : MainThread     : DEBUG   : advance bulk: unit.000007 [1]
2017-08-12 13:12:46,712: umgr.staging.output.0.child: umgr.staging.output.0           : MainThread     : DEBUG   : advance bulk size: 1 [True, True]
2017-08-12 13:12:46,713: umgr.staging.output.0.child: umgr.staging.output.0           : MainThread     : DEBUG   : advance bulk: unit.000007 [1]
2017-08-12 13:12:46,714: umgr.staging.output.0.child: umgr.staging.output.0           : MainThread     : DEBUG   : bucket: DONE : ['unit.000007']
2017-08-12 13:12:46,715: umgr.staging.output.0.child: umgr.staging.output.0           : MainThread     : DEBUG   : push unit.000007 ===| DONE
2017-08-12 13:12:47,822: umgr.staging.output.0.child: umgr.staging.output.0           : MainThread     : DEBUG   : got unit (unit.000009)
2017-08-12 13:12:47,823: umgr.staging.output.0.child: umgr.staging.output.0           : MainThread     : DEBUG   : advance bulk size: 1 [False, True]
2017-08-12 13:12:47,824: umgr.staging.output.0.child: umgr.staging.output.0           : MainThread     : DEBUG   : advance bulk: unit.000009 [1]
2017-08-12 13:12:47,825: umgr.staging.output.0.child: umgr.staging.output.0           : MainThread     : DEBUG   : advance bulk size: 1 [True, True]
2017-08-12 13:12:47,833: umgr.staging.output.0.child: umgr.staging.output.0           : MainThread     : DEBUG   : advance bulk: unit.000009 [1]
2017-08-12 13:12:47,834: umgr.staging.output.0.child: umgr.staging.output.0           : MainThread     : DEBUG   : bucket: DONE : ['unit.000009']
2017-08-12 13:12:47,835: umgr.staging.output.0.child: umgr.staging.output.0           : MainThread     : DEBUG   : push unit.000009 ===| DONE
2017-08-12 13:12:56,845: umgr.staging.output.0.child: umgr.staging.output.0           : MainThread     : DEBUG   : ru_finalize_common()
2017-08-12 13:12:56,845: umgr.staging.output.0.child: umgr.staging.output.0           : MainThread     : DEBUG   : TERM : umgr.staging.output.0.child unregister publisher log_pubsub
2017-08-12 13:12:56,846: umgr.staging.output.0.child: umgr.staging.output.0           : MainThread     : DEBUG   : unregistered publisher log_pubsub
2017-08-12 13:12:56,846: umgr.staging.output.0.child: umgr.staging.output.0           : MainThread     : DEBUG   : TERM : umgr.staging.output.0.child unregister publisher state_pubsub
2017-08-12 13:12:56,847: umgr.staging.output.0.child: umgr.staging.output.0           : MainThread     : DEBUG   : unregistered publisher state_pubsub
2017-08-12 13:12:56,847: umgr.staging.output.0.child: umgr.staging.output.0           : MainThread     : DEBUG   : TERM : umgr.staging.output.0.child unregister publisher control_pubsub
2017-08-12 13:12:56,848: umgr.staging.output.0.child: umgr.staging.output.0           : MainThread     : DEBUG   : unregistered publisher control_pubsub
2017-08-12 13:12:56,848: umgr.staging.output.0.child: umgr.staging.output.0           : MainThread     : DEBUG   : umgr.staging.output.0.child close prof
2017-08-12 13:12:56,848: umgr.staging.output.0.child: umgr.staging.output.0           : MainThread     : INFO    : send message: [umgr.staging.output.0.child] terminating
2017-08-12 13:12:56,946: umgr.staging.output.0.child: umgr.staging.output.0           : umgr.staging.output.0.child.watch: INFO    : watcher closes
2017-08-12 13:12:56,947: umgr.staging.output.0.child: umgr.staging.output.0           : umgr.staging.output.0.child.watch: INFO    : put message: [umgr.staging.output.0.child.watch.thread] work finished
2017-08-12 13:12:56,947: umgr.staging.output.0.child: umgr.staging.output.0           : umgr.staging.output.0.child.watch: DEBUG   : ru_finalize_child (NOOP)
2017-08-12 13:12:56,947: umgr.staging.output.0.child: umgr.staging.output.0           : umgr.staging.output.0.child.watch: DEBUG   : ru_finalize_common (NOOP)
2017-08-12 13:12:56,947: umgr.staging.output.0.child: umgr.staging.output.0           : umgr.staging.output.0.child.watch: INFO    : put message: [umgr.staging.output.0.child.watch.thread] terminating
2017-08-12 13:12:56,948: umgr.staging.output.0.child: umgr.staging.output.0           : MainThread     : INFO    : parent stops child
2017-08-12 13:12:56,948: umgr.staging.output.0.child: umgr.staging.output.0           : MainThread     : DEBUG   : ru_finalize_parent (NOOP)
2017-08-12 13:12:56,949: umgr.staging.output.0.child: umgr.staging.output.0           : umgr.staging.output.0.child.subscriber._cancel_monitor_cb: ERROR   : abort: ZMQError('Socket operation on non-socket')
Traceback (most recent call last):
  File "/home/vivek/Research/ves/test_entk/local/lib/python2.7/site-packages/radical/utils/threads.py", line 375, in _run
    if not self.work_cb():
  File "/home/vivek/Research/ves/test_entk/local/lib/python2.7/site-packages/radical/pilot/utils/component.py", line 1088, in work_cb
    topic, msg = self._q.get_nowait(500)  # timout in ms
  File "/home/vivek/Research/ves/test_entk/local/lib/python2.7/site-packages/radical/pilot/utils/pubsub.py", line 352, in get_nowait
    if _uninterruptible(self._q.poll, flags=zmq.POLLIN, timeout=timeout):
  File "/home/vivek/Research/ves/test_entk/local/lib/python2.7/site-packages/radical/pilot/utils/pubsub.py", line 50, in _uninterruptible
    return f(*args, **kwargs)
  File "/home/vivek/Research/ves/test_entk/local/lib/python2.7/site-packages/zmq/sugar/socket.py", line 558, in poll
    evts = dict(p.poll(timeout))
  File "/home/vivek/Research/ves/test_entk/local/lib/python2.7/site-packages/zmq/sugar/poll.py", line 99, in poll
    return zmq_poll(self.sockets, timeout=timeout)
  File "zmq/backend/cython/_poll.pyx", line 123, in zmq.backend.cython._poll.zmq_poll (zmq/backend/cython/_poll.c:2186)
  File "zmq/backend/cython/_poll.pyx", line 116, in zmq.backend.cython._poll.zmq_poll (zmq/backend/cython/_poll.c:2036)
  File "zmq/backend/cython/checkrc.pxd", line 25, in zmq.backend.cython.checkrc._check_rc (zmq/backend/cython/_poll.c:2811)
    raise ZMQError(errno)
ZMQError: Socket operation on non-socket
2017-08-12 13:12:56,950: umgr.staging.output.0.child: umgr.staging.output.0           : umgr.staging.output.0.child.subscriber._cancel_monitor_cb: INFO    : put message: [umgr.staging.output.0.child.subscriber._cancel_monitor_cb.thread] ZMQError('Socket operation on non-socket')
2017-08-12 13:12:56,951: umgr.staging.output.0.child: umgr.staging.output.0           : umgr.staging.output.0.child.subscriber._cancel_monitor_cb: DEBUG   : ru_finalize_child (NOOP)
2017-08-12 13:12:56,951: umgr.staging.output.0.child: umgr.staging.output.0           : umgr.staging.output.0.child.subscriber._cancel_monitor_cb: INFO    : put message: [umgr.staging.output.0.child.subscriber._cancel_monitor_cb.thread] terminating
