2017-08-12 12:54:26,258: control.pubsub.pub.0001: pmgr.launching.0                : MainThread     : INFO    : python.interpreter   version: 2.7.12 (default, Nov 19 2016, 06:48:10) [GCC 5.4.0 20160609]
2017-08-12 12:54:26,259: control.pubsub.pub.0001: pmgr.launching.0                : MainThread     : INFO    :                      pid: 17545
2017-08-12 12:54:26,259: control.pubsub.pub.0001: pmgr.launching.0                : MainThread     : INFO    :                      tid: MainThread
2017-08-12 12:54:26,259: control.pubsub.pub.0001: pmgr.launching.0                : MainThread     : INFO    : radical.pilot        version: 0.46-v0.46.RC2@HEAD-detached-at-v0.46.RC2
2017-08-12 12:54:26,259: control.pubsub.pub.0001: pmgr.launching.0                : MainThread     : INFO    : create control_pubsub - pub - tcp://192.168.1.14:44795
2017-08-12 12:54:26,259: control.pubsub.pub.0001: pmgr.launching.0                : MainThread     : DEBUG   : start process
2017-08-12 12:54:26,259: control.pubsub.pub.0001: pmgr.launching.0                : MainThread     : DEBUG   : ru_initialize_common (NOOP)
2017-08-12 12:54:26,259: control.pubsub.pub.0001: pmgr.launching.0                : MainThread     : DEBUG   : ru_initialize_parent (NOOP)
2017-08-12 12:54:26,259: control.pubsub.pub.0001: pmgr.launching.0                : MainThread     : DEBUG   : process class started (no child)
2017-08-12 12:54:26,327: control.pubsub.pub.0001: MainProcess                     : MainThread     : INFO    : python.interpreter   version: 2.7.12 (default, Nov 19 2016, 06:48:10) [GCC 5.4.0 20160609]
2017-08-12 12:54:26,327: control.pubsub.pub.0001: MainProcess                     : MainThread     : INFO    :                      pid: 17480
2017-08-12 12:54:26,327: control.pubsub.pub.0001: MainProcess                     : MainThread     : INFO    :                      tid: MainThread
2017-08-12 12:54:26,328: control.pubsub.pub.0001: MainProcess                     : MainThread     : INFO    : radical.pilot        version: 0.46-v0.46.RC2@HEAD-detached-at-v0.46.RC2
2017-08-12 12:54:26,328: control.pubsub.pub.0001: MainProcess                     : MainThread     : INFO    : create control_pubsub - pub - tcp://192.168.1.14:44795
2017-08-12 12:54:26,328: control.pubsub.pub.0001: MainProcess                     : MainThread     : DEBUG   : start process
2017-08-12 12:54:26,329: control.pubsub.pub.0001: MainProcess                     : MainThread     : DEBUG   : ru_initialize_common (NOOP)
2017-08-12 12:54:26,329: control.pubsub.pub.0001: MainProcess                     : MainThread     : DEBUG   : ru_initialize_parent (NOOP)
2017-08-12 12:54:26,329: control.pubsub.pub.0001: MainProcess                     : MainThread     : DEBUG   : process class started (no child)
2017-08-12 12:56:41,896: control.pubsub.pub.0001: pmgr.launching.0                : MainThread     : INFO    : parent stops child
2017-08-12 12:56:41,896: control.pubsub.pub.0001: pmgr.launching.0                : MainThread     : DEBUG   : ru_finalize_parent (NOOP)
