2017-08-12 12:54:26,304: control.pubsub.sub.0001: pmgr.launching.0                : MainThread     : INFO    : python.interpreter   version: 2.7.12 (default, Nov 19 2016, 06:48:10) [GCC 5.4.0 20160609]
2017-08-12 12:54:26,305: control.pubsub.sub.0001: pmgr.launching.0                : MainThread     : INFO    :                      pid: 17545
2017-08-12 12:54:26,305: control.pubsub.sub.0001: pmgr.launching.0                : MainThread     : INFO    :                      tid: MainThread
2017-08-12 12:54:26,305: control.pubsub.sub.0001: pmgr.launching.0                : MainThread     : INFO    : radical.pilot        version: 0.46-v0.46.RC2@HEAD-detached-at-v0.46.RC2
2017-08-12 12:54:26,305: control.pubsub.sub.0001: pmgr.launching.0                : MainThread     : INFO    : create control_pubsub - sub - tcp://192.168.1.14:34325
2017-08-12 12:54:26,306: control.pubsub.sub.0001: pmgr.launching.0                : MainThread     : DEBUG   : start process
2017-08-12 12:54:26,306: control.pubsub.sub.0001: pmgr.launching.0                : MainThread     : DEBUG   : ru_initialize_common (NOOP)
2017-08-12 12:54:26,307: control.pubsub.sub.0001: pmgr.launching.0                : MainThread     : DEBUG   : ru_initialize_parent (NOOP)
2017-08-12 12:54:26,307: control.pubsub.sub.0001: pmgr.launching.0                : MainThread     : DEBUG   : process class started (no child)
2017-08-12 12:55:23,791: control.pubsub.sub.0001: umgr.scheduling.0               : MainThread     : INFO    : python.interpreter   version: 2.7.12 (default, Nov 19 2016, 06:48:10) [GCC 5.4.0 20160609]
2017-08-12 12:55:23,792: control.pubsub.sub.0001: umgr.scheduling.0               : MainThread     : INFO    :                      pid: 17740
2017-08-12 12:55:23,792: control.pubsub.sub.0001: umgr.scheduling.0               : MainThread     : INFO    :                      tid: MainThread
2017-08-12 12:55:23,792: control.pubsub.sub.0001: umgr.scheduling.0               : MainThread     : INFO    : radical.pilot        version: 0.46-v0.46.RC2@HEAD-detached-at-v0.46.RC2
2017-08-12 12:55:23,792: control.pubsub.sub.0001: umgr.scheduling.0               : MainThread     : INFO    : create control_pubsub - sub - tcp://192.168.1.14:34325
2017-08-12 12:55:23,792: control.pubsub.sub.0001: umgr.scheduling.0               : MainThread     : DEBUG   : start process
2017-08-12 12:55:23,793: control.pubsub.sub.0001: umgr.scheduling.0               : MainThread     : DEBUG   : ru_initialize_common (NOOP)
2017-08-12 12:55:23,793: control.pubsub.sub.0001: umgr.scheduling.0               : MainThread     : DEBUG   : ru_initialize_parent (NOOP)
2017-08-12 12:55:23,793: control.pubsub.sub.0001: umgr.scheduling.0               : MainThread     : DEBUG   : process class started (no child)
2017-08-12 12:56:37,052: control.pubsub.sub.0001: umgr.scheduling.0               : MainThread     : INFO    : parent stops child
2017-08-12 12:56:37,052: control.pubsub.sub.0001: umgr.scheduling.0               : MainThread     : DEBUG   : ru_finalize_parent (NOOP)
2017-08-12 12:56:41,897: control.pubsub.sub.0001: pmgr.launching.0                : MainThread     : INFO    : parent stops child
2017-08-12 12:56:41,898: control.pubsub.sub.0001: pmgr.launching.0                : MainThread     : DEBUG   : ru_finalize_parent (NOOP)
