2017-08-12 12:54:26,219: pmgr.0000           : MainProcess                     : MainThread     : INFO    : python.interpreter   version: 2.7.12 (default, Nov 19 2016, 06:48:10) [GCC 5.4.0 20160609]
2017-08-12 12:54:26,220: pmgr.0000           : MainProcess                     : MainThread     : INFO    :                      pid: 17480
2017-08-12 12:54:26,220: pmgr.0000           : MainProcess                     : MainThread     : INFO    :                      tid: MainThread
2017-08-12 12:54:26,220: pmgr.0000           : MainProcess                     : MainThread     : INFO    : radical.pilot        version: 0.46-v0.46.RC2@HEAD-detached-at-v0.46.RC2
2017-08-12 12:54:26,220: pmgr.0000           : MainProcess                     : MainThread     : DEBUG   : alive check in term
2017-08-12 12:54:26,220: pmgr.0000           : MainProcess                     : MainThread     : DEBUG   : start process
2017-08-12 12:54:26,220: pmgr.0000           : MainProcess                     : MainThread     : INFO    : initialize pmgr.0000
2017-08-12 12:54:26,221: pmgr.0000           : MainProcess                     : MainThread     : INFO    : cfg: {u'bridges': {u'pmgr_launching_queue': {u'bulk_size': 0,
                                        u'log_level': u'debug',
                                        u'stall_hwm': 1}},
 u'components': {u'PMGRLaunchingComponent': {u'count': 1}},
 u'db_poll_sleeptime': 1.0,
 'owner': 'pmgr.0000'}
2017-08-12 12:54:26,221: pmgr.0000           : MainProcess                     : MainThread     : DEBUG   : start bridges   : {u'pmgr_launching_queue': {u'bulk_size': 0,
                           u'log_level': u'debug',
                           u'stall_hwm': 1}}
2017-08-12 12:54:26,221: pmgr.0000           : MainProcess                     : MainThread     : INFO    : create bridge pmgr_launching_queue
2017-08-12 12:54:26,237: pmgr.0000           : MainProcess                     : MainThread     : INFO    : created bridge pmgr_launching_queue (pmgr.launching.queue.bridge.0000)
2017-08-12 12:54:26,238: pmgr.0000           : MainProcess                     : MainThread     : DEBUG   : start components: {u'PMGRLaunchingComponent': {u'count': 1}}
2017-08-12 12:54:26,238: pmgr.0000           : MainProcess                     : MainThread     : DEBUG   : start 1 component(s) PMGRLaunchingComponent
2017-08-12 12:54:26,331: pmgr.0000           : MainProcess                     : MainThread     : INFO    : pmgr.0000                      starts pmgr.launching.0
2017-08-12 12:54:26,331: pmgr.0000           : MainProcess                     : MainThread     : DEBUG   : alive check in term
2017-08-12 12:54:26,332: pmgr.0000           : MainProcess                     : MainThread     : DEBUG   : START: pmgr.0000 register publisher log_pubsub
2017-08-12 12:54:26,332: pmgr.0000           : MainProcess                     : MainThread     : DEBUG   : using addr tcp://192.168.1.14:43017 for pubsub log_pubsub
2017-08-12 12:54:26,333: pmgr.0000           : MainProcess                     : MainThread     : DEBUG   : registered publisher : log_pubsub : log.pubsub.pub.0002
2017-08-12 12:54:26,333: pmgr.0000           : MainProcess                     : MainThread     : DEBUG   : alive check in term
2017-08-12 12:54:26,333: pmgr.0000           : MainProcess                     : MainThread     : DEBUG   : START: pmgr.0000 register publisher state_pubsub
2017-08-12 12:54:26,333: pmgr.0000           : MainProcess                     : MainThread     : DEBUG   : using addr tcp://192.168.1.14:37741 for pubsub state_pubsub
2017-08-12 12:54:26,335: pmgr.0000           : MainProcess                     : MainThread     : DEBUG   : registered publisher : state_pubsub : state.pubsub.pub.0002
2017-08-12 12:54:26,335: pmgr.0000           : MainProcess                     : MainThread     : DEBUG   : alive check in term
2017-08-12 12:54:26,335: pmgr.0000           : MainProcess                     : MainThread     : DEBUG   : START: pmgr.0000 register publisher control_pubsub
2017-08-12 12:54:26,335: pmgr.0000           : MainProcess                     : MainThread     : DEBUG   : using addr tcp://192.168.1.14:44795 for pubsub control_pubsub
2017-08-12 12:54:26,337: pmgr.0000           : MainProcess                     : MainThread     : DEBUG   : registered publisher : control_pubsub : control.pubsub.pub.0002
2017-08-12 12:54:26,337: pmgr.0000           : MainProcess                     : MainThread     : DEBUG   : process class started (no child)
2017-08-12 12:54:26,337: pmgr.0000           : MainProcess                     : MainThread     : DEBUG   : START: pmgr.0000 register output PMGR_LAUNCHING_PENDING
2017-08-12 12:54:26,338: pmgr.0000           : MainProcess                     : MainThread     : DEBUG   : using addr tcp://192.168.1.14:42387 for output pmgr_launching_queue
2017-08-12 12:54:26,339: pmgr.0000           : MainProcess                     : MainThread     : DEBUG   : registered output    : PMGR_LAUNCHING_PENDING : pmgr_launching_queue : pmgr.launching.queue.input.0000
2017-08-12 12:54:26,339: pmgr.0000           : MainProcess                     : MainThread     : DEBUG   : START: pmgr.0000 register idler pmgr.0000.idler._state_pull_cb
2017-08-12 12:54:26,339: pmgr.0000           : MainProcess                     : MainThread     : DEBUG   : parent name: pmgr.0000.idler._state_pull_cb
2017-08-12 12:54:26,340: pmgr.0000           : MainProcess                     : MainThread     : DEBUG   : start thread
2017-08-12 12:54:26,340: pmgr.0000           : MainProcess                     : pmgr.0000.idler._state_pull_cb: DEBUG   : child name: pmgr.0000.idler._state_pull_cb.thread
2017-08-12 12:54:26,340: pmgr.0000           : MainProcess                     : pmgr.0000.idler._state_pull_cb: INFO    : child (me) initializing
2017-08-12 12:54:26,340: pmgr.0000           : MainProcess                     : pmgr.0000.idler._state_pull_cb: DEBUG   : ru_initialize_common (NOOP)
2017-08-12 12:54:26,340: pmgr.0000           : MainProcess                     : pmgr.0000.idler._state_pull_cb: DEBUG   : ru_initialize_child (NOOP)
2017-08-12 12:54:26,341: pmgr.0000           : MainProcess                     : pmgr.0000.idler._state_pull_cb: INFO    : send alive
2017-08-12 12:54:26,341: pmgr.0000           : MainProcess                     : pmgr.0000.idler._state_pull_cb: INFO    : put message: [pmgr.0000.idler._state_pull_cb.thread] alive
2017-08-12 12:54:26,341: pmgr.0000           : MainProcess                     : MainThread     : INFO    : get msg: alive
2017-08-12 12:54:26,341: pmgr.0000           : MainProcess                     : MainThread     : DEBUG   : ru_initialize_common (NOOP)
2017-08-12 12:54:26,342: pmgr.0000           : MainProcess                     : MainThread     : DEBUG   : ru_initialize_parent (NOOP)
2017-08-12 12:54:26,342: pmgr.0000           : MainProcess                     : MainThread     : DEBUG   : child thread pmgr.0000.idler._state_pull_cb started
2017-08-12 12:54:26,342: pmgr.0000           : MainProcess                     : MainThread     : DEBUG   : pmgr.0000 registered idler pmgr.0000.idler._state_pull_cb
2017-08-12 12:54:26,342: pmgr.0000           : MainProcess                     : MainThread     : DEBUG   : START: pmgr.0000 register subscriber pmgr.0000.subscriber._state_sub_cb
2017-08-12 12:54:26,342: pmgr.0000           : MainProcess                     : MainThread     : DEBUG   : using addr tcp://192.168.1.14:46379 for pubsub state_pubsub
2017-08-12 12:54:26,344: pmgr.0000           : MainProcess                     : MainThread     : DEBUG   : parent name: pmgr.0000.subscriber._state_sub_cb
2017-08-12 12:54:26,345: pmgr.0000           : MainProcess                     : MainThread     : DEBUG   : start thread
2017-08-12 12:54:26,345: pmgr.0000           : MainProcess                     : pmgr.0000.subscriber._state_sub_cb: DEBUG   : child name: pmgr.0000.subscriber._state_sub_cb.thread
2017-08-12 12:54:26,345: pmgr.0000           : MainProcess                     : pmgr.0000.subscriber._state_sub_cb: INFO    : child (me) initializing
2017-08-12 12:54:26,345: pmgr.0000           : MainProcess                     : pmgr.0000.subscriber._state_sub_cb: DEBUG   : ru_initialize_common (NOOP)
2017-08-12 12:54:26,345: pmgr.0000           : MainProcess                     : pmgr.0000.subscriber._state_sub_cb: DEBUG   : ru_initialize_child (NOOP)
2017-08-12 12:54:26,345: pmgr.0000           : MainProcess                     : pmgr.0000.subscriber._state_sub_cb: INFO    : send alive
2017-08-12 12:54:26,345: pmgr.0000           : MainProcess                     : pmgr.0000.subscriber._state_sub_cb: INFO    : put message: [pmgr.0000.subscriber._state_sub_cb.thread] alive
2017-08-12 12:54:26,346: pmgr.0000           : MainProcess                     : MainThread     : INFO    : get msg: alive
2017-08-12 12:54:26,346: pmgr.0000           : MainProcess                     : MainThread     : DEBUG   : ru_initialize_common (NOOP)
2017-08-12 12:54:26,346: pmgr.0000           : MainProcess                     : MainThread     : DEBUG   : ru_initialize_parent (NOOP)
2017-08-12 12:54:26,346: pmgr.0000           : MainProcess                     : MainThread     : DEBUG   : child thread pmgr.0000.subscriber._state_sub_cb started
2017-08-12 12:54:26,354: pmgr.0000           : MainProcess                     : MainThread     : DEBUG   : pmgr.0000 registered state_pubsub subscriber pmgr.0000.subscriber._state_sub_cb
2017-08-12 12:54:30,213: pmgr.0000           : MainProcess                     : MainThread     : DEBUG   : advance bulk size: 1 [False, False]
2017-08-12 12:54:30,213: pmgr.0000           : MainProcess                     : MainThread     : DEBUG   : advance bulk: pilot.0000 [1]
2017-08-12 12:54:30,225: pmgr.0000           : MainProcess                     : MainThread     : INFO    : [Callback]: pilot pilot.0000 state: PMGR_LAUNCHING_PENDING.
2017-08-12 12:54:30,226: pmgr.0000           : MainProcess                     : MainThread     : DEBUG   : advance bulk size: 1 [True, True]
2017-08-12 12:54:30,226: pmgr.0000           : MainProcess                     : MainThread     : DEBUG   : advance bulk: pilot.0000 [1]
2017-08-12 12:54:30,226: pmgr.0000           : MainProcess                     : MainThread     : DEBUG   : bucket: PMGR_LAUNCHING_PENDING : ['pilot.0000']
2017-08-12 12:54:30,226: pmgr.0000           : MainProcess                     : MainThread     : DEBUG   : put bulk PMGR_LAUNCHING_PENDING: 1
2017-08-12 12:54:30,226: pmgr.0000           : MainProcess                     : MainThread     : DEBUG   : push pilot.0000 ---> PMGR_LAUNCHING_PENDING
2017-08-12 12:54:30,228: pmgr.0000           : MainProcess                     : pmgr.0000.subscriber._state_sub_cb: INFO    : [Callback]: pilot pilot.0000 state: PMGR_LAUNCHING.
2017-08-12 12:54:30,228: pmgr.0000           : MainProcess                     : pmgr.0000.subscriber._state_sub_cb: DEBUG   : advance bulk size: 1 [False, False]
2017-08-12 12:54:30,228: pmgr.0000           : MainProcess                     : pmgr.0000.subscriber._state_sub_cb: DEBUG   : advance bulk: pilot.0000 [1]
2017-08-12 12:54:44,492: pmgr.0000           : MainProcess                     : pmgr.0000.subscriber._state_sub_cb: INFO    : [Callback]: pilot pilot.0000 state: PMGR_ACTIVE_PENDING.
2017-08-12 12:54:44,493: pmgr.0000           : MainProcess                     : pmgr.0000.subscriber._state_sub_cb: DEBUG   : advance bulk size: 1 [False, False]
2017-08-12 12:54:44,493: pmgr.0000           : MainProcess                     : pmgr.0000.subscriber._state_sub_cb: DEBUG   : advance bulk: pilot.0000 [1]
2017-08-12 12:55:23,261: pmgr.0000           : MainProcess                     : pmgr.0000.idler._state_pull_cb: INFO    : [Callback]: pilot pilot.0000 state: PMGR_ACTIVE.
2017-08-12 12:55:23,262: pmgr.0000           : MainProcess                     : pmgr.0000.idler._state_pull_cb: DEBUG   : advance bulk size: 1 [False, True]
2017-08-12 12:55:23,262: pmgr.0000           : MainProcess                     : pmgr.0000.idler._state_pull_cb: DEBUG   : advance bulk: pilot.0000 [1]
2017-08-12 12:55:23,263: pmgr.0000           : MainProcess                     : pmgr.0000.idler._state_pull_cb: INFO    : pilot pilot.0000 is PMGR_ACTIVE: None [None]
