2017-08-12 12:54:26,241: pmgr.launching.0    : MainProcess                     : MainThread     : INFO    : python.interpreter   version: 2.7.12 (default, Nov 19 2016, 06:48:10) [GCC 5.4.0 20160609]
2017-08-12 12:54:26,241: pmgr.launching.0    : MainProcess                     : MainThread     : INFO    :                      pid: 17480
2017-08-12 12:54:26,241: pmgr.launching.0    : MainProcess                     : MainThread     : INFO    :                      tid: MainThread
2017-08-12 12:54:26,241: pmgr.launching.0    : MainProcess                     : MainThread     : INFO    : radical.pilot        version: 0.46-v0.46.RC2@HEAD-detached-at-v0.46.RC2
2017-08-12 12:54:26,242: pmgr.launching.0    : MainProcess                     : MainThread     : DEBUG   : alive check in term
2017-08-12 12:54:26,242: pmgr.launching.0    : MainProcess                     : MainThread     : DEBUG   : start process
2017-08-12 12:54:26,316: pmgr.launching.0    : MainProcess                     : MainThread     : INFO    : recv message: alive
2017-08-12 12:54:26,317: pmgr.launching.0    : MainProcess                     : MainThread     : INFO    : initialize pmgr.launching.0
2017-08-12 12:54:26,320: pmgr.launching.0    : MainProcess                     : MainThread     : INFO    : cfg: {'agents': {},
 u'bridges': {u'control_pubsub': {'addr_in': 'tcp://192.168.1.14:44795',
                                  'addr_out': 'tcp://192.168.1.14:34325',
                                  u'bulk_size': 0,
                                  u'log_level': u'debug',
                                  u'stall_hwm': 1},
              u'log_pubsub': {'addr_in': 'tcp://192.168.1.14:43017',
                              'addr_out': 'tcp://192.168.1.14:37039',
                              u'bulk_size': 0,
                              u'log_level': u'debug',
                              u'stall_hwm': 1},
              u'pmgr_launching_queue': {'addr_in': 'tcp://192.168.1.14:42387',
                                        'addr_out': 'tcp://192.168.1.14:39805',
                                        u'bulk_size': 0,
                                        u'log_level': u'debug',
                                        u'stall_hwm': 1},
              u'state_pubsub': {'addr_in': 'tcp://192.168.1.14:37741',
                                'addr_out': 'tcp://192.168.1.14:46379',
                                u'bulk_size': 0,
                                u'log_level': u'debug',
                                u'stall_hwm': 1}},
 'cname': u'PMGRLaunchingComponent',
 u'components': {},
 u'count': 1,
 u'db_poll_sleeptime': 1.0,
 'number': 0,
 'owner': 'pmgr.0000',
 'uid': 'pmgr.0000'}
2017-08-12 12:54:26,320: pmgr.launching.0    : MainProcess                     : MainThread     : DEBUG   : alive check in term
2017-08-12 12:54:26,320: pmgr.launching.0    : MainProcess                     : MainThread     : DEBUG   : START: pmgr.launching.0 register publisher log_pubsub
2017-08-12 12:54:26,320: pmgr.launching.0    : MainProcess                     : MainThread     : DEBUG   : using addr tcp://192.168.1.14:43017 for pubsub log_pubsub
2017-08-12 12:54:26,323: pmgr.launching.0    : MainProcess                     : MainThread     : DEBUG   : registered publisher : log_pubsub : log.pubsub.pub.0001
2017-08-12 12:54:26,323: pmgr.launching.0    : MainProcess                     : MainThread     : DEBUG   : alive check in term
2017-08-12 12:54:26,323: pmgr.launching.0    : MainProcess                     : MainThread     : DEBUG   : START: pmgr.launching.0 register publisher state_pubsub
2017-08-12 12:54:26,323: pmgr.launching.0    : MainProcess                     : MainThread     : DEBUG   : using addr tcp://192.168.1.14:37741 for pubsub state_pubsub
2017-08-12 12:54:26,326: pmgr.launching.0    : MainProcess                     : MainThread     : DEBUG   : registered publisher : state_pubsub : state.pubsub.pub.0001
2017-08-12 12:54:26,326: pmgr.launching.0    : MainProcess                     : MainThread     : DEBUG   : alive check in term
2017-08-12 12:54:26,326: pmgr.launching.0    : MainProcess                     : MainThread     : DEBUG   : START: pmgr.launching.0 register publisher control_pubsub
2017-08-12 12:54:26,326: pmgr.launching.0    : MainProcess                     : MainThread     : DEBUG   : using addr tcp://192.168.1.14:44795 for pubsub control_pubsub
2017-08-12 12:54:26,329: pmgr.launching.0    : MainProcess                     : MainThread     : DEBUG   : registered publisher : control_pubsub : control.pubsub.pub.0001
2017-08-12 12:54:26,329: pmgr.launching.0    : MainProcess                     : MainThread     : DEBUG   : parent name: pmgr.launching.0.watch
2017-08-12 12:54:26,329: pmgr.launching.0    : MainProcess                     : MainThread     : DEBUG   : start thread
2017-08-12 12:54:26,330: pmgr.launching.0    : MainProcess                     : pmgr.launching.0.watch: DEBUG   : child name: pmgr.launching.0.watch.thread
2017-08-12 12:54:26,330: pmgr.launching.0    : MainProcess                     : pmgr.launching.0.watch: INFO    : child (me) initializing
2017-08-12 12:54:26,330: pmgr.launching.0    : MainProcess                     : pmgr.launching.0.watch: DEBUG   : ru_initialize_common (NOOP)
2017-08-12 12:54:26,330: pmgr.launching.0    : MainProcess                     : pmgr.launching.0.watch: DEBUG   : ru_initialize_child (NOOP)
2017-08-12 12:54:26,330: pmgr.launching.0    : MainProcess                     : pmgr.launching.0.watch: INFO    : send alive
2017-08-12 12:54:26,330: pmgr.launching.0    : MainProcess                     : pmgr.launching.0.watch: INFO    : put message: [pmgr.launching.0.watch.thread] alive
2017-08-12 12:54:26,331: pmgr.launching.0    : MainProcess                     : MainThread     : INFO    : get msg: alive
2017-08-12 12:54:26,331: pmgr.launching.0    : MainProcess                     : MainThread     : DEBUG   : ru_initialize_common (NOOP)
2017-08-12 12:54:26,331: pmgr.launching.0    : MainProcess                     : MainThread     : DEBUG   : ru_initialize_parent (NOOP)
2017-08-12 12:54:26,331: pmgr.launching.0    : MainProcess                     : MainThread     : DEBUG   : child thread pmgr.launching.0.watch started
2017-08-12 12:54:26,331: pmgr.launching.0    : MainProcess                     : MainThread     : INFO    : child is alive
2017-08-12 12:54:26,331: pmgr.launching.0    : MainProcess                     : MainThread     : DEBUG   : process class started child
2017-08-12 12:56:36,652: pmgr.launching.0    : MainProcess                     : pmgr.launching.0.watch: INFO    : recv message: abort: KeyboardInterrupt()
2017-08-12 12:56:36,652: pmgr.launching.0    : MainProcess                     : pmgr.launching.0.watch: INFO    : message received: abort: KeyboardInterrupt()
2017-08-12 12:56:42,669: pmgr.launching.0    : MainProcess                     : pmgr.launching.0.watch: WARNING : endpoint disappeard
2017-08-12 12:56:42,669: pmgr.launching.0    : MainProcess                     : pmgr.launching.0.watch: INFO    : watcher closes
2017-08-12 12:56:42,670: pmgr.launching.0    : MainProcess                     : pmgr.launching.0.watch: INFO    : put message: [pmgr.launching.0.watch.thread] work finished
2017-08-12 12:56:42,670: pmgr.launching.0    : MainProcess                     : pmgr.launching.0.watch: DEBUG   : ru_finalize_child (NOOP)
2017-08-12 12:56:42,670: pmgr.launching.0    : MainProcess                     : pmgr.launching.0.watch: DEBUG   : ru_finalize_common (NOOP)
2017-08-12 12:56:42,670: pmgr.launching.0    : MainProcess                     : pmgr.launching.0.watch: INFO    : put message: [pmgr.launching.0.watch.thread] terminating
