2017-08-12 12:54:25,659: rp.session.vivek-HP-Pavilion-m6-Notebook-PC.vivek.017390.0016: MainProcess                     : MainThread     : INFO    : python.interpreter   version: 2.7.12 (default, Nov 19 2016, 06:48:10) [GCC 5.4.0 20160609]
2017-08-12 12:54:25,660: rp.session.vivek-HP-Pavilion-m6-Notebook-PC.vivek.017390.0016: MainProcess                     : MainThread     : INFO    :                      pid: 17480
2017-08-12 12:54:25,660: rp.session.vivek-HP-Pavilion-m6-Notebook-PC.vivek.017390.0016: MainProcess                     : MainThread     : INFO    :                      tid: MainThread
2017-08-12 12:54:25,660: rp.session.vivek-HP-Pavilion-m6-Notebook-PC.vivek.017390.0016: MainProcess                     : MainThread     : INFO    : radical.pilot        version: 0.46-v0.46.RC2@HEAD-detached-at-v0.46.RC2
2017-08-12 12:54:25,660: rp.session.vivek-HP-Pavilion-m6-Notebook-PC.vivek.017390.0016: MainProcess                     : MainThread     : INFO    : using database mongodb://rp:rp@ds015335.mlab.com:15335/rp
2017-08-12 12:54:25,661: rp.session.vivek-HP-Pavilion-m6-Notebook-PC.vivek.017390.0016: MainProcess                     : MainThread     : INFO    : Load resource configurations from /home/vivek/Research/ves/test_entk/local/lib/python2.7/site-packages/radical/pilot/configs/resource_nersc.json
2017-08-12 12:54:25,673: rp.session.vivek-HP-Pavilion-m6-Notebook-PC.vivek.017390.0016: MainProcess                     : MainThread     : INFO    : Load resource configurations for nersc.edison_ccm_ssh
2017-08-12 12:54:25,674: rp.session.vivek-HP-Pavilion-m6-Notebook-PC.vivek.017390.0016: MainProcess                     : MainThread     : INFO    : Load resource configurations for nersc.hopper_orte
2017-08-12 12:54:25,674: rp.session.vivek-HP-Pavilion-m6-Notebook-PC.vivek.017390.0016: MainProcess                     : MainThread     : INFO    : Load resource configurations for nersc.hopper_ccm_ssh
2017-08-12 12:54:25,675: rp.session.vivek-HP-Pavilion-m6-Notebook-PC.vivek.017390.0016: MainProcess                     : MainThread     : INFO    : Load resource configurations for nersc.edison_aprun
2017-08-12 12:54:25,675: rp.session.vivek-HP-Pavilion-m6-Notebook-PC.vivek.017390.0016: MainProcess                     : MainThread     : INFO    : Load resource configurations for nersc.hopper_aprun
2017-08-12 12:54:25,676: rp.session.vivek-HP-Pavilion-m6-Notebook-PC.vivek.017390.0016: MainProcess                     : MainThread     : INFO    : Load resource configurations for nersc.edison_orte
2017-08-12 12:54:25,676: rp.session.vivek-HP-Pavilion-m6-Notebook-PC.vivek.017390.0016: MainProcess                     : MainThread     : INFO    : Load resource configurations from /home/vivek/Research/ves/test_entk/local/lib/python2.7/site-packages/radical/pilot/configs/resource_ornl.json
2017-08-12 12:54:25,681: rp.session.vivek-HP-Pavilion-m6-Notebook-PC.vivek.017390.0016: MainProcess                     : MainThread     : INFO    : Load resource configurations for ornl.titan_orte
2017-08-12 12:54:25,682: rp.session.vivek-HP-Pavilion-m6-Notebook-PC.vivek.017390.0016: MainProcess                     : MainThread     : INFO    : Load resource configurations for ornl.titan_aprun
2017-08-12 12:54:25,682: rp.session.vivek-HP-Pavilion-m6-Notebook-PC.vivek.017390.0016: MainProcess                     : MainThread     : INFO    : Load resource configurations for ornl.titan_ortelib
2017-08-12 12:54:25,683: rp.session.vivek-HP-Pavilion-m6-Notebook-PC.vivek.017390.0016: MainProcess                     : MainThread     : INFO    : Load resource configurations from /home/vivek/Research/ves/test_entk/local/lib/python2.7/site-packages/radical/pilot/configs/resource_rice.json
2017-08-12 12:54:25,686: rp.session.vivek-HP-Pavilion-m6-Notebook-PC.vivek.017390.0016: MainProcess                     : MainThread     : INFO    : Load resource configurations for rice.davinci_ssh
2017-08-12 12:54:25,686: rp.session.vivek-HP-Pavilion-m6-Notebook-PC.vivek.017390.0016: MainProcess                     : MainThread     : INFO    : Load resource configurations for rice.biou_ssh
2017-08-12 12:54:25,686: rp.session.vivek-HP-Pavilion-m6-Notebook-PC.vivek.017390.0016: MainProcess                     : MainThread     : INFO    : Load resource configurations from /home/vivek/Research/ves/test_entk/local/lib/python2.7/site-packages/radical/pilot/configs/resource_lumc.json
2017-08-12 12:54:25,690: rp.session.vivek-HP-Pavilion-m6-Notebook-PC.vivek.017390.0016: MainProcess                     : MainThread     : INFO    : Load resource configurations for lumc.gb-ui_ssh
2017-08-12 12:54:25,691: rp.session.vivek-HP-Pavilion-m6-Notebook-PC.vivek.017390.0016: MainProcess                     : MainThread     : INFO    : Load resource configurations for lumc.shark_ssh
2017-08-12 12:54:25,691: rp.session.vivek-HP-Pavilion-m6-Notebook-PC.vivek.017390.0016: MainProcess                     : MainThread     : INFO    : Load resource configurations from /home/vivek/Research/ves/test_entk/local/lib/python2.7/site-packages/radical/pilot/configs/resource_ncsa.json
2017-08-12 12:54:25,699: rp.session.vivek-HP-Pavilion-m6-Notebook-PC.vivek.017390.0016: MainProcess                     : MainThread     : INFO    : Load resource configurations for ncsa.bw_orte
2017-08-12 12:54:25,700: rp.session.vivek-HP-Pavilion-m6-Notebook-PC.vivek.017390.0016: MainProcess                     : MainThread     : INFO    : Load resource configurations for ncsa.bw_ccm_ssh
2017-08-12 12:54:25,700: rp.session.vivek-HP-Pavilion-m6-Notebook-PC.vivek.017390.0016: MainProcess                     : MainThread     : INFO    : Load resource configurations for ncsa.bw_ortelib
2017-08-12 12:54:25,701: rp.session.vivek-HP-Pavilion-m6-Notebook-PC.vivek.017390.0016: MainProcess                     : MainThread     : INFO    : Load resource configurations for ncsa.bw_aprun
2017-08-12 12:54:25,701: rp.session.vivek-HP-Pavilion-m6-Notebook-PC.vivek.017390.0016: MainProcess                     : MainThread     : INFO    : Load resource configurations for ncsa.bw_local_orte
2017-08-12 12:54:25,701: rp.session.vivek-HP-Pavilion-m6-Notebook-PC.vivek.017390.0016: MainProcess                     : MainThread     : INFO    : Load resource configurations from /home/vivek/Research/ves/test_entk/local/lib/python2.7/site-packages/radical/pilot/configs/resource_das5.json
2017-08-12 12:54:25,703: rp.session.vivek-HP-Pavilion-m6-Notebook-PC.vivek.017390.0016: MainProcess                     : MainThread     : INFO    : Load resource configurations for das5.fs1_ssh
2017-08-12 12:54:25,703: rp.session.vivek-HP-Pavilion-m6-Notebook-PC.vivek.017390.0016: MainProcess                     : MainThread     : INFO    : Load resource configurations from /home/vivek/Research/ves/test_entk/local/lib/python2.7/site-packages/radical/pilot/configs/resource_chameleon.json
2017-08-12 12:54:25,705: rp.session.vivek-HP-Pavilion-m6-Notebook-PC.vivek.017390.0016: MainProcess                     : MainThread     : INFO    : Load resource configurations for chameleon.cloud_vm_yarn
2017-08-12 12:54:25,705: rp.session.vivek-HP-Pavilion-m6-Notebook-PC.vivek.017390.0016: MainProcess                     : MainThread     : INFO    : Load resource configurations from /home/vivek/Research/ves/test_entk/local/lib/python2.7/site-packages/radical/pilot/configs/resource_stfc.json
2017-08-12 12:54:25,707: rp.session.vivek-HP-Pavilion-m6-Notebook-PC.vivek.017390.0016: MainProcess                     : MainThread     : INFO    : Load resource configurations for stfc.joule_runjob
2017-08-12 12:54:25,707: rp.session.vivek-HP-Pavilion-m6-Notebook-PC.vivek.017390.0016: MainProcess                     : MainThread     : INFO    : Load resource configurations from /home/vivek/Research/ves/test_entk/local/lib/python2.7/site-packages/radical/pilot/configs/resource_das4.json
2017-08-12 12:54:25,708: rp.session.vivek-HP-Pavilion-m6-Notebook-PC.vivek.017390.0016: MainProcess                     : MainThread     : INFO    : Load resource configurations for das4.fs2_ssh
2017-08-12 12:54:25,709: rp.session.vivek-HP-Pavilion-m6-Notebook-PC.vivek.017390.0016: MainProcess                     : MainThread     : INFO    : Load resource configurations from /home/vivek/Research/ves/test_entk/local/lib/python2.7/site-packages/radical/pilot/configs/resource_yale.json
2017-08-12 12:54:25,710: rp.session.vivek-HP-Pavilion-m6-Notebook-PC.vivek.017390.0016: MainProcess                     : MainThread     : INFO    : Load resource configurations for yale.grace_ssh
2017-08-12 12:54:25,711: rp.session.vivek-HP-Pavilion-m6-Notebook-PC.vivek.017390.0016: MainProcess                     : MainThread     : INFO    : Load resource configurations from /home/vivek/Research/ves/test_entk/local/lib/python2.7/site-packages/radical/pilot/configs/resource_ncar.json
2017-08-12 12:54:25,713: rp.session.vivek-HP-Pavilion-m6-Notebook-PC.vivek.017390.0016: MainProcess                     : MainThread     : INFO    : Load resource configurations for ncar.yellowstone_ssh
2017-08-12 12:54:25,713: rp.session.vivek-HP-Pavilion-m6-Notebook-PC.vivek.017390.0016: MainProcess                     : MainThread     : INFO    : Load resource configurations from /home/vivek/Research/ves/test_entk/local/lib/python2.7/site-packages/radical/pilot/configs/resource_iu.json
2017-08-12 12:54:25,716: rp.session.vivek-HP-Pavilion-m6-Notebook-PC.vivek.017390.0016: MainProcess                     : MainThread     : INFO    : Load resource configurations for iu.bigred2_ccm_ssh
2017-08-12 12:54:25,717: rp.session.vivek-HP-Pavilion-m6-Notebook-PC.vivek.017390.0016: MainProcess                     : MainThread     : INFO    : Load resource configurations for iu.bigred2_aprun
2017-08-12 12:54:25,718: rp.session.vivek-HP-Pavilion-m6-Notebook-PC.vivek.017390.0016: MainProcess                     : MainThread     : INFO    : Load resource configurations from /home/vivek/Research/ves/test_entk/local/lib/python2.7/site-packages/radical/pilot/configs/resource_osg.json
2017-08-12 12:54:25,723: rp.session.vivek-HP-Pavilion-m6-Notebook-PC.vivek.017390.0016: MainProcess                     : MainThread     : INFO    : Load resource configurations for osg.xsede-virt-clust
2017-08-12 12:54:25,724: rp.session.vivek-HP-Pavilion-m6-Notebook-PC.vivek.017390.0016: MainProcess                     : MainThread     : INFO    : Load resource configurations for osg.connect
2017-08-12 12:54:25,725: rp.session.vivek-HP-Pavilion-m6-Notebook-PC.vivek.017390.0016: MainProcess                     : MainThread     : INFO    : Load resource configurations from /home/vivek/Research/ves/test_entk/local/lib/python2.7/site-packages/radical/pilot/configs/resource_radical.json
2017-08-12 12:54:25,730: rp.session.vivek-HP-Pavilion-m6-Notebook-PC.vivek.017390.0016: MainProcess                     : MainThread     : INFO    : Load resource configurations for radical.two
2017-08-12 12:54:25,731: rp.session.vivek-HP-Pavilion-m6-Notebook-PC.vivek.017390.0016: MainProcess                     : MainThread     : INFO    : Load resource configurations for radical.tutorial
2017-08-12 12:54:25,731: rp.session.vivek-HP-Pavilion-m6-Notebook-PC.vivek.017390.0016: MainProcess                     : MainThread     : INFO    : Load resource configurations for radical.one
2017-08-12 12:54:25,731: rp.session.vivek-HP-Pavilion-m6-Notebook-PC.vivek.017390.0016: MainProcess                     : MainThread     : INFO    : Load resource configurations from /home/vivek/Research/ves/test_entk/local/lib/python2.7/site-packages/radical/pilot/configs/resource_lrz.json
2017-08-12 12:54:25,733: rp.session.vivek-HP-Pavilion-m6-Notebook-PC.vivek.017390.0016: MainProcess                     : MainThread     : INFO    : Load resource configurations for lrz.supermuc_ssh
2017-08-12 12:54:25,734: rp.session.vivek-HP-Pavilion-m6-Notebook-PC.vivek.017390.0016: MainProcess                     : MainThread     : INFO    : Load resource configurations from /home/vivek/Research/ves/test_entk/local/lib/python2.7/site-packages/radical/pilot/configs/resource_local.json
2017-08-12 12:54:25,744: rp.session.vivek-HP-Pavilion-m6-Notebook-PC.vivek.017390.0016: MainProcess                     : MainThread     : INFO    : Load resource configurations for local.localhost_orte
2017-08-12 12:54:25,744: rp.session.vivek-HP-Pavilion-m6-Notebook-PC.vivek.017390.0016: MainProcess                     : MainThread     : INFO    : Load resource configurations for local.localhost_anaconda
2017-08-12 12:54:25,744: rp.session.vivek-HP-Pavilion-m6-Notebook-PC.vivek.017390.0016: MainProcess                     : MainThread     : INFO    : Load resource configurations for local.localhost_ortelib
2017-08-12 12:54:25,745: rp.session.vivek-HP-Pavilion-m6-Notebook-PC.vivek.017390.0016: MainProcess                     : MainThread     : INFO    : Load resource configurations for local.localhost
2017-08-12 12:54:25,745: rp.session.vivek-HP-Pavilion-m6-Notebook-PC.vivek.017390.0016: MainProcess                     : MainThread     : INFO    : Load resource configurations for local.localhost_spark
2017-08-12 12:54:25,745: rp.session.vivek-HP-Pavilion-m6-Notebook-PC.vivek.017390.0016: MainProcess                     : MainThread     : INFO    : Load resource configurations for local.localhost_spark_anaconda
2017-08-12 12:54:25,746: rp.session.vivek-HP-Pavilion-m6-Notebook-PC.vivek.017390.0016: MainProcess                     : MainThread     : INFO    : Load resource configurations for local.localhost_yarn
2017-08-12 12:54:25,746: rp.session.vivek-HP-Pavilion-m6-Notebook-PC.vivek.017390.0016: MainProcess                     : MainThread     : INFO    : Load resource configurations from /home/vivek/Research/ves/test_entk/local/lib/python2.7/site-packages/radical/pilot/configs/resource_aliases.json
2017-08-12 12:54:25,746: rp.session.vivek-HP-Pavilion-m6-Notebook-PC.vivek.017390.0016: MainProcess                     : MainThread     : INFO    : Load resource configurations from /home/vivek/Research/ves/test_entk/local/lib/python2.7/site-packages/radical/pilot/configs/resource_fub.json
2017-08-12 12:54:25,748: rp.session.vivek-HP-Pavilion-m6-Notebook-PC.vivek.017390.0016: MainProcess                     : MainThread     : INFO    : Load resource configurations for fub.allegro_rsh
2017-08-12 12:54:25,748: rp.session.vivek-HP-Pavilion-m6-Notebook-PC.vivek.017390.0016: MainProcess                     : MainThread     : INFO    : Load resource configurations from /home/vivek/Research/ves/test_entk/local/lib/python2.7/site-packages/radical/pilot/configs/resource_xsede.json
2017-08-12 12:54:25,783: rp.session.vivek-HP-Pavilion-m6-Notebook-PC.vivek.017390.0016: MainProcess                     : MainThread     : INFO    : Load resource configurations for xsede.stampede2_ssh
2017-08-12 12:54:25,784: rp.session.vivek-HP-Pavilion-m6-Notebook-PC.vivek.017390.0016: MainProcess                     : MainThread     : INFO    : Load resource configurations for xsede.wrangler_spark
2017-08-12 12:54:25,784: rp.session.vivek-HP-Pavilion-m6-Notebook-PC.vivek.017390.0016: MainProcess                     : MainThread     : INFO    : Load resource configurations for xsede.stampede_yarn
2017-08-12 12:54:25,785: rp.session.vivek-HP-Pavilion-m6-Notebook-PC.vivek.017390.0016: MainProcess                     : MainThread     : INFO    : Load resource configurations for xsede.gordon_ssh
2017-08-12 12:54:25,785: rp.session.vivek-HP-Pavilion-m6-Notebook-PC.vivek.017390.0016: MainProcess                     : MainThread     : INFO    : Load resource configurations for xsede.stampede_ssh
2017-08-12 12:54:25,785: rp.session.vivek-HP-Pavilion-m6-Notebook-PC.vivek.017390.0016: MainProcess                     : MainThread     : INFO    : Load resource configurations for xsede.lonestar_ssh
2017-08-12 12:54:25,786: rp.session.vivek-HP-Pavilion-m6-Notebook-PC.vivek.017390.0016: MainProcess                     : MainThread     : INFO    : Load resource configurations for xsede.supermic_spark
2017-08-12 12:54:25,786: rp.session.vivek-HP-Pavilion-m6-Notebook-PC.vivek.017390.0016: MainProcess                     : MainThread     : INFO    : Load resource configurations for xsede.wrangler_ssh
2017-08-12 12:54:25,787: rp.session.vivek-HP-Pavilion-m6-Notebook-PC.vivek.017390.0016: MainProcess                     : MainThread     : INFO    : Load resource configurations for xsede.wrangler_yarn
2017-08-12 12:54:25,787: rp.session.vivek-HP-Pavilion-m6-Notebook-PC.vivek.017390.0016: MainProcess                     : MainThread     : INFO    : Load resource configurations for xsede.bridges
2017-08-12 12:54:25,788: rp.session.vivek-HP-Pavilion-m6-Notebook-PC.vivek.017390.0016: MainProcess                     : MainThread     : INFO    : Load resource configurations for xsede.supermic_ssh
2017-08-12 12:54:25,788: rp.session.vivek-HP-Pavilion-m6-Notebook-PC.vivek.017390.0016: MainProcess                     : MainThread     : INFO    : Load resource configurations for xsede.stampede_orte
2017-08-12 12:54:25,788: rp.session.vivek-HP-Pavilion-m6-Notebook-PC.vivek.017390.0016: MainProcess                     : MainThread     : INFO    : Load resource configurations for xsede.greenfield
2017-08-12 12:54:25,789: rp.session.vivek-HP-Pavilion-m6-Notebook-PC.vivek.017390.0016: MainProcess                     : MainThread     : INFO    : Load resource configurations for xsede.comet_spark
2017-08-12 12:54:25,789: rp.session.vivek-HP-Pavilion-m6-Notebook-PC.vivek.017390.0016: MainProcess                     : MainThread     : INFO    : Load resource configurations for xsede.trestles_ssh
2017-08-12 12:54:25,790: rp.session.vivek-HP-Pavilion-m6-Notebook-PC.vivek.017390.0016: MainProcess                     : MainThread     : INFO    : Load resource configurations for xsede.comet_ssh
2017-08-12 12:54:25,790: rp.session.vivek-HP-Pavilion-m6-Notebook-PC.vivek.017390.0016: MainProcess                     : MainThread     : INFO    : Load resource configurations for xsede.stampede_spark
2017-08-12 12:54:25,791: rp.session.vivek-HP-Pavilion-m6-Notebook-PC.vivek.017390.0016: MainProcess                     : MainThread     : INFO    : Load resource configurations for xsede.comet_orte
2017-08-12 12:54:25,791: rp.session.vivek-HP-Pavilion-m6-Notebook-PC.vivek.017390.0016: MainProcess                     : MainThread     : INFO    : Load resource configurations for xsede.comet_ortelib
2017-08-12 12:54:25,791: rp.session.vivek-HP-Pavilion-m6-Notebook-PC.vivek.017390.0016: MainProcess                     : MainThread     : INFO    : Load resource configurations for xsede.blacklight_ssh
2017-08-12 12:54:25,792: rp.session.vivek-HP-Pavilion-m6-Notebook-PC.vivek.017390.0016: MainProcess                     : MainThread     : INFO    : Load resource configurations for xsede.stampede_ortelib
2017-08-12 12:54:25,792: rp.session.vivek-HP-Pavilion-m6-Notebook-PC.vivek.017390.0016: MainProcess                     : MainThread     : INFO    : Load resource configurations from /home/vivek/Research/ves/test_entk/local/lib/python2.7/site-packages/radical/pilot/configs/resource_futuregrid.json
2017-08-12 12:54:25,802: rp.session.vivek-HP-Pavilion-m6-Notebook-PC.vivek.017390.0016: MainProcess                     : MainThread     : INFO    : Load resource configurations for futuregrid.delta_ssh
2017-08-12 12:54:25,803: rp.session.vivek-HP-Pavilion-m6-Notebook-PC.vivek.017390.0016: MainProcess                     : MainThread     : INFO    : Load resource configurations for futuregrid.india_ssh
2017-08-12 12:54:25,803: rp.session.vivek-HP-Pavilion-m6-Notebook-PC.vivek.017390.0016: MainProcess                     : MainThread     : INFO    : Load resource configurations for futuregrid.echo_ssh
2017-08-12 12:54:25,803: rp.session.vivek-HP-Pavilion-m6-Notebook-PC.vivek.017390.0016: MainProcess                     : MainThread     : INFO    : Load resource configurations for futuregrid.xray_ccm
2017-08-12 12:54:25,804: rp.session.vivek-HP-Pavilion-m6-Notebook-PC.vivek.017390.0016: MainProcess                     : MainThread     : INFO    : Load resource configurations for futuregrid.bravo_ssh
2017-08-12 12:54:25,804: rp.session.vivek-HP-Pavilion-m6-Notebook-PC.vivek.017390.0016: MainProcess                     : MainThread     : INFO    : Load resource configurations for futuregrid.xray_aprun
2017-08-12 12:54:25,804: rp.session.vivek-HP-Pavilion-m6-Notebook-PC.vivek.017390.0016: MainProcess                     : MainThread     : INFO    : Load resource configurations from /home/vivek/Research/ves/test_entk/local/lib/python2.7/site-packages/radical/pilot/configs/resource_epsrc.json
2017-08-12 12:54:25,808: rp.session.vivek-HP-Pavilion-m6-Notebook-PC.vivek.017390.0016: MainProcess                     : MainThread     : INFO    : Load resource configurations for epsrc.archer_orte
2017-08-12 12:54:25,808: rp.session.vivek-HP-Pavilion-m6-Notebook-PC.vivek.017390.0016: MainProcess                     : MainThread     : INFO    : Load resource configurations for epsrc.archer_aprun
2017-08-12 12:54:26,005: rp.session.vivek-HP-Pavilion-m6-Notebook-PC.vivek.017390.0016: MainProcess                     : MainThread     : INFO    : New Session created: rp.session.vivek-HP-Pavilion-m6-Notebook-PC.vivek.017390.0016.
2017-08-12 12:54:26,006: rp.session.vivek-HP-Pavilion-m6-Notebook-PC.vivek.017390.0016: MainProcess                     : MainThread     : DEBUG   : start bridges   : {u'control_pubsub': {u'bulk_size': 0, u'log_level': u'debug', u'stall_hwm': 1},
 u'log_pubsub': {u'bulk_size': 0, u'log_level': u'debug', u'stall_hwm': 1},
 u'state_pubsub': {u'bulk_size': 0, u'log_level': u'debug', u'stall_hwm': 1}}
2017-08-12 12:54:26,007: rp.session.vivek-HP-Pavilion-m6-Notebook-PC.vivek.017390.0016: MainProcess                     : MainThread     : INFO    : create bridge control_pubsub
2017-08-12 12:54:26,041: rp.session.vivek-HP-Pavilion-m6-Notebook-PC.vivek.017390.0016: MainProcess                     : MainThread     : INFO    : created bridge control_pubsub (control.pubsub.bridge.0000)
2017-08-12 12:54:26,041: rp.session.vivek-HP-Pavilion-m6-Notebook-PC.vivek.017390.0016: MainProcess                     : MainThread     : INFO    : create bridge state_pubsub
2017-08-12 12:54:26,056: rp.session.vivek-HP-Pavilion-m6-Notebook-PC.vivek.017390.0016: MainProcess                     : MainThread     : INFO    : created bridge state_pubsub (state.pubsub.bridge.0000)
2017-08-12 12:54:26,056: rp.session.vivek-HP-Pavilion-m6-Notebook-PC.vivek.017390.0016: MainProcess                     : MainThread     : INFO    : create bridge log_pubsub
2017-08-12 12:54:26,072: rp.session.vivek-HP-Pavilion-m6-Notebook-PC.vivek.017390.0016: MainProcess                     : MainThread     : INFO    : created bridge log_pubsub (log.pubsub.bridge.0000)
2017-08-12 12:54:26,073: rp.session.vivek-HP-Pavilion-m6-Notebook-PC.vivek.017390.0016: MainProcess                     : MainThread     : DEBUG   : start components: {u'UpdateWorker': {u'count': 1}}
2017-08-12 12:54:26,073: rp.session.vivek-HP-Pavilion-m6-Notebook-PC.vivek.017390.0016: MainProcess                     : MainThread     : DEBUG   : start 1 component(s) UpdateWorker
2017-08-12 12:54:26,219: rp.session.vivek-HP-Pavilion-m6-Notebook-PC.vivek.017390.0016: MainProcess                     : MainThread     : INFO    : rp.session.vivek-HP-Pavilion-m6-Notebook-PC.vivek.017390.0016 starts update.0
2017-08-12 12:54:26,383: rp.session.vivek-HP-Pavilion-m6-Notebook-PC.vivek.017390.0016: MainProcess                     : MainThread     : WARNING : using alias 'xsede.supermic_ssh' for deprecated resource key 'xsede.supermic'
2017-08-12 12:54:26,384: rp.session.vivek-HP-Pavilion-m6-Notebook-PC.vivek.017390.0016: MainProcess                     : MainThread     : DEBUG   : rsup.PTYShell('gsissh://supermic.cct-lsu.xsede.org:2222/')
2017-08-12 12:54:30,110: rp.session.vivek-HP-Pavilion-m6-Notebook-PC.vivek.017390.0016: MainProcess                     : MainThread     : DEBUG   : sandbox base gsissh://supermic.cct-lsu.xsede.org:2222/: '/work/vivek91'
2017-08-12 12:54:30,225: rp.session.vivek-HP-Pavilion-m6-Notebook-PC.vivek.017390.0016: MainProcess                     : MainThread     : DEBUG   : bulk pilot insert result: {'nModified': 0, 'nUpserted': 0, 'nMatched': 0, 'writeErrors': [], 'upserted': [], 'writeConcernErrors': [], 'nRemoved': 0, 'nInserted': 1}
2017-08-12 12:54:30,227: rp.session.vivek-HP-Pavilion-m6-Notebook-PC.vivek.017390.0016: pmgr.launching.0                : MainThread     : WARNING : using alias 'xsede.supermic_ssh' for deprecated resource key 'xsede.supermic'
2017-08-12 12:54:30,230: rp.session.vivek-HP-Pavilion-m6-Notebook-PC.vivek.017390.0016: pmgr.launching.0                : MainThread     : WARNING : using alias 'xsede.supermic_ssh' for deprecated resource key 'xsede.supermic'
2017-08-12 12:54:30,230: rp.session.vivek-HP-Pavilion-m6-Notebook-PC.vivek.017390.0016: pmgr.launching.0                : MainThread     : DEBUG   : rsup.PTYShell('gsissh://supermic.cct-lsu.xsede.org:2222/')
2017-08-12 12:54:31,687: rp.session.vivek-HP-Pavilion-m6-Notebook-PC.vivek.017390.0016: pmgr.launching.0                : MainThread     : DEBUG   : sandbox base gsissh://supermic.cct-lsu.xsede.org:2222/: '/work/vivek91'
2017-08-12 12:55:23,985: rp.session.vivek-HP-Pavilion-m6-Notebook-PC.vivek.017390.0016: task-manager                    : MainThread     : DEBUG   : bulk unit insert result: {'nModified': 0, 'nUpserted': 0, 'nMatched': 0, 'writeErrors': [], 'upserted': [], 'writeConcernErrors': [], 'nRemoved': 0, 'nInserted': 1}
2017-08-12 12:55:24,079: rp.session.vivek-HP-Pavilion-m6-Notebook-PC.vivek.017390.0016: task-manager                    : MainThread     : DEBUG   : bulk unit insert result: {'nModified': 0, 'nUpserted': 0, 'nMatched': 0, 'writeErrors': [], 'upserted': [], 'writeConcernErrors': [], 'nRemoved': 0, 'nInserted': 1}
2017-08-12 12:55:24,160: rp.session.vivek-HP-Pavilion-m6-Notebook-PC.vivek.017390.0016: task-manager                    : MainThread     : DEBUG   : bulk unit insert result: {'nModified': 0, 'nUpserted': 0, 'nMatched': 0, 'writeErrors': [], 'upserted': [], 'writeConcernErrors': [], 'nRemoved': 0, 'nInserted': 1}
2017-08-12 12:55:24,203: rp.session.vivek-HP-Pavilion-m6-Notebook-PC.vivek.017390.0016: task-manager                    : MainThread     : DEBUG   : bulk unit insert result: {'nModified': 0, 'nUpserted': 0, 'nMatched': 0, 'writeErrors': [], 'upserted': [], 'writeConcernErrors': [], 'nRemoved': 0, 'nInserted': 1}
2017-08-12 12:55:24,262: rp.session.vivek-HP-Pavilion-m6-Notebook-PC.vivek.017390.0016: task-manager                    : MainThread     : DEBUG   : bulk unit insert result: {'nModified': 0, 'nUpserted': 0, 'nMatched': 0, 'writeErrors': [], 'upserted': [], 'writeConcernErrors': [], 'nRemoved': 0, 'nInserted': 1}
2017-08-12 12:55:24,347: rp.session.vivek-HP-Pavilion-m6-Notebook-PC.vivek.017390.0016: task-manager                    : MainThread     : DEBUG   : bulk unit insert result: {'nModified': 0, 'nUpserted': 0, 'nMatched': 0, 'writeErrors': [], 'upserted': [], 'writeConcernErrors': [], 'nRemoved': 0, 'nInserted': 1}
2017-08-12 12:55:24,391: rp.session.vivek-HP-Pavilion-m6-Notebook-PC.vivek.017390.0016: task-manager                    : MainThread     : DEBUG   : bulk unit insert result: {'nModified': 0, 'nUpserted': 0, 'nMatched': 0, 'writeErrors': [], 'upserted': [], 'writeConcernErrors': [], 'nRemoved': 0, 'nInserted': 1}
2017-08-12 12:55:24,476: rp.session.vivek-HP-Pavilion-m6-Notebook-PC.vivek.017390.0016: task-manager                    : MainThread     : DEBUG   : bulk unit insert result: {'nModified': 0, 'nUpserted': 0, 'nMatched': 0, 'writeErrors': [], 'upserted': [], 'writeConcernErrors': [], 'nRemoved': 0, 'nInserted': 1}
2017-08-12 12:55:24,540: rp.session.vivek-HP-Pavilion-m6-Notebook-PC.vivek.017390.0016: task-manager                    : MainThread     : DEBUG   : bulk unit insert result: {'nModified': 0, 'nUpserted': 0, 'nMatched': 0, 'writeErrors': [], 'upserted': [], 'writeConcernErrors': [], 'nRemoved': 0, 'nInserted': 1}
2017-08-12 12:55:24,607: rp.session.vivek-HP-Pavilion-m6-Notebook-PC.vivek.017390.0016: task-manager                    : MainThread     : DEBUG   : bulk unit insert result: {'nModified': 0, 'nUpserted': 0, 'nMatched': 0, 'writeErrors': [], 'upserted': [], 'writeConcernErrors': [], 'nRemoved': 0, 'nInserted': 1}
