2017-08-12 12:55:23,350: umgr.0000           : task-manager                    : MainThread     : INFO    : python.interpreter   version: 2.7.12 (default, Nov 19 2016, 06:48:10) [GCC 5.4.0 20160609]
2017-08-12 12:55:23,350: umgr.0000           : task-manager                    : MainThread     : INFO    :                      pid: 17668
2017-08-12 12:55:23,350: umgr.0000           : task-manager                    : MainThread     : INFO    :                      tid: MainThread
2017-08-12 12:55:23,351: umgr.0000           : task-manager                    : MainThread     : INFO    : radical.pilot        version: 0.46-v0.46.RC2@HEAD-detached-at-v0.46.RC2
2017-08-12 12:55:23,351: umgr.0000           : task-manager                    : MainThread     : DEBUG   : alive check in term
2017-08-12 12:55:23,351: umgr.0000           : task-manager                    : MainThread     : DEBUG   : start process
2017-08-12 12:55:23,352: umgr.0000           : task-manager                    : MainThread     : INFO    : initialize umgr.0000
2017-08-12 12:55:23,354: umgr.0000           : task-manager                    : MainThread     : INFO    : cfg: {u'bridges': {u'umgr_reschedule_pubsub': {u'bulk_size': 0,
                                          u'log_level': u'debug',
                                          u'stall_hwm': 1},
              u'umgr_scheduling_queue': {u'bulk_size': 0,
                                         u'log_level': u'debug',
                                         u'stall_hwm': 1},
              u'umgr_staging_input_queue': {u'bulk_size': 0,
                                            u'log_level': u'debug',
                                            u'stall_hwm': 1},
              u'umgr_staging_output_queue': {u'bulk_size': 0,
                                             u'log_level': u'debug',
                                             u'stall_hwm': 1},
              u'umgr_unschedule_pubsub': {u'bulk_size': 0,
                                          u'log_level': u'debug',
                                          u'stall_hwm': 1}},
 u'bulk_collection_size': 100,
 u'bulk_collection_time': 1.0,
 u'components': {u'UMGRSchedulingComponent': {u'count': 1},
                 u'UMGRStagingInputComponent': {u'count': 1},
                 u'UMGRStagingOutputComponent': {u'count': 1}},
 u'db_poll_sleeptime': 1.0,
 'owner': 'umgr.0000',
 u'scheduler': u'round_robin'}
2017-08-12 12:55:23,355: umgr.0000           : task-manager                    : MainThread     : DEBUG   : start bridges   : {u'umgr_reschedule_pubsub': {u'bulk_size': 0,
                             u'log_level': u'debug',
                             u'stall_hwm': 1},
 u'umgr_scheduling_queue': {u'bulk_size': 0,
                            u'log_level': u'debug',
                            u'stall_hwm': 1},
 u'umgr_staging_input_queue': {u'bulk_size': 0,
                               u'log_level': u'debug',
                               u'stall_hwm': 1},
 u'umgr_staging_output_queue': {u'bulk_size': 0,
                                u'log_level': u'debug',
                                u'stall_hwm': 1},
 u'umgr_unschedule_pubsub': {u'bulk_size': 0,
                             u'log_level': u'debug',
                             u'stall_hwm': 1}}
2017-08-12 12:55:23,355: umgr.0000           : task-manager                    : MainThread     : INFO    : create bridge umgr_reschedule_pubsub
2017-08-12 12:55:23,410: umgr.0000           : task-manager                    : MainThread     : INFO    : created bridge umgr_reschedule_pubsub (umgr.reschedule.pubsub.bridge.0000)
2017-08-12 12:55:23,411: umgr.0000           : task-manager                    : MainThread     : INFO    : create bridge umgr_staging_input_queue
2017-08-12 12:55:23,448: umgr.0000           : task-manager                    : MainThread     : INFO    : created bridge umgr_staging_input_queue (umgr.staging.input.queue.bridge.0000)
2017-08-12 12:55:23,448: umgr.0000           : task-manager                    : MainThread     : INFO    : create bridge umgr_staging_output_queue
2017-08-12 12:55:23,489: umgr.0000           : task-manager                    : MainThread     : INFO    : created bridge umgr_staging_output_queue (umgr.staging.output.queue.bridge.0000)
2017-08-12 12:55:23,490: umgr.0000           : task-manager                    : MainThread     : INFO    : create bridge umgr_unschedule_pubsub
2017-08-12 12:55:23,524: umgr.0000           : task-manager                    : MainThread     : INFO    : created bridge umgr_unschedule_pubsub (umgr.unschedule.pubsub.bridge.0000)
2017-08-12 12:55:23,524: umgr.0000           : task-manager                    : MainThread     : INFO    : create bridge umgr_scheduling_queue
2017-08-12 12:55:23,556: umgr.0000           : task-manager                    : MainThread     : INFO    : created bridge umgr_scheduling_queue (umgr.scheduling.queue.bridge.0000)
2017-08-12 12:55:23,557: umgr.0000           : task-manager                    : MainThread     : DEBUG   : start components: {u'UMGRSchedulingComponent': {u'count': 1},
 u'UMGRStagingInputComponent': {u'count': 1},
 u'UMGRStagingOutputComponent': {u'count': 1}}
2017-08-12 12:55:23,557: umgr.0000           : task-manager                    : MainThread     : DEBUG   : start 1 component(s) UMGRStagingInputComponent
2017-08-12 12:55:23,642: umgr.0000           : task-manager                    : MainThread     : INFO    : umgr.0000                      starts umgr.staging.input.0
2017-08-12 12:55:23,642: umgr.0000           : task-manager                    : MainThread     : DEBUG   : start 1 component(s) UMGRStagingOutputComponent
2017-08-12 12:55:23,740: umgr.0000           : task-manager                    : MainThread     : INFO    : umgr.0000                      starts umgr.staging.output.0
2017-08-12 12:55:23,740: umgr.0000           : task-manager                    : MainThread     : DEBUG   : start 1 component(s) UMGRSchedulingComponent
2017-08-12 12:55:23,815: umgr.0000           : task-manager                    : MainThread     : INFO    : umgr.0000                      starts umgr.scheduling.0
2017-08-12 12:55:23,815: umgr.0000           : task-manager                    : MainThread     : DEBUG   : alive check in term
2017-08-12 12:55:23,816: umgr.0000           : task-manager                    : MainThread     : DEBUG   : START: umgr.0000 register publisher log_pubsub
2017-08-12 12:55:23,816: umgr.0000           : task-manager                    : MainThread     : DEBUG   : using addr tcp://192.168.1.14:43017 for pubsub log_pubsub
2017-08-12 12:55:23,818: umgr.0000           : task-manager                    : MainThread     : DEBUG   : registered publisher : log_pubsub : log.pubsub.pub.0006
2017-08-12 12:55:23,818: umgr.0000           : task-manager                    : MainThread     : DEBUG   : alive check in term
2017-08-12 12:55:23,818: umgr.0000           : task-manager                    : MainThread     : DEBUG   : START: umgr.0000 register publisher state_pubsub
2017-08-12 12:55:23,819: umgr.0000           : task-manager                    : MainThread     : DEBUG   : using addr tcp://192.168.1.14:37741 for pubsub state_pubsub
2017-08-12 12:55:23,821: umgr.0000           : task-manager                    : MainThread     : DEBUG   : registered publisher : state_pubsub : state.pubsub.pub.0006
2017-08-12 12:55:23,821: umgr.0000           : task-manager                    : MainThread     : DEBUG   : alive check in term
2017-08-12 12:55:23,821: umgr.0000           : task-manager                    : MainThread     : DEBUG   : START: umgr.0000 register publisher control_pubsub
2017-08-12 12:55:23,821: umgr.0000           : task-manager                    : MainThread     : DEBUG   : using addr tcp://192.168.1.14:44795 for pubsub control_pubsub
2017-08-12 12:55:23,824: umgr.0000           : task-manager                    : MainThread     : DEBUG   : registered publisher : control_pubsub : control.pubsub.pub.0006
2017-08-12 12:55:23,824: umgr.0000           : task-manager                    : MainThread     : DEBUG   : process class started (no child)
2017-08-12 12:55:23,824: umgr.0000           : task-manager                    : MainThread     : INFO    : started umgr umgr.0000
2017-08-12 12:55:23,824: umgr.0000           : task-manager                    : MainThread     : DEBUG   : START: umgr.0000 register output UMGR_SCHEDULING_PENDING
2017-08-12 12:55:23,825: umgr.0000           : task-manager                    : MainThread     : DEBUG   : using addr tcp://192.168.1.14:40109 for output umgr_scheduling_queue
2017-08-12 12:55:23,827: umgr.0000           : task-manager                    : MainThread     : DEBUG   : registered output    : UMGR_SCHEDULING_PENDING : umgr_scheduling_queue : umgr.scheduling.queue.input.0000
2017-08-12 12:55:23,827: umgr.0000           : task-manager                    : MainThread     : DEBUG   : START: umgr.0000 register output UMGR_STAGING_OUTPUT_PENDING
2017-08-12 12:55:23,827: umgr.0000           : task-manager                    : MainThread     : DEBUG   : using addr tcp://192.168.1.14:34017 for output umgr_staging_output_queue
2017-08-12 12:55:23,833: umgr.0000           : task-manager                    : MainThread     : DEBUG   : registered output    : UMGR_STAGING_OUTPUT_PENDING : umgr_staging_output_queue : umgr.staging.output.queue.input.0000
2017-08-12 12:55:23,834: umgr.0000           : task-manager                    : MainThread     : DEBUG   : START: umgr.0000 register idler umgr.0000.idler._state_pull_cb
2017-08-12 12:55:23,834: umgr.0000           : task-manager                    : MainThread     : DEBUG   : parent name: umgr.0000.idler._state_pull_cb
2017-08-12 12:55:23,834: umgr.0000           : task-manager                    : MainThread     : DEBUG   : start thread
2017-08-12 12:55:23,834: umgr.0000           : task-manager                    : umgr.0000.idler._state_pull_cb: DEBUG   : child name: umgr.0000.idler._state_pull_cb.thread
2017-08-12 12:55:23,834: umgr.0000           : task-manager                    : umgr.0000.idler._state_pull_cb: INFO    : child (me) initializing
2017-08-12 12:55:23,835: umgr.0000           : task-manager                    : umgr.0000.idler._state_pull_cb: DEBUG   : ru_initialize_common (NOOP)
2017-08-12 12:55:23,835: umgr.0000           : task-manager                    : umgr.0000.idler._state_pull_cb: DEBUG   : ru_initialize_child (NOOP)
2017-08-12 12:55:23,835: umgr.0000           : task-manager                    : umgr.0000.idler._state_pull_cb: INFO    : send alive
2017-08-12 12:55:23,835: umgr.0000           : task-manager                    : umgr.0000.idler._state_pull_cb: INFO    : put message: [umgr.0000.idler._state_pull_cb.thread] alive
2017-08-12 12:55:23,836: umgr.0000           : task-manager                    : MainThread     : INFO    : get msg: alive
2017-08-12 12:55:23,836: umgr.0000           : task-manager                    : MainThread     : DEBUG   : ru_initialize_common (NOOP)
2017-08-12 12:55:23,836: umgr.0000           : task-manager                    : MainThread     : DEBUG   : ru_initialize_parent (NOOP)
2017-08-12 12:55:23,836: umgr.0000           : task-manager                    : MainThread     : DEBUG   : child thread umgr.0000.idler._state_pull_cb started
2017-08-12 12:55:23,837: umgr.0000           : task-manager                    : MainThread     : DEBUG   : umgr.0000 registered idler umgr.0000.idler._state_pull_cb
2017-08-12 12:55:23,837: umgr.0000           : task-manager                    : MainThread     : DEBUG   : START: umgr.0000 register idler umgr.0000.idler._unit_pull_cb
2017-08-12 12:55:23,913: umgr.0000           : task-manager                    : MainThread     : DEBUG   : parent name: umgr.0000.idler._unit_pull_cb
2017-08-12 12:55:23,913: umgr.0000           : task-manager                    : MainThread     : DEBUG   : start thread
2017-08-12 12:55:23,914: umgr.0000           : task-manager                    : umgr.0000.idler._unit_pull_cb: DEBUG   : child name: umgr.0000.idler._unit_pull_cb.thread
2017-08-12 12:55:23,915: umgr.0000           : task-manager                    : umgr.0000.idler._unit_pull_cb: INFO    : child (me) initializing
2017-08-12 12:55:23,916: umgr.0000           : task-manager                    : umgr.0000.idler._unit_pull_cb: DEBUG   : ru_initialize_common (NOOP)
2017-08-12 12:55:23,916: umgr.0000           : task-manager                    : umgr.0000.idler._unit_pull_cb: DEBUG   : ru_initialize_child (NOOP)
2017-08-12 12:55:23,916: umgr.0000           : task-manager                    : umgr.0000.idler._unit_pull_cb: INFO    : send alive
2017-08-12 12:55:23,917: umgr.0000           : task-manager                    : umgr.0000.idler._unit_pull_cb: INFO    : put message: [umgr.0000.idler._unit_pull_cb.thread] alive
2017-08-12 12:55:23,918: umgr.0000           : task-manager                    : MainThread     : INFO    : get msg: alive
2017-08-12 12:55:23,918: umgr.0000           : task-manager                    : MainThread     : DEBUG   : ru_initialize_common (NOOP)
2017-08-12 12:55:23,918: umgr.0000           : task-manager                    : MainThread     : DEBUG   : ru_initialize_parent (NOOP)
2017-08-12 12:55:23,918: umgr.0000           : task-manager                    : MainThread     : DEBUG   : child thread umgr.0000.idler._unit_pull_cb started
2017-08-12 12:55:23,919: umgr.0000           : task-manager                    : MainThread     : DEBUG   : umgr.0000 registered idler umgr.0000.idler._unit_pull_cb
2017-08-12 12:55:23,919: umgr.0000           : task-manager                    : MainThread     : DEBUG   : START: umgr.0000 register subscriber umgr.0000.subscriber._state_sub_cb
2017-08-12 12:55:23,919: umgr.0000           : task-manager                    : MainThread     : DEBUG   : using addr tcp://192.168.1.14:46379 for pubsub state_pubsub
2017-08-12 12:55:23,925: umgr.0000           : task-manager                    : MainThread     : DEBUG   : parent name: umgr.0000.subscriber._state_sub_cb
2017-08-12 12:55:23,926: umgr.0000           : task-manager                    : MainThread     : DEBUG   : start thread
2017-08-12 12:55:23,927: umgr.0000           : task-manager                    : umgr.0000.subscriber._state_sub_cb: DEBUG   : child name: umgr.0000.subscriber._state_sub_cb.thread
2017-08-12 12:55:23,928: umgr.0000           : task-manager                    : umgr.0000.subscriber._state_sub_cb: INFO    : child (me) initializing
2017-08-12 12:55:23,928: umgr.0000           : task-manager                    : umgr.0000.subscriber._state_sub_cb: DEBUG   : ru_initialize_common (NOOP)
2017-08-12 12:55:23,928: umgr.0000           : task-manager                    : umgr.0000.subscriber._state_sub_cb: DEBUG   : ru_initialize_child (NOOP)
2017-08-12 12:55:23,928: umgr.0000           : task-manager                    : umgr.0000.subscriber._state_sub_cb: INFO    : send alive
2017-08-12 12:55:23,929: umgr.0000           : task-manager                    : umgr.0000.subscriber._state_sub_cb: INFO    : put message: [umgr.0000.subscriber._state_sub_cb.thread] alive
2017-08-12 12:55:23,930: umgr.0000           : task-manager                    : MainThread     : INFO    : get msg: alive
2017-08-12 12:55:23,930: umgr.0000           : task-manager                    : MainThread     : DEBUG   : ru_initialize_common (NOOP)
2017-08-12 12:55:23,931: umgr.0000           : task-manager                    : MainThread     : DEBUG   : ru_initialize_parent (NOOP)
2017-08-12 12:55:23,931: umgr.0000           : task-manager                    : MainThread     : DEBUG   : child thread umgr.0000.subscriber._state_sub_cb started
2017-08-12 12:55:23,937: umgr.0000           : task-manager                    : umgr.0000.idler._unit_pull_cb: INFO    :  === units pulled:    0
2017-08-12 12:55:23,937: umgr.0000           : task-manager                    : MainThread     : DEBUG   : umgr.0000 registered state_pubsub subscriber umgr.0000.subscriber._state_sub_cb
2017-08-12 12:55:23,974: umgr.0000           : task-manager                    : MainThread     : DEBUG   : advance bulk size: 1 [False, False]
2017-08-12 12:55:23,974: umgr.0000           : task-manager                    : MainThread     : DEBUG   : advance bulk: unit.000000 [1]
2017-08-12 12:55:23,985: umgr.0000           : task-manager                    : MainThread     : DEBUG   : advance bulk size: 1 [True, True]
2017-08-12 12:55:23,986: umgr.0000           : task-manager                    : MainThread     : DEBUG   : advance bulk: unit.000000 [1]
2017-08-12 12:55:23,986: umgr.0000           : task-manager                    : MainThread     : DEBUG   : bucket: UMGR_SCHEDULING_PENDING : ['unit.000000']
2017-08-12 12:55:23,986: umgr.0000           : task-manager                    : umgr.0000.subscriber._state_sub_cb: INFO    : [Callback]: unit unit.000000 state: UMGR_SCHEDULING_PENDING.
2017-08-12 12:55:23,989: umgr.0000           : task-manager                    : MainThread     : DEBUG   : put bulk UMGR_SCHEDULING_PENDING: 1
2017-08-12 12:55:24,000: umgr.0000           : task-manager                    : umgr.0000.subscriber._state_sub_cb: DEBUG   : advance bulk size: 1 [False, False]
2017-08-12 12:55:24,001: umgr.0000           : task-manager                    : umgr.0000.subscriber._state_sub_cb: DEBUG   : advance bulk: unit.000000 [1]
2017-08-12 12:55:24,001: umgr.0000           : task-manager                    : MainThread     : DEBUG   : push unit.000000 ---> UMGR_SCHEDULING_PENDING
2017-08-12 12:55:24,003: umgr.0000           : task-manager                    : umgr.0000.subscriber._state_sub_cb: INFO    : [Callback]: unit unit.000000 state: UMGR_SCHEDULING.
2017-08-12 12:55:24,022: umgr.0000           : task-manager                    : umgr.0000.subscriber._state_sub_cb: DEBUG   : advance bulk size: 1 [False, False]
2017-08-12 12:55:24,022: umgr.0000           : task-manager                    : umgr.0000.subscriber._state_sub_cb: DEBUG   : advance bulk: unit.000000 [1]
2017-08-12 12:55:24,028: umgr.0000           : task-manager                    : umgr.0000.subscriber._state_sub_cb: INFO    : [Callback]: unit unit.000000 state: UMGR_STAGING_INPUT_PENDING.
2017-08-12 12:55:24,049: umgr.0000           : task-manager                    : umgr.0000.subscriber._state_sub_cb: DEBUG   : advance bulk size: 1 [False, False]
2017-08-12 12:55:24,049: umgr.0000           : task-manager                    : umgr.0000.subscriber._state_sub_cb: DEBUG   : advance bulk: unit.000000 [1]
2017-08-12 12:55:24,050: umgr.0000           : task-manager                    : umgr.0000.subscriber._state_sub_cb: INFO    : [Callback]: unit unit.000000 state: UMGR_STAGING_INPUT.
2017-08-12 12:55:24,051: umgr.0000           : task-manager                    : MainThread     : DEBUG   : advance bulk size: 1 [False, False]
2017-08-12 12:55:24,051: umgr.0000           : task-manager                    : MainThread     : DEBUG   : advance bulk: unit.000001 [1]
2017-08-12 12:55:24,065: umgr.0000           : task-manager                    : umgr.0000.subscriber._state_sub_cb: DEBUG   : advance bulk size: 1 [False, False]
2017-08-12 12:55:24,065: umgr.0000           : task-manager                    : umgr.0000.subscriber._state_sub_cb: DEBUG   : advance bulk: unit.000000 [1]
2017-08-12 12:55:24,066: umgr.0000           : task-manager                    : umgr.0000.subscriber._state_sub_cb: INFO    : [Callback]: unit unit.000000 state: AGENT_STAGING_INPUT_PENDING.
2017-08-12 12:55:24,072: umgr.0000           : task-manager                    : umgr.0000.subscriber._state_sub_cb: DEBUG   : advance bulk size: 1 [False, False]
2017-08-12 12:55:24,072: umgr.0000           : task-manager                    : umgr.0000.subscriber._state_sub_cb: DEBUG   : advance bulk: unit.000000 [1]
2017-08-12 12:55:24,080: umgr.0000           : task-manager                    : MainThread     : DEBUG   : advance bulk size: 1 [True, True]
2017-08-12 12:55:24,080: umgr.0000           : task-manager                    : MainThread     : DEBUG   : advance bulk: unit.000001 [1]
2017-08-12 12:55:24,082: umgr.0000           : task-manager                    : MainThread     : DEBUG   : bucket: UMGR_SCHEDULING_PENDING : ['unit.000001']
2017-08-12 12:55:24,082: umgr.0000           : task-manager                    : MainThread     : DEBUG   : put bulk UMGR_SCHEDULING_PENDING: 1
2017-08-12 12:55:24,083: umgr.0000           : task-manager                    : MainThread     : DEBUG   : push unit.000001 ---> UMGR_SCHEDULING_PENDING
2017-08-12 12:55:24,085: umgr.0000           : task-manager                    : umgr.0000.subscriber._state_sub_cb: INFO    : [Callback]: unit unit.000001 state: UMGR_SCHEDULING_PENDING.
2017-08-12 12:55:24,111: umgr.0000           : task-manager                    : umgr.0000.subscriber._state_sub_cb: DEBUG   : advance bulk size: 1 [False, False]
2017-08-12 12:55:24,111: umgr.0000           : task-manager                    : umgr.0000.subscriber._state_sub_cb: DEBUG   : advance bulk: unit.000001 [1]
2017-08-12 12:55:24,112: umgr.0000           : task-manager                    : umgr.0000.subscriber._state_sub_cb: INFO    : [Callback]: unit unit.000001 state: UMGR_SCHEDULING.
2017-08-12 12:55:24,131: umgr.0000           : task-manager                    : MainThread     : DEBUG   : advance bulk size: 1 [False, False]
2017-08-12 12:55:24,131: umgr.0000           : task-manager                    : MainThread     : DEBUG   : advance bulk: unit.000002 [1]
2017-08-12 12:55:24,134: umgr.0000           : task-manager                    : umgr.0000.subscriber._state_sub_cb: DEBUG   : advance bulk size: 1 [False, False]
2017-08-12 12:55:24,134: umgr.0000           : task-manager                    : umgr.0000.subscriber._state_sub_cb: DEBUG   : advance bulk: unit.000001 [1]
2017-08-12 12:55:24,134: umgr.0000           : task-manager                    : umgr.0000.subscriber._state_sub_cb: INFO    : [Callback]: unit unit.000001 state: UMGR_STAGING_INPUT_PENDING.
2017-08-12 12:55:24,147: umgr.0000           : task-manager                    : umgr.0000.subscriber._state_sub_cb: DEBUG   : advance bulk size: 1 [False, False]
2017-08-12 12:55:24,148: umgr.0000           : task-manager                    : umgr.0000.subscriber._state_sub_cb: DEBUG   : advance bulk: unit.000001 [1]
2017-08-12 12:55:24,148: umgr.0000           : task-manager                    : umgr.0000.subscriber._state_sub_cb: INFO    : [Callback]: unit unit.000001 state: UMGR_STAGING_INPUT.
2017-08-12 12:55:24,161: umgr.0000           : task-manager                    : MainThread     : DEBUG   : advance bulk size: 1 [True, True]
2017-08-12 12:55:24,161: umgr.0000           : task-manager                    : MainThread     : DEBUG   : advance bulk: unit.000002 [1]
2017-08-12 12:55:24,161: umgr.0000           : task-manager                    : MainThread     : DEBUG   : bucket: UMGR_SCHEDULING_PENDING : ['unit.000002']
2017-08-12 12:55:24,162: umgr.0000           : task-manager                    : MainThread     : DEBUG   : put bulk UMGR_SCHEDULING_PENDING: 1
2017-08-12 12:55:24,162: umgr.0000           : task-manager                    : MainThread     : DEBUG   : push unit.000002 ---> UMGR_SCHEDULING_PENDING
2017-08-12 12:55:24,178: umgr.0000           : task-manager                    : umgr.0000.subscriber._state_sub_cb: DEBUG   : advance bulk size: 1 [False, False]
2017-08-12 12:55:24,178: umgr.0000           : task-manager                    : umgr.0000.subscriber._state_sub_cb: DEBUG   : advance bulk: unit.000001 [1]
2017-08-12 12:55:24,179: umgr.0000           : task-manager                    : umgr.0000.subscriber._state_sub_cb: INFO    : [Callback]: unit unit.000001 state: AGENT_STAGING_INPUT_PENDING.
2017-08-12 12:55:24,188: umgr.0000           : task-manager                    : MainThread     : DEBUG   : advance bulk size: 1 [False, False]
2017-08-12 12:55:24,188: umgr.0000           : task-manager                    : MainThread     : DEBUG   : advance bulk: unit.000003 [1]
2017-08-12 12:55:24,192: umgr.0000           : task-manager                    : umgr.0000.subscriber._state_sub_cb: DEBUG   : advance bulk size: 1 [False, False]
2017-08-12 12:55:24,192: umgr.0000           : task-manager                    : umgr.0000.subscriber._state_sub_cb: DEBUG   : advance bulk: unit.000001 [1]
2017-08-12 12:55:24,193: umgr.0000           : task-manager                    : umgr.0000.subscriber._state_sub_cb: INFO    : [Callback]: unit unit.000002 state: UMGR_SCHEDULING_PENDING.
2017-08-12 12:55:24,203: umgr.0000           : task-manager                    : MainThread     : DEBUG   : advance bulk size: 1 [True, True]
2017-08-12 12:55:24,203: umgr.0000           : task-manager                    : MainThread     : DEBUG   : advance bulk: unit.000003 [1]
2017-08-12 12:55:24,206: umgr.0000           : task-manager                    : MainThread     : DEBUG   : bucket: UMGR_SCHEDULING_PENDING : ['unit.000003']
2017-08-12 12:55:24,206: umgr.0000           : task-manager                    : MainThread     : DEBUG   : put bulk UMGR_SCHEDULING_PENDING: 1
2017-08-12 12:55:24,206: umgr.0000           : task-manager                    : MainThread     : DEBUG   : push unit.000003 ---> UMGR_SCHEDULING_PENDING
2017-08-12 12:55:24,216: umgr.0000           : task-manager                    : umgr.0000.subscriber._state_sub_cb: DEBUG   : advance bulk size: 1 [False, False]
2017-08-12 12:55:24,216: umgr.0000           : task-manager                    : umgr.0000.subscriber._state_sub_cb: DEBUG   : advance bulk: unit.000002 [1]
2017-08-12 12:55:24,217: umgr.0000           : task-manager                    : umgr.0000.subscriber._state_sub_cb: INFO    : [Callback]: unit unit.000002 state: UMGR_SCHEDULING.
2017-08-12 12:55:24,223: umgr.0000           : task-manager                    : MainThread     : DEBUG   : advance bulk size: 1 [False, False]
2017-08-12 12:55:24,223: umgr.0000           : task-manager                    : MainThread     : DEBUG   : advance bulk: unit.000004 [1]
2017-08-12 12:55:24,233: umgr.0000           : task-manager                    : umgr.0000.subscriber._state_sub_cb: DEBUG   : advance bulk size: 1 [False, False]
2017-08-12 12:55:24,233: umgr.0000           : task-manager                    : umgr.0000.subscriber._state_sub_cb: DEBUG   : advance bulk: unit.000002 [1]
2017-08-12 12:55:24,233: umgr.0000           : task-manager                    : umgr.0000.subscriber._state_sub_cb: INFO    : [Callback]: unit unit.000002 state: UMGR_STAGING_INPUT_PENDING.
2017-08-12 12:55:24,251: umgr.0000           : task-manager                    : umgr.0000.subscriber._state_sub_cb: DEBUG   : advance bulk size: 1 [False, False]
2017-08-12 12:55:24,251: umgr.0000           : task-manager                    : umgr.0000.subscriber._state_sub_cb: DEBUG   : advance bulk: unit.000002 [1]
2017-08-12 12:55:24,251: umgr.0000           : task-manager                    : umgr.0000.subscriber._state_sub_cb: INFO    : [Callback]: unit unit.000002 state: UMGR_STAGING_INPUT.
2017-08-12 12:55:24,263: umgr.0000           : task-manager                    : MainThread     : DEBUG   : advance bulk size: 1 [True, True]
2017-08-12 12:55:24,263: umgr.0000           : task-manager                    : MainThread     : DEBUG   : advance bulk: unit.000004 [1]
2017-08-12 12:55:24,263: umgr.0000           : task-manager                    : MainThread     : DEBUG   : bucket: UMGR_SCHEDULING_PENDING : ['unit.000004']
2017-08-12 12:55:24,264: umgr.0000           : task-manager                    : MainThread     : DEBUG   : put bulk UMGR_SCHEDULING_PENDING: 1
2017-08-12 12:55:24,264: umgr.0000           : task-manager                    : MainThread     : DEBUG   : push unit.000004 ---> UMGR_SCHEDULING_PENDING
2017-08-12 12:55:24,274: umgr.0000           : task-manager                    : umgr.0000.subscriber._state_sub_cb: DEBUG   : advance bulk size: 1 [False, False]
2017-08-12 12:55:24,274: umgr.0000           : task-manager                    : umgr.0000.subscriber._state_sub_cb: DEBUG   : advance bulk: unit.000002 [1]
2017-08-12 12:55:24,274: umgr.0000           : task-manager                    : umgr.0000.subscriber._state_sub_cb: INFO    : [Callback]: unit unit.000002 state: AGENT_STAGING_INPUT_PENDING.
2017-08-12 12:55:24,297: umgr.0000           : task-manager                    : MainThread     : DEBUG   : advance bulk size: 1 [False, False]
2017-08-12 12:55:24,297: umgr.0000           : task-manager                    : MainThread     : DEBUG   : advance bulk: unit.000005 [1]
2017-08-12 12:55:24,305: umgr.0000           : task-manager                    : umgr.0000.subscriber._state_sub_cb: DEBUG   : advance bulk size: 1 [False, False]
2017-08-12 12:55:24,305: umgr.0000           : task-manager                    : umgr.0000.subscriber._state_sub_cb: DEBUG   : advance bulk: unit.000002 [1]
2017-08-12 12:55:24,305: umgr.0000           : task-manager                    : umgr.0000.subscriber._state_sub_cb: INFO    : [Callback]: unit unit.000003 state: UMGR_SCHEDULING_PENDING.
2017-08-12 12:55:24,313: umgr.0000           : task-manager                    : umgr.0000.subscriber._state_sub_cb: DEBUG   : advance bulk size: 1 [False, False]
2017-08-12 12:55:24,313: umgr.0000           : task-manager                    : umgr.0000.subscriber._state_sub_cb: DEBUG   : advance bulk: unit.000003 [1]
2017-08-12 12:55:24,314: umgr.0000           : task-manager                    : umgr.0000.subscriber._state_sub_cb: INFO    : [Callback]: unit unit.000003 state: UMGR_SCHEDULING.
2017-08-12 12:55:24,336: umgr.0000           : task-manager                    : umgr.0000.subscriber._state_sub_cb: DEBUG   : advance bulk size: 1 [False, False]
2017-08-12 12:55:24,336: umgr.0000           : task-manager                    : umgr.0000.subscriber._state_sub_cb: DEBUG   : advance bulk: unit.000003 [1]
2017-08-12 12:55:24,337: umgr.0000           : task-manager                    : umgr.0000.subscriber._state_sub_cb: INFO    : [Callback]: unit unit.000003 state: UMGR_STAGING_INPUT_PENDING.
2017-08-12 12:55:24,348: umgr.0000           : task-manager                    : MainThread     : DEBUG   : advance bulk size: 1 [True, True]
2017-08-12 12:55:24,348: umgr.0000           : task-manager                    : MainThread     : DEBUG   : advance bulk: unit.000005 [1]
2017-08-12 12:55:24,348: umgr.0000           : task-manager                    : MainThread     : DEBUG   : bucket: UMGR_SCHEDULING_PENDING : ['unit.000005']
2017-08-12 12:55:24,349: umgr.0000           : task-manager                    : MainThread     : DEBUG   : put bulk UMGR_SCHEDULING_PENDING: 1
2017-08-12 12:55:24,349: umgr.0000           : task-manager                    : MainThread     : DEBUG   : push unit.000005 ---> UMGR_SCHEDULING_PENDING
2017-08-12 12:55:24,367: umgr.0000           : task-manager                    : MainThread     : DEBUG   : advance bulk size: 1 [False, False]
2017-08-12 12:55:24,368: umgr.0000           : task-manager                    : MainThread     : DEBUG   : advance bulk: unit.000006 [1]
2017-08-12 12:55:24,378: umgr.0000           : task-manager                    : umgr.0000.subscriber._state_sub_cb: DEBUG   : advance bulk size: 1 [False, False]
2017-08-12 12:55:24,378: umgr.0000           : task-manager                    : umgr.0000.subscriber._state_sub_cb: DEBUG   : advance bulk: unit.000003 [1]
2017-08-12 12:55:24,379: umgr.0000           : task-manager                    : umgr.0000.subscriber._state_sub_cb: INFO    : [Callback]: unit unit.000003 state: UMGR_STAGING_INPUT.
2017-08-12 12:55:24,392: umgr.0000           : task-manager                    : MainThread     : DEBUG   : advance bulk size: 1 [True, True]
2017-08-12 12:55:24,392: umgr.0000           : task-manager                    : MainThread     : DEBUG   : advance bulk: unit.000006 [1]
2017-08-12 12:55:24,394: umgr.0000           : task-manager                    : MainThread     : DEBUG   : bucket: UMGR_SCHEDULING_PENDING : ['unit.000006']
2017-08-12 12:55:24,395: umgr.0000           : task-manager                    : MainThread     : DEBUG   : put bulk UMGR_SCHEDULING_PENDING: 1
2017-08-12 12:55:24,403: umgr.0000           : task-manager                    : umgr.0000.subscriber._state_sub_cb: DEBUG   : advance bulk size: 1 [False, False]
2017-08-12 12:55:24,404: umgr.0000           : task-manager                    : umgr.0000.subscriber._state_sub_cb: DEBUG   : advance bulk: unit.000003 [1]
2017-08-12 12:55:24,404: umgr.0000           : task-manager                    : umgr.0000.subscriber._state_sub_cb: INFO    : [Callback]: unit unit.000003 state: AGENT_STAGING_INPUT_PENDING.
2017-08-12 12:55:24,413: umgr.0000           : task-manager                    : MainThread     : DEBUG   : push unit.000006 ---> UMGR_SCHEDULING_PENDING
2017-08-12 12:55:24,416: umgr.0000           : task-manager                    : umgr.0000.subscriber._state_sub_cb: DEBUG   : advance bulk size: 1 [False, False]
2017-08-12 12:55:24,416: umgr.0000           : task-manager                    : umgr.0000.subscriber._state_sub_cb: DEBUG   : advance bulk: unit.000003 [1]
2017-08-12 12:55:24,416: umgr.0000           : task-manager                    : umgr.0000.subscriber._state_sub_cb: INFO    : [Callback]: unit unit.000004 state: UMGR_SCHEDULING_PENDING.
2017-08-12 12:55:24,426: umgr.0000           : task-manager                    : umgr.0000.subscriber._state_sub_cb: DEBUG   : advance bulk size: 1 [False, False]
2017-08-12 12:55:24,426: umgr.0000           : task-manager                    : umgr.0000.subscriber._state_sub_cb: DEBUG   : advance bulk: unit.000004 [1]
2017-08-12 12:55:24,429: umgr.0000           : task-manager                    : umgr.0000.subscriber._state_sub_cb: INFO    : [Callback]: unit unit.000004 state: UMGR_SCHEDULING.
2017-08-12 12:55:24,431: umgr.0000           : task-manager                    : MainThread     : DEBUG   : advance bulk size: 1 [False, False]
2017-08-12 12:55:24,431: umgr.0000           : task-manager                    : MainThread     : DEBUG   : advance bulk: unit.000007 [1]
2017-08-12 12:55:24,435: umgr.0000           : task-manager                    : umgr.0000.subscriber._state_sub_cb: DEBUG   : advance bulk size: 1 [False, False]
2017-08-12 12:55:24,436: umgr.0000           : task-manager                    : umgr.0000.subscriber._state_sub_cb: DEBUG   : advance bulk: unit.000004 [1]
2017-08-12 12:55:24,436: umgr.0000           : task-manager                    : umgr.0000.subscriber._state_sub_cb: INFO    : [Callback]: unit unit.000004 state: UMGR_STAGING_INPUT_PENDING.
2017-08-12 12:55:24,457: umgr.0000           : task-manager                    : umgr.0000.subscriber._state_sub_cb: DEBUG   : advance bulk size: 1 [False, False]
2017-08-12 12:55:24,458: umgr.0000           : task-manager                    : umgr.0000.subscriber._state_sub_cb: DEBUG   : advance bulk: unit.000004 [1]
2017-08-12 12:55:24,462: umgr.0000           : task-manager                    : umgr.0000.subscriber._state_sub_cb: INFO    : [Callback]: unit unit.000004 state: UMGR_STAGING_INPUT.
2017-08-12 12:55:24,476: umgr.0000           : task-manager                    : MainThread     : DEBUG   : advance bulk size: 1 [True, True]
2017-08-12 12:55:24,476: umgr.0000           : task-manager                    : MainThread     : DEBUG   : advance bulk: unit.000007 [1]
2017-08-12 12:55:24,477: umgr.0000           : task-manager                    : MainThread     : DEBUG   : bucket: UMGR_SCHEDULING_PENDING : ['unit.000007']
2017-08-12 12:55:24,482: umgr.0000           : task-manager                    : MainThread     : DEBUG   : put bulk UMGR_SCHEDULING_PENDING: 1
2017-08-12 12:55:24,483: umgr.0000           : task-manager                    : MainThread     : DEBUG   : push unit.000007 ---> UMGR_SCHEDULING_PENDING
2017-08-12 12:55:24,505: umgr.0000           : task-manager                    : MainThread     : DEBUG   : advance bulk size: 1 [False, False]
2017-08-12 12:55:24,505: umgr.0000           : task-manager                    : MainThread     : DEBUG   : advance bulk: unit.000008 [1]
2017-08-12 12:55:24,506: umgr.0000           : task-manager                    : umgr.0000.subscriber._state_sub_cb: DEBUG   : advance bulk size: 1 [False, False]
2017-08-12 12:55:24,506: umgr.0000           : task-manager                    : umgr.0000.subscriber._state_sub_cb: DEBUG   : advance bulk: unit.000004 [1]
2017-08-12 12:55:24,506: umgr.0000           : task-manager                    : umgr.0000.subscriber._state_sub_cb: INFO    : [Callback]: unit unit.000004 state: AGENT_STAGING_INPUT_PENDING.
2017-08-12 12:55:24,513: umgr.0000           : task-manager                    : umgr.0000.subscriber._state_sub_cb: DEBUG   : advance bulk size: 1 [False, False]
2017-08-12 12:55:24,513: umgr.0000           : task-manager                    : umgr.0000.subscriber._state_sub_cb: DEBUG   : advance bulk: unit.000004 [1]
2017-08-12 12:55:24,514: umgr.0000           : task-manager                    : umgr.0000.subscriber._state_sub_cb: INFO    : [Callback]: unit unit.000005 state: UMGR_SCHEDULING_PENDING.
2017-08-12 12:55:24,531: umgr.0000           : task-manager                    : umgr.0000.subscriber._state_sub_cb: DEBUG   : advance bulk size: 1 [False, False]
2017-08-12 12:55:24,531: umgr.0000           : task-manager                    : umgr.0000.subscriber._state_sub_cb: DEBUG   : advance bulk: unit.000005 [1]
2017-08-12 12:55:24,531: umgr.0000           : task-manager                    : umgr.0000.subscriber._state_sub_cb: INFO    : [Callback]: unit unit.000005 state: UMGR_SCHEDULING.
2017-08-12 12:55:24,541: umgr.0000           : task-manager                    : MainThread     : DEBUG   : advance bulk size: 1 [True, True]
2017-08-12 12:55:24,541: umgr.0000           : task-manager                    : MainThread     : DEBUG   : advance bulk: unit.000008 [1]
2017-08-12 12:55:24,542: umgr.0000           : task-manager                    : MainThread     : DEBUG   : bucket: UMGR_SCHEDULING_PENDING : ['unit.000008']
2017-08-12 12:55:24,544: umgr.0000           : task-manager                    : MainThread     : DEBUG   : put bulk UMGR_SCHEDULING_PENDING: 1
2017-08-12 12:55:24,545: umgr.0000           : task-manager                    : MainThread     : DEBUG   : push unit.000008 ---> UMGR_SCHEDULING_PENDING
2017-08-12 12:55:24,552: umgr.0000           : task-manager                    : umgr.0000.subscriber._state_sub_cb: DEBUG   : advance bulk size: 1 [False, False]
2017-08-12 12:55:24,552: umgr.0000           : task-manager                    : umgr.0000.subscriber._state_sub_cb: DEBUG   : advance bulk: unit.000005 [1]
2017-08-12 12:55:24,553: umgr.0000           : task-manager                    : umgr.0000.subscriber._state_sub_cb: INFO    : [Callback]: unit unit.000005 state: UMGR_STAGING_INPUT_PENDING.
2017-08-12 12:55:24,562: umgr.0000           : task-manager                    : umgr.0000.subscriber._state_sub_cb: DEBUG   : advance bulk size: 1 [False, False]
2017-08-12 12:55:24,563: umgr.0000           : task-manager                    : umgr.0000.subscriber._state_sub_cb: DEBUG   : advance bulk: unit.000005 [1]
2017-08-12 12:55:24,563: umgr.0000           : task-manager                    : umgr.0000.subscriber._state_sub_cb: INFO    : [Callback]: unit unit.000005 state: UMGR_STAGING_INPUT.
2017-08-12 12:55:24,587: umgr.0000           : task-manager                    : MainThread     : DEBUG   : advance bulk size: 1 [False, False]
2017-08-12 12:55:24,593: umgr.0000           : task-manager                    : MainThread     : DEBUG   : advance bulk: unit.000009 [1]
2017-08-12 12:55:24,596: umgr.0000           : task-manager                    : umgr.0000.subscriber._state_sub_cb: DEBUG   : advance bulk size: 1 [False, False]
2017-08-12 12:55:24,596: umgr.0000           : task-manager                    : umgr.0000.subscriber._state_sub_cb: DEBUG   : advance bulk: unit.000005 [1]
2017-08-12 12:55:24,597: umgr.0000           : task-manager                    : umgr.0000.subscriber._state_sub_cb: INFO    : [Callback]: unit unit.000005 state: AGENT_STAGING_INPUT_PENDING.
2017-08-12 12:55:24,608: umgr.0000           : task-manager                    : MainThread     : DEBUG   : advance bulk size: 1 [True, True]
2017-08-12 12:55:24,608: umgr.0000           : task-manager                    : MainThread     : DEBUG   : advance bulk: unit.000009 [1]
2017-08-12 12:55:24,609: umgr.0000           : task-manager                    : MainThread     : DEBUG   : bucket: UMGR_SCHEDULING_PENDING : ['unit.000009']
2017-08-12 12:55:24,609: umgr.0000           : task-manager                    : MainThread     : DEBUG   : put bulk UMGR_SCHEDULING_PENDING: 1
2017-08-12 12:55:24,610: umgr.0000           : task-manager                    : MainThread     : DEBUG   : push unit.000009 ---> UMGR_SCHEDULING_PENDING
2017-08-12 12:55:24,617: umgr.0000           : task-manager                    : umgr.0000.subscriber._state_sub_cb: DEBUG   : advance bulk size: 1 [False, False]
2017-08-12 12:55:24,617: umgr.0000           : task-manager                    : umgr.0000.subscriber._state_sub_cb: DEBUG   : advance bulk: unit.000005 [1]
2017-08-12 12:55:24,618: umgr.0000           : task-manager                    : umgr.0000.subscriber._state_sub_cb: INFO    : [Callback]: unit unit.000006 state: UMGR_SCHEDULING_PENDING.
2017-08-12 12:55:24,644: umgr.0000           : task-manager                    : umgr.0000.subscriber._state_sub_cb: DEBUG   : advance bulk size: 1 [False, False]
2017-08-12 12:55:24,644: umgr.0000           : task-manager                    : umgr.0000.subscriber._state_sub_cb: DEBUG   : advance bulk: unit.000006 [1]
2017-08-12 12:55:24,645: umgr.0000           : task-manager                    : umgr.0000.subscriber._state_sub_cb: INFO    : [Callback]: unit unit.000006 state: UMGR_SCHEDULING.
2017-08-12 12:55:24,651: umgr.0000           : task-manager                    : umgr.0000.subscriber._state_sub_cb: DEBUG   : advance bulk size: 1 [False, False]
2017-08-12 12:55:24,651: umgr.0000           : task-manager                    : umgr.0000.subscriber._state_sub_cb: DEBUG   : advance bulk: unit.000006 [1]
2017-08-12 12:55:24,651: umgr.0000           : task-manager                    : umgr.0000.subscriber._state_sub_cb: INFO    : [Callback]: unit unit.000006 state: UMGR_STAGING_INPUT_PENDING.
2017-08-12 12:55:24,669: umgr.0000           : task-manager                    : umgr.0000.subscriber._state_sub_cb: DEBUG   : advance bulk size: 1 [False, False]
2017-08-12 12:55:24,669: umgr.0000           : task-manager                    : umgr.0000.subscriber._state_sub_cb: DEBUG   : advance bulk: unit.000006 [1]
2017-08-12 12:55:24,670: umgr.0000           : task-manager                    : umgr.0000.subscriber._state_sub_cb: INFO    : [Callback]: unit unit.000006 state: UMGR_STAGING_INPUT.
2017-08-12 12:55:24,677: umgr.0000           : task-manager                    : umgr.0000.subscriber._state_sub_cb: DEBUG   : advance bulk size: 1 [False, False]
2017-08-12 12:55:24,677: umgr.0000           : task-manager                    : umgr.0000.subscriber._state_sub_cb: DEBUG   : advance bulk: unit.000006 [1]
2017-08-12 12:55:24,678: umgr.0000           : task-manager                    : umgr.0000.subscriber._state_sub_cb: INFO    : [Callback]: unit unit.000006 state: AGENT_STAGING_INPUT_PENDING.
2017-08-12 12:55:24,688: umgr.0000           : task-manager                    : umgr.0000.subscriber._state_sub_cb: DEBUG   : advance bulk size: 1 [False, False]
2017-08-12 12:55:24,688: umgr.0000           : task-manager                    : umgr.0000.subscriber._state_sub_cb: DEBUG   : advance bulk: unit.000006 [1]
2017-08-12 12:55:24,689: umgr.0000           : task-manager                    : umgr.0000.subscriber._state_sub_cb: INFO    : [Callback]: unit unit.000007 state: UMGR_SCHEDULING_PENDING.
2017-08-12 12:55:24,695: umgr.0000           : task-manager                    : umgr.0000.subscriber._state_sub_cb: DEBUG   : advance bulk size: 1 [False, False]
2017-08-12 12:55:24,695: umgr.0000           : task-manager                    : umgr.0000.subscriber._state_sub_cb: DEBUG   : advance bulk: unit.000007 [1]
2017-08-12 12:55:24,696: umgr.0000           : task-manager                    : umgr.0000.subscriber._state_sub_cb: INFO    : [Callback]: unit unit.000007 state: UMGR_SCHEDULING.
2017-08-12 12:55:24,711: umgr.0000           : task-manager                    : umgr.0000.subscriber._state_sub_cb: DEBUG   : advance bulk size: 1 [False, False]
2017-08-12 12:55:24,711: umgr.0000           : task-manager                    : umgr.0000.subscriber._state_sub_cb: DEBUG   : advance bulk: unit.000007 [1]
2017-08-12 12:55:24,712: umgr.0000           : task-manager                    : umgr.0000.subscriber._state_sub_cb: INFO    : [Callback]: unit unit.000007 state: UMGR_STAGING_INPUT_PENDING.
2017-08-12 12:55:24,732: umgr.0000           : task-manager                    : umgr.0000.subscriber._state_sub_cb: DEBUG   : advance bulk size: 1 [False, False]
2017-08-12 12:55:24,733: umgr.0000           : task-manager                    : umgr.0000.subscriber._state_sub_cb: DEBUG   : advance bulk: unit.000007 [1]
2017-08-12 12:55:24,733: umgr.0000           : task-manager                    : umgr.0000.subscriber._state_sub_cb: INFO    : [Callback]: unit unit.000007 state: UMGR_STAGING_INPUT.
2017-08-12 12:55:24,739: umgr.0000           : task-manager                    : umgr.0000.subscriber._state_sub_cb: DEBUG   : advance bulk size: 1 [False, False]
2017-08-12 12:55:24,739: umgr.0000           : task-manager                    : umgr.0000.subscriber._state_sub_cb: DEBUG   : advance bulk: unit.000007 [1]
2017-08-12 12:55:24,740: umgr.0000           : task-manager                    : umgr.0000.subscriber._state_sub_cb: INFO    : [Callback]: unit unit.000007 state: AGENT_STAGING_INPUT_PENDING.
2017-08-12 12:55:24,747: umgr.0000           : task-manager                    : umgr.0000.subscriber._state_sub_cb: DEBUG   : advance bulk size: 1 [False, False]
2017-08-12 12:55:24,747: umgr.0000           : task-manager                    : umgr.0000.subscriber._state_sub_cb: DEBUG   : advance bulk: unit.000007 [1]
2017-08-12 12:55:24,748: umgr.0000           : task-manager                    : umgr.0000.subscriber._state_sub_cb: INFO    : [Callback]: unit unit.000008 state: UMGR_SCHEDULING_PENDING.
2017-08-12 12:55:24,773: umgr.0000           : task-manager                    : umgr.0000.subscriber._state_sub_cb: DEBUG   : advance bulk size: 1 [False, False]
2017-08-12 12:55:24,773: umgr.0000           : task-manager                    : umgr.0000.subscriber._state_sub_cb: DEBUG   : advance bulk: unit.000008 [1]
2017-08-12 12:55:24,773: umgr.0000           : task-manager                    : umgr.0000.subscriber._state_sub_cb: INFO    : [Callback]: unit unit.000008 state: UMGR_SCHEDULING.
2017-08-12 12:55:24,786: umgr.0000           : task-manager                    : umgr.0000.subscriber._state_sub_cb: DEBUG   : advance bulk size: 1 [False, False]
2017-08-12 12:55:24,786: umgr.0000           : task-manager                    : umgr.0000.subscriber._state_sub_cb: DEBUG   : advance bulk: unit.000008 [1]
2017-08-12 12:55:24,787: umgr.0000           : task-manager                    : umgr.0000.subscriber._state_sub_cb: INFO    : [Callback]: unit unit.000008 state: UMGR_STAGING_INPUT_PENDING.
2017-08-12 12:55:24,806: umgr.0000           : task-manager                    : umgr.0000.subscriber._state_sub_cb: DEBUG   : advance bulk size: 1 [False, False]
2017-08-12 12:55:24,807: umgr.0000           : task-manager                    : umgr.0000.subscriber._state_sub_cb: DEBUG   : advance bulk: unit.000008 [1]
2017-08-12 12:55:24,807: umgr.0000           : task-manager                    : umgr.0000.subscriber._state_sub_cb: INFO    : [Callback]: unit unit.000008 state: UMGR_STAGING_INPUT.
2017-08-12 12:55:24,816: umgr.0000           : task-manager                    : umgr.0000.subscriber._state_sub_cb: DEBUG   : advance bulk size: 1 [False, False]
2017-08-12 12:55:24,816: umgr.0000           : task-manager                    : umgr.0000.subscriber._state_sub_cb: DEBUG   : advance bulk: unit.000008 [1]
2017-08-12 12:55:24,817: umgr.0000           : task-manager                    : umgr.0000.subscriber._state_sub_cb: INFO    : [Callback]: unit unit.000008 state: AGENT_STAGING_INPUT_PENDING.
2017-08-12 12:55:24,837: umgr.0000           : task-manager                    : umgr.0000.subscriber._state_sub_cb: DEBUG   : advance bulk size: 1 [False, False]
2017-08-12 12:55:24,838: umgr.0000           : task-manager                    : umgr.0000.subscriber._state_sub_cb: DEBUG   : advance bulk: unit.000008 [1]
2017-08-12 12:55:24,838: umgr.0000           : task-manager                    : umgr.0000.subscriber._state_sub_cb: INFO    : [Callback]: unit unit.000009 state: UMGR_SCHEDULING_PENDING.
2017-08-12 12:55:24,848: umgr.0000           : task-manager                    : umgr.0000.subscriber._state_sub_cb: DEBUG   : advance bulk size: 1 [False, False]
2017-08-12 12:55:24,848: umgr.0000           : task-manager                    : umgr.0000.subscriber._state_sub_cb: DEBUG   : advance bulk: unit.000009 [1]
2017-08-12 12:55:24,848: umgr.0000           : task-manager                    : umgr.0000.subscriber._state_sub_cb: INFO    : [Callback]: unit unit.000009 state: UMGR_SCHEDULING.
2017-08-12 12:55:24,864: umgr.0000           : task-manager                    : umgr.0000.subscriber._state_sub_cb: DEBUG   : advance bulk size: 1 [False, False]
2017-08-12 12:55:24,864: umgr.0000           : task-manager                    : umgr.0000.subscriber._state_sub_cb: DEBUG   : advance bulk: unit.000009 [1]
2017-08-12 12:55:24,864: umgr.0000           : task-manager                    : umgr.0000.subscriber._state_sub_cb: INFO    : [Callback]: unit unit.000009 state: UMGR_STAGING_INPUT_PENDING.
2017-08-12 12:55:24,879: umgr.0000           : task-manager                    : umgr.0000.subscriber._state_sub_cb: DEBUG   : advance bulk size: 1 [False, False]
2017-08-12 12:55:24,879: umgr.0000           : task-manager                    : umgr.0000.subscriber._state_sub_cb: DEBUG   : advance bulk: unit.000009 [1]
2017-08-12 12:55:24,879: umgr.0000           : task-manager                    : umgr.0000.subscriber._state_sub_cb: INFO    : [Callback]: unit unit.000009 state: UMGR_STAGING_INPUT.
2017-08-12 12:55:24,900: umgr.0000           : task-manager                    : umgr.0000.subscriber._state_sub_cb: DEBUG   : advance bulk size: 1 [False, False]
2017-08-12 12:55:24,900: umgr.0000           : task-manager                    : umgr.0000.subscriber._state_sub_cb: DEBUG   : advance bulk: unit.000009 [1]
2017-08-12 12:55:24,901: umgr.0000           : task-manager                    : umgr.0000.subscriber._state_sub_cb: INFO    : [Callback]: unit unit.000009 state: AGENT_STAGING_INPUT_PENDING.
2017-08-12 12:55:24,907: umgr.0000           : task-manager                    : umgr.0000.subscriber._state_sub_cb: DEBUG   : advance bulk size: 1 [False, False]
2017-08-12 12:55:24,907: umgr.0000           : task-manager                    : umgr.0000.subscriber._state_sub_cb: DEBUG   : advance bulk: unit.000009 [1]
2017-08-12 12:55:24,942: umgr.0000           : task-manager                    : umgr.0000.idler._state_pull_cb: INFO    : [Callback]: unit unit.000003 state: AGENT_STAGING_INPUT.
2017-08-12 12:55:24,949: umgr.0000           : task-manager                    : umgr.0000.idler._state_pull_cb: DEBUG   : advance bulk size: 1 [False, True]
2017-08-12 12:55:24,949: umgr.0000           : task-manager                    : umgr.0000.idler._state_pull_cb: DEBUG   : advance bulk: unit.000003 [1]
2017-08-12 12:55:24,950: umgr.0000           : task-manager                    : umgr.0000.idler._state_pull_cb: INFO    : [Callback]: unit unit.000002 state: AGENT_STAGING_INPUT.
2017-08-12 12:55:24,971: umgr.0000           : task-manager                    : umgr.0000.idler._state_pull_cb: DEBUG   : advance bulk size: 1 [False, True]
2017-08-12 12:55:24,972: umgr.0000           : task-manager                    : umgr.0000.idler._state_pull_cb: DEBUG   : advance bulk: unit.000002 [1]
2017-08-12 12:55:24,972: umgr.0000           : task-manager                    : umgr.0000.idler._state_pull_cb: INFO    : [Callback]: unit unit.000001 state: AGENT_STAGING_INPUT.
2017-08-12 12:55:24,988: umgr.0000           : task-manager                    : umgr.0000.idler._state_pull_cb: DEBUG   : advance bulk size: 1 [False, True]
2017-08-12 12:55:24,989: umgr.0000           : task-manager                    : umgr.0000.idler._state_pull_cb: DEBUG   : advance bulk: unit.000001 [1]
2017-08-12 12:55:24,990: umgr.0000           : task-manager                    : umgr.0000.idler._state_pull_cb: INFO    : [Callback]: unit unit.000000 state: AGENT_STAGING_INPUT.
2017-08-12 12:55:25,008: umgr.0000           : task-manager                    : umgr.0000.idler._state_pull_cb: DEBUG   : advance bulk size: 1 [False, True]
2017-08-12 12:55:25,008: umgr.0000           : task-manager                    : umgr.0000.idler._state_pull_cb: DEBUG   : advance bulk: unit.000000 [1]
2017-08-12 12:55:25,021: umgr.0000           : task-manager                    : umgr.0000.idler._unit_pull_cb: INFO    :  === units pulled:    0
2017-08-12 12:55:26,039: umgr.0000           : task-manager                    : umgr.0000.idler._state_pull_cb: INFO    : [Callback]: unit unit.000009 state: AGENT_STAGING_INPUT.
2017-08-12 12:55:26,050: umgr.0000           : task-manager                    : umgr.0000.idler._state_pull_cb: DEBUG   : advance bulk size: 1 [False, True]
2017-08-12 12:55:26,050: umgr.0000           : task-manager                    : umgr.0000.idler._state_pull_cb: DEBUG   : advance bulk: unit.000009 [1]
2017-08-12 12:55:26,050: umgr.0000           : task-manager                    : umgr.0000.idler._state_pull_cb: INFO    : [Callback]: unit unit.000008 state: AGENT_STAGING_INPUT.
2017-08-12 12:55:26,059: umgr.0000           : task-manager                    : umgr.0000.idler._state_pull_cb: DEBUG   : advance bulk size: 1 [False, True]
2017-08-12 12:55:26,059: umgr.0000           : task-manager                    : umgr.0000.idler._state_pull_cb: DEBUG   : advance bulk: unit.000008 [1]
2017-08-12 12:55:26,060: umgr.0000           : task-manager                    : umgr.0000.idler._state_pull_cb: INFO    : [Callback]: unit unit.000003 state: AGENT_SCHEDULING_PENDING.
2017-08-12 12:55:26,069: umgr.0000           : task-manager                    : umgr.0000.idler._state_pull_cb: DEBUG   : advance bulk size: 1 [False, True]
2017-08-12 12:55:26,069: umgr.0000           : task-manager                    : umgr.0000.idler._state_pull_cb: DEBUG   : advance bulk: unit.000003 [1]
2017-08-12 12:55:26,070: umgr.0000           : task-manager                    : umgr.0000.idler._state_pull_cb: INFO    : [Callback]: unit unit.000003 state: AGENT_SCHEDULING.
2017-08-12 12:55:26,078: umgr.0000           : task-manager                    : umgr.0000.idler._state_pull_cb: DEBUG   : advance bulk size: 1 [False, True]
2017-08-12 12:55:26,078: umgr.0000           : task-manager                    : umgr.0000.idler._state_pull_cb: DEBUG   : advance bulk: unit.000003 [1]
2017-08-12 12:55:26,078: umgr.0000           : task-manager                    : umgr.0000.idler._state_pull_cb: INFO    : [Callback]: unit unit.000002 state: AGENT_SCHEDULING_PENDING.
2017-08-12 12:55:26,086: umgr.0000           : task-manager                    : umgr.0000.idler._state_pull_cb: DEBUG   : advance bulk size: 1 [False, True]
2017-08-12 12:55:26,087: umgr.0000           : task-manager                    : umgr.0000.idler._state_pull_cb: DEBUG   : advance bulk: unit.000002 [1]
2017-08-12 12:55:26,087: umgr.0000           : task-manager                    : umgr.0000.idler._state_pull_cb: INFO    : [Callback]: unit unit.000002 state: AGENT_SCHEDULING.
2017-08-12 12:55:26,094: umgr.0000           : task-manager                    : umgr.0000.idler._state_pull_cb: DEBUG   : advance bulk size: 1 [False, True]
2017-08-12 12:55:26,094: umgr.0000           : task-manager                    : umgr.0000.idler._state_pull_cb: DEBUG   : advance bulk: unit.000002 [1]
2017-08-12 12:55:26,094: umgr.0000           : task-manager                    : umgr.0000.idler._state_pull_cb: INFO    : [Callback]: unit unit.000001 state: AGENT_SCHEDULING_PENDING.
2017-08-12 12:55:26,113: umgr.0000           : task-manager                    : umgr.0000.idler._state_pull_cb: DEBUG   : advance bulk size: 1 [False, True]
2017-08-12 12:55:26,113: umgr.0000           : task-manager                    : umgr.0000.idler._state_pull_cb: DEBUG   : advance bulk: unit.000001 [1]
2017-08-12 12:55:26,114: umgr.0000           : task-manager                    : umgr.0000.idler._state_pull_cb: INFO    : [Callback]: unit unit.000001 state: AGENT_SCHEDULING.
2017-08-12 12:55:26,121: umgr.0000           : task-manager                    : umgr.0000.idler._state_pull_cb: DEBUG   : advance bulk size: 1 [False, True]
2017-08-12 12:55:26,121: umgr.0000           : task-manager                    : umgr.0000.idler._state_pull_cb: DEBUG   : advance bulk: unit.000001 [1]
2017-08-12 12:55:26,122: umgr.0000           : task-manager                    : umgr.0000.idler._state_pull_cb: INFO    : [Callback]: unit unit.000001 state: AGENT_EXECUTING_PENDING.
2017-08-12 12:55:26,142: umgr.0000           : task-manager                    : umgr.0000.idler._state_pull_cb: DEBUG   : advance bulk size: 1 [False, True]
2017-08-12 12:55:26,142: umgr.0000           : task-manager                    : umgr.0000.idler._state_pull_cb: DEBUG   : advance bulk: unit.000001 [1]
2017-08-12 12:55:26,142: umgr.0000           : task-manager                    : umgr.0000.idler._state_pull_cb: INFO    : [Callback]: unit unit.000001 state: AGENT_EXECUTING.
2017-08-12 12:55:26,151: umgr.0000           : task-manager                    : umgr.0000.idler._state_pull_cb: DEBUG   : advance bulk size: 1 [False, True]
2017-08-12 12:55:26,151: umgr.0000           : task-manager                    : umgr.0000.idler._state_pull_cb: DEBUG   : advance bulk: unit.000001 [1]
2017-08-12 12:55:26,152: umgr.0000           : task-manager                    : umgr.0000.idler._state_pull_cb: INFO    : [Callback]: unit unit.000000 state: AGENT_SCHEDULING_PENDING.
2017-08-12 12:55:26,160: umgr.0000           : task-manager                    : umgr.0000.idler._state_pull_cb: DEBUG   : advance bulk size: 1 [False, True]
2017-08-12 12:55:26,160: umgr.0000           : task-manager                    : umgr.0000.idler._state_pull_cb: DEBUG   : advance bulk: unit.000000 [1]
2017-08-12 12:55:26,160: umgr.0000           : task-manager                    : umgr.0000.idler._state_pull_cb: INFO    : [Callback]: unit unit.000000 state: AGENT_SCHEDULING.
2017-08-12 12:55:26,168: umgr.0000           : task-manager                    : umgr.0000.idler._state_pull_cb: DEBUG   : advance bulk size: 1 [False, True]
2017-08-12 12:55:26,168: umgr.0000           : task-manager                    : umgr.0000.idler._state_pull_cb: DEBUG   : advance bulk: unit.000000 [1]
2017-08-12 12:55:26,169: umgr.0000           : task-manager                    : umgr.0000.idler._state_pull_cb: INFO    : [Callback]: unit unit.000007 state: AGENT_STAGING_INPUT.
2017-08-12 12:55:26,177: umgr.0000           : task-manager                    : umgr.0000.idler._state_pull_cb: DEBUG   : advance bulk size: 1 [False, True]
2017-08-12 12:55:26,177: umgr.0000           : task-manager                    : umgr.0000.idler._state_pull_cb: DEBUG   : advance bulk: unit.000007 [1]
2017-08-12 12:55:26,178: umgr.0000           : task-manager                    : umgr.0000.idler._state_pull_cb: INFO    : [Callback]: unit unit.000006 state: AGENT_STAGING_INPUT.
2017-08-12 12:55:26,187: umgr.0000           : task-manager                    : umgr.0000.idler._state_pull_cb: DEBUG   : advance bulk size: 1 [False, True]
2017-08-12 12:55:26,187: umgr.0000           : task-manager                    : umgr.0000.idler._state_pull_cb: DEBUG   : advance bulk: unit.000006 [1]
2017-08-12 12:55:26,188: umgr.0000           : task-manager                    : umgr.0000.idler._state_pull_cb: INFO    : [Callback]: unit unit.000005 state: AGENT_STAGING_INPUT.
2017-08-12 12:55:26,194: umgr.0000           : task-manager                    : umgr.0000.idler._state_pull_cb: DEBUG   : advance bulk size: 1 [False, True]
2017-08-12 12:55:26,194: umgr.0000           : task-manager                    : umgr.0000.idler._state_pull_cb: DEBUG   : advance bulk: unit.000005 [1]
2017-08-12 12:55:26,195: umgr.0000           : task-manager                    : umgr.0000.idler._state_pull_cb: INFO    : [Callback]: unit unit.000004 state: AGENT_STAGING_INPUT.
2017-08-12 12:55:26,202: umgr.0000           : task-manager                    : umgr.0000.idler._state_pull_cb: DEBUG   : advance bulk size: 1 [False, True]
2017-08-12 12:55:26,202: umgr.0000           : task-manager                    : umgr.0000.idler._state_pull_cb: DEBUG   : advance bulk: unit.000004 [1]
2017-08-12 12:55:26,212: umgr.0000           : task-manager                    : umgr.0000.idler._unit_pull_cb: INFO    :  === units pulled:    0
2017-08-12 12:55:27,228: umgr.0000           : task-manager                    : umgr.0000.idler._state_pull_cb: INFO    : [Callback]: unit unit.000009 state: AGENT_SCHEDULING_PENDING.
2017-08-12 12:55:27,234: umgr.0000           : task-manager                    : umgr.0000.idler._state_pull_cb: DEBUG   : advance bulk size: 1 [False, True]
2017-08-12 12:55:27,234: umgr.0000           : task-manager                    : umgr.0000.idler._state_pull_cb: DEBUG   : advance bulk: unit.000009 [1]
2017-08-12 12:55:27,235: umgr.0000           : task-manager                    : umgr.0000.idler._state_pull_cb: INFO    : [Callback]: unit unit.000009 state: AGENT_SCHEDULING.
2017-08-12 12:55:27,241: umgr.0000           : task-manager                    : umgr.0000.idler._state_pull_cb: DEBUG   : advance bulk size: 1 [False, True]
2017-08-12 12:55:27,241: umgr.0000           : task-manager                    : umgr.0000.idler._state_pull_cb: DEBUG   : advance bulk: unit.000009 [1]
2017-08-12 12:55:27,241: umgr.0000           : task-manager                    : umgr.0000.idler._state_pull_cb: INFO    : [Callback]: unit unit.000008 state: AGENT_SCHEDULING_PENDING.
2017-08-12 12:55:27,248: umgr.0000           : task-manager                    : umgr.0000.idler._state_pull_cb: DEBUG   : advance bulk size: 1 [False, True]
2017-08-12 12:55:27,248: umgr.0000           : task-manager                    : umgr.0000.idler._state_pull_cb: DEBUG   : advance bulk: unit.000008 [1]
2017-08-12 12:55:27,248: umgr.0000           : task-manager                    : umgr.0000.idler._state_pull_cb: INFO    : [Callback]: unit unit.000008 state: AGENT_SCHEDULING.
2017-08-12 12:55:27,255: umgr.0000           : task-manager                    : umgr.0000.idler._state_pull_cb: DEBUG   : advance bulk size: 1 [False, True]
2017-08-12 12:55:27,256: umgr.0000           : task-manager                    : umgr.0000.idler._state_pull_cb: DEBUG   : advance bulk: unit.000008 [1]
2017-08-12 12:55:27,256: umgr.0000           : task-manager                    : umgr.0000.idler._state_pull_cb: INFO    : [Callback]: unit unit.000007 state: AGENT_SCHEDULING_PENDING.
2017-08-12 12:55:27,264: umgr.0000           : task-manager                    : umgr.0000.idler._state_pull_cb: DEBUG   : advance bulk size: 1 [False, True]
2017-08-12 12:55:27,264: umgr.0000           : task-manager                    : umgr.0000.idler._state_pull_cb: DEBUG   : advance bulk: unit.000007 [1]
2017-08-12 12:55:27,265: umgr.0000           : task-manager                    : umgr.0000.idler._state_pull_cb: INFO    : [Callback]: unit unit.000007 state: AGENT_SCHEDULING.
2017-08-12 12:55:27,271: umgr.0000           : task-manager                    : umgr.0000.idler._state_pull_cb: DEBUG   : advance bulk size: 1 [False, True]
2017-08-12 12:55:27,272: umgr.0000           : task-manager                    : umgr.0000.idler._state_pull_cb: DEBUG   : advance bulk: unit.000007 [1]
2017-08-12 12:55:27,272: umgr.0000           : task-manager                    : umgr.0000.idler._state_pull_cb: INFO    : [Callback]: unit unit.000006 state: AGENT_SCHEDULING_PENDING.
2017-08-12 12:55:27,279: umgr.0000           : task-manager                    : umgr.0000.idler._state_pull_cb: DEBUG   : advance bulk size: 1 [False, True]
2017-08-12 12:55:27,279: umgr.0000           : task-manager                    : umgr.0000.idler._state_pull_cb: DEBUG   : advance bulk: unit.000006 [1]
2017-08-12 12:55:27,280: umgr.0000           : task-manager                    : umgr.0000.idler._state_pull_cb: INFO    : [Callback]: unit unit.000006 state: AGENT_SCHEDULING.
2017-08-12 12:55:27,286: umgr.0000           : task-manager                    : umgr.0000.idler._state_pull_cb: DEBUG   : advance bulk size: 1 [False, True]
2017-08-12 12:55:27,287: umgr.0000           : task-manager                    : umgr.0000.idler._state_pull_cb: DEBUG   : advance bulk: unit.000006 [1]
2017-08-12 12:55:27,288: umgr.0000           : task-manager                    : umgr.0000.idler._state_pull_cb: INFO    : [Callback]: unit unit.000005 state: AGENT_SCHEDULING_PENDING.
2017-08-12 12:55:27,297: umgr.0000           : task-manager                    : umgr.0000.idler._state_pull_cb: DEBUG   : advance bulk size: 1 [False, True]
2017-08-12 12:55:27,297: umgr.0000           : task-manager                    : umgr.0000.idler._state_pull_cb: DEBUG   : advance bulk: unit.000005 [1]
2017-08-12 12:55:27,297: umgr.0000           : task-manager                    : umgr.0000.idler._state_pull_cb: INFO    : [Callback]: unit unit.000005 state: AGENT_SCHEDULING.
2017-08-12 12:55:27,307: umgr.0000           : task-manager                    : umgr.0000.idler._state_pull_cb: DEBUG   : advance bulk size: 1 [False, True]
2017-08-12 12:55:27,307: umgr.0000           : task-manager                    : umgr.0000.idler._state_pull_cb: DEBUG   : advance bulk: unit.000005 [1]
2017-08-12 12:55:27,307: umgr.0000           : task-manager                    : umgr.0000.idler._state_pull_cb: INFO    : [Callback]: unit unit.000004 state: AGENT_SCHEDULING_PENDING.
2017-08-12 12:55:27,315: umgr.0000           : task-manager                    : umgr.0000.idler._state_pull_cb: DEBUG   : advance bulk size: 1 [False, True]
2017-08-12 12:55:27,315: umgr.0000           : task-manager                    : umgr.0000.idler._state_pull_cb: DEBUG   : advance bulk: unit.000004 [1]
2017-08-12 12:55:27,316: umgr.0000           : task-manager                    : umgr.0000.idler._state_pull_cb: INFO    : [Callback]: unit unit.000004 state: AGENT_SCHEDULING.
2017-08-12 12:55:27,327: umgr.0000           : task-manager                    : umgr.0000.idler._state_pull_cb: DEBUG   : advance bulk size: 1 [False, True]
2017-08-12 12:55:27,328: umgr.0000           : task-manager                    : umgr.0000.idler._state_pull_cb: DEBUG   : advance bulk: unit.000004 [1]
2017-08-12 12:55:27,341: umgr.0000           : task-manager                    : umgr.0000.idler._unit_pull_cb: INFO    :  === units pulled:    0
2017-08-12 12:55:28,387: umgr.0000           : task-manager                    : umgr.0000.idler._unit_pull_cb: INFO    :  === units pulled:    0
2017-08-12 12:55:29,406: umgr.0000           : task-manager                    : umgr.0000.idler._unit_pull_cb: INFO    :  === units pulled:    0
2017-08-12 12:55:30,434: umgr.0000           : task-manager                    : umgr.0000.idler._unit_pull_cb: INFO    :  === units pulled:    0
2017-08-12 12:55:31,466: umgr.0000           : task-manager                    : umgr.0000.idler._unit_pull_cb: INFO    :  === units pulled:    0
2017-08-12 12:55:32,494: umgr.0000           : task-manager                    : umgr.0000.idler._unit_pull_cb: INFO    :  === units pulled:    0
2017-08-12 12:55:33,528: umgr.0000           : task-manager                    : umgr.0000.idler._unit_pull_cb: INFO    :  === units pulled:    0
2017-08-12 12:55:34,565: umgr.0000           : task-manager                    : umgr.0000.idler._unit_pull_cb: INFO    :  === units pulled:    0
2017-08-12 12:55:35,592: umgr.0000           : task-manager                    : umgr.0000.idler._unit_pull_cb: INFO    :  === units pulled:    0
2017-08-12 12:55:36,620: umgr.0000           : task-manager                    : umgr.0000.idler._unit_pull_cb: INFO    :  === units pulled:    0
2017-08-12 12:55:37,651: umgr.0000           : task-manager                    : umgr.0000.idler._unit_pull_cb: INFO    :  === units pulled:    0
2017-08-12 12:55:38,717: umgr.0000           : task-manager                    : umgr.0000.idler._unit_pull_cb: INFO    :  === units pulled:    0
2017-08-12 12:55:39,737: umgr.0000           : task-manager                    : umgr.0000.idler._unit_pull_cb: INFO    :  === units pulled:    0
2017-08-12 12:55:40,780: umgr.0000           : task-manager                    : umgr.0000.idler._unit_pull_cb: INFO    :  === units pulled:    0
2017-08-12 12:55:41,799: umgr.0000           : task-manager                    : umgr.0000.idler._unit_pull_cb: INFO    :  === units pulled:    0
2017-08-12 12:55:42,875: umgr.0000           : task-manager                    : umgr.0000.idler._unit_pull_cb: INFO    :  === units pulled:    0
2017-08-12 12:55:43,923: umgr.0000           : task-manager                    : umgr.0000.idler._unit_pull_cb: INFO    :  === units pulled:    0
2017-08-12 12:55:44,946: umgr.0000           : task-manager                    : umgr.0000.idler._unit_pull_cb: INFO    :  === units pulled:    0
2017-08-12 12:55:45,982: umgr.0000           : task-manager                    : umgr.0000.idler._unit_pull_cb: INFO    :  === units pulled:    0
2017-08-12 12:55:47,012: umgr.0000           : task-manager                    : umgr.0000.idler._unit_pull_cb: INFO    :  === units pulled:    0
2017-08-12 12:55:48,029: umgr.0000           : task-manager                    : umgr.0000.idler._unit_pull_cb: INFO    :  === units pulled:    0
2017-08-12 12:55:49,042: umgr.0000           : task-manager                    : umgr.0000.idler._unit_pull_cb: INFO    :  === units pulled:    0
2017-08-12 12:55:50,058: umgr.0000           : task-manager                    : umgr.0000.idler._unit_pull_cb: INFO    :  === units pulled:    0
2017-08-12 12:55:51,071: umgr.0000           : task-manager                    : umgr.0000.idler._unit_pull_cb: INFO    :  === units pulled:    0
2017-08-12 12:55:52,083: umgr.0000           : task-manager                    : umgr.0000.idler._unit_pull_cb: INFO    :  === units pulled:    0
2017-08-12 12:55:53,104: umgr.0000           : task-manager                    : umgr.0000.idler._unit_pull_cb: INFO    :  === units pulled:    0
2017-08-12 12:55:54,116: umgr.0000           : task-manager                    : umgr.0000.idler._unit_pull_cb: INFO    :  === units pulled:    0
2017-08-12 12:55:55,130: umgr.0000           : task-manager                    : umgr.0000.idler._unit_pull_cb: INFO    :  === units pulled:    0
2017-08-12 12:55:56,149: umgr.0000           : task-manager                    : umgr.0000.idler._unit_pull_cb: INFO    :  === units pulled:    0
2017-08-12 12:55:57,164: umgr.0000           : task-manager                    : umgr.0000.idler._unit_pull_cb: INFO    :  === units pulled:    0
2017-08-12 12:55:58,177: umgr.0000           : task-manager                    : umgr.0000.idler._unit_pull_cb: INFO    :  === units pulled:    0
2017-08-12 12:55:59,190: umgr.0000           : task-manager                    : umgr.0000.idler._unit_pull_cb: INFO    :  === units pulled:    0
2017-08-12 12:56:00,205: umgr.0000           : task-manager                    : umgr.0000.idler._unit_pull_cb: INFO    :  === units pulled:    0
2017-08-12 12:56:01,216: umgr.0000           : task-manager                    : umgr.0000.idler._unit_pull_cb: INFO    :  === units pulled:    0
2017-08-12 12:56:02,308: umgr.0000           : task-manager                    : umgr.0000.idler._unit_pull_cb: INFO    :  === units pulled:    0
2017-08-12 12:56:03,319: umgr.0000           : task-manager                    : umgr.0000.idler._unit_pull_cb: INFO    :  === units pulled:    0
2017-08-12 12:56:04,331: umgr.0000           : task-manager                    : umgr.0000.idler._unit_pull_cb: INFO    :  === units pulled:    0
2017-08-12 12:56:05,344: umgr.0000           : task-manager                    : umgr.0000.idler._unit_pull_cb: INFO    :  === units pulled:    0
2017-08-12 12:56:06,358: umgr.0000           : task-manager                    : umgr.0000.idler._unit_pull_cb: INFO    :  === units pulled:    0
2017-08-12 12:56:07,373: umgr.0000           : task-manager                    : umgr.0000.idler._unit_pull_cb: INFO    :  === units pulled:    0
2017-08-12 12:56:08,389: umgr.0000           : task-manager                    : umgr.0000.idler._unit_pull_cb: INFO    :  === units pulled:    0
2017-08-12 12:56:09,401: umgr.0000           : task-manager                    : umgr.0000.idler._unit_pull_cb: INFO    :  === units pulled:    0
2017-08-12 12:56:10,414: umgr.0000           : task-manager                    : umgr.0000.idler._unit_pull_cb: INFO    :  === units pulled:    0
2017-08-12 12:56:11,428: umgr.0000           : task-manager                    : umgr.0000.idler._unit_pull_cb: INFO    :  === units pulled:    0
2017-08-12 12:56:12,440: umgr.0000           : task-manager                    : umgr.0000.idler._unit_pull_cb: INFO    :  === units pulled:    0
2017-08-12 12:56:13,455: umgr.0000           : task-manager                    : umgr.0000.idler._unit_pull_cb: INFO    :  === units pulled:    0
2017-08-12 12:56:14,467: umgr.0000           : task-manager                    : umgr.0000.idler._unit_pull_cb: INFO    :  === units pulled:    0
2017-08-12 12:56:15,481: umgr.0000           : task-manager                    : umgr.0000.idler._unit_pull_cb: INFO    :  === units pulled:    0
2017-08-12 12:56:16,503: umgr.0000           : task-manager                    : umgr.0000.idler._unit_pull_cb: INFO    :  === units pulled:    0
2017-08-12 12:56:17,515: umgr.0000           : task-manager                    : umgr.0000.idler._unit_pull_cb: INFO    :  === units pulled:    0
2017-08-12 12:56:18,528: umgr.0000           : task-manager                    : umgr.0000.idler._unit_pull_cb: INFO    :  === units pulled:    0
2017-08-12 12:56:19,541: umgr.0000           : task-manager                    : umgr.0000.idler._unit_pull_cb: INFO    :  === units pulled:    0
2017-08-12 12:56:20,558: umgr.0000           : task-manager                    : umgr.0000.idler._unit_pull_cb: INFO    :  === units pulled:    0
2017-08-12 12:56:21,570: umgr.0000           : task-manager                    : umgr.0000.idler._unit_pull_cb: INFO    :  === units pulled:    0
2017-08-12 12:56:22,597: umgr.0000           : task-manager                    : umgr.0000.idler._unit_pull_cb: INFO    :  === units pulled:    0
2017-08-12 12:56:23,612: umgr.0000           : task-manager                    : umgr.0000.idler._unit_pull_cb: INFO    :  === units pulled:    0
2017-08-12 12:56:24,626: umgr.0000           : task-manager                    : umgr.0000.idler._unit_pull_cb: INFO    :  === units pulled:    0
2017-08-12 12:56:25,641: umgr.0000           : task-manager                    : umgr.0000.idler._unit_pull_cb: INFO    :  === units pulled:    0
2017-08-12 12:56:26,653: umgr.0000           : task-manager                    : umgr.0000.idler._unit_pull_cb: INFO    :  === units pulled:    0
2017-08-12 12:56:27,668: umgr.0000           : task-manager                    : umgr.0000.idler._unit_pull_cb: INFO    :  === units pulled:    0
2017-08-12 12:56:28,680: umgr.0000           : task-manager                    : umgr.0000.idler._unit_pull_cb: INFO    :  === units pulled:    0
2017-08-12 12:56:29,693: umgr.0000           : task-manager                    : umgr.0000.idler._unit_pull_cb: INFO    :  === units pulled:    0
2017-08-12 12:56:30,707: umgr.0000           : task-manager                    : umgr.0000.idler._unit_pull_cb: INFO    :  === units pulled:    0
2017-08-12 12:56:31,724: umgr.0000           : task-manager                    : umgr.0000.idler._unit_pull_cb: INFO    :  === units pulled:    0
2017-08-12 12:56:32,738: umgr.0000           : task-manager                    : umgr.0000.idler._unit_pull_cb: INFO    :  === units pulled:    0
2017-08-12 12:56:33,752: umgr.0000           : task-manager                    : umgr.0000.idler._unit_pull_cb: INFO    :  === units pulled:    0
2017-08-12 12:56:34,764: umgr.0000           : task-manager                    : umgr.0000.idler._unit_pull_cb: INFO    :  === units pulled:    0
2017-08-12 12:56:35,778: umgr.0000           : task-manager                    : umgr.0000.idler._unit_pull_cb: INFO    :  === units pulled:    0
2017-08-12 12:56:36,792: umgr.0000           : task-manager                    : umgr.0000.idler._unit_pull_cb: INFO    :  === units pulled:    0
