2017-08-12 12:54:26,082: update.0.child      : update.0                        : MainThread     : INFO    : python.interpreter   version: 2.7.12 (default, Nov 19 2016, 06:48:10) [GCC 5.4.0 20160609]
2017-08-12 12:54:26,082: update.0.child      : update.0                        : MainThread     : INFO    :                      pid: 17517
2017-08-12 12:54:26,082: update.0.child      : update.0                        : MainThread     : INFO    :                      tid: MainThread
2017-08-12 12:54:26,083: update.0.child      : update.0                        : MainThread     : INFO    : radical.pilot        version: 0.46-v0.46.RC2@HEAD-detached-at-v0.46.RC2
2017-08-12 12:54:26,083: update.0.child      : update.0                        : MainThread     : INFO    : initialize update.0.child
2017-08-12 12:54:26,086: update.0.child      : update.0                        : MainThread     : INFO    : cfg: {'agents': {},
 u'bridges': {u'control_pubsub': {'addr_in': 'tcp://192.168.1.14:44795',
                                  'addr_out': 'tcp://192.168.1.14:34325',
                                  u'bulk_size': 0,
                                  u'log_level': u'debug',
                                  u'stall_hwm': 1},
              u'log_pubsub': {'addr_in': 'tcp://192.168.1.14:43017',
                              'addr_out': 'tcp://192.168.1.14:37039',
                              u'bulk_size': 0,
                              u'log_level': u'debug',
                              u'stall_hwm': 1},
              u'state_pubsub': {'addr_in': 'tcp://192.168.1.14:37741',
                                'addr_out': 'tcp://192.168.1.14:46379',
                                u'bulk_size': 0,
                                u'log_level': u'debug',
                                u'stall_hwm': 1}},
 'cname': u'UpdateWorker',
 u'components': {},
 u'count': 1,
 'dburl': 'mongodb://rp:rp@ds015335.mlab.com:15335/rp',
 'debug': 'DEBUG',
 u'default_dburl': u'mongodb://rp:rp@ds015335.mlab.com:15335/rp',
 'logdir': '/home/vivek/Research/repos/entk-experiments/anen_base/rp.session.vivek-HP-Pavilion-m6-Notebook-PC.vivek.017390.0016',
 'number': 0,
 'owner': 'rp.session.vivek-HP-Pavilion-m6-Notebook-PC.vivek.017390.0016',
 'session_id': 'rp.session.vivek-HP-Pavilion-m6-Notebook-PC.vivek.017390.0016'}
2017-08-12 12:54:26,086: update.0.child      : update.0                        : MainThread     : DEBUG   : start components: {}
2017-08-12 12:54:26,087: update.0.child      : update.0                        : MainThread     : DEBUG   : alive check in term
2017-08-12 12:54:26,087: update.0.child      : update.0                        : MainThread     : DEBUG   : START: update.0.child register publisher log_pubsub
2017-08-12 12:54:26,087: update.0.child      : update.0                        : MainThread     : DEBUG   : using addr tcp://192.168.1.14:43017 for pubsub log_pubsub
2017-08-12 12:54:26,089: update.0.child      : update.0                        : MainThread     : DEBUG   : registered publisher : log_pubsub : log.pubsub.pub.0000
2017-08-12 12:54:26,089: update.0.child      : update.0                        : MainThread     : DEBUG   : alive check in term
2017-08-12 12:54:26,089: update.0.child      : update.0                        : MainThread     : DEBUG   : START: update.0.child register publisher state_pubsub
2017-08-12 12:54:26,089: update.0.child      : update.0                        : MainThread     : DEBUG   : using addr tcp://192.168.1.14:37741 for pubsub state_pubsub
2017-08-12 12:54:26,091: update.0.child      : update.0                        : MainThread     : DEBUG   : registered publisher : state_pubsub : state.pubsub.pub.0000
2017-08-12 12:54:26,091: update.0.child      : update.0                        : MainThread     : DEBUG   : alive check in term
2017-08-12 12:54:26,091: update.0.child      : update.0                        : MainThread     : DEBUG   : START: update.0.child register publisher control_pubsub
2017-08-12 12:54:26,091: update.0.child      : update.0                        : MainThread     : DEBUG   : using addr tcp://192.168.1.14:44795 for pubsub control_pubsub
2017-08-12 12:54:26,093: update.0.child      : update.0                        : MainThread     : DEBUG   : registered publisher : control_pubsub : control.pubsub.pub.0000
2017-08-12 12:54:26,116: update.0.child      : update.0                        : MainThread     : DEBUG   : alive check in term
2017-08-12 12:54:26,116: update.0.child      : update.0                        : MainThread     : DEBUG   : START: update.0.child register subscriber update.0.child.subscriber._cancel_monitor_cb
2017-08-12 12:54:26,116: update.0.child      : update.0                        : MainThread     : DEBUG   : using addr tcp://192.168.1.14:34325 for pubsub control_pubsub
2017-08-12 12:54:26,120: update.0.child      : update.0                        : MainThread     : DEBUG   : parent name: update.0.child.subscriber._cancel_monitor_cb
2017-08-12 12:54:26,121: update.0.child      : update.0                        : MainThread     : DEBUG   : start thread
2017-08-12 12:54:26,121: update.0.child      : update.0                        : update.0.child.subscriber._cancel_monitor_cb: DEBUG   : child name: update.0.child.subscriber._cancel_monitor_cb.thread
2017-08-12 12:54:26,121: update.0.child      : update.0                        : update.0.child.subscriber._cancel_monitor_cb: INFO    : child (me) initializing
2017-08-12 12:54:26,122: update.0.child      : update.0                        : update.0.child.subscriber._cancel_monitor_cb: DEBUG   : ru_initialize_common (NOOP)
2017-08-12 12:54:26,122: update.0.child      : update.0                        : update.0.child.subscriber._cancel_monitor_cb: DEBUG   : ru_initialize_child (NOOP)
2017-08-12 12:54:26,122: update.0.child      : update.0                        : update.0.child.subscriber._cancel_monitor_cb: INFO    : send alive
2017-08-12 12:54:26,122: update.0.child      : update.0                        : update.0.child.subscriber._cancel_monitor_cb: INFO    : put message: [update.0.child.subscriber._cancel_monitor_cb.thread] alive
2017-08-12 12:54:26,123: update.0.child      : update.0                        : MainThread     : INFO    : get msg: alive
2017-08-12 12:54:26,123: update.0.child      : update.0                        : MainThread     : DEBUG   : ru_initialize_common (NOOP)
2017-08-12 12:54:26,123: update.0.child      : update.0                        : MainThread     : DEBUG   : ru_initialize_parent (NOOP)
2017-08-12 12:54:26,123: update.0.child      : update.0                        : MainThread     : DEBUG   : child thread update.0.child.subscriber._cancel_monitor_cb started
2017-08-12 12:54:26,123: update.0.child      : update.0                        : MainThread     : DEBUG   : update.0.child registered control_pubsub subscriber update.0.child.subscriber._cancel_monitor_cb
2017-08-12 12:54:26,196: update.0.child      : update.0                        : MainThread     : DEBUG   : alive check in term
2017-08-12 12:54:26,196: update.0.child      : update.0                        : MainThread     : DEBUG   : START: update.0.child register subscriber update.0.child.subscriber._state_cb
2017-08-12 12:54:26,196: update.0.child      : update.0                        : MainThread     : DEBUG   : using addr tcp://192.168.1.14:46379 for pubsub state_pubsub
2017-08-12 12:54:26,198: update.0.child      : update.0                        : MainThread     : DEBUG   : parent name: update.0.child.subscriber._state_cb
2017-08-12 12:54:26,198: update.0.child      : update.0                        : MainThread     : DEBUG   : start thread
2017-08-12 12:54:26,198: update.0.child      : update.0                        : update.0.child.subscriber._state_cb: DEBUG   : child name: update.0.child.subscriber._state_cb.thread
2017-08-12 12:54:26,199: update.0.child      : update.0                        : update.0.child.subscriber._state_cb: INFO    : child (me) initializing
2017-08-12 12:54:26,199: update.0.child      : update.0                        : update.0.child.subscriber._state_cb: DEBUG   : ru_initialize_common (NOOP)
2017-08-12 12:54:26,199: update.0.child      : update.0                        : update.0.child.subscriber._state_cb: DEBUG   : ru_initialize_child (NOOP)
2017-08-12 12:54:26,199: update.0.child      : update.0                        : update.0.child.subscriber._state_cb: INFO    : send alive
2017-08-12 12:54:26,199: update.0.child      : update.0                        : update.0.child.subscriber._state_cb: INFO    : put message: [update.0.child.subscriber._state_cb.thread] alive
2017-08-12 12:54:26,200: update.0.child      : update.0                        : MainThread     : INFO    : get msg: alive
2017-08-12 12:54:26,200: update.0.child      : update.0                        : MainThread     : DEBUG   : ru_initialize_common (NOOP)
2017-08-12 12:54:26,200: update.0.child      : update.0                        : MainThread     : DEBUG   : ru_initialize_parent (NOOP)
2017-08-12 12:54:26,200: update.0.child      : update.0                        : MainThread     : DEBUG   : child thread update.0.child.subscriber._state_cb started
2017-08-12 12:54:26,200: update.0.child      : update.0                        : MainThread     : DEBUG   : update.0.child registered state_pubsub subscriber update.0.child.subscriber._state_cb
2017-08-12 12:54:26,201: update.0.child      : update.0                        : MainThread     : DEBUG   : alive check in term
2017-08-12 12:54:26,201: update.0.child      : update.0                        : MainThread     : DEBUG   : START: update.0.child register idler update.0.child.idler._idle_cb
2017-08-12 12:54:26,201: update.0.child      : update.0                        : MainThread     : DEBUG   : parent name: update.0.child.idler._idle_cb
2017-08-12 12:54:26,201: update.0.child      : update.0                        : MainThread     : DEBUG   : start thread
2017-08-12 12:54:26,201: update.0.child      : update.0                        : update.0.child.idler._idle_cb: DEBUG   : child name: update.0.child.idler._idle_cb.thread
2017-08-12 12:54:26,201: update.0.child      : update.0                        : update.0.child.idler._idle_cb: INFO    : child (me) initializing
2017-08-12 12:54:26,202: update.0.child      : update.0                        : update.0.child.idler._idle_cb: DEBUG   : ru_initialize_common (NOOP)
2017-08-12 12:54:26,202: update.0.child      : update.0                        : update.0.child.idler._idle_cb: DEBUG   : ru_initialize_child (NOOP)
2017-08-12 12:54:26,202: update.0.child      : update.0                        : update.0.child.idler._idle_cb: INFO    : send alive
2017-08-12 12:54:26,202: update.0.child      : update.0                        : update.0.child.idler._idle_cb: INFO    : put message: [update.0.child.idler._idle_cb.thread] alive
2017-08-12 12:54:26,203: update.0.child      : update.0                        : MainThread     : INFO    : get msg: alive
2017-08-12 12:54:26,203: update.0.child      : update.0                        : MainThread     : DEBUG   : ru_initialize_common (NOOP)
2017-08-12 12:54:26,203: update.0.child      : update.0                        : MainThread     : DEBUG   : ru_initialize_parent (NOOP)
2017-08-12 12:54:26,203: update.0.child      : update.0                        : MainThread     : DEBUG   : child thread update.0.child.idler._idle_cb started
2017-08-12 12:54:26,203: update.0.child      : update.0                        : MainThread     : DEBUG   : update.0.child registered idler update.0.child.idler._idle_cb
2017-08-12 12:54:26,203: update.0.child      : update.0                        : MainThread     : INFO    : child (me) initializing
2017-08-12 12:54:26,204: update.0.child      : update.0                        : MainThread     : DEBUG   : parent name: update.0.child.watch
2017-08-12 12:54:26,204: update.0.child      : update.0                        : MainThread     : DEBUG   : start thread
2017-08-12 12:54:26,204: update.0.child      : update.0                        : update.0.child.watch: DEBUG   : child name: update.0.child.watch.thread
2017-08-12 12:54:26,204: update.0.child      : update.0                        : update.0.child.watch: INFO    : child (me) initializing
2017-08-12 12:54:26,204: update.0.child      : update.0                        : update.0.child.watch: DEBUG   : ru_initialize_common (NOOP)
2017-08-12 12:54:26,204: update.0.child      : update.0                        : update.0.child.watch: DEBUG   : ru_initialize_child (NOOP)
2017-08-12 12:54:26,204: update.0.child      : update.0                        : update.0.child.watch: INFO    : send alive
2017-08-12 12:54:26,205: update.0.child      : update.0                        : update.0.child.watch: INFO    : put message: [update.0.child.watch.thread] alive
2017-08-12 12:54:26,205: update.0.child      : update.0                        : MainThread     : INFO    : get msg: alive
2017-08-12 12:54:26,205: update.0.child      : update.0                        : MainThread     : DEBUG   : ru_initialize_common (NOOP)
2017-08-12 12:54:26,206: update.0.child      : update.0                        : MainThread     : DEBUG   : ru_initialize_parent (NOOP)
2017-08-12 12:54:26,206: update.0.child      : update.0                        : MainThread     : DEBUG   : child thread update.0.child.watch started
2017-08-12 12:54:26,206: update.0.child      : update.0                        : MainThread     : INFO    : child (me) is alive
2017-08-12 12:54:26,206: update.0.child      : update.0                        : MainThread     : INFO    : send alive
2017-08-12 12:54:26,206: update.0.child      : update.0                        : MainThread     : INFO    : send message: [update.0.child] alive
2017-08-12 12:54:30,226: update.0.child      : update.0                        : update.0.child.subscriber._state_cb: DEBUG   : bulked pilot.0000 [PMGR_LAUNCHING_PENDING] update.0.child
2017-08-12 12:54:30,245: update.0.child      : update.0                        : update.0.child.subscriber._state_cb: DEBUG   : bulk update result: {'nModified': 1, 'nUpserted': 0, 'nMatched': 1, 'writeErrors': [], 'upserted': [], 'writeConcernErrors': [], 'nRemoved': 0, 'nInserted': 0}
2017-08-12 12:54:30,245: update.0.child      : update.0                        : update.0.child.subscriber._state_cb: DEBUG   : bulked pilot.0000 [PMGR_LAUNCHING] update.0.child
2017-08-12 12:54:32,226: update.0.child      : update.0                        : update.0.child.idler._idle_cb: DEBUG   : bulk update result: {'nModified': 1, 'nUpserted': 0, 'nMatched': 1, 'writeErrors': [], 'upserted': [], 'writeConcernErrors': [], 'nRemoved': 0, 'nInserted': 0}
2017-08-12 12:54:44,490: update.0.child      : update.0                        : update.0.child.subscriber._state_cb: DEBUG   : bulked pilot.0000 [PMGR_ACTIVE_PENDING] update.0.child
2017-08-12 12:54:44,508: update.0.child      : update.0                        : update.0.child.subscriber._state_cb: DEBUG   : bulk update result: {'nModified': 1, 'nUpserted': 0, 'nMatched': 1, 'writeErrors': [], 'upserted': [], 'writeConcernErrors': [], 'nRemoved': 0, 'nInserted': 0}
2017-08-12 12:55:23,263: update.0.child      : update.0                        : update.0.child.subscriber._state_cb: DEBUG   : bulked pilot.0000 [PMGR_ACTIVE] update.0.child
2017-08-12 12:55:23,273: update.0.child      : update.0                        : update.0.child.subscriber._state_cb: DEBUG   : bulk update result: {'nModified': 1, 'nUpserted': 0, 'nMatched': 1, 'writeErrors': [], 'upserted': [], 'writeConcernErrors': [], 'nRemoved': 0, 'nInserted': 0}
2017-08-12 12:55:23,986: update.0.child      : update.0                        : update.0.child.subscriber._state_cb: DEBUG   : bulked unit.000000 [UMGR_SCHEDULING_PENDING] update.0.child
2017-08-12 12:55:24,003: update.0.child      : update.0                        : update.0.child.subscriber._state_cb: DEBUG   : bulked unit.000000 [UMGR_SCHEDULING] update.0.child
2017-08-12 12:55:24,005: update.0.child      : update.0                        : update.0.child.subscriber._state_cb: DEBUG   : bulked unit.000000 [UMGR_STAGING_INPUT] update.0.child
2017-08-12 12:55:24,006: update.0.child      : update.0                        : update.0.child.subscriber._state_cb: DEBUG   : bulked unit.000000 [UMGR_STAGING_INPUT_PENDING] update.0.child
2017-08-12 12:55:24,006: update.0.child      : update.0                        : update.0.child.subscriber._state_cb: DEBUG   : bulked unit.000000 [AGENT_STAGING_INPUT_PENDING] update.0.child
2017-08-12 12:55:24,082: update.0.child      : update.0                        : update.0.child.subscriber._state_cb: DEBUG   : bulked unit.000001 [UMGR_SCHEDULING_PENDING] update.0.child
2017-08-12 12:55:24,087: update.0.child      : update.0                        : update.0.child.subscriber._state_cb: DEBUG   : bulked unit.000001 [UMGR_SCHEDULING] update.0.child
2017-08-12 12:55:24,087: update.0.child      : update.0                        : update.0.child.subscriber._state_cb: DEBUG   : bulked unit.000001 [UMGR_STAGING_INPUT_PENDING] update.0.child
2017-08-12 12:55:24,087: update.0.child      : update.0                        : update.0.child.subscriber._state_cb: DEBUG   : bulked unit.000001 [UMGR_STAGING_INPUT] update.0.child
2017-08-12 12:55:24,088: update.0.child      : update.0                        : update.0.child.subscriber._state_cb: DEBUG   : bulked unit.000001 [AGENT_STAGING_INPUT_PENDING] update.0.child
2017-08-12 12:55:24,162: update.0.child      : update.0                        : update.0.child.subscriber._state_cb: DEBUG   : bulked unit.000002 [UMGR_SCHEDULING_PENDING] update.0.child
2017-08-12 12:55:24,164: update.0.child      : update.0                        : update.0.child.subscriber._state_cb: DEBUG   : bulked unit.000002 [UMGR_SCHEDULING] update.0.child
2017-08-12 12:55:24,169: update.0.child      : update.0                        : update.0.child.subscriber._state_cb: DEBUG   : bulked unit.000002 [UMGR_STAGING_INPUT_PENDING] update.0.child
2017-08-12 12:55:24,170: update.0.child      : update.0                        : update.0.child.subscriber._state_cb: DEBUG   : bulked unit.000002 [UMGR_STAGING_INPUT] update.0.child
2017-08-12 12:55:24,172: update.0.child      : update.0                        : update.0.child.subscriber._state_cb: DEBUG   : bulked unit.000002 [AGENT_STAGING_INPUT_PENDING] update.0.child
2017-08-12 12:55:24,204: update.0.child      : update.0                        : update.0.child.subscriber._state_cb: DEBUG   : bulked unit.000003 [UMGR_SCHEDULING_PENDING] update.0.child
2017-08-12 12:55:24,210: update.0.child      : update.0                        : update.0.child.subscriber._state_cb: DEBUG   : bulked unit.000003 [UMGR_SCHEDULING] update.0.child
2017-08-12 12:55:24,211: update.0.child      : update.0                        : update.0.child.subscriber._state_cb: DEBUG   : bulked unit.000003 [UMGR_STAGING_INPUT_PENDING] update.0.child
2017-08-12 12:55:24,212: update.0.child      : update.0                        : update.0.child.subscriber._state_cb: DEBUG   : bulked unit.000003 [UMGR_STAGING_INPUT] update.0.child
2017-08-12 12:55:24,213: update.0.child      : update.0                        : update.0.child.subscriber._state_cb: DEBUG   : bulked unit.000003 [AGENT_STAGING_INPUT_PENDING] update.0.child
2017-08-12 12:55:24,264: update.0.child      : update.0                        : update.0.child.subscriber._state_cb: DEBUG   : bulked unit.000004 [UMGR_SCHEDULING_PENDING] update.0.child
2017-08-12 12:55:24,293: update.0.child      : update.0                        : update.0.child.subscriber._state_cb: DEBUG   : bulk update result: {'nModified': 21, 'nUpserted': 0, 'nMatched': 21, 'writeErrors': [], 'upserted': [], 'writeConcernErrors': [], 'nRemoved': 0, 'nInserted': 0}
2017-08-12 12:55:24,294: update.0.child      : update.0                        : update.0.child.subscriber._state_cb: DEBUG   : bulked unit.000004 [UMGR_SCHEDULING] update.0.child
2017-08-12 12:55:24,294: update.0.child      : update.0                        : update.0.child.subscriber._state_cb: DEBUG   : bulked unit.000004 [UMGR_STAGING_INPUT_PENDING] update.0.child
2017-08-12 12:55:24,294: update.0.child      : update.0                        : update.0.child.subscriber._state_cb: DEBUG   : bulked unit.000004 [UMGR_STAGING_INPUT] update.0.child
2017-08-12 12:55:24,295: update.0.child      : update.0                        : update.0.child.subscriber._state_cb: DEBUG   : bulked unit.000004 [AGENT_STAGING_INPUT_PENDING] update.0.child
2017-08-12 12:55:24,349: update.0.child      : update.0                        : update.0.child.subscriber._state_cb: DEBUG   : bulked unit.000005 [UMGR_SCHEDULING_PENDING] update.0.child
2017-08-12 12:55:24,351: update.0.child      : update.0                        : update.0.child.subscriber._state_cb: DEBUG   : bulked unit.000005 [UMGR_SCHEDULING] update.0.child
2017-08-12 12:55:24,353: update.0.child      : update.0                        : update.0.child.subscriber._state_cb: DEBUG   : bulked unit.000005 [UMGR_STAGING_INPUT_PENDING] update.0.child
2017-08-12 12:55:24,355: update.0.child      : update.0                        : update.0.child.subscriber._state_cb: DEBUG   : bulked unit.000005 [UMGR_STAGING_INPUT] update.0.child
2017-08-12 12:55:24,358: update.0.child      : update.0                        : update.0.child.subscriber._state_cb: DEBUG   : bulked unit.000005 [AGENT_STAGING_INPUT_PENDING] update.0.child
2017-08-12 12:55:24,394: update.0.child      : update.0                        : update.0.child.subscriber._state_cb: DEBUG   : bulked unit.000006 [UMGR_SCHEDULING_PENDING] update.0.child
2017-08-12 12:55:24,400: update.0.child      : update.0                        : update.0.child.subscriber._state_cb: DEBUG   : bulked unit.000006 [UMGR_SCHEDULING] update.0.child
2017-08-12 12:55:24,404: update.0.child      : update.0                        : update.0.child.subscriber._state_cb: DEBUG   : bulked unit.000006 [UMGR_STAGING_INPUT_PENDING] update.0.child
2017-08-12 12:55:24,407: update.0.child      : update.0                        : update.0.child.subscriber._state_cb: DEBUG   : bulked unit.000006 [UMGR_STAGING_INPUT] update.0.child
2017-08-12 12:55:24,407: update.0.child      : update.0                        : update.0.child.subscriber._state_cb: DEBUG   : bulked unit.000006 [AGENT_STAGING_INPUT_PENDING] update.0.child
2017-08-12 12:55:24,478: update.0.child      : update.0                        : update.0.child.subscriber._state_cb: DEBUG   : bulked unit.000007 [UMGR_SCHEDULING_PENDING] update.0.child
2017-08-12 12:55:24,486: update.0.child      : update.0                        : update.0.child.subscriber._state_cb: DEBUG   : bulked unit.000007 [UMGR_SCHEDULING] update.0.child
2017-08-12 12:55:24,490: update.0.child      : update.0                        : update.0.child.subscriber._state_cb: DEBUG   : bulked unit.000007 [UMGR_STAGING_INPUT_PENDING] update.0.child
2017-08-12 12:55:24,494: update.0.child      : update.0                        : update.0.child.subscriber._state_cb: DEBUG   : bulked unit.000007 [UMGR_STAGING_INPUT] update.0.child
2017-08-12 12:55:24,495: update.0.child      : update.0                        : update.0.child.subscriber._state_cb: DEBUG   : bulked unit.000007 [AGENT_STAGING_INPUT_PENDING] update.0.child
2017-08-12 12:55:24,542: update.0.child      : update.0                        : update.0.child.subscriber._state_cb: DEBUG   : bulked unit.000008 [UMGR_SCHEDULING_PENDING] update.0.child
2017-08-12 12:55:24,549: update.0.child      : update.0                        : update.0.child.subscriber._state_cb: DEBUG   : bulked unit.000008 [UMGR_SCHEDULING] update.0.child
2017-08-12 12:55:24,552: update.0.child      : update.0                        : update.0.child.subscriber._state_cb: DEBUG   : bulked unit.000008 [UMGR_STAGING_INPUT_PENDING] update.0.child
2017-08-12 12:55:24,558: update.0.child      : update.0                        : update.0.child.subscriber._state_cb: DEBUG   : bulked unit.000008 [UMGR_STAGING_INPUT] update.0.child
2017-08-12 12:55:24,561: update.0.child      : update.0                        : update.0.child.subscriber._state_cb: DEBUG   : bulked unit.000008 [AGENT_STAGING_INPUT_PENDING] update.0.child
2017-08-12 12:55:24,609: update.0.child      : update.0                        : update.0.child.subscriber._state_cb: DEBUG   : bulked unit.000009 [UMGR_SCHEDULING_PENDING] update.0.child
2017-08-12 12:55:24,612: update.0.child      : update.0                        : update.0.child.subscriber._state_cb: DEBUG   : bulked unit.000009 [UMGR_SCHEDULING] update.0.child
2017-08-12 12:55:24,615: update.0.child      : update.0                        : update.0.child.subscriber._state_cb: DEBUG   : bulked unit.000009 [UMGR_STAGING_INPUT_PENDING] update.0.child
2017-08-12 12:55:24,622: update.0.child      : update.0                        : update.0.child.subscriber._state_cb: DEBUG   : bulked unit.000009 [UMGR_STAGING_INPUT] update.0.child
2017-08-12 12:55:24,622: update.0.child      : update.0                        : update.0.child.subscriber._state_cb: DEBUG   : bulked unit.000009 [AGENT_STAGING_INPUT_PENDING] update.0.child
2017-08-12 12:55:24,950: update.0.child      : update.0                        : update.0.child.subscriber._state_cb: DEBUG   : bulked unit.000003 [AGENT_STAGING_INPUT] update.0.child
2017-08-12 12:55:24,972: update.0.child      : update.0                        : update.0.child.subscriber._state_cb: DEBUG   : bulked unit.000002 [AGENT_STAGING_INPUT] update.0.child
2017-08-12 12:55:24,990: update.0.child      : update.0                        : update.0.child.subscriber._state_cb: DEBUG   : bulked unit.000001 [AGENT_STAGING_INPUT] update.0.child
2017-08-12 12:55:25,009: update.0.child      : update.0                        : update.0.child.subscriber._state_cb: DEBUG   : bulked unit.000000 [AGENT_STAGING_INPUT] update.0.child
2017-08-12 12:55:25,380: update.0.child      : update.0                        : update.0.child.idler._idle_cb: DEBUG   : bulk update result: {'nModified': 33, 'nUpserted': 0, 'nMatched': 33, 'writeErrors': [], 'upserted': [], 'writeConcernErrors': [], 'nRemoved': 0, 'nInserted': 0}
2017-08-12 12:55:26,051: update.0.child      : update.0                        : update.0.child.subscriber._state_cb: DEBUG   : bulked unit.000009 [AGENT_STAGING_INPUT] update.0.child
2017-08-12 12:55:26,060: update.0.child      : update.0                        : update.0.child.subscriber._state_cb: DEBUG   : bulked unit.000008 [AGENT_STAGING_INPUT] update.0.child
2017-08-12 12:55:26,070: update.0.child      : update.0                        : update.0.child.subscriber._state_cb: DEBUG   : bulked unit.000003 [AGENT_SCHEDULING_PENDING] update.0.child
2017-08-12 12:55:26,079: update.0.child      : update.0                        : update.0.child.subscriber._state_cb: DEBUG   : bulked unit.000003 [AGENT_SCHEDULING] update.0.child
2017-08-12 12:55:26,087: update.0.child      : update.0                        : update.0.child.subscriber._state_cb: DEBUG   : bulked unit.000002 [AGENT_SCHEDULING_PENDING] update.0.child
2017-08-12 12:55:26,095: update.0.child      : update.0                        : update.0.child.subscriber._state_cb: DEBUG   : bulked unit.000002 [AGENT_SCHEDULING] update.0.child
2017-08-12 12:55:26,115: update.0.child      : update.0                        : update.0.child.subscriber._state_cb: DEBUG   : bulked unit.000001 [AGENT_SCHEDULING_PENDING] update.0.child
2017-08-12 12:55:26,122: update.0.child      : update.0                        : update.0.child.subscriber._state_cb: DEBUG   : bulked unit.000001 [AGENT_SCHEDULING] update.0.child
2017-08-12 12:55:26,142: update.0.child      : update.0                        : update.0.child.subscriber._state_cb: DEBUG   : bulked unit.000001 [AGENT_EXECUTING_PENDING] update.0.child
2017-08-12 12:55:26,151: update.0.child      : update.0                        : update.0.child.subscriber._state_cb: DEBUG   : bulked unit.000001 [AGENT_EXECUTING] update.0.child
2017-08-12 12:55:26,161: update.0.child      : update.0                        : update.0.child.subscriber._state_cb: DEBUG   : bulked unit.000000 [AGENT_SCHEDULING_PENDING] update.0.child
2017-08-12 12:55:26,169: update.0.child      : update.0                        : update.0.child.subscriber._state_cb: DEBUG   : bulked unit.000000 [AGENT_SCHEDULING] update.0.child
2017-08-12 12:55:26,178: update.0.child      : update.0                        : update.0.child.subscriber._state_cb: DEBUG   : bulked unit.000007 [AGENT_STAGING_INPUT] update.0.child
2017-08-12 12:55:26,188: update.0.child      : update.0                        : update.0.child.subscriber._state_cb: DEBUG   : bulked unit.000006 [AGENT_STAGING_INPUT] update.0.child
2017-08-12 12:55:26,195: update.0.child      : update.0                        : update.0.child.subscriber._state_cb: DEBUG   : bulked unit.000005 [AGENT_STAGING_INPUT] update.0.child
2017-08-12 12:55:26,203: update.0.child      : update.0                        : update.0.child.subscriber._state_cb: DEBUG   : bulked unit.000004 [AGENT_STAGING_INPUT] update.0.child
2017-08-12 12:55:26,398: update.0.child      : update.0                        : update.0.child.idler._idle_cb: DEBUG   : bulk update result: {'nModified': 16, 'nUpserted': 0, 'nMatched': 16, 'writeErrors': [], 'upserted': [], 'writeConcernErrors': [], 'nRemoved': 0, 'nInserted': 0}
2017-08-12 12:55:27,235: update.0.child      : update.0                        : update.0.child.subscriber._state_cb: DEBUG   : bulked unit.000009 [AGENT_SCHEDULING_PENDING] update.0.child
2017-08-12 12:55:27,242: update.0.child      : update.0                        : update.0.child.subscriber._state_cb: DEBUG   : bulked unit.000009 [AGENT_SCHEDULING] update.0.child
2017-08-12 12:55:27,249: update.0.child      : update.0                        : update.0.child.subscriber._state_cb: DEBUG   : bulked unit.000008 [AGENT_SCHEDULING_PENDING] update.0.child
2017-08-12 12:55:27,256: update.0.child      : update.0                        : update.0.child.subscriber._state_cb: DEBUG   : bulked unit.000008 [AGENT_SCHEDULING] update.0.child
2017-08-12 12:55:27,267: update.0.child      : update.0                        : update.0.child.subscriber._state_cb: DEBUG   : bulked unit.000007 [AGENT_SCHEDULING_PENDING] update.0.child
2017-08-12 12:55:27,272: update.0.child      : update.0                        : update.0.child.subscriber._state_cb: DEBUG   : bulked unit.000007 [AGENT_SCHEDULING] update.0.child
2017-08-12 12:55:27,280: update.0.child      : update.0                        : update.0.child.subscriber._state_cb: DEBUG   : bulked unit.000006 [AGENT_SCHEDULING_PENDING] update.0.child
2017-08-12 12:55:27,288: update.0.child      : update.0                        : update.0.child.subscriber._state_cb: DEBUG   : bulked unit.000006 [AGENT_SCHEDULING] update.0.child
2017-08-12 12:55:27,298: update.0.child      : update.0                        : update.0.child.subscriber._state_cb: DEBUG   : bulked unit.000005 [AGENT_SCHEDULING_PENDING] update.0.child
2017-08-12 12:55:27,308: update.0.child      : update.0                        : update.0.child.subscriber._state_cb: DEBUG   : bulked unit.000005 [AGENT_SCHEDULING] update.0.child
2017-08-12 12:55:27,316: update.0.child      : update.0                        : update.0.child.subscriber._state_cb: DEBUG   : bulked unit.000004 [AGENT_SCHEDULING_PENDING] update.0.child
2017-08-12 12:55:27,328: update.0.child      : update.0                        : update.0.child.subscriber._state_cb: DEBUG   : bulked unit.000004 [AGENT_SCHEDULING] update.0.child
2017-08-12 12:55:27,424: update.0.child      : update.0                        : update.0.child.idler._idle_cb: DEBUG   : bulk update result: {'nModified': 12, 'nUpserted': 0, 'nMatched': 12, 'writeErrors': [], 'upserted': [], 'writeConcernErrors': [], 'nRemoved': 0, 'nInserted': 0}
2017-08-12 12:56:36,467: update.0.child      : update.0                        : MainThread     : ERROR   : abort: KeyboardInterrupt()
Traceback (most recent call last):
  File "/home/vivek/Research/ves/test_entk/local/lib/python2.7/site-packages/radical/utils/process.py", line 599, in _run
    if not self.work_cb():
  File "/home/vivek/Research/ves/test_entk/local/lib/python2.7/site-packages/radical/pilot/utils/component.py", line 1181, in work_cb
    time.sleep(0.1)
KeyboardInterrupt
2017-08-12 12:56:36,468: update.0.child      : update.0                        : MainThread     : INFO    : send message: [update.0.child] abort: KeyboardInterrupt()
2017-08-12 12:56:36,468: update.0.child      : update.0                        : MainThread     : DEBUG   : TERM : update.0.child unregister idler update.0.child.idler._idle_cb
2017-08-12 12:56:36,469: update.0.child      : update.0                        : MainThread     : INFO    : parent stops child
2017-08-12 12:56:36,469: update.0.child      : update.0                        : MainThread     : DEBUG   : ru_finalize_parent (NOOP)
2017-08-12 12:56:36,469: update.0.child      : update.0                        : MainThread     : DEBUG   : ru_finalize_common (NOOP)
2017-08-12 12:56:36,548: update.0.child      : update.0                        : update.0.child.idler._idle_cb: DEBUG   : ru_finalize_child (NOOP)
2017-08-12 12:56:36,548: update.0.child      : update.0                        : update.0.child.idler._idle_cb: DEBUG   : ru_finalize_common (NOOP)
2017-08-12 12:56:36,548: update.0.child      : update.0                        : update.0.child.idler._idle_cb: INFO    : put message: [update.0.child.idler._idle_cb.thread] terminating
2017-08-12 12:56:36,556: update.0.child      : update.0                        : update.0.child.watch: WARNING : %s died
2017-08-12 12:56:36,557: update.0.child      : update.0                        : update.0.child.watch: INFO    : watcher closes
2017-08-12 12:56:36,557: update.0.child      : update.0                        : update.0.child.watch: INFO    : put message: [update.0.child.watch.thread] work finished
2017-08-12 12:56:36,557: update.0.child      : update.0                        : update.0.child.watch: DEBUG   : ru_finalize_child (NOOP)
2017-08-12 12:56:36,557: update.0.child      : update.0                        : update.0.child.watch: DEBUG   : ru_finalize_common (NOOP)
2017-08-12 12:56:36,557: update.0.child      : update.0                        : update.0.child.watch: INFO    : put message: [update.0.child.watch.thread] terminating
2017-08-12 12:56:36,588: update.0.child      : update.0                        : MainThread     : DEBUG   : TERM : update.0.child unregistered idler update.0.child.idler._idle_cb
2017-08-12 12:56:36,589: update.0.child      : update.0                        : MainThread     : WARNING : alive check: proc invalid - stop [False - True]
2017-08-12 12:56:36,713: update.0.child      : update.0                        : MainThread     : INFO    : stop update.0.child (17517 : 17517 : MainThread) [radical.pilot.worker.update.Update.stop]
2017-08-12 12:56:36,713: update.0.child      : update.0                        : MainThread     : INFO    : parent stops child
2017-08-12 12:56:36,713: update.0.child      : update.0                        : MainThread     : DEBUG   : TERM : update.0.child unregister idler update.0.child.idler._idle_cb
2017-08-12 12:56:36,713: update.0.child      : update.0                        : MainThread     : WARNING : timed cb update.0.child.idler._idle_cb is not registered
2017-08-12 12:56:36,713: update.0.child      : update.0                        : MainThread     : DEBUG   : TERM : update.0.child unregister subscriber update.0.child.subscriber._state_cb
2017-08-12 12:56:36,714: update.0.child      : update.0                        : MainThread     : DEBUG   : unregistered subscriber update.0.child.subscriber._state_cb
2017-08-12 12:56:36,714: update.0.child      : update.0                        : MainThread     : DEBUG   : ru_finalize_common()
2017-08-12 12:56:36,714: update.0.child      : update.0                        : MainThread     : DEBUG   : TERM : update.0.child unregister publisher log_pubsub
2017-08-12 12:56:36,714: update.0.child      : update.0                        : MainThread     : DEBUG   : unregistered publisher log_pubsub
2017-08-12 12:56:36,714: update.0.child      : update.0                        : MainThread     : DEBUG   : TERM : update.0.child unregister publisher state_pubsub
2017-08-12 12:56:36,715: update.0.child      : update.0                        : MainThread     : DEBUG   : unregistered publisher state_pubsub
2017-08-12 12:56:36,715: update.0.child      : update.0                        : MainThread     : DEBUG   : TERM : update.0.child unregister publisher control_pubsub
2017-08-12 12:56:36,715: update.0.child      : update.0                        : MainThread     : DEBUG   : unregistered publisher control_pubsub
2017-08-12 12:56:36,716: update.0.child      : update.0                        : MainThread     : DEBUG   : update.0.child close prof
2017-08-12 12:56:36,716: update.0.child      : update.0                        : MainThread     : INFO    : parent stops child
2017-08-12 12:56:36,716: update.0.child      : update.0                        : MainThread     : DEBUG   : ru_finalize_parent (NOOP)
2017-08-12 12:56:36,716: update.0.child      : update.0                        : MainThread     : DEBUG   : ru_finalize_common (NOOP)
2017-08-12 12:56:36,716: update.0.child      : update.0                        : MainThread     : INFO    : parent stops child
2017-08-12 12:56:36,716: update.0.child      : update.0                        : MainThread     : DEBUG   : ru_finalize_parent (NOOP)
2017-08-12 12:56:36,716: update.0.child      : update.0                        : update.0.child.subscriber._cancel_monitor_cb: ERROR   : abort: ZMQError('Socket operation on non-socket')
Traceback (most recent call last):
  File "/home/vivek/Research/ves/test_entk/local/lib/python2.7/site-packages/radical/utils/threads.py", line 375, in _run
    if not self.work_cb():
  File "/home/vivek/Research/ves/test_entk/local/lib/python2.7/site-packages/radical/pilot/utils/component.py", line 1088, in work_cb
    topic, msg = self._q.get_nowait(500)  # timout in ms
  File "/home/vivek/Research/ves/test_entk/local/lib/python2.7/site-packages/radical/pilot/utils/pubsub.py", line 352, in get_nowait
    if _uninterruptible(self._q.poll, flags=zmq.POLLIN, timeout=timeout):
  File "/home/vivek/Research/ves/test_entk/local/lib/python2.7/site-packages/radical/pilot/utils/pubsub.py", line 50, in _uninterruptible
    return f(*args, **kwargs)
  File "/home/vivek/Research/ves/test_entk/local/lib/python2.7/site-packages/zmq/sugar/socket.py", line 558, in poll
    evts = dict(p.poll(timeout))
  File "/home/vivek/Research/ves/test_entk/local/lib/python2.7/site-packages/zmq/sugar/poll.py", line 99, in poll
    return zmq_poll(self.sockets, timeout=timeout)
  File "zmq/backend/cython/_poll.pyx", line 123, in zmq.backend.cython._poll.zmq_poll (zmq/backend/cython/_poll.c:2186)
  File "zmq/backend/cython/_poll.pyx", line 116, in zmq.backend.cython._poll.zmq_poll (zmq/backend/cython/_poll.c:2036)
  File "zmq/backend/cython/checkrc.pxd", line 25, in zmq.backend.cython.checkrc._check_rc (zmq/backend/cython/_poll.c:2811)
    raise ZMQError(errno)
ZMQError: Socket operation on non-socket
2017-08-12 12:56:36,717: update.0.child      : update.0                        : update.0.child.subscriber._cancel_monitor_cb: INFO    : put message: [update.0.child.subscriber._cancel_monitor_cb.thread] ZMQError('Socket operation on non-socket')
2017-08-12 12:56:36,718: update.0.child      : update.0                        : update.0.child.subscriber._cancel_monitor_cb: DEBUG   : ru_finalize_child (NOOP)
2017-08-12 12:56:36,718: update.0.child      : update.0                        : update.0.child.subscriber._cancel_monitor_cb: INFO    : put message: [update.0.child.subscriber._cancel_monitor_cb.thread] terminating
2017-08-12 12:56:36,966: update.0.child      : update.0                        : MainThread     : INFO    : parent stops child
2017-08-12 12:56:36,966: update.0.child      : update.0                        : MainThread     : DEBUG   : ru_finalize_parent (NOOP)
2017-08-12 12:56:36,967: update.0.child      : update.0                        : update.0.child.subscriber._state_cb: ERROR   : abort: ZMQError('Socket operation on non-socket')
Traceback (most recent call last):
  File "/home/vivek/Research/ves/test_entk/local/lib/python2.7/site-packages/radical/utils/threads.py", line 375, in _run
    if not self.work_cb():
  File "/home/vivek/Research/ves/test_entk/local/lib/python2.7/site-packages/radical/pilot/utils/component.py", line 1088, in work_cb
    topic, msg = self._q.get_nowait(500)  # timout in ms
  File "/home/vivek/Research/ves/test_entk/local/lib/python2.7/site-packages/radical/pilot/utils/pubsub.py", line 352, in get_nowait
    if _uninterruptible(self._q.poll, flags=zmq.POLLIN, timeout=timeout):
  File "/home/vivek/Research/ves/test_entk/local/lib/python2.7/site-packages/radical/pilot/utils/pubsub.py", line 50, in _uninterruptible
    return f(*args, **kwargs)
  File "/home/vivek/Research/ves/test_entk/local/lib/python2.7/site-packages/zmq/sugar/socket.py", line 558, in poll
    evts = dict(p.poll(timeout))
  File "/home/vivek/Research/ves/test_entk/local/lib/python2.7/site-packages/zmq/sugar/poll.py", line 99, in poll
    return zmq_poll(self.sockets, timeout=timeout)
  File "zmq/backend/cython/_poll.pyx", line 123, in zmq.backend.cython._poll.zmq_poll (zmq/backend/cython/_poll.c:2186)
  File "zmq/backend/cython/_poll.pyx", line 116, in zmq.backend.cython._poll.zmq_poll (zmq/backend/cython/_poll.c:2036)
  File "zmq/backend/cython/checkrc.pxd", line 25, in zmq.backend.cython.checkrc._check_rc (zmq/backend/cython/_poll.c:2811)
    raise ZMQError(errno)
ZMQError: Socket operation on non-socket
2017-08-12 12:56:36,968: update.0.child      : update.0                        : update.0.child.subscriber._state_cb: INFO    : put message: [update.0.child.subscriber._state_cb.thread] ZMQError('Socket operation on non-socket')
2017-08-12 12:56:36,968: update.0.child      : update.0                        : update.0.child.subscriber._state_cb: DEBUG   : ru_finalize_child (NOOP)
2017-08-12 12:56:36,968: update.0.child      : update.0                        : update.0.child.subscriber._state_cb: INFO    : put message: [update.0.child.subscriber._state_cb.thread] terminating
2017-08-12 12:56:37,218: update.0.child      : update.0                        : MainThread     : INFO    : parent stops child
2017-08-12 12:56:37,218: update.0.child      : update.0                        : MainThread     : WARNING : super update.0.child is invalid
2017-08-12 12:56:37,218: update.0.child      : update.0                        : MainThread     : WARNING : component update.0.child is invalid
2017-08-12 12:56:37,219: update.0.child      : update.0                        : MainThread     : INFO    : stop update.0.child (17517 : 17517 : MainThread) [radical.pilot.worker.update.Update.stop]
2017-08-12 12:56:37,219: update.0.child      : update.0                        : MainThread     : DEBUG   : TERM : update.0.child unregister subscriber update.0.child.subscriber._state_cb
2017-08-12 12:56:37,220: update.0.child      : update.0                        : MainThread     : WARNING : subscriber _state_cb is not registered
2017-08-12 12:56:37,220: update.0.child      : update.0                        : MainThread     : DEBUG   : ru_finalize_common()
2017-08-12 12:56:37,220: update.0.child      : update.0                        : MainThread     : WARNING : publisher log_pubsub is not registered
2017-08-12 12:56:37,220: update.0.child      : update.0                        : MainThread     : WARNING : publisher state_pubsub is not registered
2017-08-12 12:56:37,220: update.0.child      : update.0                        : MainThread     : WARNING : publisher control_pubsub is not registered
2017-08-12 12:56:37,220: update.0.child      : update.0                        : MainThread     : DEBUG   : update.0.child close prof
2017-08-12 12:56:37,220: update.0.child      : update.0                        : MainThread     : INFO    : send message: [update.0.child] terminating
2017-08-12 12:56:37,220: update.0.child      : update.0                        : MainThread     : WARNING : send failed ([Errno 9] Bad file descriptor) - terminate
2017-08-12 12:56:37,220: update.0.child      : update.0                        : MainThread     : INFO    : parent stops child
2017-08-12 12:56:37,221: update.0.child      : update.0                        : MainThread     : INFO    : parent stops child
2017-08-12 12:56:37,221: update.0.child      : update.0                        : MainThread     : INFO    : parent stops child
