2017-08-12 12:57:28,681: control.pubsub.bridge.0000: MainProcess                     : MainThread     : INFO    : python.interpreter   version: 2.7.12 (default, Nov 19 2016, 06:48:10) [GCC 5.4.0 20160609]
2017-08-12 12:57:28,681: control.pubsub.bridge.0000: MainProcess                     : MainThread     : INFO    :                      pid: 17979
2017-08-12 12:57:28,682: control.pubsub.bridge.0000: MainProcess                     : MainThread     : INFO    :                      tid: MainThread
2017-08-12 12:57:28,682: control.pubsub.bridge.0000: MainProcess                     : MainThread     : INFO    : radical.pilot        version: 0.46-v0.46.RC2@HEAD-detached-at-v0.46.RC2
2017-08-12 12:57:28,682: control.pubsub.bridge.0000: MainProcess                     : MainThread     : INFO    : create control_pubsub - bridge - tcp://*:*
2017-08-12 12:57:28,696: control.pubsub.bridge.0000: MainProcess                     : MainThread     : DEBUG   : start process
2017-08-12 12:57:28,701: control.pubsub.bridge.0000: control.pubsub.bridge.0000      : MainThread     : DEBUG   : ru_initialize_common (NOOP)
2017-08-12 12:57:28,706: control.pubsub.bridge.0000: control.pubsub.bridge.0000.child: MainThread     : INFO    : child (me) initializing
2017-08-12 12:57:28,707: control.pubsub.bridge.0000: control.pubsub.bridge.0000.child: MainThread     : DEBUG   : parent name: control.pubsub.bridge.0000.child.watch
2017-08-12 12:57:28,707: control.pubsub.bridge.0000: control.pubsub.bridge.0000.child: MainThread     : DEBUG   : start thread
2017-08-12 12:57:28,707: control.pubsub.bridge.0000: control.pubsub.bridge.0000.child: control.pubsub.bridge.0000.child.watch: DEBUG   : child name: control.pubsub.bridge.0000.child.watch.thread
2017-08-12 12:57:28,707: control.pubsub.bridge.0000: control.pubsub.bridge.0000.child: control.pubsub.bridge.0000.child.watch: INFO    : child (me) initializing
2017-08-12 12:57:28,707: control.pubsub.bridge.0000: control.pubsub.bridge.0000.child: control.pubsub.bridge.0000.child.watch: DEBUG   : ru_initialize_common (NOOP)
2017-08-12 12:57:28,708: control.pubsub.bridge.0000: control.pubsub.bridge.0000.child: control.pubsub.bridge.0000.child.watch: DEBUG   : ru_initialize_child (NOOP)
2017-08-12 12:57:28,708: control.pubsub.bridge.0000: control.pubsub.bridge.0000.child: control.pubsub.bridge.0000.child.watch: INFO    : send alive
2017-08-12 12:57:28,708: control.pubsub.bridge.0000: control.pubsub.bridge.0000.child: control.pubsub.bridge.0000.child.watch: INFO    : put message: [control.pubsub.bridge.0000.child.watch.thread] alive
2017-08-12 12:57:28,708: control.pubsub.bridge.0000: control.pubsub.bridge.0000.child: MainThread     : INFO    : get msg: alive
2017-08-12 12:57:28,709: control.pubsub.bridge.0000: control.pubsub.bridge.0000.child: MainThread     : DEBUG   : ru_initialize_common (NOOP)
2017-08-12 12:57:28,709: control.pubsub.bridge.0000: control.pubsub.bridge.0000.child: MainThread     : DEBUG   : ru_initialize_parent (NOOP)
2017-08-12 12:57:28,709: control.pubsub.bridge.0000: control.pubsub.bridge.0000.child: MainThread     : DEBUG   : child thread control.pubsub.bridge.0000.child.watch started
2017-08-12 12:57:28,709: control.pubsub.bridge.0000: control.pubsub.bridge.0000.child: MainThread     : INFO    : child (me) is alive
2017-08-12 12:57:28,709: control.pubsub.bridge.0000: control.pubsub.bridge.0000.child: MainThread     : INFO    : send alive
2017-08-12 12:57:28,710: control.pubsub.bridge.0000: control.pubsub.bridge.0000.child: MainThread     : INFO    : send message: [control.pubsub.bridge.0000.child] alive
2017-08-12 12:57:28,710: control.pubsub.bridge.0000: MainProcess                     : MainThread     : INFO    : recv message: alive
2017-08-12 12:57:28,710: control.pubsub.bridge.0000: MainProcess                     : MainThread     : DEBUG   : ru_initialize_common (NOOP)
2017-08-12 12:57:28,710: control.pubsub.bridge.0000: MainProcess                     : MainThread     : DEBUG   : ru_initialize_parent (NOOP)
2017-08-12 12:57:28,710: control.pubsub.bridge.0000: MainProcess                     : MainThread     : DEBUG   : parent name: control.pubsub.bridge.0000.watch
2017-08-12 12:57:28,711: control.pubsub.bridge.0000: MainProcess                     : MainThread     : DEBUG   : start thread
2017-08-12 12:57:28,711: control.pubsub.bridge.0000: MainProcess                     : control.pubsub.bridge.0000.watch: DEBUG   : child name: control.pubsub.bridge.0000.watch.thread
2017-08-12 12:57:28,711: control.pubsub.bridge.0000: MainProcess                     : control.pubsub.bridge.0000.watch: INFO    : child (me) initializing
2017-08-12 12:57:28,711: control.pubsub.bridge.0000: MainProcess                     : control.pubsub.bridge.0000.watch: DEBUG   : ru_initialize_common (NOOP)
2017-08-12 12:57:28,711: control.pubsub.bridge.0000: MainProcess                     : control.pubsub.bridge.0000.watch: DEBUG   : ru_initialize_child (NOOP)
2017-08-12 12:57:28,711: control.pubsub.bridge.0000: MainProcess                     : control.pubsub.bridge.0000.watch: INFO    : send alive
2017-08-12 12:57:28,711: control.pubsub.bridge.0000: MainProcess                     : control.pubsub.bridge.0000.watch: INFO    : put message: [control.pubsub.bridge.0000.watch.thread] alive
2017-08-12 12:57:28,712: control.pubsub.bridge.0000: MainProcess                     : MainThread     : INFO    : get msg: alive
2017-08-12 12:57:28,712: control.pubsub.bridge.0000: MainProcess                     : MainThread     : DEBUG   : ru_initialize_common (NOOP)
2017-08-12 12:57:28,712: control.pubsub.bridge.0000: MainProcess                     : MainThread     : DEBUG   : ru_initialize_parent (NOOP)
2017-08-12 12:57:28,712: control.pubsub.bridge.0000: MainProcess                     : MainThread     : DEBUG   : child thread control.pubsub.bridge.0000.watch started
2017-08-12 12:57:28,713: control.pubsub.bridge.0000: MainProcess                     : MainThread     : INFO    : child is alive
2017-08-12 12:57:28,713: control.pubsub.bridge.0000: MainProcess                     : MainThread     : DEBUG   : process class started child
2017-08-12 13:03:07,896: control.pubsub.bridge.0000: MainProcess                     : MainThread     : INFO    : parent stops child
2017-08-12 13:03:07,896: control.pubsub.bridge.0000: MainProcess                     : MainThread     : DEBUG   : ru_finalize_parent (NOOP)
2017-08-12 13:03:07,897: control.pubsub.bridge.0000: MainProcess                     : MainThread     : INFO    : parent stops child
2017-08-12 13:03:07,897: control.pubsub.bridge.0000: MainProcess                     : MainThread     : DEBUG   : ru_finalize_parent (NOOP)
2017-08-12 13:03:07,897: control.pubsub.bridge.0000: MainProcess                     : MainThread     : DEBUG   : ru_finalize_common (NOOP)
2017-08-12 13:03:07,977: control.pubsub.bridge.0000: MainProcess                     : control.pubsub.bridge.0000.watch: INFO    : watcher closes
2017-08-12 13:03:07,978: control.pubsub.bridge.0000: MainProcess                     : control.pubsub.bridge.0000.watch: INFO    : put message: [control.pubsub.bridge.0000.watch.thread] work finished
2017-08-12 13:03:07,978: control.pubsub.bridge.0000: MainProcess                     : control.pubsub.bridge.0000.watch: DEBUG   : ru_finalize_child (NOOP)
2017-08-12 13:03:07,978: control.pubsub.bridge.0000: MainProcess                     : control.pubsub.bridge.0000.watch: DEBUG   : ru_finalize_common (NOOP)
2017-08-12 13:03:07,978: control.pubsub.bridge.0000: MainProcess                     : control.pubsub.bridge.0000.watch: INFO    : put message: [control.pubsub.bridge.0000.watch.thread] terminating
2017-08-12 13:03:08,111: control.pubsub.bridge.0000: MainProcess                     : MainThread     : WARNING : failed to stop child - terminate
