2017-08-12 12:57:28,946: pmgr.launching.0    : MainProcess                     : MainThread     : INFO    : python.interpreter   version: 2.7.12 (default, Nov 19 2016, 06:48:10) [GCC 5.4.0 20160609]
2017-08-12 12:57:28,946: pmgr.launching.0    : MainProcess                     : MainThread     : INFO    :                      pid: 17979
2017-08-12 12:57:28,946: pmgr.launching.0    : MainProcess                     : MainThread     : INFO    :                      tid: MainThread
2017-08-12 12:57:28,946: pmgr.launching.0    : MainProcess                     : MainThread     : INFO    : radical.pilot        version: 0.46-v0.46.RC2@HEAD-detached-at-v0.46.RC2
2017-08-12 12:57:28,946: pmgr.launching.0    : MainProcess                     : MainThread     : DEBUG   : alive check in term
2017-08-12 12:57:28,946: pmgr.launching.0    : MainProcess                     : MainThread     : DEBUG   : start process
2017-08-12 12:57:29,010: pmgr.launching.0    : MainProcess                     : MainThread     : INFO    : recv message: alive
2017-08-12 12:57:29,011: pmgr.launching.0    : MainProcess                     : MainThread     : INFO    : initialize pmgr.launching.0
2017-08-12 12:57:29,013: pmgr.launching.0    : MainProcess                     : MainThread     : INFO    : cfg: {'agents': {},
 u'bridges': {u'control_pubsub': {'addr_in': 'tcp://192.168.1.14:46831',
                                  'addr_out': 'tcp://192.168.1.14:41717',
                                  u'bulk_size': 0,
                                  u'log_level': u'debug',
                                  u'stall_hwm': 1},
              u'log_pubsub': {'addr_in': 'tcp://192.168.1.14:45003',
                              'addr_out': 'tcp://192.168.1.14:40777',
                              u'bulk_size': 0,
                              u'log_level': u'debug',
                              u'stall_hwm': 1},
              u'pmgr_launching_queue': {'addr_in': 'tcp://192.168.1.14:39775',
                                        'addr_out': 'tcp://192.168.1.14:39241',
                                        u'bulk_size': 0,
                                        u'log_level': u'debug',
                                        u'stall_hwm': 1},
              u'state_pubsub': {'addr_in': 'tcp://192.168.1.14:40003',
                                'addr_out': 'tcp://192.168.1.14:45165',
                                u'bulk_size': 0,
                                u'log_level': u'debug',
                                u'stall_hwm': 1}},
 'cname': u'PMGRLaunchingComponent',
 u'components': {},
 u'count': 1,
 u'db_poll_sleeptime': 1.0,
 'number': 0,
 'owner': 'pmgr.0000',
 'uid': 'pmgr.0000'}
2017-08-12 12:57:29,013: pmgr.launching.0    : MainProcess                     : MainThread     : DEBUG   : alive check in term
2017-08-12 12:57:29,013: pmgr.launching.0    : MainProcess                     : MainThread     : DEBUG   : START: pmgr.launching.0 register publisher log_pubsub
2017-08-12 12:57:29,013: pmgr.launching.0    : MainProcess                     : MainThread     : DEBUG   : using addr tcp://192.168.1.14:45003 for pubsub log_pubsub
2017-08-12 12:57:29,015: pmgr.launching.0    : MainProcess                     : MainThread     : DEBUG   : registered publisher : log_pubsub : log.pubsub.pub.0001
2017-08-12 12:57:29,015: pmgr.launching.0    : MainProcess                     : MainThread     : DEBUG   : alive check in term
2017-08-12 12:57:29,015: pmgr.launching.0    : MainProcess                     : MainThread     : DEBUG   : START: pmgr.launching.0 register publisher state_pubsub
2017-08-12 12:57:29,015: pmgr.launching.0    : MainProcess                     : MainThread     : DEBUG   : using addr tcp://192.168.1.14:40003 for pubsub state_pubsub
2017-08-12 12:57:29,017: pmgr.launching.0    : MainProcess                     : MainThread     : DEBUG   : registered publisher : state_pubsub : state.pubsub.pub.0001
2017-08-12 12:57:29,017: pmgr.launching.0    : MainProcess                     : MainThread     : DEBUG   : alive check in term
2017-08-12 12:57:29,017: pmgr.launching.0    : MainProcess                     : MainThread     : DEBUG   : START: pmgr.launching.0 register publisher control_pubsub
2017-08-12 12:57:29,017: pmgr.launching.0    : MainProcess                     : MainThread     : DEBUG   : using addr tcp://192.168.1.14:46831 for pubsub control_pubsub
2017-08-12 12:57:29,019: pmgr.launching.0    : MainProcess                     : MainThread     : DEBUG   : registered publisher : control_pubsub : control.pubsub.pub.0001
2017-08-12 12:57:29,019: pmgr.launching.0    : MainProcess                     : MainThread     : DEBUG   : parent name: pmgr.launching.0.watch
2017-08-12 12:57:29,020: pmgr.launching.0    : MainProcess                     : MainThread     : DEBUG   : start thread
2017-08-12 12:57:29,020: pmgr.launching.0    : MainProcess                     : pmgr.launching.0.watch: DEBUG   : child name: pmgr.launching.0.watch.thread
2017-08-12 12:57:29,020: pmgr.launching.0    : MainProcess                     : pmgr.launching.0.watch: INFO    : child (me) initializing
2017-08-12 12:57:29,020: pmgr.launching.0    : MainProcess                     : pmgr.launching.0.watch: DEBUG   : ru_initialize_common (NOOP)
2017-08-12 12:57:29,020: pmgr.launching.0    : MainProcess                     : pmgr.launching.0.watch: DEBUG   : ru_initialize_child (NOOP)
2017-08-12 12:57:29,020: pmgr.launching.0    : MainProcess                     : pmgr.launching.0.watch: INFO    : send alive
2017-08-12 12:57:29,020: pmgr.launching.0    : MainProcess                     : pmgr.launching.0.watch: INFO    : put message: [pmgr.launching.0.watch.thread] alive
2017-08-12 12:57:29,021: pmgr.launching.0    : MainProcess                     : MainThread     : INFO    : get msg: alive
2017-08-12 12:57:29,021: pmgr.launching.0    : MainProcess                     : MainThread     : DEBUG   : ru_initialize_common (NOOP)
2017-08-12 12:57:29,021: pmgr.launching.0    : MainProcess                     : MainThread     : DEBUG   : ru_initialize_parent (NOOP)
2017-08-12 12:57:29,021: pmgr.launching.0    : MainProcess                     : MainThread     : DEBUG   : child thread pmgr.launching.0.watch started
2017-08-12 12:57:29,021: pmgr.launching.0    : MainProcess                     : MainThread     : INFO    : child is alive
2017-08-12 12:57:29,022: pmgr.launching.0    : MainProcess                     : MainThread     : DEBUG   : process class started child
2017-08-12 13:03:07,357: pmgr.launching.0    : MainProcess                     : MainThread     : INFO    : stop pmgr.launching.0 (17979 : 18044 : MainThread) [radical.pilot.pilot_manager.PilotManager.finalize_parent]
2017-08-12 13:03:07,358: pmgr.launching.0    : MainProcess                     : MainThread     : INFO    : parent stops child
2017-08-12 13:03:07,358: pmgr.launching.0    : MainProcess                     : MainThread     : DEBUG   : ru_finalize_common()
2017-08-12 13:03:07,358: pmgr.launching.0    : MainProcess                     : MainThread     : DEBUG   : TERM : pmgr.launching.0 unregister publisher log_pubsub
2017-08-12 13:03:07,358: pmgr.launching.0    : MainProcess                     : MainThread     : DEBUG   : unregistered publisher log_pubsub
2017-08-12 13:03:07,358: pmgr.launching.0    : MainProcess                     : MainThread     : DEBUG   : TERM : pmgr.launching.0 unregister publisher state_pubsub
2017-08-12 13:03:07,359: pmgr.launching.0    : MainProcess                     : MainThread     : DEBUG   : unregistered publisher state_pubsub
2017-08-12 13:03:07,359: pmgr.launching.0    : MainProcess                     : MainThread     : DEBUG   : TERM : pmgr.launching.0 unregister publisher control_pubsub
2017-08-12 13:03:07,359: pmgr.launching.0    : MainProcess                     : MainThread     : DEBUG   : unregistered publisher control_pubsub
2017-08-12 13:03:07,359: pmgr.launching.0    : MainProcess                     : MainThread     : DEBUG   : pmgr.launching.0 close prof
2017-08-12 13:03:07,359: pmgr.launching.0    : MainProcess                     : MainThread     : INFO    : parent stops child
2017-08-12 13:03:07,359: pmgr.launching.0    : MainProcess                     : MainThread     : DEBUG   : ru_finalize_parent (NOOP)
2017-08-12 13:03:07,359: pmgr.launching.0    : MainProcess                     : MainThread     : DEBUG   : ru_finalize_common (NOOP)
2017-08-12 13:03:07,376: pmgr.launching.0    : MainProcess                     : pmgr.launching.0.watch: INFO    : watcher closes
2017-08-12 13:03:07,376: pmgr.launching.0    : MainProcess                     : pmgr.launching.0.watch: INFO    : put message: [pmgr.launching.0.watch.thread] work finished
2017-08-12 13:03:07,376: pmgr.launching.0    : MainProcess                     : pmgr.launching.0.watch: DEBUG   : ru_finalize_child (NOOP)
2017-08-12 13:03:07,376: pmgr.launching.0    : MainProcess                     : pmgr.launching.0.watch: DEBUG   : ru_finalize_common (NOOP)
2017-08-12 13:03:07,376: pmgr.launching.0    : MainProcess                     : pmgr.launching.0.watch: INFO    : put message: [pmgr.launching.0.watch.thread] terminating
2017-08-12 13:03:07,491: pmgr.launching.0    : MainProcess                     : MainThread     : WARNING : failed to stop child - terminate
2017-08-12 13:03:07,679: pmgr.launching.0    : MainProcess                     : MainThread     : INFO    : stop pmgr.launching.0 (17979 : 18044 : MainThread) [radical.pilot.utils.component.PilotManager.ru_finalize_common]
2017-08-12 13:03:08,519: pmgr.launching.0    : MainProcess                     : MainThread     : INFO    : stop pmgr.launching.0 (17979 : 18044 : MainThread) [radical.pilot.session.Session.close]
