2017-08-12 12:57:28,294: rp.session.vivek-HP-Pavilion-m6-Notebook-PC.vivek.017390.0017: MainProcess                     : MainThread     : INFO    : python.interpreter   version: 2.7.12 (default, Nov 19 2016, 06:48:10) [GCC 5.4.0 20160609]
2017-08-12 12:57:28,294: rp.session.vivek-HP-Pavilion-m6-Notebook-PC.vivek.017390.0017: MainProcess                     : MainThread     : INFO    :                      pid: 17979
2017-08-12 12:57:28,294: rp.session.vivek-HP-Pavilion-m6-Notebook-PC.vivek.017390.0017: MainProcess                     : MainThread     : INFO    :                      tid: MainThread
2017-08-12 12:57:28,294: rp.session.vivek-HP-Pavilion-m6-Notebook-PC.vivek.017390.0017: MainProcess                     : MainThread     : INFO    : radical.pilot        version: 0.46-v0.46.RC2@HEAD-detached-at-v0.46.RC2
2017-08-12 12:57:28,295: rp.session.vivek-HP-Pavilion-m6-Notebook-PC.vivek.017390.0017: MainProcess                     : MainThread     : INFO    : using database mongodb://rp:rp@ds015335.mlab.com:15335/rp
2017-08-12 12:57:28,295: rp.session.vivek-HP-Pavilion-m6-Notebook-PC.vivek.017390.0017: MainProcess                     : MainThread     : INFO    : Load resource configurations from /home/vivek/Research/ves/test_entk/local/lib/python2.7/site-packages/radical/pilot/configs/resource_nersc.json
2017-08-12 12:57:28,308: rp.session.vivek-HP-Pavilion-m6-Notebook-PC.vivek.017390.0017: MainProcess                     : MainThread     : INFO    : Load resource configurations for nersc.edison_ccm_ssh
2017-08-12 12:57:28,308: rp.session.vivek-HP-Pavilion-m6-Notebook-PC.vivek.017390.0017: MainProcess                     : MainThread     : INFO    : Load resource configurations for nersc.hopper_orte
2017-08-12 12:57:28,309: rp.session.vivek-HP-Pavilion-m6-Notebook-PC.vivek.017390.0017: MainProcess                     : MainThread     : INFO    : Load resource configurations for nersc.hopper_ccm_ssh
2017-08-12 12:57:28,309: rp.session.vivek-HP-Pavilion-m6-Notebook-PC.vivek.017390.0017: MainProcess                     : MainThread     : INFO    : Load resource configurations for nersc.edison_aprun
2017-08-12 12:57:28,309: rp.session.vivek-HP-Pavilion-m6-Notebook-PC.vivek.017390.0017: MainProcess                     : MainThread     : INFO    : Load resource configurations for nersc.hopper_aprun
2017-08-12 12:57:28,310: rp.session.vivek-HP-Pavilion-m6-Notebook-PC.vivek.017390.0017: MainProcess                     : MainThread     : INFO    : Load resource configurations for nersc.edison_orte
2017-08-12 12:57:28,310: rp.session.vivek-HP-Pavilion-m6-Notebook-PC.vivek.017390.0017: MainProcess                     : MainThread     : INFO    : Load resource configurations from /home/vivek/Research/ves/test_entk/local/lib/python2.7/site-packages/radical/pilot/configs/resource_ornl.json
2017-08-12 12:57:28,316: rp.session.vivek-HP-Pavilion-m6-Notebook-PC.vivek.017390.0017: MainProcess                     : MainThread     : INFO    : Load resource configurations for ornl.titan_orte
2017-08-12 12:57:28,316: rp.session.vivek-HP-Pavilion-m6-Notebook-PC.vivek.017390.0017: MainProcess                     : MainThread     : INFO    : Load resource configurations for ornl.titan_aprun
2017-08-12 12:57:28,317: rp.session.vivek-HP-Pavilion-m6-Notebook-PC.vivek.017390.0017: MainProcess                     : MainThread     : INFO    : Load resource configurations for ornl.titan_ortelib
2017-08-12 12:57:28,317: rp.session.vivek-HP-Pavilion-m6-Notebook-PC.vivek.017390.0017: MainProcess                     : MainThread     : INFO    : Load resource configurations from /home/vivek/Research/ves/test_entk/local/lib/python2.7/site-packages/radical/pilot/configs/resource_rice.json
2017-08-12 12:57:28,320: rp.session.vivek-HP-Pavilion-m6-Notebook-PC.vivek.017390.0017: MainProcess                     : MainThread     : INFO    : Load resource configurations for rice.davinci_ssh
2017-08-12 12:57:28,321: rp.session.vivek-HP-Pavilion-m6-Notebook-PC.vivek.017390.0017: MainProcess                     : MainThread     : INFO    : Load resource configurations for rice.biou_ssh
2017-08-12 12:57:28,321: rp.session.vivek-HP-Pavilion-m6-Notebook-PC.vivek.017390.0017: MainProcess                     : MainThread     : INFO    : Load resource configurations from /home/vivek/Research/ves/test_entk/local/lib/python2.7/site-packages/radical/pilot/configs/resource_lumc.json
2017-08-12 12:57:28,325: rp.session.vivek-HP-Pavilion-m6-Notebook-PC.vivek.017390.0017: MainProcess                     : MainThread     : INFO    : Load resource configurations for lumc.gb-ui_ssh
2017-08-12 12:57:28,325: rp.session.vivek-HP-Pavilion-m6-Notebook-PC.vivek.017390.0017: MainProcess                     : MainThread     : INFO    : Load resource configurations for lumc.shark_ssh
2017-08-12 12:57:28,326: rp.session.vivek-HP-Pavilion-m6-Notebook-PC.vivek.017390.0017: MainProcess                     : MainThread     : INFO    : Load resource configurations from /home/vivek/Research/ves/test_entk/local/lib/python2.7/site-packages/radical/pilot/configs/resource_ncsa.json
2017-08-12 12:57:28,334: rp.session.vivek-HP-Pavilion-m6-Notebook-PC.vivek.017390.0017: MainProcess                     : MainThread     : INFO    : Load resource configurations for ncsa.bw_orte
2017-08-12 12:57:28,334: rp.session.vivek-HP-Pavilion-m6-Notebook-PC.vivek.017390.0017: MainProcess                     : MainThread     : INFO    : Load resource configurations for ncsa.bw_ccm_ssh
2017-08-12 12:57:28,335: rp.session.vivek-HP-Pavilion-m6-Notebook-PC.vivek.017390.0017: MainProcess                     : MainThread     : INFO    : Load resource configurations for ncsa.bw_ortelib
2017-08-12 12:57:28,335: rp.session.vivek-HP-Pavilion-m6-Notebook-PC.vivek.017390.0017: MainProcess                     : MainThread     : INFO    : Load resource configurations for ncsa.bw_aprun
2017-08-12 12:57:28,336: rp.session.vivek-HP-Pavilion-m6-Notebook-PC.vivek.017390.0017: MainProcess                     : MainThread     : INFO    : Load resource configurations for ncsa.bw_local_orte
2017-08-12 12:57:28,336: rp.session.vivek-HP-Pavilion-m6-Notebook-PC.vivek.017390.0017: MainProcess                     : MainThread     : INFO    : Load resource configurations from /home/vivek/Research/ves/test_entk/local/lib/python2.7/site-packages/radical/pilot/configs/resource_das5.json
2017-08-12 12:57:28,338: rp.session.vivek-HP-Pavilion-m6-Notebook-PC.vivek.017390.0017: MainProcess                     : MainThread     : INFO    : Load resource configurations for das5.fs1_ssh
2017-08-12 12:57:28,338: rp.session.vivek-HP-Pavilion-m6-Notebook-PC.vivek.017390.0017: MainProcess                     : MainThread     : INFO    : Load resource configurations from /home/vivek/Research/ves/test_entk/local/lib/python2.7/site-packages/radical/pilot/configs/resource_chameleon.json
2017-08-12 12:57:28,339: rp.session.vivek-HP-Pavilion-m6-Notebook-PC.vivek.017390.0017: MainProcess                     : MainThread     : INFO    : Load resource configurations for chameleon.cloud_vm_yarn
2017-08-12 12:57:28,340: rp.session.vivek-HP-Pavilion-m6-Notebook-PC.vivek.017390.0017: MainProcess                     : MainThread     : INFO    : Load resource configurations from /home/vivek/Research/ves/test_entk/local/lib/python2.7/site-packages/radical/pilot/configs/resource_stfc.json
2017-08-12 12:57:28,341: rp.session.vivek-HP-Pavilion-m6-Notebook-PC.vivek.017390.0017: MainProcess                     : MainThread     : INFO    : Load resource configurations for stfc.joule_runjob
2017-08-12 12:57:28,342: rp.session.vivek-HP-Pavilion-m6-Notebook-PC.vivek.017390.0017: MainProcess                     : MainThread     : INFO    : Load resource configurations from /home/vivek/Research/ves/test_entk/local/lib/python2.7/site-packages/radical/pilot/configs/resource_das4.json
2017-08-12 12:57:28,343: rp.session.vivek-HP-Pavilion-m6-Notebook-PC.vivek.017390.0017: MainProcess                     : MainThread     : INFO    : Load resource configurations for das4.fs2_ssh
2017-08-12 12:57:28,344: rp.session.vivek-HP-Pavilion-m6-Notebook-PC.vivek.017390.0017: MainProcess                     : MainThread     : INFO    : Load resource configurations from /home/vivek/Research/ves/test_entk/local/lib/python2.7/site-packages/radical/pilot/configs/resource_yale.json
2017-08-12 12:57:28,345: rp.session.vivek-HP-Pavilion-m6-Notebook-PC.vivek.017390.0017: MainProcess                     : MainThread     : INFO    : Load resource configurations for yale.grace_ssh
2017-08-12 12:57:28,346: rp.session.vivek-HP-Pavilion-m6-Notebook-PC.vivek.017390.0017: MainProcess                     : MainThread     : INFO    : Load resource configurations from /home/vivek/Research/ves/test_entk/local/lib/python2.7/site-packages/radical/pilot/configs/resource_ncar.json
2017-08-12 12:57:28,347: rp.session.vivek-HP-Pavilion-m6-Notebook-PC.vivek.017390.0017: MainProcess                     : MainThread     : INFO    : Load resource configurations for ncar.yellowstone_ssh
2017-08-12 12:57:28,347: rp.session.vivek-HP-Pavilion-m6-Notebook-PC.vivek.017390.0017: MainProcess                     : MainThread     : INFO    : Load resource configurations from /home/vivek/Research/ves/test_entk/local/lib/python2.7/site-packages/radical/pilot/configs/resource_iu.json
2017-08-12 12:57:28,350: rp.session.vivek-HP-Pavilion-m6-Notebook-PC.vivek.017390.0017: MainProcess                     : MainThread     : INFO    : Load resource configurations for iu.bigred2_ccm_ssh
2017-08-12 12:57:28,351: rp.session.vivek-HP-Pavilion-m6-Notebook-PC.vivek.017390.0017: MainProcess                     : MainThread     : INFO    : Load resource configurations for iu.bigred2_aprun
2017-08-12 12:57:28,351: rp.session.vivek-HP-Pavilion-m6-Notebook-PC.vivek.017390.0017: MainProcess                     : MainThread     : INFO    : Load resource configurations from /home/vivek/Research/ves/test_entk/local/lib/python2.7/site-packages/radical/pilot/configs/resource_osg.json
2017-08-12 12:57:28,355: rp.session.vivek-HP-Pavilion-m6-Notebook-PC.vivek.017390.0017: MainProcess                     : MainThread     : INFO    : Load resource configurations for osg.xsede-virt-clust
2017-08-12 12:57:28,355: rp.session.vivek-HP-Pavilion-m6-Notebook-PC.vivek.017390.0017: MainProcess                     : MainThread     : INFO    : Load resource configurations for osg.connect
2017-08-12 12:57:28,355: rp.session.vivek-HP-Pavilion-m6-Notebook-PC.vivek.017390.0017: MainProcess                     : MainThread     : INFO    : Load resource configurations from /home/vivek/Research/ves/test_entk/local/lib/python2.7/site-packages/radical/pilot/configs/resource_radical.json
2017-08-12 12:57:28,360: rp.session.vivek-HP-Pavilion-m6-Notebook-PC.vivek.017390.0017: MainProcess                     : MainThread     : INFO    : Load resource configurations for radical.two
2017-08-12 12:57:28,360: rp.session.vivek-HP-Pavilion-m6-Notebook-PC.vivek.017390.0017: MainProcess                     : MainThread     : INFO    : Load resource configurations for radical.tutorial
2017-08-12 12:57:28,361: rp.session.vivek-HP-Pavilion-m6-Notebook-PC.vivek.017390.0017: MainProcess                     : MainThread     : INFO    : Load resource configurations for radical.one
2017-08-12 12:57:28,361: rp.session.vivek-HP-Pavilion-m6-Notebook-PC.vivek.017390.0017: MainProcess                     : MainThread     : INFO    : Load resource configurations from /home/vivek/Research/ves/test_entk/local/lib/python2.7/site-packages/radical/pilot/configs/resource_lrz.json
2017-08-12 12:57:28,363: rp.session.vivek-HP-Pavilion-m6-Notebook-PC.vivek.017390.0017: MainProcess                     : MainThread     : INFO    : Load resource configurations for lrz.supermuc_ssh
2017-08-12 12:57:28,363: rp.session.vivek-HP-Pavilion-m6-Notebook-PC.vivek.017390.0017: MainProcess                     : MainThread     : INFO    : Load resource configurations from /home/vivek/Research/ves/test_entk/local/lib/python2.7/site-packages/radical/pilot/configs/resource_local.json
2017-08-12 12:57:28,372: rp.session.vivek-HP-Pavilion-m6-Notebook-PC.vivek.017390.0017: MainProcess                     : MainThread     : INFO    : Load resource configurations for local.localhost_orte
2017-08-12 12:57:28,373: rp.session.vivek-HP-Pavilion-m6-Notebook-PC.vivek.017390.0017: MainProcess                     : MainThread     : INFO    : Load resource configurations for local.localhost_anaconda
2017-08-12 12:57:28,373: rp.session.vivek-HP-Pavilion-m6-Notebook-PC.vivek.017390.0017: MainProcess                     : MainThread     : INFO    : Load resource configurations for local.localhost_ortelib
2017-08-12 12:57:28,374: rp.session.vivek-HP-Pavilion-m6-Notebook-PC.vivek.017390.0017: MainProcess                     : MainThread     : INFO    : Load resource configurations for local.localhost
2017-08-12 12:57:28,374: rp.session.vivek-HP-Pavilion-m6-Notebook-PC.vivek.017390.0017: MainProcess                     : MainThread     : INFO    : Load resource configurations for local.localhost_spark
2017-08-12 12:57:28,374: rp.session.vivek-HP-Pavilion-m6-Notebook-PC.vivek.017390.0017: MainProcess                     : MainThread     : INFO    : Load resource configurations for local.localhost_spark_anaconda
2017-08-12 12:57:28,375: rp.session.vivek-HP-Pavilion-m6-Notebook-PC.vivek.017390.0017: MainProcess                     : MainThread     : INFO    : Load resource configurations for local.localhost_yarn
2017-08-12 12:57:28,375: rp.session.vivek-HP-Pavilion-m6-Notebook-PC.vivek.017390.0017: MainProcess                     : MainThread     : INFO    : Load resource configurations from /home/vivek/Research/ves/test_entk/local/lib/python2.7/site-packages/radical/pilot/configs/resource_aliases.json
2017-08-12 12:57:28,375: rp.session.vivek-HP-Pavilion-m6-Notebook-PC.vivek.017390.0017: MainProcess                     : MainThread     : INFO    : Load resource configurations from /home/vivek/Research/ves/test_entk/local/lib/python2.7/site-packages/radical/pilot/configs/resource_fub.json
2017-08-12 12:57:28,377: rp.session.vivek-HP-Pavilion-m6-Notebook-PC.vivek.017390.0017: MainProcess                     : MainThread     : INFO    : Load resource configurations for fub.allegro_rsh
2017-08-12 12:57:28,377: rp.session.vivek-HP-Pavilion-m6-Notebook-PC.vivek.017390.0017: MainProcess                     : MainThread     : INFO    : Load resource configurations from /home/vivek/Research/ves/test_entk/local/lib/python2.7/site-packages/radical/pilot/configs/resource_xsede.json
2017-08-12 12:57:28,412: rp.session.vivek-HP-Pavilion-m6-Notebook-PC.vivek.017390.0017: MainProcess                     : MainThread     : INFO    : Load resource configurations for xsede.stampede2_ssh
2017-08-12 12:57:28,412: rp.session.vivek-HP-Pavilion-m6-Notebook-PC.vivek.017390.0017: MainProcess                     : MainThread     : INFO    : Load resource configurations for xsede.wrangler_spark
2017-08-12 12:57:28,413: rp.session.vivek-HP-Pavilion-m6-Notebook-PC.vivek.017390.0017: MainProcess                     : MainThread     : INFO    : Load resource configurations for xsede.stampede_yarn
2017-08-12 12:57:28,413: rp.session.vivek-HP-Pavilion-m6-Notebook-PC.vivek.017390.0017: MainProcess                     : MainThread     : INFO    : Load resource configurations for xsede.gordon_ssh
2017-08-12 12:57:28,414: rp.session.vivek-HP-Pavilion-m6-Notebook-PC.vivek.017390.0017: MainProcess                     : MainThread     : INFO    : Load resource configurations for xsede.stampede_ssh
2017-08-12 12:57:28,414: rp.session.vivek-HP-Pavilion-m6-Notebook-PC.vivek.017390.0017: MainProcess                     : MainThread     : INFO    : Load resource configurations for xsede.lonestar_ssh
2017-08-12 12:57:28,414: rp.session.vivek-HP-Pavilion-m6-Notebook-PC.vivek.017390.0017: MainProcess                     : MainThread     : INFO    : Load resource configurations for xsede.supermic_spark
2017-08-12 12:57:28,415: rp.session.vivek-HP-Pavilion-m6-Notebook-PC.vivek.017390.0017: MainProcess                     : MainThread     : INFO    : Load resource configurations for xsede.wrangler_ssh
2017-08-12 12:57:28,415: rp.session.vivek-HP-Pavilion-m6-Notebook-PC.vivek.017390.0017: MainProcess                     : MainThread     : INFO    : Load resource configurations for xsede.wrangler_yarn
2017-08-12 12:57:28,416: rp.session.vivek-HP-Pavilion-m6-Notebook-PC.vivek.017390.0017: MainProcess                     : MainThread     : INFO    : Load resource configurations for xsede.bridges
2017-08-12 12:57:28,416: rp.session.vivek-HP-Pavilion-m6-Notebook-PC.vivek.017390.0017: MainProcess                     : MainThread     : INFO    : Load resource configurations for xsede.supermic_ssh
2017-08-12 12:57:28,417: rp.session.vivek-HP-Pavilion-m6-Notebook-PC.vivek.017390.0017: MainProcess                     : MainThread     : INFO    : Load resource configurations for xsede.stampede_orte
2017-08-12 12:57:28,417: rp.session.vivek-HP-Pavilion-m6-Notebook-PC.vivek.017390.0017: MainProcess                     : MainThread     : INFO    : Load resource configurations for xsede.greenfield
2017-08-12 12:57:28,418: rp.session.vivek-HP-Pavilion-m6-Notebook-PC.vivek.017390.0017: MainProcess                     : MainThread     : INFO    : Load resource configurations for xsede.comet_spark
2017-08-12 12:57:28,418: rp.session.vivek-HP-Pavilion-m6-Notebook-PC.vivek.017390.0017: MainProcess                     : MainThread     : INFO    : Load resource configurations for xsede.trestles_ssh
2017-08-12 12:57:28,418: rp.session.vivek-HP-Pavilion-m6-Notebook-PC.vivek.017390.0017: MainProcess                     : MainThread     : INFO    : Load resource configurations for xsede.comet_ssh
2017-08-12 12:57:28,419: rp.session.vivek-HP-Pavilion-m6-Notebook-PC.vivek.017390.0017: MainProcess                     : MainThread     : INFO    : Load resource configurations for xsede.stampede_spark
2017-08-12 12:57:28,419: rp.session.vivek-HP-Pavilion-m6-Notebook-PC.vivek.017390.0017: MainProcess                     : MainThread     : INFO    : Load resource configurations for xsede.comet_orte
2017-08-12 12:57:28,420: rp.session.vivek-HP-Pavilion-m6-Notebook-PC.vivek.017390.0017: MainProcess                     : MainThread     : INFO    : Load resource configurations for xsede.comet_ortelib
2017-08-12 12:57:28,420: rp.session.vivek-HP-Pavilion-m6-Notebook-PC.vivek.017390.0017: MainProcess                     : MainThread     : INFO    : Load resource configurations for xsede.blacklight_ssh
2017-08-12 12:57:28,421: rp.session.vivek-HP-Pavilion-m6-Notebook-PC.vivek.017390.0017: MainProcess                     : MainThread     : INFO    : Load resource configurations for xsede.stampede_ortelib
2017-08-12 12:57:28,421: rp.session.vivek-HP-Pavilion-m6-Notebook-PC.vivek.017390.0017: MainProcess                     : MainThread     : INFO    : Load resource configurations from /home/vivek/Research/ves/test_entk/local/lib/python2.7/site-packages/radical/pilot/configs/resource_futuregrid.json
2017-08-12 12:57:28,431: rp.session.vivek-HP-Pavilion-m6-Notebook-PC.vivek.017390.0017: MainProcess                     : MainThread     : INFO    : Load resource configurations for futuregrid.delta_ssh
2017-08-12 12:57:28,432: rp.session.vivek-HP-Pavilion-m6-Notebook-PC.vivek.017390.0017: MainProcess                     : MainThread     : INFO    : Load resource configurations for futuregrid.india_ssh
2017-08-12 12:57:28,432: rp.session.vivek-HP-Pavilion-m6-Notebook-PC.vivek.017390.0017: MainProcess                     : MainThread     : INFO    : Load resource configurations for futuregrid.echo_ssh
2017-08-12 12:57:28,432: rp.session.vivek-HP-Pavilion-m6-Notebook-PC.vivek.017390.0017: MainProcess                     : MainThread     : INFO    : Load resource configurations for futuregrid.xray_ccm
2017-08-12 12:57:28,433: rp.session.vivek-HP-Pavilion-m6-Notebook-PC.vivek.017390.0017: MainProcess                     : MainThread     : INFO    : Load resource configurations for futuregrid.bravo_ssh
2017-08-12 12:57:28,433: rp.session.vivek-HP-Pavilion-m6-Notebook-PC.vivek.017390.0017: MainProcess                     : MainThread     : INFO    : Load resource configurations for futuregrid.xray_aprun
2017-08-12 12:57:28,434: rp.session.vivek-HP-Pavilion-m6-Notebook-PC.vivek.017390.0017: MainProcess                     : MainThread     : INFO    : Load resource configurations from /home/vivek/Research/ves/test_entk/local/lib/python2.7/site-packages/radical/pilot/configs/resource_epsrc.json
2017-08-12 12:57:28,437: rp.session.vivek-HP-Pavilion-m6-Notebook-PC.vivek.017390.0017: MainProcess                     : MainThread     : INFO    : Load resource configurations for epsrc.archer_orte
2017-08-12 12:57:28,438: rp.session.vivek-HP-Pavilion-m6-Notebook-PC.vivek.017390.0017: MainProcess                     : MainThread     : INFO    : Load resource configurations for epsrc.archer_aprun
2017-08-12 12:57:28,679: rp.session.vivek-HP-Pavilion-m6-Notebook-PC.vivek.017390.0017: MainProcess                     : MainThread     : INFO    : New Session created: rp.session.vivek-HP-Pavilion-m6-Notebook-PC.vivek.017390.0017.
2017-08-12 12:57:28,680: rp.session.vivek-HP-Pavilion-m6-Notebook-PC.vivek.017390.0017: MainProcess                     : MainThread     : DEBUG   : start bridges   : {u'control_pubsub': {u'bulk_size': 0, u'log_level': u'debug', u'stall_hwm': 1},
 u'log_pubsub': {u'bulk_size': 0, u'log_level': u'debug', u'stall_hwm': 1},
 u'state_pubsub': {u'bulk_size': 0, u'log_level': u'debug', u'stall_hwm': 1}}
2017-08-12 12:57:28,680: rp.session.vivek-HP-Pavilion-m6-Notebook-PC.vivek.017390.0017: MainProcess                     : MainThread     : INFO    : create bridge control_pubsub
2017-08-12 12:57:28,713: rp.session.vivek-HP-Pavilion-m6-Notebook-PC.vivek.017390.0017: MainProcess                     : MainThread     : INFO    : created bridge control_pubsub (control.pubsub.bridge.0000)
2017-08-12 12:57:28,713: rp.session.vivek-HP-Pavilion-m6-Notebook-PC.vivek.017390.0017: MainProcess                     : MainThread     : INFO    : create bridge state_pubsub
2017-08-12 12:57:28,731: rp.session.vivek-HP-Pavilion-m6-Notebook-PC.vivek.017390.0017: MainProcess                     : MainThread     : INFO    : created bridge state_pubsub (state.pubsub.bridge.0000)
2017-08-12 12:57:28,731: rp.session.vivek-HP-Pavilion-m6-Notebook-PC.vivek.017390.0017: MainProcess                     : MainThread     : INFO    : create bridge log_pubsub
2017-08-12 12:57:28,749: rp.session.vivek-HP-Pavilion-m6-Notebook-PC.vivek.017390.0017: MainProcess                     : MainThread     : INFO    : created bridge log_pubsub (log.pubsub.bridge.0000)
2017-08-12 12:57:28,749: rp.session.vivek-HP-Pavilion-m6-Notebook-PC.vivek.017390.0017: MainProcess                     : MainThread     : DEBUG   : start components: {u'UpdateWorker': {u'count': 1}}
2017-08-12 12:57:28,750: rp.session.vivek-HP-Pavilion-m6-Notebook-PC.vivek.017390.0017: MainProcess                     : MainThread     : DEBUG   : start 1 component(s) UpdateWorker
2017-08-12 12:57:28,923: rp.session.vivek-HP-Pavilion-m6-Notebook-PC.vivek.017390.0017: MainProcess                     : MainThread     : INFO    : rp.session.vivek-HP-Pavilion-m6-Notebook-PC.vivek.017390.0017 starts update.0
2017-08-12 12:57:29,054: rp.session.vivek-HP-Pavilion-m6-Notebook-PC.vivek.017390.0017: MainProcess                     : MainThread     : WARNING : using alias 'xsede.supermic_ssh' for deprecated resource key 'xsede.supermic'
2017-08-12 12:57:29,055: rp.session.vivek-HP-Pavilion-m6-Notebook-PC.vivek.017390.0017: MainProcess                     : MainThread     : DEBUG   : rsup.PTYShell('gsissh://supermic.cct-lsu.xsede.org:2222/')
2017-08-12 12:57:32,876: rp.session.vivek-HP-Pavilion-m6-Notebook-PC.vivek.017390.0017: MainProcess                     : MainThread     : DEBUG   : sandbox base gsissh://supermic.cct-lsu.xsede.org:2222/: '/work/vivek91'
2017-08-12 12:57:32,990: rp.session.vivek-HP-Pavilion-m6-Notebook-PC.vivek.017390.0017: MainProcess                     : MainThread     : DEBUG   : bulk pilot insert result: {'nModified': 0, 'nUpserted': 0, 'nMatched': 0, 'writeErrors': [], 'upserted': [], 'writeConcernErrors': [], 'nRemoved': 0, 'nInserted': 1}
2017-08-12 12:57:32,995: rp.session.vivek-HP-Pavilion-m6-Notebook-PC.vivek.017390.0017: pmgr.launching.0                : MainThread     : WARNING : using alias 'xsede.supermic_ssh' for deprecated resource key 'xsede.supermic'
2017-08-12 12:57:32,999: rp.session.vivek-HP-Pavilion-m6-Notebook-PC.vivek.017390.0017: pmgr.launching.0                : MainThread     : WARNING : using alias 'xsede.supermic_ssh' for deprecated resource key 'xsede.supermic'
2017-08-12 12:57:33,000: rp.session.vivek-HP-Pavilion-m6-Notebook-PC.vivek.017390.0017: pmgr.launching.0                : MainThread     : DEBUG   : rsup.PTYShell('gsissh://supermic.cct-lsu.xsede.org:2222/')
2017-08-12 12:57:34,442: rp.session.vivek-HP-Pavilion-m6-Notebook-PC.vivek.017390.0017: pmgr.launching.0                : MainThread     : DEBUG   : sandbox base gsissh://supermic.cct-lsu.xsede.org:2222/: '/work/vivek91'
2017-08-12 12:58:46,088: rp.session.vivek-HP-Pavilion-m6-Notebook-PC.vivek.017390.0017: task-manager                    : MainThread     : DEBUG   : bulk unit insert result: {'nModified': 0, 'nUpserted': 0, 'nMatched': 0, 'writeErrors': [], 'upserted': [], 'writeConcernErrors': [], 'nRemoved': 0, 'nInserted': 1}
2017-08-12 12:58:46,172: rp.session.vivek-HP-Pavilion-m6-Notebook-PC.vivek.017390.0017: task-manager                    : MainThread     : DEBUG   : bulk unit insert result: {'nModified': 0, 'nUpserted': 0, 'nMatched': 0, 'writeErrors': [], 'upserted': [], 'writeConcernErrors': [], 'nRemoved': 0, 'nInserted': 1}
2017-08-12 12:58:46,252: rp.session.vivek-HP-Pavilion-m6-Notebook-PC.vivek.017390.0017: task-manager                    : MainThread     : DEBUG   : bulk unit insert result: {'nModified': 0, 'nUpserted': 0, 'nMatched': 0, 'writeErrors': [], 'upserted': [], 'writeConcernErrors': [], 'nRemoved': 0, 'nInserted': 1}
2017-08-12 12:58:46,302: rp.session.vivek-HP-Pavilion-m6-Notebook-PC.vivek.017390.0017: task-manager                    : MainThread     : DEBUG   : bulk unit insert result: {'nModified': 0, 'nUpserted': 0, 'nMatched': 0, 'writeErrors': [], 'upserted': [], 'writeConcernErrors': [], 'nRemoved': 0, 'nInserted': 1}
2017-08-12 12:58:46,359: rp.session.vivek-HP-Pavilion-m6-Notebook-PC.vivek.017390.0017: task-manager                    : MainThread     : DEBUG   : bulk unit insert result: {'nModified': 0, 'nUpserted': 0, 'nMatched': 0, 'writeErrors': [], 'upserted': [], 'writeConcernErrors': [], 'nRemoved': 0, 'nInserted': 1}
2017-08-12 12:58:46,454: rp.session.vivek-HP-Pavilion-m6-Notebook-PC.vivek.017390.0017: task-manager                    : MainThread     : DEBUG   : bulk unit insert result: {'nModified': 0, 'nUpserted': 0, 'nMatched': 0, 'writeErrors': [], 'upserted': [], 'writeConcernErrors': [], 'nRemoved': 0, 'nInserted': 1}
2017-08-12 12:58:46,512: rp.session.vivek-HP-Pavilion-m6-Notebook-PC.vivek.017390.0017: task-manager                    : MainThread     : DEBUG   : bulk unit insert result: {'nModified': 0, 'nUpserted': 0, 'nMatched': 0, 'writeErrors': [], 'upserted': [], 'writeConcernErrors': [], 'nRemoved': 0, 'nInserted': 1}
2017-08-12 12:58:46,573: rp.session.vivek-HP-Pavilion-m6-Notebook-PC.vivek.017390.0017: task-manager                    : MainThread     : DEBUG   : bulk unit insert result: {'nModified': 0, 'nUpserted': 0, 'nMatched': 0, 'writeErrors': [], 'upserted': [], 'writeConcernErrors': [], 'nRemoved': 0, 'nInserted': 1}
2017-08-12 12:58:46,644: rp.session.vivek-HP-Pavilion-m6-Notebook-PC.vivek.017390.0017: task-manager                    : MainThread     : DEBUG   : bulk unit insert result: {'nModified': 0, 'nUpserted': 0, 'nMatched': 0, 'writeErrors': [], 'upserted': [], 'writeConcernErrors': [], 'nRemoved': 0, 'nInserted': 1}
2017-08-12 12:58:46,694: rp.session.vivek-HP-Pavilion-m6-Notebook-PC.vivek.017390.0017: task-manager                    : MainThread     : DEBUG   : bulk unit insert result: {'nModified': 0, 'nUpserted': 0, 'nMatched': 0, 'writeErrors': [], 'upserted': [], 'writeConcernErrors': [], 'nRemoved': 0, 'nInserted': 1}
2017-08-12 13:02:51,922: rp.session.vivek-HP-Pavilion-m6-Notebook-PC.vivek.017390.0017: task-manager                    : MainThread     : DEBUG   : bulk unit insert result: {'nModified': 0, 'nUpserted': 0, 'nMatched': 0, 'writeErrors': [], 'upserted': [], 'writeConcernErrors': [], 'nRemoved': 0, 'nInserted': 1}
2017-08-12 13:03:07,271: rp.session.vivek-HP-Pavilion-m6-Notebook-PC.vivek.017390.0017: MainProcess                     : MainThread     : DEBUG   : session rp.session.vivek-HP-Pavilion-m6-Notebook-PC.vivek.017390.0017 closing
2017-08-12 13:03:07,272: rp.session.vivek-HP-Pavilion-m6-Notebook-PC.vivek.017390.0017: MainProcess                     : MainThread     : DEBUG   : session rp.session.vivek-HP-Pavilion-m6-Notebook-PC.vivek.017390.0017 closes pmgr   pmgr.0000
2017-08-12 13:03:07,748: rp.session.vivek-HP-Pavilion-m6-Notebook-PC.vivek.017390.0017: MainProcess                     : MainThread     : DEBUG   : session rp.session.vivek-HP-Pavilion-m6-Notebook-PC.vivek.017390.0017 closed pmgr   pmgr.0000
2017-08-12 13:03:07,749: rp.session.vivek-HP-Pavilion-m6-Notebook-PC.vivek.017390.0017: MainProcess                     : MainThread     : DEBUG   : session rp.session.vivek-HP-Pavilion-m6-Notebook-PC.vivek.017390.0017 closes comp   update.0
2017-08-12 13:03:07,896: rp.session.vivek-HP-Pavilion-m6-Notebook-PC.vivek.017390.0017: MainProcess                     : MainThread     : DEBUG   : session rp.session.vivek-HP-Pavilion-m6-Notebook-PC.vivek.017390.0017 closed comp   update.0
2017-08-12 13:03:07,896: rp.session.vivek-HP-Pavilion-m6-Notebook-PC.vivek.017390.0017: MainProcess                     : MainThread     : DEBUG   : session rp.session.vivek-HP-Pavilion-m6-Notebook-PC.vivek.017390.0017 closes bridge control.pubsub.bridge.0000
2017-08-12 13:03:08,119: rp.session.vivek-HP-Pavilion-m6-Notebook-PC.vivek.017390.0017: MainProcess                     : MainThread     : DEBUG   : session rp.session.vivek-HP-Pavilion-m6-Notebook-PC.vivek.017390.0017 closed bridge control.pubsub.bridge.0000
2017-08-12 13:03:08,119: rp.session.vivek-HP-Pavilion-m6-Notebook-PC.vivek.017390.0017: MainProcess                     : MainThread     : DEBUG   : session rp.session.vivek-HP-Pavilion-m6-Notebook-PC.vivek.017390.0017 closes bridge state.pubsub.bridge.0000
2017-08-12 13:03:08,292: rp.session.vivek-HP-Pavilion-m6-Notebook-PC.vivek.017390.0017: MainProcess                     : MainThread     : DEBUG   : session rp.session.vivek-HP-Pavilion-m6-Notebook-PC.vivek.017390.0017 closed bridge state.pubsub.bridge.0000
2017-08-12 13:03:08,293: rp.session.vivek-HP-Pavilion-m6-Notebook-PC.vivek.017390.0017: MainProcess                     : MainThread     : DEBUG   : session rp.session.vivek-HP-Pavilion-m6-Notebook-PC.vivek.017390.0017 closes bridge log.pubsub.bridge.0000
2017-08-12 13:03:08,516: rp.session.vivek-HP-Pavilion-m6-Notebook-PC.vivek.017390.0017: MainProcess                     : MainThread     : DEBUG   : session rp.session.vivek-HP-Pavilion-m6-Notebook-PC.vivek.017390.0017 closed bridge log.pubsub.bridge.0000
2017-08-12 13:03:08,516: rp.session.vivek-HP-Pavilion-m6-Notebook-PC.vivek.017390.0017: MainProcess                     : MainThread     : DEBUG   : session rp.session.vivek-HP-Pavilion-m6-Notebook-PC.vivek.017390.0017 closes db (False)
2017-08-12 13:03:08,516: rp.session.vivek-HP-Pavilion-m6-Notebook-PC.vivek.017390.0017: MainProcess                     : MainThread     : DEBUG   : session rp.session.vivek-HP-Pavilion-m6-Notebook-PC.vivek.017390.0017 closed (delete=False)
