2017-08-12 12:58:45,663: state.pubsub.pub.0003: umgr.staging.input.0            : MainThread     : INFO    : python.interpreter   version: 2.7.12 (default, Nov 19 2016, 06:48:10) [GCC 5.4.0 20160609]
2017-08-12 12:58:45,664: state.pubsub.pub.0003: umgr.staging.input.0            : MainThread     : INFO    :                      pid: 18191
2017-08-12 12:58:45,664: state.pubsub.pub.0003: umgr.staging.input.0            : MainThread     : INFO    :                      tid: MainThread
2017-08-12 12:58:45,664: state.pubsub.pub.0003: umgr.staging.input.0            : MainThread     : INFO    : radical.pilot        version: 0.46-v0.46.RC2@HEAD-detached-at-v0.46.RC2
2017-08-12 12:58:45,664: state.pubsub.pub.0003: umgr.staging.input.0            : MainThread     : INFO    : create state_pubsub - pub - tcp://192.168.1.14:40003
2017-08-12 12:58:45,665: state.pubsub.pub.0003: umgr.staging.input.0            : MainThread     : DEBUG   : start process
2017-08-12 12:58:45,665: state.pubsub.pub.0003: umgr.staging.input.0            : MainThread     : DEBUG   : ru_initialize_common (NOOP)
2017-08-12 12:58:45,665: state.pubsub.pub.0003: umgr.staging.input.0            : MainThread     : DEBUG   : ru_initialize_parent (NOOP)
2017-08-12 12:58:45,665: state.pubsub.pub.0003: umgr.staging.input.0            : MainThread     : DEBUG   : process class started (no child)
2017-08-12 12:58:45,707: state.pubsub.pub.0003: task-manager                    : MainThread     : INFO    : python.interpreter   version: 2.7.12 (default, Nov 19 2016, 06:48:10) [GCC 5.4.0 20160609]
2017-08-12 12:58:45,707: state.pubsub.pub.0003: task-manager                    : MainThread     : INFO    :                      pid: 18159
2017-08-12 12:58:45,707: state.pubsub.pub.0003: task-manager                    : MainThread     : INFO    :                      tid: MainThread
2017-08-12 12:58:45,708: state.pubsub.pub.0003: task-manager                    : MainThread     : INFO    : radical.pilot        version: 0.46-v0.46.RC2@HEAD-detached-at-v0.46.RC2
2017-08-12 12:58:45,708: state.pubsub.pub.0003: task-manager                    : MainThread     : INFO    : create state_pubsub - pub - tcp://192.168.1.14:40003
2017-08-12 12:58:45,708: state.pubsub.pub.0003: task-manager                    : MainThread     : DEBUG   : start process
2017-08-12 12:58:45,708: state.pubsub.pub.0003: task-manager                    : MainThread     : DEBUG   : ru_initialize_common (NOOP)
2017-08-12 12:58:45,708: state.pubsub.pub.0003: task-manager                    : MainThread     : DEBUG   : ru_initialize_parent (NOOP)
2017-08-12 12:58:45,709: state.pubsub.pub.0003: task-manager                    : MainThread     : DEBUG   : process class started (no child)
2017-08-12 13:02:58,981: state.pubsub.pub.0003: umgr.staging.input.0            : MainThread     : INFO    : parent stops child
2017-08-12 13:02:58,981: state.pubsub.pub.0003: umgr.staging.input.0            : MainThread     : DEBUG   : ru_finalize_parent (NOOP)
