2017-08-12 12:58:45,741: state.pubsub.pub.0004: umgr.staging.output.0           : MainThread     : INFO    : python.interpreter   version: 2.7.12 (default, Nov 19 2016, 06:48:10) [GCC 5.4.0 20160609]
2017-08-12 12:58:45,741: state.pubsub.pub.0004: umgr.staging.output.0           : MainThread     : INFO    :                      pid: 18211
2017-08-12 12:58:45,742: state.pubsub.pub.0004: umgr.staging.output.0           : MainThread     : INFO    :                      tid: MainThread
2017-08-12 12:58:45,742: state.pubsub.pub.0004: umgr.staging.output.0           : MainThread     : INFO    : radical.pilot        version: 0.46-v0.46.RC2@HEAD-detached-at-v0.46.RC2
2017-08-12 12:58:45,742: state.pubsub.pub.0004: umgr.staging.output.0           : MainThread     : INFO    : create state_pubsub - pub - tcp://192.168.1.14:40003
2017-08-12 12:58:45,760: state.pubsub.pub.0004: umgr.staging.output.0           : MainThread     : DEBUG   : start process
2017-08-12 12:58:45,760: state.pubsub.pub.0004: umgr.staging.output.0           : MainThread     : DEBUG   : ru_initialize_common (NOOP)
2017-08-12 12:58:45,760: state.pubsub.pub.0004: umgr.staging.output.0           : MainThread     : DEBUG   : ru_initialize_parent (NOOP)
2017-08-12 12:58:45,760: state.pubsub.pub.0004: umgr.staging.output.0           : MainThread     : DEBUG   : process class started (no child)
2017-08-12 12:58:45,788: state.pubsub.pub.0004: task-manager                    : MainThread     : INFO    : python.interpreter   version: 2.7.12 (default, Nov 19 2016, 06:48:10) [GCC 5.4.0 20160609]
2017-08-12 12:58:45,812: state.pubsub.pub.0004: task-manager                    : MainThread     : INFO    :                      pid: 18159
2017-08-12 12:58:45,812: state.pubsub.pub.0004: task-manager                    : MainThread     : INFO    :                      tid: MainThread
2017-08-12 12:58:45,813: state.pubsub.pub.0004: task-manager                    : MainThread     : INFO    : radical.pilot        version: 0.46-v0.46.RC2@HEAD-detached-at-v0.46.RC2
2017-08-12 12:58:45,813: state.pubsub.pub.0004: task-manager                    : MainThread     : INFO    : create state_pubsub - pub - tcp://192.168.1.14:40003
2017-08-12 12:58:45,814: state.pubsub.pub.0004: task-manager                    : MainThread     : DEBUG   : start process
2017-08-12 12:58:45,814: state.pubsub.pub.0004: task-manager                    : MainThread     : DEBUG   : ru_initialize_common (NOOP)
2017-08-12 12:58:45,814: state.pubsub.pub.0004: task-manager                    : MainThread     : DEBUG   : ru_initialize_parent (NOOP)
2017-08-12 12:58:45,815: state.pubsub.pub.0004: task-manager                    : MainThread     : DEBUG   : process class started (no child)
2017-08-12 13:02:59,777: state.pubsub.pub.0004: umgr.staging.output.0           : MainThread     : INFO    : parent stops child
2017-08-12 13:02:59,777: state.pubsub.pub.0004: umgr.staging.output.0           : MainThread     : DEBUG   : ru_finalize_parent (NOOP)
