2017-08-12 12:58:45,469: umgr.reschedule.pubsub.bridge.0000: task-manager                    : MainThread     : INFO    : python.interpreter   version: 2.7.12 (default, Nov 19 2016, 06:48:10) [GCC 5.4.0 20160609]
2017-08-12 12:58:45,470: umgr.reschedule.pubsub.bridge.0000: task-manager                    : MainThread     : INFO    :                      pid: 18159
2017-08-12 12:58:45,470: umgr.reschedule.pubsub.bridge.0000: task-manager                    : MainThread     : INFO    :                      tid: MainThread
2017-08-12 12:58:45,471: umgr.reschedule.pubsub.bridge.0000: task-manager                    : MainThread     : INFO    : radical.pilot        version: 0.46-v0.46.RC2@HEAD-detached-at-v0.46.RC2
2017-08-12 12:58:45,471: umgr.reschedule.pubsub.bridge.0000: task-manager                    : MainThread     : INFO    : create umgr_reschedule_pubsub - bridge - tcp://*:*
2017-08-12 12:58:45,472: umgr.reschedule.pubsub.bridge.0000: task-manager                    : MainThread     : DEBUG   : start process
2017-08-12 12:58:45,481: umgr.reschedule.pubsub.bridge.0000: umgr.reschedule.pubsub.bridge.0000: MainThread     : DEBUG   : ru_initialize_common (NOOP)
2017-08-12 12:58:45,488: umgr.reschedule.pubsub.bridge.0000: umgr.reschedule.pubsub.bridge.0000.child: MainThread     : INFO    : child (me) initializing
2017-08-12 12:58:45,488: umgr.reschedule.pubsub.bridge.0000: umgr.reschedule.pubsub.bridge.0000.child: MainThread     : DEBUG   : parent name: umgr.reschedule.pubsub.bridge.0000.child.watch
2017-08-12 12:58:45,488: umgr.reschedule.pubsub.bridge.0000: umgr.reschedule.pubsub.bridge.0000.child: MainThread     : DEBUG   : start thread
2017-08-12 12:58:45,489: umgr.reschedule.pubsub.bridge.0000: umgr.reschedule.pubsub.bridge.0000.child: umgr.reschedule.pubsub.bridge.0000.child.watch: DEBUG   : child name: umgr.reschedule.pubsub.bridge.0000.child.watch.thread
2017-08-12 12:58:45,489: umgr.reschedule.pubsub.bridge.0000: umgr.reschedule.pubsub.bridge.0000.child: umgr.reschedule.pubsub.bridge.0000.child.watch: INFO    : child (me) initializing
2017-08-12 12:58:45,489: umgr.reschedule.pubsub.bridge.0000: umgr.reschedule.pubsub.bridge.0000.child: umgr.reschedule.pubsub.bridge.0000.child.watch: DEBUG   : ru_initialize_common (NOOP)
2017-08-12 12:58:45,489: umgr.reschedule.pubsub.bridge.0000: umgr.reschedule.pubsub.bridge.0000.child: umgr.reschedule.pubsub.bridge.0000.child.watch: DEBUG   : ru_initialize_child (NOOP)
2017-08-12 12:58:45,489: umgr.reschedule.pubsub.bridge.0000: umgr.reschedule.pubsub.bridge.0000.child: umgr.reschedule.pubsub.bridge.0000.child.watch: INFO    : send alive
2017-08-12 12:58:45,489: umgr.reschedule.pubsub.bridge.0000: umgr.reschedule.pubsub.bridge.0000.child: umgr.reschedule.pubsub.bridge.0000.child.watch: INFO    : put message: [umgr.reschedule.pubsub.bridge.0000.child.watch.thread] alive
2017-08-12 12:58:45,490: umgr.reschedule.pubsub.bridge.0000: umgr.reschedule.pubsub.bridge.0000.child: MainThread     : INFO    : get msg: alive
2017-08-12 12:58:45,490: umgr.reschedule.pubsub.bridge.0000: umgr.reschedule.pubsub.bridge.0000.child: MainThread     : DEBUG   : ru_initialize_common (NOOP)
2017-08-12 12:58:45,490: umgr.reschedule.pubsub.bridge.0000: umgr.reschedule.pubsub.bridge.0000.child: MainThread     : DEBUG   : ru_initialize_parent (NOOP)
2017-08-12 12:58:45,490: umgr.reschedule.pubsub.bridge.0000: umgr.reschedule.pubsub.bridge.0000.child: MainThread     : DEBUG   : child thread umgr.reschedule.pubsub.bridge.0000.child.watch started
2017-08-12 12:58:45,490: umgr.reschedule.pubsub.bridge.0000: umgr.reschedule.pubsub.bridge.0000.child: MainThread     : INFO    : child (me) is alive
2017-08-12 12:58:45,491: umgr.reschedule.pubsub.bridge.0000: umgr.reschedule.pubsub.bridge.0000.child: MainThread     : INFO    : send alive
2017-08-12 12:58:45,491: umgr.reschedule.pubsub.bridge.0000: umgr.reschedule.pubsub.bridge.0000.child: MainThread     : INFO    : send message: [umgr.reschedule.pubsub.bridge.0000.child] alive
2017-08-12 12:58:45,491: umgr.reschedule.pubsub.bridge.0000: task-manager                    : MainThread     : INFO    : recv message: alive
2017-08-12 12:58:45,491: umgr.reschedule.pubsub.bridge.0000: task-manager                    : MainThread     : DEBUG   : ru_initialize_common (NOOP)
2017-08-12 12:58:45,491: umgr.reschedule.pubsub.bridge.0000: task-manager                    : MainThread     : DEBUG   : ru_initialize_parent (NOOP)
2017-08-12 12:58:45,491: umgr.reschedule.pubsub.bridge.0000: task-manager                    : MainThread     : DEBUG   : parent name: umgr.reschedule.pubsub.bridge.0000.watch
2017-08-12 12:58:45,492: umgr.reschedule.pubsub.bridge.0000: task-manager                    : MainThread     : DEBUG   : start thread
2017-08-12 12:58:45,494: umgr.reschedule.pubsub.bridge.0000: task-manager                    : umgr.reschedule.pubsub.bridge.0000.watch: DEBUG   : child name: umgr.reschedule.pubsub.bridge.0000.watch.thread
2017-08-12 12:58:45,494: umgr.reschedule.pubsub.bridge.0000: task-manager                    : umgr.reschedule.pubsub.bridge.0000.watch: INFO    : child (me) initializing
2017-08-12 12:58:45,495: umgr.reschedule.pubsub.bridge.0000: task-manager                    : umgr.reschedule.pubsub.bridge.0000.watch: DEBUG   : ru_initialize_common (NOOP)
2017-08-12 12:58:45,495: umgr.reschedule.pubsub.bridge.0000: task-manager                    : umgr.reschedule.pubsub.bridge.0000.watch: DEBUG   : ru_initialize_child (NOOP)
2017-08-12 12:58:45,495: umgr.reschedule.pubsub.bridge.0000: task-manager                    : umgr.reschedule.pubsub.bridge.0000.watch: INFO    : send alive
2017-08-12 12:58:45,495: umgr.reschedule.pubsub.bridge.0000: task-manager                    : umgr.reschedule.pubsub.bridge.0000.watch: INFO    : put message: [umgr.reschedule.pubsub.bridge.0000.watch.thread] alive
2017-08-12 12:58:45,499: umgr.reschedule.pubsub.bridge.0000: task-manager                    : MainThread     : INFO    : get msg: alive
2017-08-12 12:58:45,500: umgr.reschedule.pubsub.bridge.0000: task-manager                    : MainThread     : DEBUG   : ru_initialize_common (NOOP)
2017-08-12 12:58:45,500: umgr.reschedule.pubsub.bridge.0000: task-manager                    : MainThread     : DEBUG   : ru_initialize_parent (NOOP)
2017-08-12 12:58:45,500: umgr.reschedule.pubsub.bridge.0000: task-manager                    : MainThread     : DEBUG   : child thread umgr.reschedule.pubsub.bridge.0000.watch started
2017-08-12 12:58:45,500: umgr.reschedule.pubsub.bridge.0000: task-manager                    : MainThread     : INFO    : child is alive
2017-08-12 12:58:45,501: umgr.reschedule.pubsub.bridge.0000: task-manager                    : MainThread     : DEBUG   : process class started child
2017-08-12 13:02:59,763: umgr.reschedule.pubsub.bridge.0000: umgr.reschedule.pubsub.bridge.0000.child: MainThread     : DEBUG   : ru_finalize_child (NOOP)
2017-08-12 13:02:59,765: umgr.reschedule.pubsub.bridge.0000: umgr.reschedule.pubsub.bridge.0000.child: MainThread     : INFO    : send message: [umgr.reschedule.pubsub.bridge.0000.child] terminating
2017-08-12 13:02:59,818: umgr.reschedule.pubsub.bridge.0000: umgr.reschedule.pubsub.bridge.0000.child: umgr.reschedule.pubsub.bridge.0000.child.watch: INFO    : watcher closes
2017-08-12 13:02:59,818: umgr.reschedule.pubsub.bridge.0000: umgr.reschedule.pubsub.bridge.0000.child: umgr.reschedule.pubsub.bridge.0000.child.watch: INFO    : put message: [umgr.reschedule.pubsub.bridge.0000.child.watch.thread] work finished
2017-08-12 13:02:59,818: umgr.reschedule.pubsub.bridge.0000: umgr.reschedule.pubsub.bridge.0000.child: umgr.reschedule.pubsub.bridge.0000.child.watch: DEBUG   : ru_finalize_child (NOOP)
2017-08-12 13:02:59,819: umgr.reschedule.pubsub.bridge.0000: umgr.reschedule.pubsub.bridge.0000.child: umgr.reschedule.pubsub.bridge.0000.child.watch: DEBUG   : ru_finalize_common (NOOP)
2017-08-12 13:02:59,819: umgr.reschedule.pubsub.bridge.0000: umgr.reschedule.pubsub.bridge.0000.child: umgr.reschedule.pubsub.bridge.0000.child.watch: INFO    : put message: [umgr.reschedule.pubsub.bridge.0000.child.watch.thread] terminating
