2017-08-12 12:58:45,503: umgr.staging.input.queue.bridge.0000: task-manager                    : MainThread     : INFO    : python.interpreter   version: 2.7.12 (default, Nov 19 2016, 06:48:10) [GCC 5.4.0 20160609]
2017-08-12 12:58:45,504: umgr.staging.input.queue.bridge.0000: task-manager                    : MainThread     : INFO    :                      pid: 18159
2017-08-12 12:58:45,504: umgr.staging.input.queue.bridge.0000: task-manager                    : MainThread     : INFO    :                      tid: MainThread
2017-08-12 12:58:45,504: umgr.staging.input.queue.bridge.0000: task-manager                    : MainThread     : INFO    : radical.pilot        version: 0.46-v0.46.RC2@HEAD-detached-at-v0.46.RC2
2017-08-12 12:58:45,504: umgr.staging.input.queue.bridge.0000: task-manager                    : MainThread     : INFO    : create umgr_staging_input_queue - bridge - tcp://*:*
2017-08-12 12:58:45,507: umgr.staging.input.queue.bridge.0000: task-manager                    : MainThread     : DEBUG   : start process
2017-08-12 12:58:45,523: umgr.staging.input.queue.bridge.0000: umgr.staging.input.queue.bridge.0000: MainThread     : DEBUG   : ru_initialize_common (NOOP)
2017-08-12 12:58:45,527: umgr.staging.input.queue.bridge.0000: umgr.staging.input.queue.bridge.0000.child: MainThread     : INFO    : child (me) initializing
2017-08-12 12:58:45,528: umgr.staging.input.queue.bridge.0000: umgr.staging.input.queue.bridge.0000.child: MainThread     : DEBUG   : parent name: umgr.staging.input.queue.bridge.0000.child.watch
2017-08-12 12:58:45,528: umgr.staging.input.queue.bridge.0000: umgr.staging.input.queue.bridge.0000.child: MainThread     : DEBUG   : start thread
2017-08-12 12:58:45,528: umgr.staging.input.queue.bridge.0000: umgr.staging.input.queue.bridge.0000.child: umgr.staging.input.queue.bridge.0000.child.watch: DEBUG   : child name: umgr.staging.input.queue.bridge.0000.child.watch.thread
2017-08-12 12:58:45,529: umgr.staging.input.queue.bridge.0000: umgr.staging.input.queue.bridge.0000.child: umgr.staging.input.queue.bridge.0000.child.watch: INFO    : child (me) initializing
2017-08-12 12:58:45,529: umgr.staging.input.queue.bridge.0000: umgr.staging.input.queue.bridge.0000.child: umgr.staging.input.queue.bridge.0000.child.watch: DEBUG   : ru_initialize_common (NOOP)
2017-08-12 12:58:45,529: umgr.staging.input.queue.bridge.0000: umgr.staging.input.queue.bridge.0000.child: umgr.staging.input.queue.bridge.0000.child.watch: DEBUG   : ru_initialize_child (NOOP)
2017-08-12 12:58:45,529: umgr.staging.input.queue.bridge.0000: umgr.staging.input.queue.bridge.0000.child: umgr.staging.input.queue.bridge.0000.child.watch: INFO    : send alive
2017-08-12 12:58:45,529: umgr.staging.input.queue.bridge.0000: umgr.staging.input.queue.bridge.0000.child: umgr.staging.input.queue.bridge.0000.child.watch: INFO    : put message: [umgr.staging.input.queue.bridge.0000.child.watch.thread] alive
2017-08-12 12:58:45,529: umgr.staging.input.queue.bridge.0000: umgr.staging.input.queue.bridge.0000.child: MainThread     : INFO    : get msg: alive
2017-08-12 12:58:45,530: umgr.staging.input.queue.bridge.0000: umgr.staging.input.queue.bridge.0000.child: MainThread     : DEBUG   : ru_initialize_common (NOOP)
2017-08-12 12:58:45,530: umgr.staging.input.queue.bridge.0000: umgr.staging.input.queue.bridge.0000.child: MainThread     : DEBUG   : ru_initialize_parent (NOOP)
2017-08-12 12:58:45,530: umgr.staging.input.queue.bridge.0000: umgr.staging.input.queue.bridge.0000.child: MainThread     : DEBUG   : child thread umgr.staging.input.queue.bridge.0000.child.watch started
2017-08-12 12:58:45,530: umgr.staging.input.queue.bridge.0000: umgr.staging.input.queue.bridge.0000.child: MainThread     : INFO    : child (me) is alive
2017-08-12 12:58:45,530: umgr.staging.input.queue.bridge.0000: umgr.staging.input.queue.bridge.0000.child: MainThread     : INFO    : send alive
2017-08-12 12:58:45,530: umgr.staging.input.queue.bridge.0000: umgr.staging.input.queue.bridge.0000.child: MainThread     : INFO    : send message: [umgr.staging.input.queue.bridge.0000.child] alive
2017-08-12 12:58:45,531: umgr.staging.input.queue.bridge.0000: task-manager                    : MainThread     : INFO    : recv message: alive
2017-08-12 12:58:45,531: umgr.staging.input.queue.bridge.0000: task-manager                    : MainThread     : DEBUG   : ru_initialize_common (NOOP)
2017-08-12 12:58:45,531: umgr.staging.input.queue.bridge.0000: task-manager                    : MainThread     : DEBUG   : ru_initialize_parent (NOOP)
2017-08-12 12:58:45,532: umgr.staging.input.queue.bridge.0000: task-manager                    : MainThread     : DEBUG   : parent name: umgr.staging.input.queue.bridge.0000.watch
2017-08-12 12:58:45,532: umgr.staging.input.queue.bridge.0000: task-manager                    : MainThread     : DEBUG   : start thread
2017-08-12 12:58:45,532: umgr.staging.input.queue.bridge.0000: task-manager                    : umgr.staging.input.queue.bridge.0000.watch: DEBUG   : child name: umgr.staging.input.queue.bridge.0000.watch.thread
2017-08-12 12:58:45,532: umgr.staging.input.queue.bridge.0000: task-manager                    : umgr.staging.input.queue.bridge.0000.watch: INFO    : child (me) initializing
2017-08-12 12:58:45,532: umgr.staging.input.queue.bridge.0000: task-manager                    : umgr.staging.input.queue.bridge.0000.watch: DEBUG   : ru_initialize_common (NOOP)
2017-08-12 12:58:45,533: umgr.staging.input.queue.bridge.0000: task-manager                    : umgr.staging.input.queue.bridge.0000.watch: DEBUG   : ru_initialize_child (NOOP)
2017-08-12 12:58:45,533: umgr.staging.input.queue.bridge.0000: task-manager                    : umgr.staging.input.queue.bridge.0000.watch: INFO    : send alive
2017-08-12 12:58:45,533: umgr.staging.input.queue.bridge.0000: task-manager                    : umgr.staging.input.queue.bridge.0000.watch: INFO    : put message: [umgr.staging.input.queue.bridge.0000.watch.thread] alive
2017-08-12 12:58:45,533: umgr.staging.input.queue.bridge.0000: task-manager                    : MainThread     : INFO    : get msg: alive
2017-08-12 12:58:45,533: umgr.staging.input.queue.bridge.0000: task-manager                    : MainThread     : DEBUG   : ru_initialize_common (NOOP)
2017-08-12 12:58:45,534: umgr.staging.input.queue.bridge.0000: task-manager                    : MainThread     : DEBUG   : ru_initialize_parent (NOOP)
2017-08-12 12:58:45,534: umgr.staging.input.queue.bridge.0000: task-manager                    : MainThread     : DEBUG   : child thread umgr.staging.input.queue.bridge.0000.watch started
2017-08-12 12:58:45,534: umgr.staging.input.queue.bridge.0000: task-manager                    : MainThread     : INFO    : child is alive
2017-08-12 12:58:45,534: umgr.staging.input.queue.bridge.0000: task-manager                    : MainThread     : DEBUG   : process class started child
2017-08-12 13:03:02,124: umgr.staging.input.queue.bridge.0000: umgr.staging.input.queue.bridge.0000.child: umgr.staging.input.queue.bridge.0000.child.watch: WARNING : endpoint disappeard
2017-08-12 13:03:02,124: umgr.staging.input.queue.bridge.0000: umgr.staging.input.queue.bridge.0000.child: umgr.staging.input.queue.bridge.0000.child.watch: INFO    : watcher closes
2017-08-12 13:03:02,124: umgr.staging.input.queue.bridge.0000: umgr.staging.input.queue.bridge.0000.child: umgr.staging.input.queue.bridge.0000.child.watch: INFO    : put message: [umgr.staging.input.queue.bridge.0000.child.watch.thread] work finished
2017-08-12 13:03:02,125: umgr.staging.input.queue.bridge.0000: umgr.staging.input.queue.bridge.0000.child: umgr.staging.input.queue.bridge.0000.child.watch: DEBUG   : ru_finalize_child (NOOP)
2017-08-12 13:03:02,125: umgr.staging.input.queue.bridge.0000: umgr.staging.input.queue.bridge.0000.child: umgr.staging.input.queue.bridge.0000.child.watch: DEBUG   : ru_finalize_common (NOOP)
2017-08-12 13:03:02,125: umgr.staging.input.queue.bridge.0000: umgr.staging.input.queue.bridge.0000.child: umgr.staging.input.queue.bridge.0000.child.watch: INFO    : put message: [umgr.staging.input.queue.bridge.0000.child.watch.thread] terminating
2017-08-12 13:03:02,941: umgr.staging.input.queue.bridge.0000: umgr.staging.input.queue.bridge.0000.child: MainThread     : INFO    : send message: [umgr.staging.input.queue.bridge.0000.child] work finished
2017-08-12 13:03:02,942: umgr.staging.input.queue.bridge.0000: umgr.staging.input.queue.bridge.0000.child: MainThread     : DEBUG   : ru_finalize_child (NOOP)
2017-08-12 13:03:02,942: umgr.staging.input.queue.bridge.0000: umgr.staging.input.queue.bridge.0000.child: MainThread     : INFO    : send message: [umgr.staging.input.queue.bridge.0000.child] terminating
