2017-08-12 13:39:04,087: rp.session.vivek-HP-Pavilion-m6-Notebook-PC.vivek.017390.0020: MainProcess                     : MainThread     : INFO    : python.interpreter   version: 2.7.12 (default, Nov 19 2016, 06:48:10) [GCC 5.4.0 20160609]
2017-08-12 13:39:04,087: rp.session.vivek-HP-Pavilion-m6-Notebook-PC.vivek.017390.0020: MainProcess                     : MainThread     : INFO    :                      pid: 20758
2017-08-12 13:39:04,087: rp.session.vivek-HP-Pavilion-m6-Notebook-PC.vivek.017390.0020: MainProcess                     : MainThread     : INFO    :                      tid: MainThread
2017-08-12 13:39:04,087: rp.session.vivek-HP-Pavilion-m6-Notebook-PC.vivek.017390.0020: MainProcess                     : MainThread     : INFO    : radical.pilot        version: 0.46-v0.46.RC2@HEAD-detached-at-v0.46.RC2
2017-08-12 13:39:04,088: rp.session.vivek-HP-Pavilion-m6-Notebook-PC.vivek.017390.0020: MainProcess                     : MainThread     : INFO    : using database mongodb://rp:rp@ds015335.mlab.com:15335/rp
2017-08-12 13:39:04,088: rp.session.vivek-HP-Pavilion-m6-Notebook-PC.vivek.017390.0020: MainProcess                     : MainThread     : INFO    : Load resource configurations from /home/vivek/Research/ves/test_entk/local/lib/python2.7/site-packages/radical/pilot/configs/resource_nersc.json
2017-08-12 13:39:04,100: rp.session.vivek-HP-Pavilion-m6-Notebook-PC.vivek.017390.0020: MainProcess                     : MainThread     : INFO    : Load resource configurations for nersc.edison_ccm_ssh
2017-08-12 13:39:04,101: rp.session.vivek-HP-Pavilion-m6-Notebook-PC.vivek.017390.0020: MainProcess                     : MainThread     : INFO    : Load resource configurations for nersc.hopper_orte
2017-08-12 13:39:04,101: rp.session.vivek-HP-Pavilion-m6-Notebook-PC.vivek.017390.0020: MainProcess                     : MainThread     : INFO    : Load resource configurations for nersc.hopper_ccm_ssh
2017-08-12 13:39:04,102: rp.session.vivek-HP-Pavilion-m6-Notebook-PC.vivek.017390.0020: MainProcess                     : MainThread     : INFO    : Load resource configurations for nersc.edison_aprun
2017-08-12 13:39:04,102: rp.session.vivek-HP-Pavilion-m6-Notebook-PC.vivek.017390.0020: MainProcess                     : MainThread     : INFO    : Load resource configurations for nersc.hopper_aprun
2017-08-12 13:39:04,102: rp.session.vivek-HP-Pavilion-m6-Notebook-PC.vivek.017390.0020: MainProcess                     : MainThread     : INFO    : Load resource configurations for nersc.edison_orte
2017-08-12 13:39:04,103: rp.session.vivek-HP-Pavilion-m6-Notebook-PC.vivek.017390.0020: MainProcess                     : MainThread     : INFO    : Load resource configurations from /home/vivek/Research/ves/test_entk/local/lib/python2.7/site-packages/radical/pilot/configs/resource_ornl.json
2017-08-12 13:39:04,109: rp.session.vivek-HP-Pavilion-m6-Notebook-PC.vivek.017390.0020: MainProcess                     : MainThread     : INFO    : Load resource configurations for ornl.titan_orte
2017-08-12 13:39:04,109: rp.session.vivek-HP-Pavilion-m6-Notebook-PC.vivek.017390.0020: MainProcess                     : MainThread     : INFO    : Load resource configurations for ornl.titan_aprun
2017-08-12 13:39:04,110: rp.session.vivek-HP-Pavilion-m6-Notebook-PC.vivek.017390.0020: MainProcess                     : MainThread     : INFO    : Load resource configurations for ornl.titan_ortelib
2017-08-12 13:39:04,110: rp.session.vivek-HP-Pavilion-m6-Notebook-PC.vivek.017390.0020: MainProcess                     : MainThread     : INFO    : Load resource configurations from /home/vivek/Research/ves/test_entk/local/lib/python2.7/site-packages/radical/pilot/configs/resource_rice.json
2017-08-12 13:39:04,113: rp.session.vivek-HP-Pavilion-m6-Notebook-PC.vivek.017390.0020: MainProcess                     : MainThread     : INFO    : Load resource configurations for rice.davinci_ssh
2017-08-12 13:39:04,113: rp.session.vivek-HP-Pavilion-m6-Notebook-PC.vivek.017390.0020: MainProcess                     : MainThread     : INFO    : Load resource configurations for rice.biou_ssh
2017-08-12 13:39:04,114: rp.session.vivek-HP-Pavilion-m6-Notebook-PC.vivek.017390.0020: MainProcess                     : MainThread     : INFO    : Load resource configurations from /home/vivek/Research/ves/test_entk/local/lib/python2.7/site-packages/radical/pilot/configs/resource_lumc.json
2017-08-12 13:39:04,117: rp.session.vivek-HP-Pavilion-m6-Notebook-PC.vivek.017390.0020: MainProcess                     : MainThread     : INFO    : Load resource configurations for lumc.gb-ui_ssh
2017-08-12 13:39:04,118: rp.session.vivek-HP-Pavilion-m6-Notebook-PC.vivek.017390.0020: MainProcess                     : MainThread     : INFO    : Load resource configurations for lumc.shark_ssh
2017-08-12 13:39:04,118: rp.session.vivek-HP-Pavilion-m6-Notebook-PC.vivek.017390.0020: MainProcess                     : MainThread     : INFO    : Load resource configurations from /home/vivek/Research/ves/test_entk/local/lib/python2.7/site-packages/radical/pilot/configs/resource_ncsa.json
2017-08-12 13:39:04,127: rp.session.vivek-HP-Pavilion-m6-Notebook-PC.vivek.017390.0020: MainProcess                     : MainThread     : INFO    : Load resource configurations for ncsa.bw_orte
2017-08-12 13:39:04,127: rp.session.vivek-HP-Pavilion-m6-Notebook-PC.vivek.017390.0020: MainProcess                     : MainThread     : INFO    : Load resource configurations for ncsa.bw_ccm_ssh
2017-08-12 13:39:04,128: rp.session.vivek-HP-Pavilion-m6-Notebook-PC.vivek.017390.0020: MainProcess                     : MainThread     : INFO    : Load resource configurations for ncsa.bw_ortelib
2017-08-12 13:39:04,128: rp.session.vivek-HP-Pavilion-m6-Notebook-PC.vivek.017390.0020: MainProcess                     : MainThread     : INFO    : Load resource configurations for ncsa.bw_aprun
2017-08-12 13:39:04,128: rp.session.vivek-HP-Pavilion-m6-Notebook-PC.vivek.017390.0020: MainProcess                     : MainThread     : INFO    : Load resource configurations for ncsa.bw_local_orte
2017-08-12 13:39:04,129: rp.session.vivek-HP-Pavilion-m6-Notebook-PC.vivek.017390.0020: MainProcess                     : MainThread     : INFO    : Load resource configurations from /home/vivek/Research/ves/test_entk/local/lib/python2.7/site-packages/radical/pilot/configs/resource_das5.json
2017-08-12 13:39:04,130: rp.session.vivek-HP-Pavilion-m6-Notebook-PC.vivek.017390.0020: MainProcess                     : MainThread     : INFO    : Load resource configurations for das5.fs1_ssh
2017-08-12 13:39:04,131: rp.session.vivek-HP-Pavilion-m6-Notebook-PC.vivek.017390.0020: MainProcess                     : MainThread     : INFO    : Load resource configurations from /home/vivek/Research/ves/test_entk/local/lib/python2.7/site-packages/radical/pilot/configs/resource_chameleon.json
2017-08-12 13:39:04,132: rp.session.vivek-HP-Pavilion-m6-Notebook-PC.vivek.017390.0020: MainProcess                     : MainThread     : INFO    : Load resource configurations for chameleon.cloud_vm_yarn
2017-08-12 13:39:04,132: rp.session.vivek-HP-Pavilion-m6-Notebook-PC.vivek.017390.0020: MainProcess                     : MainThread     : INFO    : Load resource configurations from /home/vivek/Research/ves/test_entk/local/lib/python2.7/site-packages/radical/pilot/configs/resource_stfc.json
2017-08-12 13:39:04,134: rp.session.vivek-HP-Pavilion-m6-Notebook-PC.vivek.017390.0020: MainProcess                     : MainThread     : INFO    : Load resource configurations for stfc.joule_runjob
2017-08-12 13:39:04,134: rp.session.vivek-HP-Pavilion-m6-Notebook-PC.vivek.017390.0020: MainProcess                     : MainThread     : INFO    : Load resource configurations from /home/vivek/Research/ves/test_entk/local/lib/python2.7/site-packages/radical/pilot/configs/resource_das4.json
2017-08-12 13:39:04,136: rp.session.vivek-HP-Pavilion-m6-Notebook-PC.vivek.017390.0020: MainProcess                     : MainThread     : INFO    : Load resource configurations for das4.fs2_ssh
2017-08-12 13:39:04,136: rp.session.vivek-HP-Pavilion-m6-Notebook-PC.vivek.017390.0020: MainProcess                     : MainThread     : INFO    : Load resource configurations from /home/vivek/Research/ves/test_entk/local/lib/python2.7/site-packages/radical/pilot/configs/resource_yale.json
2017-08-12 13:39:04,138: rp.session.vivek-HP-Pavilion-m6-Notebook-PC.vivek.017390.0020: MainProcess                     : MainThread     : INFO    : Load resource configurations for yale.grace_ssh
2017-08-12 13:39:04,138: rp.session.vivek-HP-Pavilion-m6-Notebook-PC.vivek.017390.0020: MainProcess                     : MainThread     : INFO    : Load resource configurations from /home/vivek/Research/ves/test_entk/local/lib/python2.7/site-packages/radical/pilot/configs/resource_ncar.json
2017-08-12 13:39:04,140: rp.session.vivek-HP-Pavilion-m6-Notebook-PC.vivek.017390.0020: MainProcess                     : MainThread     : INFO    : Load resource configurations for ncar.yellowstone_ssh
2017-08-12 13:39:04,140: rp.session.vivek-HP-Pavilion-m6-Notebook-PC.vivek.017390.0020: MainProcess                     : MainThread     : INFO    : Load resource configurations from /home/vivek/Research/ves/test_entk/local/lib/python2.7/site-packages/radical/pilot/configs/resource_iu.json
2017-08-12 13:39:04,143: rp.session.vivek-HP-Pavilion-m6-Notebook-PC.vivek.017390.0020: MainProcess                     : MainThread     : INFO    : Load resource configurations for iu.bigred2_ccm_ssh
2017-08-12 13:39:04,143: rp.session.vivek-HP-Pavilion-m6-Notebook-PC.vivek.017390.0020: MainProcess                     : MainThread     : INFO    : Load resource configurations for iu.bigred2_aprun
2017-08-12 13:39:04,144: rp.session.vivek-HP-Pavilion-m6-Notebook-PC.vivek.017390.0020: MainProcess                     : MainThread     : INFO    : Load resource configurations from /home/vivek/Research/ves/test_entk/local/lib/python2.7/site-packages/radical/pilot/configs/resource_osg.json
2017-08-12 13:39:04,147: rp.session.vivek-HP-Pavilion-m6-Notebook-PC.vivek.017390.0020: MainProcess                     : MainThread     : INFO    : Load resource configurations for osg.xsede-virt-clust
2017-08-12 13:39:04,148: rp.session.vivek-HP-Pavilion-m6-Notebook-PC.vivek.017390.0020: MainProcess                     : MainThread     : INFO    : Load resource configurations for osg.connect
2017-08-12 13:39:04,148: rp.session.vivek-HP-Pavilion-m6-Notebook-PC.vivek.017390.0020: MainProcess                     : MainThread     : INFO    : Load resource configurations from /home/vivek/Research/ves/test_entk/local/lib/python2.7/site-packages/radical/pilot/configs/resource_radical.json
2017-08-12 13:39:04,152: rp.session.vivek-HP-Pavilion-m6-Notebook-PC.vivek.017390.0020: MainProcess                     : MainThread     : INFO    : Load resource configurations for radical.two
2017-08-12 13:39:04,153: rp.session.vivek-HP-Pavilion-m6-Notebook-PC.vivek.017390.0020: MainProcess                     : MainThread     : INFO    : Load resource configurations for radical.tutorial
2017-08-12 13:39:04,153: rp.session.vivek-HP-Pavilion-m6-Notebook-PC.vivek.017390.0020: MainProcess                     : MainThread     : INFO    : Load resource configurations for radical.one
2017-08-12 13:39:04,153: rp.session.vivek-HP-Pavilion-m6-Notebook-PC.vivek.017390.0020: MainProcess                     : MainThread     : INFO    : Load resource configurations from /home/vivek/Research/ves/test_entk/local/lib/python2.7/site-packages/radical/pilot/configs/resource_lrz.json
2017-08-12 13:39:04,155: rp.session.vivek-HP-Pavilion-m6-Notebook-PC.vivek.017390.0020: MainProcess                     : MainThread     : INFO    : Load resource configurations for lrz.supermuc_ssh
2017-08-12 13:39:04,155: rp.session.vivek-HP-Pavilion-m6-Notebook-PC.vivek.017390.0020: MainProcess                     : MainThread     : INFO    : Load resource configurations from /home/vivek/Research/ves/test_entk/local/lib/python2.7/site-packages/radical/pilot/configs/resource_local.json
2017-08-12 13:39:04,165: rp.session.vivek-HP-Pavilion-m6-Notebook-PC.vivek.017390.0020: MainProcess                     : MainThread     : INFO    : Load resource configurations for local.localhost_orte
2017-08-12 13:39:04,165: rp.session.vivek-HP-Pavilion-m6-Notebook-PC.vivek.017390.0020: MainProcess                     : MainThread     : INFO    : Load resource configurations for local.localhost_anaconda
2017-08-12 13:39:04,165: rp.session.vivek-HP-Pavilion-m6-Notebook-PC.vivek.017390.0020: MainProcess                     : MainThread     : INFO    : Load resource configurations for local.localhost_ortelib
2017-08-12 13:39:04,166: rp.session.vivek-HP-Pavilion-m6-Notebook-PC.vivek.017390.0020: MainProcess                     : MainThread     : INFO    : Load resource configurations for local.localhost
2017-08-12 13:39:04,166: rp.session.vivek-HP-Pavilion-m6-Notebook-PC.vivek.017390.0020: MainProcess                     : MainThread     : INFO    : Load resource configurations for local.localhost_spark
2017-08-12 13:39:04,166: rp.session.vivek-HP-Pavilion-m6-Notebook-PC.vivek.017390.0020: MainProcess                     : MainThread     : INFO    : Load resource configurations for local.localhost_spark_anaconda
2017-08-12 13:39:04,167: rp.session.vivek-HP-Pavilion-m6-Notebook-PC.vivek.017390.0020: MainProcess                     : MainThread     : INFO    : Load resource configurations for local.localhost_yarn
2017-08-12 13:39:04,167: rp.session.vivek-HP-Pavilion-m6-Notebook-PC.vivek.017390.0020: MainProcess                     : MainThread     : INFO    : Load resource configurations from /home/vivek/Research/ves/test_entk/local/lib/python2.7/site-packages/radical/pilot/configs/resource_aliases.json
2017-08-12 13:39:04,167: rp.session.vivek-HP-Pavilion-m6-Notebook-PC.vivek.017390.0020: MainProcess                     : MainThread     : INFO    : Load resource configurations from /home/vivek/Research/ves/test_entk/local/lib/python2.7/site-packages/radical/pilot/configs/resource_fub.json
2017-08-12 13:39:04,170: rp.session.vivek-HP-Pavilion-m6-Notebook-PC.vivek.017390.0020: MainProcess                     : MainThread     : INFO    : Load resource configurations for fub.allegro_rsh
2017-08-12 13:39:04,170: rp.session.vivek-HP-Pavilion-m6-Notebook-PC.vivek.017390.0020: MainProcess                     : MainThread     : INFO    : Load resource configurations from /home/vivek/Research/ves/test_entk/local/lib/python2.7/site-packages/radical/pilot/configs/resource_xsede.json
2017-08-12 13:39:04,205: rp.session.vivek-HP-Pavilion-m6-Notebook-PC.vivek.017390.0020: MainProcess                     : MainThread     : INFO    : Load resource configurations for xsede.stampede2_ssh
2017-08-12 13:39:04,206: rp.session.vivek-HP-Pavilion-m6-Notebook-PC.vivek.017390.0020: MainProcess                     : MainThread     : INFO    : Load resource configurations for xsede.wrangler_spark
2017-08-12 13:39:04,206: rp.session.vivek-HP-Pavilion-m6-Notebook-PC.vivek.017390.0020: MainProcess                     : MainThread     : INFO    : Load resource configurations for xsede.stampede_yarn
2017-08-12 13:39:04,207: rp.session.vivek-HP-Pavilion-m6-Notebook-PC.vivek.017390.0020: MainProcess                     : MainThread     : INFO    : Load resource configurations for xsede.gordon_ssh
2017-08-12 13:39:04,207: rp.session.vivek-HP-Pavilion-m6-Notebook-PC.vivek.017390.0020: MainProcess                     : MainThread     : INFO    : Load resource configurations for xsede.stampede_ssh
2017-08-12 13:39:04,208: rp.session.vivek-HP-Pavilion-m6-Notebook-PC.vivek.017390.0020: MainProcess                     : MainThread     : INFO    : Load resource configurations for xsede.lonestar_ssh
2017-08-12 13:39:04,208: rp.session.vivek-HP-Pavilion-m6-Notebook-PC.vivek.017390.0020: MainProcess                     : MainThread     : INFO    : Load resource configurations for xsede.supermic_spark
2017-08-12 13:39:04,209: rp.session.vivek-HP-Pavilion-m6-Notebook-PC.vivek.017390.0020: MainProcess                     : MainThread     : INFO    : Load resource configurations for xsede.wrangler_ssh
2017-08-12 13:39:04,209: rp.session.vivek-HP-Pavilion-m6-Notebook-PC.vivek.017390.0020: MainProcess                     : MainThread     : INFO    : Load resource configurations for xsede.wrangler_yarn
2017-08-12 13:39:04,210: rp.session.vivek-HP-Pavilion-m6-Notebook-PC.vivek.017390.0020: MainProcess                     : MainThread     : INFO    : Load resource configurations for xsede.bridges
2017-08-12 13:39:04,210: rp.session.vivek-HP-Pavilion-m6-Notebook-PC.vivek.017390.0020: MainProcess                     : MainThread     : INFO    : Load resource configurations for xsede.supermic_ssh
2017-08-12 13:39:04,211: rp.session.vivek-HP-Pavilion-m6-Notebook-PC.vivek.017390.0020: MainProcess                     : MainThread     : INFO    : Load resource configurations for xsede.stampede_orte
2017-08-12 13:39:04,211: rp.session.vivek-HP-Pavilion-m6-Notebook-PC.vivek.017390.0020: MainProcess                     : MainThread     : INFO    : Load resource configurations for xsede.greenfield
2017-08-12 13:39:04,212: rp.session.vivek-HP-Pavilion-m6-Notebook-PC.vivek.017390.0020: MainProcess                     : MainThread     : INFO    : Load resource configurations for xsede.comet_spark
2017-08-12 13:39:04,212: rp.session.vivek-HP-Pavilion-m6-Notebook-PC.vivek.017390.0020: MainProcess                     : MainThread     : INFO    : Load resource configurations for xsede.trestles_ssh
2017-08-12 13:39:04,212: rp.session.vivek-HP-Pavilion-m6-Notebook-PC.vivek.017390.0020: MainProcess                     : MainThread     : INFO    : Load resource configurations for xsede.comet_ssh
2017-08-12 13:39:04,213: rp.session.vivek-HP-Pavilion-m6-Notebook-PC.vivek.017390.0020: MainProcess                     : MainThread     : INFO    : Load resource configurations for xsede.stampede_spark
2017-08-12 13:39:04,213: rp.session.vivek-HP-Pavilion-m6-Notebook-PC.vivek.017390.0020: MainProcess                     : MainThread     : INFO    : Load resource configurations for xsede.comet_orte
2017-08-12 13:39:04,214: rp.session.vivek-HP-Pavilion-m6-Notebook-PC.vivek.017390.0020: MainProcess                     : MainThread     : INFO    : Load resource configurations for xsede.comet_ortelib
2017-08-12 13:39:04,214: rp.session.vivek-HP-Pavilion-m6-Notebook-PC.vivek.017390.0020: MainProcess                     : MainThread     : INFO    : Load resource configurations for xsede.blacklight_ssh
2017-08-12 13:39:04,214: rp.session.vivek-HP-Pavilion-m6-Notebook-PC.vivek.017390.0020: MainProcess                     : MainThread     : INFO    : Load resource configurations for xsede.stampede_ortelib
2017-08-12 13:39:04,215: rp.session.vivek-HP-Pavilion-m6-Notebook-PC.vivek.017390.0020: MainProcess                     : MainThread     : INFO    : Load resource configurations from /home/vivek/Research/ves/test_entk/local/lib/python2.7/site-packages/radical/pilot/configs/resource_futuregrid.json
2017-08-12 13:39:04,225: rp.session.vivek-HP-Pavilion-m6-Notebook-PC.vivek.017390.0020: MainProcess                     : MainThread     : INFO    : Load resource configurations for futuregrid.delta_ssh
2017-08-12 13:39:04,225: rp.session.vivek-HP-Pavilion-m6-Notebook-PC.vivek.017390.0020: MainProcess                     : MainThread     : INFO    : Load resource configurations for futuregrid.india_ssh
2017-08-12 13:39:04,226: rp.session.vivek-HP-Pavilion-m6-Notebook-PC.vivek.017390.0020: MainProcess                     : MainThread     : INFO    : Load resource configurations for futuregrid.echo_ssh
2017-08-12 13:39:04,226: rp.session.vivek-HP-Pavilion-m6-Notebook-PC.vivek.017390.0020: MainProcess                     : MainThread     : INFO    : Load resource configurations for futuregrid.xray_ccm
2017-08-12 13:39:04,226: rp.session.vivek-HP-Pavilion-m6-Notebook-PC.vivek.017390.0020: MainProcess                     : MainThread     : INFO    : Load resource configurations for futuregrid.bravo_ssh
2017-08-12 13:39:04,227: rp.session.vivek-HP-Pavilion-m6-Notebook-PC.vivek.017390.0020: MainProcess                     : MainThread     : INFO    : Load resource configurations for futuregrid.xray_aprun
2017-08-12 13:39:04,227: rp.session.vivek-HP-Pavilion-m6-Notebook-PC.vivek.017390.0020: MainProcess                     : MainThread     : INFO    : Load resource configurations from /home/vivek/Research/ves/test_entk/local/lib/python2.7/site-packages/radical/pilot/configs/resource_epsrc.json
2017-08-12 13:39:04,231: rp.session.vivek-HP-Pavilion-m6-Notebook-PC.vivek.017390.0020: MainProcess                     : MainThread     : INFO    : Load resource configurations for epsrc.archer_orte
2017-08-12 13:39:04,231: rp.session.vivek-HP-Pavilion-m6-Notebook-PC.vivek.017390.0020: MainProcess                     : MainThread     : INFO    : Load resource configurations for epsrc.archer_aprun
2017-08-12 13:39:06,129: rp.session.vivek-HP-Pavilion-m6-Notebook-PC.vivek.017390.0020: MainProcess                     : MainThread     : INFO    : New Session created: rp.session.vivek-HP-Pavilion-m6-Notebook-PC.vivek.017390.0020.
2017-08-12 13:39:06,130: rp.session.vivek-HP-Pavilion-m6-Notebook-PC.vivek.017390.0020: MainProcess                     : MainThread     : DEBUG   : start bridges   : {u'control_pubsub': {u'bulk_size': 0, u'log_level': u'debug', u'stall_hwm': 1},
 u'log_pubsub': {u'bulk_size': 0, u'log_level': u'debug', u'stall_hwm': 1},
 u'state_pubsub': {u'bulk_size': 0, u'log_level': u'debug', u'stall_hwm': 1}}
2017-08-12 13:39:06,131: rp.session.vivek-HP-Pavilion-m6-Notebook-PC.vivek.017390.0020: MainProcess                     : MainThread     : INFO    : create bridge control_pubsub
2017-08-12 13:39:06,164: rp.session.vivek-HP-Pavilion-m6-Notebook-PC.vivek.017390.0020: MainProcess                     : MainThread     : INFO    : created bridge control_pubsub (control.pubsub.bridge.0000)
2017-08-12 13:39:06,164: rp.session.vivek-HP-Pavilion-m6-Notebook-PC.vivek.017390.0020: MainProcess                     : MainThread     : INFO    : create bridge state_pubsub
2017-08-12 13:39:06,185: rp.session.vivek-HP-Pavilion-m6-Notebook-PC.vivek.017390.0020: MainProcess                     : MainThread     : INFO    : created bridge state_pubsub (state.pubsub.bridge.0000)
2017-08-12 13:39:06,185: rp.session.vivek-HP-Pavilion-m6-Notebook-PC.vivek.017390.0020: MainProcess                     : MainThread     : INFO    : create bridge log_pubsub
2017-08-12 13:39:06,205: rp.session.vivek-HP-Pavilion-m6-Notebook-PC.vivek.017390.0020: MainProcess                     : MainThread     : INFO    : created bridge log_pubsub (log.pubsub.bridge.0000)
2017-08-12 13:39:06,205: rp.session.vivek-HP-Pavilion-m6-Notebook-PC.vivek.017390.0020: MainProcess                     : MainThread     : DEBUG   : start components: {u'UpdateWorker': {u'count': 1}}
2017-08-12 13:39:06,205: rp.session.vivek-HP-Pavilion-m6-Notebook-PC.vivek.017390.0020: MainProcess                     : MainThread     : DEBUG   : start 1 component(s) UpdateWorker
2017-08-12 13:39:06,903: rp.session.vivek-HP-Pavilion-m6-Notebook-PC.vivek.017390.0020: MainProcess                     : MainThread     : INFO    : rp.session.vivek-HP-Pavilion-m6-Notebook-PC.vivek.017390.0020 starts update.0
2017-08-12 13:39:07,187: rp.session.vivek-HP-Pavilion-m6-Notebook-PC.vivek.017390.0020: MainProcess                     : MainThread     : WARNING : using alias 'xsede.supermic_ssh' for deprecated resource key 'xsede.supermic'
2017-08-12 13:39:07,187: rp.session.vivek-HP-Pavilion-m6-Notebook-PC.vivek.017390.0020: MainProcess                     : MainThread     : DEBUG   : rsup.PTYShell('gsissh://supermic.cct-lsu.xsede.org:2222/')
2017-08-12 13:39:12,669: rp.session.vivek-HP-Pavilion-m6-Notebook-PC.vivek.017390.0020: MainProcess                     : MainThread     : DEBUG   : sandbox base gsissh://supermic.cct-lsu.xsede.org:2222/: '/work/vivek91'
2017-08-12 13:39:12,783: rp.session.vivek-HP-Pavilion-m6-Notebook-PC.vivek.017390.0020: MainProcess                     : MainThread     : DEBUG   : bulk pilot insert result: {'nModified': 0, 'nUpserted': 0, 'nMatched': 0, 'writeErrors': [], 'upserted': [], 'writeConcernErrors': [], 'nRemoved': 0, 'nInserted': 1}
2017-08-12 13:39:12,788: rp.session.vivek-HP-Pavilion-m6-Notebook-PC.vivek.017390.0020: pmgr.launching.0                : MainThread     : WARNING : using alias 'xsede.supermic_ssh' for deprecated resource key 'xsede.supermic'
2017-08-12 13:39:12,791: rp.session.vivek-HP-Pavilion-m6-Notebook-PC.vivek.017390.0020: pmgr.launching.0                : MainThread     : WARNING : using alias 'xsede.supermic_ssh' for deprecated resource key 'xsede.supermic'
2017-08-12 13:39:12,792: rp.session.vivek-HP-Pavilion-m6-Notebook-PC.vivek.017390.0020: pmgr.launching.0                : MainThread     : DEBUG   : rsup.PTYShell('gsissh://supermic.cct-lsu.xsede.org:2222/')
2017-08-12 13:39:14,248: rp.session.vivek-HP-Pavilion-m6-Notebook-PC.vivek.017390.0020: pmgr.launching.0                : MainThread     : DEBUG   : sandbox base gsissh://supermic.cct-lsu.xsede.org:2222/: '/work/vivek91'
2017-08-12 13:40:27,577: rp.session.vivek-HP-Pavilion-m6-Notebook-PC.vivek.017390.0020: task-manager                    : MainThread     : DEBUG   : bulk unit insert result: {'nModified': 0, 'nUpserted': 0, 'nMatched': 0, 'writeErrors': [], 'upserted': [], 'writeConcernErrors': [], 'nRemoved': 0, 'nInserted': 1}
2017-08-12 13:40:27,666: rp.session.vivek-HP-Pavilion-m6-Notebook-PC.vivek.017390.0020: task-manager                    : MainThread     : DEBUG   : bulk unit insert result: {'nModified': 0, 'nUpserted': 0, 'nMatched': 0, 'writeErrors': [], 'upserted': [], 'writeConcernErrors': [], 'nRemoved': 0, 'nInserted': 1}
2017-08-12 13:40:27,737: rp.session.vivek-HP-Pavilion-m6-Notebook-PC.vivek.017390.0020: task-manager                    : MainThread     : DEBUG   : bulk unit insert result: {'nModified': 0, 'nUpserted': 0, 'nMatched': 0, 'writeErrors': [], 'upserted': [], 'writeConcernErrors': [], 'nRemoved': 0, 'nInserted': 1}
2017-08-12 13:40:27,786: rp.session.vivek-HP-Pavilion-m6-Notebook-PC.vivek.017390.0020: task-manager                    : MainThread     : DEBUG   : bulk unit insert result: {'nModified': 0, 'nUpserted': 0, 'nMatched': 0, 'writeErrors': [], 'upserted': [], 'writeConcernErrors': [], 'nRemoved': 0, 'nInserted': 1}
2017-08-12 13:40:27,852: rp.session.vivek-HP-Pavilion-m6-Notebook-PC.vivek.017390.0020: task-manager                    : MainThread     : DEBUG   : bulk unit insert result: {'nModified': 0, 'nUpserted': 0, 'nMatched': 0, 'writeErrors': [], 'upserted': [], 'writeConcernErrors': [], 'nRemoved': 0, 'nInserted': 1}
2017-08-12 13:40:27,914: rp.session.vivek-HP-Pavilion-m6-Notebook-PC.vivek.017390.0020: task-manager                    : MainThread     : DEBUG   : bulk unit insert result: {'nModified': 0, 'nUpserted': 0, 'nMatched': 0, 'writeErrors': [], 'upserted': [], 'writeConcernErrors': [], 'nRemoved': 0, 'nInserted': 1}
2017-08-12 13:40:27,981: rp.session.vivek-HP-Pavilion-m6-Notebook-PC.vivek.017390.0020: task-manager                    : MainThread     : DEBUG   : bulk unit insert result: {'nModified': 0, 'nUpserted': 0, 'nMatched': 0, 'writeErrors': [], 'upserted': [], 'writeConcernErrors': [], 'nRemoved': 0, 'nInserted': 1}
2017-08-12 13:40:28,033: rp.session.vivek-HP-Pavilion-m6-Notebook-PC.vivek.017390.0020: task-manager                    : MainThread     : DEBUG   : bulk unit insert result: {'nModified': 0, 'nUpserted': 0, 'nMatched': 0, 'writeErrors': [], 'upserted': [], 'writeConcernErrors': [], 'nRemoved': 0, 'nInserted': 1}
2017-08-12 13:40:28,074: rp.session.vivek-HP-Pavilion-m6-Notebook-PC.vivek.017390.0020: task-manager                    : MainThread     : DEBUG   : bulk unit insert result: {'nModified': 0, 'nUpserted': 0, 'nMatched': 0, 'writeErrors': [], 'upserted': [], 'writeConcernErrors': [], 'nRemoved': 0, 'nInserted': 1}
2017-08-12 13:40:28,124: rp.session.vivek-HP-Pavilion-m6-Notebook-PC.vivek.017390.0020: task-manager                    : MainThread     : DEBUG   : bulk unit insert result: {'nModified': 0, 'nUpserted': 0, 'nMatched': 0, 'writeErrors': [], 'upserted': [], 'writeConcernErrors': [], 'nRemoved': 0, 'nInserted': 1}
2017-08-12 13:41:10,438: rp.session.vivek-HP-Pavilion-m6-Notebook-PC.vivek.017390.0020: task-manager                    : MainThread     : DEBUG   : bulk unit insert result: {'nModified': 0, 'nUpserted': 0, 'nMatched': 0, 'writeErrors': [], 'upserted': [], 'writeConcernErrors': [], 'nRemoved': 0, 'nInserted': 1}
2017-08-12 13:41:47,673: rp.session.vivek-HP-Pavilion-m6-Notebook-PC.vivek.017390.0020: MainProcess                     : MainThread     : DEBUG   : session rp.session.vivek-HP-Pavilion-m6-Notebook-PC.vivek.017390.0020 closing
2017-08-12 13:41:47,673: rp.session.vivek-HP-Pavilion-m6-Notebook-PC.vivek.017390.0020: MainProcess                     : MainThread     : DEBUG   : session rp.session.vivek-HP-Pavilion-m6-Notebook-PC.vivek.017390.0020 closes pmgr   pmgr.0000
2017-08-12 13:41:48,131: rp.session.vivek-HP-Pavilion-m6-Notebook-PC.vivek.017390.0020: MainProcess                     : MainThread     : DEBUG   : session rp.session.vivek-HP-Pavilion-m6-Notebook-PC.vivek.017390.0020 closed pmgr   pmgr.0000
2017-08-12 13:41:48,131: rp.session.vivek-HP-Pavilion-m6-Notebook-PC.vivek.017390.0020: MainProcess                     : MainThread     : DEBUG   : session rp.session.vivek-HP-Pavilion-m6-Notebook-PC.vivek.017390.0020 closes comp   update.0
2017-08-12 13:41:48,309: rp.session.vivek-HP-Pavilion-m6-Notebook-PC.vivek.017390.0020: MainProcess                     : MainThread     : DEBUG   : session rp.session.vivek-HP-Pavilion-m6-Notebook-PC.vivek.017390.0020 closed comp   update.0
2017-08-12 13:41:48,310: rp.session.vivek-HP-Pavilion-m6-Notebook-PC.vivek.017390.0020: MainProcess                     : MainThread     : DEBUG   : session rp.session.vivek-HP-Pavilion-m6-Notebook-PC.vivek.017390.0020 closes bridge control.pubsub.bridge.0000
2017-08-12 13:41:48,483: rp.session.vivek-HP-Pavilion-m6-Notebook-PC.vivek.017390.0020: MainProcess                     : MainThread     : DEBUG   : session rp.session.vivek-HP-Pavilion-m6-Notebook-PC.vivek.017390.0020 closed bridge control.pubsub.bridge.0000
2017-08-12 13:41:48,484: rp.session.vivek-HP-Pavilion-m6-Notebook-PC.vivek.017390.0020: MainProcess                     : MainThread     : DEBUG   : session rp.session.vivek-HP-Pavilion-m6-Notebook-PC.vivek.017390.0020 closes bridge state.pubsub.bridge.0000
2017-08-12 13:41:48,657: rp.session.vivek-HP-Pavilion-m6-Notebook-PC.vivek.017390.0020: MainProcess                     : MainThread     : DEBUG   : session rp.session.vivek-HP-Pavilion-m6-Notebook-PC.vivek.017390.0020 closed bridge state.pubsub.bridge.0000
2017-08-12 13:41:48,658: rp.session.vivek-HP-Pavilion-m6-Notebook-PC.vivek.017390.0020: MainProcess                     : MainThread     : DEBUG   : session rp.session.vivek-HP-Pavilion-m6-Notebook-PC.vivek.017390.0020 closes bridge log.pubsub.bridge.0000
2017-08-12 13:41:48,881: rp.session.vivek-HP-Pavilion-m6-Notebook-PC.vivek.017390.0020: MainProcess                     : MainThread     : DEBUG   : session rp.session.vivek-HP-Pavilion-m6-Notebook-PC.vivek.017390.0020 closed bridge log.pubsub.bridge.0000
2017-08-12 13:41:48,882: rp.session.vivek-HP-Pavilion-m6-Notebook-PC.vivek.017390.0020: MainProcess                     : MainThread     : DEBUG   : session rp.session.vivek-HP-Pavilion-m6-Notebook-PC.vivek.017390.0020 closes db (False)
2017-08-12 13:41:48,882: rp.session.vivek-HP-Pavilion-m6-Notebook-PC.vivek.017390.0020: MainProcess                     : MainThread     : DEBUG   : session rp.session.vivek-HP-Pavilion-m6-Notebook-PC.vivek.017390.0020 closed (delete=False)
