2017-08-12 13:40:27,233: umgr.staging.output.0.child: umgr.staging.output.0           : MainThread     : INFO    : python.interpreter   version: 2.7.12 (default, Nov 19 2016, 06:48:10) [GCC 5.4.0 20160609]
2017-08-12 13:40:27,234: umgr.staging.output.0.child: umgr.staging.output.0           : MainThread     : INFO    :                      pid: 20998
2017-08-12 13:40:27,234: umgr.staging.output.0.child: umgr.staging.output.0           : MainThread     : INFO    :                      tid: MainThread
2017-08-12 13:40:27,234: umgr.staging.output.0.child: umgr.staging.output.0           : MainThread     : INFO    : radical.pilot        version: 0.46-v0.46.RC2@HEAD-detached-at-v0.46.RC2
2017-08-12 13:40:27,234: umgr.staging.output.0.child: umgr.staging.output.0           : MainThread     : INFO    : initialize umgr.staging.output.0.child
2017-08-12 13:40:27,240: umgr.staging.output.0.child: umgr.staging.output.0           : MainThread     : INFO    : cfg: {'agents': {},
 u'bridges': {u'control_pubsub': {'addr_in': 'tcp://192.168.1.14:34621',
                                  'addr_out': 'tcp://192.168.1.14:36965',
                                  u'bulk_size': 0,
                                  u'log_level': u'debug',
                                  u'stall_hwm': 1},
              u'log_pubsub': {'addr_in': 'tcp://192.168.1.14:46811',
                              'addr_out': 'tcp://192.168.1.14:46141',
                              u'bulk_size': 0,
                              u'log_level': u'debug',
                              u'stall_hwm': 1},
              u'state_pubsub': {'addr_in': 'tcp://192.168.1.14:42529',
                                'addr_out': 'tcp://192.168.1.14:33861',
                                u'bulk_size': 0,
                                u'log_level': u'debug',
                                u'stall_hwm': 1},
              u'umgr_reschedule_pubsub': {'addr_in': 'tcp://192.168.1.14:36865',
                                          'addr_out': 'tcp://192.168.1.14:39227',
                                          u'bulk_size': 0,
                                          u'log_level': u'debug',
                                          u'stall_hwm': 1},
              u'umgr_scheduling_queue': {'addr_in': 'tcp://192.168.1.14:43659',
                                         'addr_out': 'tcp://192.168.1.14:39165',
                                         u'bulk_size': 0,
                                         u'log_level': u'debug',
                                         u'stall_hwm': 1},
              u'umgr_staging_input_queue': {'addr_in': 'tcp://192.168.1.14:33271',
                                            'addr_out': 'tcp://192.168.1.14:43129',
                                            u'bulk_size': 0,
                                            u'log_level': u'debug',
                                            u'stall_hwm': 1},
              u'umgr_staging_output_queue': {'addr_in': 'tcp://192.168.1.14:39687',
                                             'addr_out': 'tcp://192.168.1.14:38315',
                                             u'bulk_size': 0,
                                             u'log_level': u'debug',
                                             u'stall_hwm': 1},
              u'umgr_unschedule_pubsub': {'addr_in': 'tcp://192.168.1.14:36341',
                                          'addr_out': 'tcp://192.168.1.14:35953',
                                          u'bulk_size': 0,
                                          u'log_level': u'debug',
                                          u'stall_hwm': 1}},
 u'bulk_collection_size': 100,
 u'bulk_collection_time': 1.0,
 'cname': u'UMGRStagingOutputComponent',
 u'components': {},
 u'count': 1,
 u'db_poll_sleeptime': 1.0,
 'number': 0,
 'owner': 'umgr.0000',
 u'scheduler': u'round_robin',
 'uid': 'umgr.0000'}
2017-08-12 13:40:27,241: umgr.staging.output.0.child: umgr.staging.output.0           : MainThread     : DEBUG   : start components: {}
2017-08-12 13:40:27,241: umgr.staging.output.0.child: umgr.staging.output.0           : MainThread     : DEBUG   : alive check in term
2017-08-12 13:40:27,241: umgr.staging.output.0.child: umgr.staging.output.0           : MainThread     : DEBUG   : START: umgr.staging.output.0.child register publisher log_pubsub
2017-08-12 13:40:27,241: umgr.staging.output.0.child: umgr.staging.output.0           : MainThread     : DEBUG   : using addr tcp://192.168.1.14:46811 for pubsub log_pubsub
2017-08-12 13:40:27,244: umgr.staging.output.0.child: umgr.staging.output.0           : MainThread     : DEBUG   : registered publisher : log_pubsub : log.pubsub.pub.0004
2017-08-12 13:40:27,244: umgr.staging.output.0.child: umgr.staging.output.0           : MainThread     : DEBUG   : alive check in term
2017-08-12 13:40:27,244: umgr.staging.output.0.child: umgr.staging.output.0           : MainThread     : DEBUG   : START: umgr.staging.output.0.child register publisher state_pubsub
2017-08-12 13:40:27,245: umgr.staging.output.0.child: umgr.staging.output.0           : MainThread     : DEBUG   : using addr tcp://192.168.1.14:42529 for pubsub state_pubsub
2017-08-12 13:40:27,257: umgr.staging.output.0.child: umgr.staging.output.0           : MainThread     : DEBUG   : registered publisher : state_pubsub : state.pubsub.pub.0004
2017-08-12 13:40:27,258: umgr.staging.output.0.child: umgr.staging.output.0           : MainThread     : DEBUG   : alive check in term
2017-08-12 13:40:27,258: umgr.staging.output.0.child: umgr.staging.output.0           : MainThread     : DEBUG   : START: umgr.staging.output.0.child register publisher control_pubsub
2017-08-12 13:40:27,258: umgr.staging.output.0.child: umgr.staging.output.0           : MainThread     : DEBUG   : using addr tcp://192.168.1.14:34621 for pubsub control_pubsub
2017-08-12 13:40:27,261: umgr.staging.output.0.child: umgr.staging.output.0           : MainThread     : DEBUG   : registered publisher : control_pubsub : control.pubsub.pub.0004
2017-08-12 13:40:27,261: umgr.staging.output.0.child: umgr.staging.output.0           : MainThread     : DEBUG   : alive check in term
2017-08-12 13:40:27,261: umgr.staging.output.0.child: umgr.staging.output.0           : MainThread     : DEBUG   : START: umgr.staging.output.0.child register subscriber umgr.staging.output.0.child.subscriber._cancel_monitor_cb
2017-08-12 13:40:27,261: umgr.staging.output.0.child: umgr.staging.output.0           : MainThread     : DEBUG   : using addr tcp://192.168.1.14:36965 for pubsub control_pubsub
2017-08-12 13:40:27,264: umgr.staging.output.0.child: umgr.staging.output.0           : MainThread     : DEBUG   : parent name: umgr.staging.output.0.child.subscriber._cancel_monitor_cb
2017-08-12 13:40:27,265: umgr.staging.output.0.child: umgr.staging.output.0           : MainThread     : DEBUG   : start thread
2017-08-12 13:40:27,265: umgr.staging.output.0.child: umgr.staging.output.0           : umgr.staging.output.0.child.subscriber._cancel_monitor_cb: DEBUG   : child name: umgr.staging.output.0.child.subscriber._cancel_monitor_cb.thread
2017-08-12 13:40:27,265: umgr.staging.output.0.child: umgr.staging.output.0           : umgr.staging.output.0.child.subscriber._cancel_monitor_cb: INFO    : child (me) initializing
2017-08-12 13:40:27,265: umgr.staging.output.0.child: umgr.staging.output.0           : umgr.staging.output.0.child.subscriber._cancel_monitor_cb: DEBUG   : ru_initialize_common (NOOP)
2017-08-12 13:40:27,265: umgr.staging.output.0.child: umgr.staging.output.0           : umgr.staging.output.0.child.subscriber._cancel_monitor_cb: DEBUG   : ru_initialize_child (NOOP)
2017-08-12 13:40:27,265: umgr.staging.output.0.child: umgr.staging.output.0           : umgr.staging.output.0.child.subscriber._cancel_monitor_cb: INFO    : send alive
2017-08-12 13:40:27,265: umgr.staging.output.0.child: umgr.staging.output.0           : umgr.staging.output.0.child.subscriber._cancel_monitor_cb: INFO    : put message: [umgr.staging.output.0.child.subscriber._cancel_monitor_cb.thread] alive
2017-08-12 13:40:27,266: umgr.staging.output.0.child: umgr.staging.output.0           : MainThread     : INFO    : get msg: alive
2017-08-12 13:40:27,267: umgr.staging.output.0.child: umgr.staging.output.0           : MainThread     : DEBUG   : ru_initialize_common (NOOP)
2017-08-12 13:40:27,267: umgr.staging.output.0.child: umgr.staging.output.0           : MainThread     : DEBUG   : ru_initialize_parent (NOOP)
2017-08-12 13:40:27,267: umgr.staging.output.0.child: umgr.staging.output.0           : MainThread     : DEBUG   : child thread umgr.staging.output.0.child.subscriber._cancel_monitor_cb started
2017-08-12 13:40:27,267: umgr.staging.output.0.child: umgr.staging.output.0           : MainThread     : DEBUG   : umgr.staging.output.0.child registered control_pubsub subscriber umgr.staging.output.0.child.subscriber._cancel_monitor_cb
2017-08-12 13:40:27,267: umgr.staging.output.0.child: umgr.staging.output.0           : MainThread     : DEBUG   : alive check in term
2017-08-12 13:40:27,268: umgr.staging.output.0.child: umgr.staging.output.0           : MainThread     : DEBUG   : using addr tcp://192.168.1.14:38315 for input umgr_staging_output_queue
2017-08-12 13:40:27,273: umgr.staging.output.0.child: umgr.staging.output.0           : MainThread     : DEBUG   : registered input umgr.staging.output.0.child.work.UMGR_STAGING_OUTPUT_PENDING
2017-08-12 13:40:27,273: umgr.staging.output.0.child: umgr.staging.output.0           : MainThread     : DEBUG   : START: umgr.staging.output.0.child register input UMGR_STAGING_OUTPUT_PENDING: umgr.staging.output.0.child.work.UMGR_STAGING_OUTPUT_PENDING
2017-08-12 13:40:27,273: umgr.staging.output.0.child: umgr.staging.output.0           : MainThread     : DEBUG   : registered worker work [UMGR_STAGING_OUTPUT_PENDING]
2017-08-12 13:40:27,273: umgr.staging.output.0.child: umgr.staging.output.0           : MainThread     : INFO    : child (me) initializing
2017-08-12 13:40:27,273: umgr.staging.output.0.child: umgr.staging.output.0           : MainThread     : DEBUG   : parent name: umgr.staging.output.0.child.watch
2017-08-12 13:40:27,274: umgr.staging.output.0.child: umgr.staging.output.0           : MainThread     : DEBUG   : start thread
2017-08-12 13:40:27,274: umgr.staging.output.0.child: umgr.staging.output.0           : umgr.staging.output.0.child.watch: DEBUG   : child name: umgr.staging.output.0.child.watch.thread
2017-08-12 13:40:27,274: umgr.staging.output.0.child: umgr.staging.output.0           : umgr.staging.output.0.child.watch: INFO    : child (me) initializing
2017-08-12 13:40:27,274: umgr.staging.output.0.child: umgr.staging.output.0           : umgr.staging.output.0.child.watch: DEBUG   : ru_initialize_common (NOOP)
2017-08-12 13:40:27,275: umgr.staging.output.0.child: umgr.staging.output.0           : umgr.staging.output.0.child.watch: DEBUG   : ru_initialize_child (NOOP)
2017-08-12 13:40:27,275: umgr.staging.output.0.child: umgr.staging.output.0           : umgr.staging.output.0.child.watch: INFO    : send alive
2017-08-12 13:40:27,275: umgr.staging.output.0.child: umgr.staging.output.0           : umgr.staging.output.0.child.watch: INFO    : put message: [umgr.staging.output.0.child.watch.thread] alive
2017-08-12 13:40:27,275: umgr.staging.output.0.child: umgr.staging.output.0           : MainThread     : INFO    : get msg: alive
2017-08-12 13:40:27,276: umgr.staging.output.0.child: umgr.staging.output.0           : MainThread     : DEBUG   : ru_initialize_common (NOOP)
2017-08-12 13:40:27,276: umgr.staging.output.0.child: umgr.staging.output.0           : MainThread     : DEBUG   : ru_initialize_parent (NOOP)
2017-08-12 13:40:27,276: umgr.staging.output.0.child: umgr.staging.output.0           : MainThread     : DEBUG   : child thread umgr.staging.output.0.child.watch started
2017-08-12 13:40:27,276: umgr.staging.output.0.child: umgr.staging.output.0           : MainThread     : INFO    : child (me) is alive
2017-08-12 13:40:27,276: umgr.staging.output.0.child: umgr.staging.output.0           : MainThread     : INFO    : send alive
2017-08-12 13:40:27,276: umgr.staging.output.0.child: umgr.staging.output.0           : MainThread     : INFO    : send message: [umgr.staging.output.0.child] alive
2017-08-12 13:40:50,088: umgr.staging.output.0.child: umgr.staging.output.0           : MainThread     : DEBUG   : got unit (unit.000001)
2017-08-12 13:40:50,089: umgr.staging.output.0.child: umgr.staging.output.0           : MainThread     : DEBUG   : got unit (unit.000003)
2017-08-12 13:40:50,089: umgr.staging.output.0.child: umgr.staging.output.0           : MainThread     : DEBUG   : got unit (unit.000002)
2017-08-12 13:40:50,090: umgr.staging.output.0.child: umgr.staging.output.0           : MainThread     : DEBUG   : advance bulk size: 3 [False, True]
2017-08-12 13:40:50,090: umgr.staging.output.0.child: umgr.staging.output.0           : MainThread     : DEBUG   : advance bulk: unit.000001 [3]
2017-08-12 13:40:50,091: umgr.staging.output.0.child: umgr.staging.output.0           : MainThread     : DEBUG   : advance bulk: unit.000003 [3]
2017-08-12 13:40:50,091: umgr.staging.output.0.child: umgr.staging.output.0           : MainThread     : DEBUG   : advance bulk: unit.000002 [3]
2017-08-12 13:40:50,091: umgr.staging.output.0.child: umgr.staging.output.0           : MainThread     : DEBUG   : advance bulk size: 3 [True, True]
2017-08-12 13:40:50,095: umgr.staging.output.0.child: umgr.staging.output.0           : MainThread     : DEBUG   : advance bulk: unit.000001 [3]
2017-08-12 13:40:50,096: umgr.staging.output.0.child: umgr.staging.output.0           : MainThread     : DEBUG   : advance bulk: unit.000003 [3]
2017-08-12 13:40:50,096: umgr.staging.output.0.child: umgr.staging.output.0           : MainThread     : DEBUG   : advance bulk: unit.000002 [3]
2017-08-12 13:40:50,097: umgr.staging.output.0.child: umgr.staging.output.0           : MainThread     : DEBUG   : bucket: DONE : ['unit.000001', 'unit.000003', 'unit.000002']
2017-08-12 13:40:50,101: umgr.staging.output.0.child: umgr.staging.output.0           : MainThread     : DEBUG   : push unit.000001 ===| DONE
2017-08-12 13:40:50,101: umgr.staging.output.0.child: umgr.staging.output.0           : MainThread     : DEBUG   : push unit.000003 ===| DONE
2017-08-12 13:40:50,102: umgr.staging.output.0.child: umgr.staging.output.0           : MainThread     : DEBUG   : push unit.000002 ===| DONE
2017-08-12 13:40:51,199: umgr.staging.output.0.child: umgr.staging.output.0           : MainThread     : DEBUG   : got unit (unit.000004)
2017-08-12 13:40:51,200: umgr.staging.output.0.child: umgr.staging.output.0           : MainThread     : DEBUG   : advance bulk size: 1 [False, True]
2017-08-12 13:40:51,200: umgr.staging.output.0.child: umgr.staging.output.0           : MainThread     : DEBUG   : advance bulk: unit.000004 [1]
2017-08-12 13:40:51,200: umgr.staging.output.0.child: umgr.staging.output.0           : MainThread     : DEBUG   : advance bulk size: 1 [True, True]
2017-08-12 13:40:51,200: umgr.staging.output.0.child: umgr.staging.output.0           : MainThread     : DEBUG   : advance bulk: unit.000004 [1]
2017-08-12 13:40:51,200: umgr.staging.output.0.child: umgr.staging.output.0           : MainThread     : DEBUG   : bucket: DONE : ['unit.000004']
2017-08-12 13:40:51,200: umgr.staging.output.0.child: umgr.staging.output.0           : MainThread     : DEBUG   : push unit.000004 ===| DONE
2017-08-12 13:40:53,436: umgr.staging.output.0.child: umgr.staging.output.0           : MainThread     : DEBUG   : got unit (unit.000005)
2017-08-12 13:40:53,436: umgr.staging.output.0.child: umgr.staging.output.0           : MainThread     : DEBUG   : got unit (unit.000008)
2017-08-12 13:40:53,437: umgr.staging.output.0.child: umgr.staging.output.0           : MainThread     : DEBUG   : got unit (unit.000006)
2017-08-12 13:40:53,437: umgr.staging.output.0.child: umgr.staging.output.0           : MainThread     : DEBUG   : advance bulk size: 3 [False, True]
2017-08-12 13:40:53,438: umgr.staging.output.0.child: umgr.staging.output.0           : MainThread     : DEBUG   : advance bulk: unit.000005 [3]
2017-08-12 13:40:53,438: umgr.staging.output.0.child: umgr.staging.output.0           : MainThread     : DEBUG   : advance bulk: unit.000008 [3]
2017-08-12 13:40:53,438: umgr.staging.output.0.child: umgr.staging.output.0           : MainThread     : DEBUG   : advance bulk: unit.000006 [3]
2017-08-12 13:40:53,439: umgr.staging.output.0.child: umgr.staging.output.0           : MainThread     : DEBUG   : advance bulk size: 3 [True, True]
2017-08-12 13:40:53,439: umgr.staging.output.0.child: umgr.staging.output.0           : MainThread     : DEBUG   : advance bulk: unit.000005 [3]
2017-08-12 13:40:53,439: umgr.staging.output.0.child: umgr.staging.output.0           : MainThread     : DEBUG   : advance bulk: unit.000008 [3]
2017-08-12 13:40:53,439: umgr.staging.output.0.child: umgr.staging.output.0           : MainThread     : DEBUG   : advance bulk: unit.000006 [3]
2017-08-12 13:40:53,439: umgr.staging.output.0.child: umgr.staging.output.0           : MainThread     : DEBUG   : bucket: DONE : ['unit.000005', 'unit.000008', 'unit.000006']
2017-08-12 13:40:53,440: umgr.staging.output.0.child: umgr.staging.output.0           : MainThread     : DEBUG   : push unit.000005 ===| DONE
2017-08-12 13:40:53,440: umgr.staging.output.0.child: umgr.staging.output.0           : MainThread     : DEBUG   : push unit.000008 ===| DONE
2017-08-12 13:40:53,440: umgr.staging.output.0.child: umgr.staging.output.0           : MainThread     : DEBUG   : push unit.000006 ===| DONE
2017-08-12 13:40:55,555: umgr.staging.output.0.child: umgr.staging.output.0           : MainThread     : DEBUG   : got unit (unit.000000)
2017-08-12 13:40:55,557: umgr.staging.output.0.child: umgr.staging.output.0           : MainThread     : DEBUG   : advance bulk size: 1 [False, True]
2017-08-12 13:40:55,557: umgr.staging.output.0.child: umgr.staging.output.0           : MainThread     : DEBUG   : advance bulk: unit.000000 [1]
2017-08-12 13:40:55,558: umgr.staging.output.0.child: umgr.staging.output.0           : MainThread     : DEBUG   : advance bulk size: 1 [True, True]
2017-08-12 13:40:55,558: umgr.staging.output.0.child: umgr.staging.output.0           : MainThread     : DEBUG   : advance bulk: unit.000000 [1]
2017-08-12 13:40:55,558: umgr.staging.output.0.child: umgr.staging.output.0           : MainThread     : DEBUG   : bucket: DONE : ['unit.000000']
2017-08-12 13:40:55,559: umgr.staging.output.0.child: umgr.staging.output.0           : MainThread     : DEBUG   : push unit.000000 ===| DONE
2017-08-12 13:40:58,744: umgr.staging.output.0.child: umgr.staging.output.0           : MainThread     : DEBUG   : got unit (unit.000007)
2017-08-12 13:40:58,745: umgr.staging.output.0.child: umgr.staging.output.0           : MainThread     : DEBUG   : advance bulk size: 1 [False, True]
2017-08-12 13:40:58,745: umgr.staging.output.0.child: umgr.staging.output.0           : MainThread     : DEBUG   : advance bulk: unit.000007 [1]
2017-08-12 13:40:58,745: umgr.staging.output.0.child: umgr.staging.output.0           : MainThread     : DEBUG   : advance bulk size: 1 [True, True]
2017-08-12 13:40:58,745: umgr.staging.output.0.child: umgr.staging.output.0           : MainThread     : DEBUG   : advance bulk: unit.000007 [1]
2017-08-12 13:40:58,745: umgr.staging.output.0.child: umgr.staging.output.0           : MainThread     : DEBUG   : bucket: DONE : ['unit.000007']
2017-08-12 13:40:58,745: umgr.staging.output.0.child: umgr.staging.output.0           : MainThread     : DEBUG   : push unit.000007 ===| DONE
2017-08-12 13:41:10,237: umgr.staging.output.0.child: umgr.staging.output.0           : MainThread     : DEBUG   : got unit (unit.000009)
2017-08-12 13:41:10,237: umgr.staging.output.0.child: umgr.staging.output.0           : MainThread     : DEBUG   : advance bulk size: 1 [False, True]
2017-08-12 13:41:10,238: umgr.staging.output.0.child: umgr.staging.output.0           : MainThread     : DEBUG   : advance bulk: unit.000009 [1]
2017-08-12 13:41:10,238: umgr.staging.output.0.child: umgr.staging.output.0           : MainThread     : DEBUG   : advance bulk size: 1 [True, True]
2017-08-12 13:41:10,238: umgr.staging.output.0.child: umgr.staging.output.0           : MainThread     : DEBUG   : advance bulk: unit.000009 [1]
2017-08-12 13:41:10,239: umgr.staging.output.0.child: umgr.staging.output.0           : MainThread     : DEBUG   : bucket: DONE : ['unit.000009']
2017-08-12 13:41:10,240: umgr.staging.output.0.child: umgr.staging.output.0           : MainThread     : DEBUG   : push unit.000009 ===| DONE
2017-08-12 13:41:40,272: umgr.staging.output.0.child: umgr.staging.output.0           : MainThread     : DEBUG   : ru_finalize_common()
2017-08-12 13:41:40,272: umgr.staging.output.0.child: umgr.staging.output.0           : MainThread     : DEBUG   : TERM : umgr.staging.output.0.child unregister publisher log_pubsub
2017-08-12 13:41:40,273: umgr.staging.output.0.child: umgr.staging.output.0           : MainThread     : DEBUG   : unregistered publisher log_pubsub
2017-08-12 13:41:40,273: umgr.staging.output.0.child: umgr.staging.output.0           : MainThread     : DEBUG   : TERM : umgr.staging.output.0.child unregister publisher state_pubsub
2017-08-12 13:41:40,274: umgr.staging.output.0.child: umgr.staging.output.0           : MainThread     : DEBUG   : unregistered publisher state_pubsub
2017-08-12 13:41:40,274: umgr.staging.output.0.child: umgr.staging.output.0           : MainThread     : DEBUG   : TERM : umgr.staging.output.0.child unregister publisher control_pubsub
2017-08-12 13:41:40,275: umgr.staging.output.0.child: umgr.staging.output.0           : MainThread     : DEBUG   : unregistered publisher control_pubsub
2017-08-12 13:41:40,275: umgr.staging.output.0.child: umgr.staging.output.0           : MainThread     : DEBUG   : umgr.staging.output.0.child close prof
2017-08-12 13:41:40,275: umgr.staging.output.0.child: umgr.staging.output.0           : MainThread     : INFO    : send message: [umgr.staging.output.0.child] terminating
2017-08-12 13:41:40,323: umgr.staging.output.0.child: umgr.staging.output.0           : umgr.staging.output.0.child.watch: INFO    : watcher closes
2017-08-12 13:41:40,323: umgr.staging.output.0.child: umgr.staging.output.0           : umgr.staging.output.0.child.watch: INFO    : put message: [umgr.staging.output.0.child.watch.thread] work finished
2017-08-12 13:41:40,324: umgr.staging.output.0.child: umgr.staging.output.0           : umgr.staging.output.0.child.watch: DEBUG   : ru_finalize_child (NOOP)
2017-08-12 13:41:40,324: umgr.staging.output.0.child: umgr.staging.output.0           : umgr.staging.output.0.child.watch: DEBUG   : ru_finalize_common (NOOP)
2017-08-12 13:41:40,324: umgr.staging.output.0.child: umgr.staging.output.0           : umgr.staging.output.0.child.watch: INFO    : put message: [umgr.staging.output.0.child.watch.thread] terminating
2017-08-12 13:41:40,339: umgr.staging.output.0.child: umgr.staging.output.0           : MainThread     : INFO    : parent stops child
2017-08-12 13:41:40,339: umgr.staging.output.0.child: umgr.staging.output.0           : MainThread     : DEBUG   : ru_finalize_parent (NOOP)
2017-08-12 13:41:40,341: umgr.staging.output.0.child: umgr.staging.output.0           : umgr.staging.output.0.child.subscriber._cancel_monitor_cb: ERROR   : abort: ZMQError('Socket operation on non-socket')
Traceback (most recent call last):
  File "/home/vivek/Research/ves/test_entk/local/lib/python2.7/site-packages/radical/utils/threads.py", line 375, in _run
    if not self.work_cb():
  File "/home/vivek/Research/ves/test_entk/local/lib/python2.7/site-packages/radical/pilot/utils/component.py", line 1088, in work_cb
    topic, msg = self._q.get_nowait(500)  # timout in ms
  File "/home/vivek/Research/ves/test_entk/local/lib/python2.7/site-packages/radical/pilot/utils/pubsub.py", line 352, in get_nowait
    if _uninterruptible(self._q.poll, flags=zmq.POLLIN, timeout=timeout):
  File "/home/vivek/Research/ves/test_entk/local/lib/python2.7/site-packages/radical/pilot/utils/pubsub.py", line 50, in _uninterruptible
    return f(*args, **kwargs)
  File "/home/vivek/Research/ves/test_entk/local/lib/python2.7/site-packages/zmq/sugar/socket.py", line 558, in poll
    evts = dict(p.poll(timeout))
  File "/home/vivek/Research/ves/test_entk/local/lib/python2.7/site-packages/zmq/sugar/poll.py", line 99, in poll
    return zmq_poll(self.sockets, timeout=timeout)
  File "zmq/backend/cython/_poll.pyx", line 123, in zmq.backend.cython._poll.zmq_poll (zmq/backend/cython/_poll.c:2186)
  File "zmq/backend/cython/_poll.pyx", line 116, in zmq.backend.cython._poll.zmq_poll (zmq/backend/cython/_poll.c:2036)
  File "zmq/backend/cython/checkrc.pxd", line 25, in zmq.backend.cython.checkrc._check_rc (zmq/backend/cython/_poll.c:2811)
    raise ZMQError(errno)
ZMQError: Socket operation on non-socket
2017-08-12 13:41:40,343: umgr.staging.output.0.child: umgr.staging.output.0           : umgr.staging.output.0.child.subscriber._cancel_monitor_cb: INFO    : put message: [umgr.staging.output.0.child.subscriber._cancel_monitor_cb.thread] ZMQError('Socket operation on non-socket')
2017-08-12 13:41:40,344: umgr.staging.output.0.child: umgr.staging.output.0           : umgr.staging.output.0.child.subscriber._cancel_monitor_cb: DEBUG   : ru_finalize_child (NOOP)
2017-08-12 13:41:40,344: umgr.staging.output.0.child: umgr.staging.output.0           : umgr.staging.output.0.child.subscriber._cancel_monitor_cb: INFO    : put message: [umgr.staging.output.0.child.subscriber._cancel_monitor_cb.thread] terminating
