2017-08-12 13:20:45,905: log.pubsub.pub.0003 : umgr.staging.input.0            : MainThread     : INFO    : python.interpreter   version: 2.7.12 (default, Nov 19 2016, 06:48:10) [GCC 5.4.0 20160609]
2017-08-12 13:20:45,906: log.pubsub.pub.0003 : umgr.staging.input.0            : MainThread     : INFO    :                      pid: 19941
2017-08-12 13:20:45,906: log.pubsub.pub.0003 : umgr.staging.input.0            : MainThread     : INFO    :                      tid: MainThread
2017-08-12 13:20:45,906: log.pubsub.pub.0003 : umgr.staging.input.0            : MainThread     : INFO    : radical.pilot        version: 0.46-v0.46.RC2@HEAD-detached-at-v0.46.RC2
2017-08-12 13:20:45,906: log.pubsub.pub.0003 : umgr.staging.input.0            : MainThread     : INFO    : create log_pubsub - pub - tcp://192.168.1.14:36097
2017-08-12 13:20:45,907: log.pubsub.pub.0003 : umgr.staging.input.0            : MainThread     : DEBUG   : start process
2017-08-12 13:20:45,907: log.pubsub.pub.0003 : umgr.staging.input.0            : MainThread     : DEBUG   : ru_initialize_common (NOOP)
2017-08-12 13:20:45,907: log.pubsub.pub.0003 : umgr.staging.input.0            : MainThread     : DEBUG   : ru_initialize_parent (NOOP)
2017-08-12 13:20:45,907: log.pubsub.pub.0003 : umgr.staging.input.0            : MainThread     : DEBUG   : process class started (no child)
2017-08-12 13:20:45,972: log.pubsub.pub.0003 : task-manager                    : MainThread     : INFO    : python.interpreter   version: 2.7.12 (default, Nov 19 2016, 06:48:10) [GCC 5.4.0 20160609]
2017-08-12 13:20:45,973: log.pubsub.pub.0003 : task-manager                    : MainThread     : INFO    :                      pid: 19909
2017-08-12 13:20:45,973: log.pubsub.pub.0003 : task-manager                    : MainThread     : INFO    :                      tid: MainThread
2017-08-12 13:20:45,973: log.pubsub.pub.0003 : task-manager                    : MainThread     : INFO    : radical.pilot        version: 0.46-v0.46.RC2@HEAD-detached-at-v0.46.RC2
2017-08-12 13:20:45,973: log.pubsub.pub.0003 : task-manager                    : MainThread     : INFO    : create log_pubsub - pub - tcp://192.168.1.14:36097
2017-08-12 13:20:45,974: log.pubsub.pub.0003 : task-manager                    : MainThread     : DEBUG   : start process
2017-08-12 13:20:45,974: log.pubsub.pub.0003 : task-manager                    : MainThread     : DEBUG   : ru_initialize_common (NOOP)
2017-08-12 13:20:45,974: log.pubsub.pub.0003 : task-manager                    : MainThread     : DEBUG   : ru_initialize_parent (NOOP)
2017-08-12 13:20:45,974: log.pubsub.pub.0003 : task-manager                    : MainThread     : DEBUG   : process class started (no child)
2017-08-12 13:21:38,794: log.pubsub.pub.0003 : umgr.staging.input.0            : MainThread     : INFO    : parent stops child
2017-08-12 13:21:38,794: log.pubsub.pub.0003 : umgr.staging.input.0            : MainThread     : DEBUG   : ru_finalize_parent (NOOP)
