2017-08-12 13:19:17,394: rp.session.vivek-HP-Pavilion-m6-Notebook-PC.vivek.017390.0019: MainProcess                     : MainThread     : INFO    : python.interpreter   version: 2.7.12 (default, Nov 19 2016, 06:48:10) [GCC 5.4.0 20160609]
2017-08-12 13:19:17,394: rp.session.vivek-HP-Pavilion-m6-Notebook-PC.vivek.017390.0019: MainProcess                     : MainThread     : INFO    :                      pid: 19721
2017-08-12 13:19:17,394: rp.session.vivek-HP-Pavilion-m6-Notebook-PC.vivek.017390.0019: MainProcess                     : MainThread     : INFO    :                      tid: MainThread
2017-08-12 13:19:17,395: rp.session.vivek-HP-Pavilion-m6-Notebook-PC.vivek.017390.0019: MainProcess                     : MainThread     : INFO    : radical.pilot        version: 0.46-v0.46.RC2@HEAD-detached-at-v0.46.RC2
2017-08-12 13:19:17,395: rp.session.vivek-HP-Pavilion-m6-Notebook-PC.vivek.017390.0019: MainProcess                     : MainThread     : INFO    : using database mongodb://rp:rp@ds015335.mlab.com:15335/rp
2017-08-12 13:19:17,396: rp.session.vivek-HP-Pavilion-m6-Notebook-PC.vivek.017390.0019: MainProcess                     : MainThread     : INFO    : Load resource configurations from /home/vivek/Research/ves/test_entk/local/lib/python2.7/site-packages/radical/pilot/configs/resource_nersc.json
2017-08-12 13:19:17,408: rp.session.vivek-HP-Pavilion-m6-Notebook-PC.vivek.017390.0019: MainProcess                     : MainThread     : INFO    : Load resource configurations for nersc.edison_ccm_ssh
2017-08-12 13:19:17,409: rp.session.vivek-HP-Pavilion-m6-Notebook-PC.vivek.017390.0019: MainProcess                     : MainThread     : INFO    : Load resource configurations for nersc.hopper_orte
2017-08-12 13:19:17,409: rp.session.vivek-HP-Pavilion-m6-Notebook-PC.vivek.017390.0019: MainProcess                     : MainThread     : INFO    : Load resource configurations for nersc.hopper_ccm_ssh
2017-08-12 13:19:17,410: rp.session.vivek-HP-Pavilion-m6-Notebook-PC.vivek.017390.0019: MainProcess                     : MainThread     : INFO    : Load resource configurations for nersc.edison_aprun
2017-08-12 13:19:17,411: rp.session.vivek-HP-Pavilion-m6-Notebook-PC.vivek.017390.0019: MainProcess                     : MainThread     : INFO    : Load resource configurations for nersc.hopper_aprun
2017-08-12 13:19:17,411: rp.session.vivek-HP-Pavilion-m6-Notebook-PC.vivek.017390.0019: MainProcess                     : MainThread     : INFO    : Load resource configurations for nersc.edison_orte
2017-08-12 13:19:17,411: rp.session.vivek-HP-Pavilion-m6-Notebook-PC.vivek.017390.0019: MainProcess                     : MainThread     : INFO    : Load resource configurations from /home/vivek/Research/ves/test_entk/local/lib/python2.7/site-packages/radical/pilot/configs/resource_ornl.json
2017-08-12 13:19:17,417: rp.session.vivek-HP-Pavilion-m6-Notebook-PC.vivek.017390.0019: MainProcess                     : MainThread     : INFO    : Load resource configurations for ornl.titan_orte
2017-08-12 13:19:17,418: rp.session.vivek-HP-Pavilion-m6-Notebook-PC.vivek.017390.0019: MainProcess                     : MainThread     : INFO    : Load resource configurations for ornl.titan_aprun
2017-08-12 13:19:17,418: rp.session.vivek-HP-Pavilion-m6-Notebook-PC.vivek.017390.0019: MainProcess                     : MainThread     : INFO    : Load resource configurations for ornl.titan_ortelib
2017-08-12 13:19:17,418: rp.session.vivek-HP-Pavilion-m6-Notebook-PC.vivek.017390.0019: MainProcess                     : MainThread     : INFO    : Load resource configurations from /home/vivek/Research/ves/test_entk/local/lib/python2.7/site-packages/radical/pilot/configs/resource_rice.json
2017-08-12 13:19:17,421: rp.session.vivek-HP-Pavilion-m6-Notebook-PC.vivek.017390.0019: MainProcess                     : MainThread     : INFO    : Load resource configurations for rice.davinci_ssh
2017-08-12 13:19:17,422: rp.session.vivek-HP-Pavilion-m6-Notebook-PC.vivek.017390.0019: MainProcess                     : MainThread     : INFO    : Load resource configurations for rice.biou_ssh
2017-08-12 13:19:17,422: rp.session.vivek-HP-Pavilion-m6-Notebook-PC.vivek.017390.0019: MainProcess                     : MainThread     : INFO    : Load resource configurations from /home/vivek/Research/ves/test_entk/local/lib/python2.7/site-packages/radical/pilot/configs/resource_lumc.json
2017-08-12 13:19:17,427: rp.session.vivek-HP-Pavilion-m6-Notebook-PC.vivek.017390.0019: MainProcess                     : MainThread     : INFO    : Load resource configurations for lumc.gb-ui_ssh
2017-08-12 13:19:17,427: rp.session.vivek-HP-Pavilion-m6-Notebook-PC.vivek.017390.0019: MainProcess                     : MainThread     : INFO    : Load resource configurations for lumc.shark_ssh
2017-08-12 13:19:17,428: rp.session.vivek-HP-Pavilion-m6-Notebook-PC.vivek.017390.0019: MainProcess                     : MainThread     : INFO    : Load resource configurations from /home/vivek/Research/ves/test_entk/local/lib/python2.7/site-packages/radical/pilot/configs/resource_ncsa.json
2017-08-12 13:19:17,436: rp.session.vivek-HP-Pavilion-m6-Notebook-PC.vivek.017390.0019: MainProcess                     : MainThread     : INFO    : Load resource configurations for ncsa.bw_orte
2017-08-12 13:19:17,437: rp.session.vivek-HP-Pavilion-m6-Notebook-PC.vivek.017390.0019: MainProcess                     : MainThread     : INFO    : Load resource configurations for ncsa.bw_ccm_ssh
2017-08-12 13:19:17,437: rp.session.vivek-HP-Pavilion-m6-Notebook-PC.vivek.017390.0019: MainProcess                     : MainThread     : INFO    : Load resource configurations for ncsa.bw_ortelib
2017-08-12 13:19:17,437: rp.session.vivek-HP-Pavilion-m6-Notebook-PC.vivek.017390.0019: MainProcess                     : MainThread     : INFO    : Load resource configurations for ncsa.bw_aprun
2017-08-12 13:19:17,438: rp.session.vivek-HP-Pavilion-m6-Notebook-PC.vivek.017390.0019: MainProcess                     : MainThread     : INFO    : Load resource configurations for ncsa.bw_local_orte
2017-08-12 13:19:17,438: rp.session.vivek-HP-Pavilion-m6-Notebook-PC.vivek.017390.0019: MainProcess                     : MainThread     : INFO    : Load resource configurations from /home/vivek/Research/ves/test_entk/local/lib/python2.7/site-packages/radical/pilot/configs/resource_das5.json
2017-08-12 13:19:17,440: rp.session.vivek-HP-Pavilion-m6-Notebook-PC.vivek.017390.0019: MainProcess                     : MainThread     : INFO    : Load resource configurations for das5.fs1_ssh
2017-08-12 13:19:17,440: rp.session.vivek-HP-Pavilion-m6-Notebook-PC.vivek.017390.0019: MainProcess                     : MainThread     : INFO    : Load resource configurations from /home/vivek/Research/ves/test_entk/local/lib/python2.7/site-packages/radical/pilot/configs/resource_chameleon.json
2017-08-12 13:19:17,441: rp.session.vivek-HP-Pavilion-m6-Notebook-PC.vivek.017390.0019: MainProcess                     : MainThread     : INFO    : Load resource configurations for chameleon.cloud_vm_yarn
2017-08-12 13:19:17,442: rp.session.vivek-HP-Pavilion-m6-Notebook-PC.vivek.017390.0019: MainProcess                     : MainThread     : INFO    : Load resource configurations from /home/vivek/Research/ves/test_entk/local/lib/python2.7/site-packages/radical/pilot/configs/resource_stfc.json
2017-08-12 13:19:17,443: rp.session.vivek-HP-Pavilion-m6-Notebook-PC.vivek.017390.0019: MainProcess                     : MainThread     : INFO    : Load resource configurations for stfc.joule_runjob
2017-08-12 13:19:17,444: rp.session.vivek-HP-Pavilion-m6-Notebook-PC.vivek.017390.0019: MainProcess                     : MainThread     : INFO    : Load resource configurations from /home/vivek/Research/ves/test_entk/local/lib/python2.7/site-packages/radical/pilot/configs/resource_das4.json
2017-08-12 13:19:17,445: rp.session.vivek-HP-Pavilion-m6-Notebook-PC.vivek.017390.0019: MainProcess                     : MainThread     : INFO    : Load resource configurations for das4.fs2_ssh
2017-08-12 13:19:17,446: rp.session.vivek-HP-Pavilion-m6-Notebook-PC.vivek.017390.0019: MainProcess                     : MainThread     : INFO    : Load resource configurations from /home/vivek/Research/ves/test_entk/local/lib/python2.7/site-packages/radical/pilot/configs/resource_yale.json
2017-08-12 13:19:17,447: rp.session.vivek-HP-Pavilion-m6-Notebook-PC.vivek.017390.0019: MainProcess                     : MainThread     : INFO    : Load resource configurations for yale.grace_ssh
2017-08-12 13:19:17,448: rp.session.vivek-HP-Pavilion-m6-Notebook-PC.vivek.017390.0019: MainProcess                     : MainThread     : INFO    : Load resource configurations from /home/vivek/Research/ves/test_entk/local/lib/python2.7/site-packages/radical/pilot/configs/resource_ncar.json
2017-08-12 13:19:17,449: rp.session.vivek-HP-Pavilion-m6-Notebook-PC.vivek.017390.0019: MainProcess                     : MainThread     : INFO    : Load resource configurations for ncar.yellowstone_ssh
2017-08-12 13:19:17,449: rp.session.vivek-HP-Pavilion-m6-Notebook-PC.vivek.017390.0019: MainProcess                     : MainThread     : INFO    : Load resource configurations from /home/vivek/Research/ves/test_entk/local/lib/python2.7/site-packages/radical/pilot/configs/resource_iu.json
2017-08-12 13:19:17,452: rp.session.vivek-HP-Pavilion-m6-Notebook-PC.vivek.017390.0019: MainProcess                     : MainThread     : INFO    : Load resource configurations for iu.bigred2_ccm_ssh
2017-08-12 13:19:17,453: rp.session.vivek-HP-Pavilion-m6-Notebook-PC.vivek.017390.0019: MainProcess                     : MainThread     : INFO    : Load resource configurations for iu.bigred2_aprun
2017-08-12 13:19:17,453: rp.session.vivek-HP-Pavilion-m6-Notebook-PC.vivek.017390.0019: MainProcess                     : MainThread     : INFO    : Load resource configurations from /home/vivek/Research/ves/test_entk/local/lib/python2.7/site-packages/radical/pilot/configs/resource_osg.json
2017-08-12 13:19:17,457: rp.session.vivek-HP-Pavilion-m6-Notebook-PC.vivek.017390.0019: MainProcess                     : MainThread     : INFO    : Load resource configurations for osg.xsede-virt-clust
2017-08-12 13:19:17,457: rp.session.vivek-HP-Pavilion-m6-Notebook-PC.vivek.017390.0019: MainProcess                     : MainThread     : INFO    : Load resource configurations for osg.connect
2017-08-12 13:19:17,457: rp.session.vivek-HP-Pavilion-m6-Notebook-PC.vivek.017390.0019: MainProcess                     : MainThread     : INFO    : Load resource configurations from /home/vivek/Research/ves/test_entk/local/lib/python2.7/site-packages/radical/pilot/configs/resource_radical.json
2017-08-12 13:19:17,462: rp.session.vivek-HP-Pavilion-m6-Notebook-PC.vivek.017390.0019: MainProcess                     : MainThread     : INFO    : Load resource configurations for radical.two
2017-08-12 13:19:17,462: rp.session.vivek-HP-Pavilion-m6-Notebook-PC.vivek.017390.0019: MainProcess                     : MainThread     : INFO    : Load resource configurations for radical.tutorial
2017-08-12 13:19:17,463: rp.session.vivek-HP-Pavilion-m6-Notebook-PC.vivek.017390.0019: MainProcess                     : MainThread     : INFO    : Load resource configurations for radical.one
2017-08-12 13:19:17,463: rp.session.vivek-HP-Pavilion-m6-Notebook-PC.vivek.017390.0019: MainProcess                     : MainThread     : INFO    : Load resource configurations from /home/vivek/Research/ves/test_entk/local/lib/python2.7/site-packages/radical/pilot/configs/resource_lrz.json
2017-08-12 13:19:17,465: rp.session.vivek-HP-Pavilion-m6-Notebook-PC.vivek.017390.0019: MainProcess                     : MainThread     : INFO    : Load resource configurations for lrz.supermuc_ssh
2017-08-12 13:19:17,465: rp.session.vivek-HP-Pavilion-m6-Notebook-PC.vivek.017390.0019: MainProcess                     : MainThread     : INFO    : Load resource configurations from /home/vivek/Research/ves/test_entk/local/lib/python2.7/site-packages/radical/pilot/configs/resource_local.json
2017-08-12 13:19:17,475: rp.session.vivek-HP-Pavilion-m6-Notebook-PC.vivek.017390.0019: MainProcess                     : MainThread     : INFO    : Load resource configurations for local.localhost_orte
2017-08-12 13:19:17,475: rp.session.vivek-HP-Pavilion-m6-Notebook-PC.vivek.017390.0019: MainProcess                     : MainThread     : INFO    : Load resource configurations for local.localhost_anaconda
2017-08-12 13:19:17,475: rp.session.vivek-HP-Pavilion-m6-Notebook-PC.vivek.017390.0019: MainProcess                     : MainThread     : INFO    : Load resource configurations for local.localhost_ortelib
2017-08-12 13:19:17,476: rp.session.vivek-HP-Pavilion-m6-Notebook-PC.vivek.017390.0019: MainProcess                     : MainThread     : INFO    : Load resource configurations for local.localhost
2017-08-12 13:19:17,476: rp.session.vivek-HP-Pavilion-m6-Notebook-PC.vivek.017390.0019: MainProcess                     : MainThread     : INFO    : Load resource configurations for local.localhost_spark
2017-08-12 13:19:17,476: rp.session.vivek-HP-Pavilion-m6-Notebook-PC.vivek.017390.0019: MainProcess                     : MainThread     : INFO    : Load resource configurations for local.localhost_spark_anaconda
2017-08-12 13:19:17,477: rp.session.vivek-HP-Pavilion-m6-Notebook-PC.vivek.017390.0019: MainProcess                     : MainThread     : INFO    : Load resource configurations for local.localhost_yarn
2017-08-12 13:19:17,477: rp.session.vivek-HP-Pavilion-m6-Notebook-PC.vivek.017390.0019: MainProcess                     : MainThread     : INFO    : Load resource configurations from /home/vivek/Research/ves/test_entk/local/lib/python2.7/site-packages/radical/pilot/configs/resource_aliases.json
2017-08-12 13:19:17,477: rp.session.vivek-HP-Pavilion-m6-Notebook-PC.vivek.017390.0019: MainProcess                     : MainThread     : INFO    : Load resource configurations from /home/vivek/Research/ves/test_entk/local/lib/python2.7/site-packages/radical/pilot/configs/resource_fub.json
2017-08-12 13:19:17,479: rp.session.vivek-HP-Pavilion-m6-Notebook-PC.vivek.017390.0019: MainProcess                     : MainThread     : INFO    : Load resource configurations for fub.allegro_rsh
2017-08-12 13:19:17,479: rp.session.vivek-HP-Pavilion-m6-Notebook-PC.vivek.017390.0019: MainProcess                     : MainThread     : INFO    : Load resource configurations from /home/vivek/Research/ves/test_entk/local/lib/python2.7/site-packages/radical/pilot/configs/resource_xsede.json
2017-08-12 13:19:17,513: rp.session.vivek-HP-Pavilion-m6-Notebook-PC.vivek.017390.0019: MainProcess                     : MainThread     : INFO    : Load resource configurations for xsede.stampede2_ssh
2017-08-12 13:19:17,514: rp.session.vivek-HP-Pavilion-m6-Notebook-PC.vivek.017390.0019: MainProcess                     : MainThread     : INFO    : Load resource configurations for xsede.wrangler_spark
2017-08-12 13:19:17,514: rp.session.vivek-HP-Pavilion-m6-Notebook-PC.vivek.017390.0019: MainProcess                     : MainThread     : INFO    : Load resource configurations for xsede.stampede_yarn
2017-08-12 13:19:17,515: rp.session.vivek-HP-Pavilion-m6-Notebook-PC.vivek.017390.0019: MainProcess                     : MainThread     : INFO    : Load resource configurations for xsede.gordon_ssh
2017-08-12 13:19:17,515: rp.session.vivek-HP-Pavilion-m6-Notebook-PC.vivek.017390.0019: MainProcess                     : MainThread     : INFO    : Load resource configurations for xsede.stampede_ssh
2017-08-12 13:19:17,515: rp.session.vivek-HP-Pavilion-m6-Notebook-PC.vivek.017390.0019: MainProcess                     : MainThread     : INFO    : Load resource configurations for xsede.lonestar_ssh
2017-08-12 13:19:17,516: rp.session.vivek-HP-Pavilion-m6-Notebook-PC.vivek.017390.0019: MainProcess                     : MainThread     : INFO    : Load resource configurations for xsede.supermic_spark
2017-08-12 13:19:17,516: rp.session.vivek-HP-Pavilion-m6-Notebook-PC.vivek.017390.0019: MainProcess                     : MainThread     : INFO    : Load resource configurations for xsede.wrangler_ssh
2017-08-12 13:19:17,517: rp.session.vivek-HP-Pavilion-m6-Notebook-PC.vivek.017390.0019: MainProcess                     : MainThread     : INFO    : Load resource configurations for xsede.wrangler_yarn
2017-08-12 13:19:17,517: rp.session.vivek-HP-Pavilion-m6-Notebook-PC.vivek.017390.0019: MainProcess                     : MainThread     : INFO    : Load resource configurations for xsede.bridges
2017-08-12 13:19:17,518: rp.session.vivek-HP-Pavilion-m6-Notebook-PC.vivek.017390.0019: MainProcess                     : MainThread     : INFO    : Load resource configurations for xsede.supermic_ssh
2017-08-12 13:19:17,518: rp.session.vivek-HP-Pavilion-m6-Notebook-PC.vivek.017390.0019: MainProcess                     : MainThread     : INFO    : Load resource configurations for xsede.stampede_orte
2017-08-12 13:19:17,519: rp.session.vivek-HP-Pavilion-m6-Notebook-PC.vivek.017390.0019: MainProcess                     : MainThread     : INFO    : Load resource configurations for xsede.greenfield
2017-08-12 13:19:17,519: rp.session.vivek-HP-Pavilion-m6-Notebook-PC.vivek.017390.0019: MainProcess                     : MainThread     : INFO    : Load resource configurations for xsede.comet_spark
2017-08-12 13:19:17,519: rp.session.vivek-HP-Pavilion-m6-Notebook-PC.vivek.017390.0019: MainProcess                     : MainThread     : INFO    : Load resource configurations for xsede.trestles_ssh
2017-08-12 13:19:17,520: rp.session.vivek-HP-Pavilion-m6-Notebook-PC.vivek.017390.0019: MainProcess                     : MainThread     : INFO    : Load resource configurations for xsede.comet_ssh
2017-08-12 13:19:17,520: rp.session.vivek-HP-Pavilion-m6-Notebook-PC.vivek.017390.0019: MainProcess                     : MainThread     : INFO    : Load resource configurations for xsede.stampede_spark
2017-08-12 13:19:17,521: rp.session.vivek-HP-Pavilion-m6-Notebook-PC.vivek.017390.0019: MainProcess                     : MainThread     : INFO    : Load resource configurations for xsede.comet_orte
2017-08-12 13:19:17,521: rp.session.vivek-HP-Pavilion-m6-Notebook-PC.vivek.017390.0019: MainProcess                     : MainThread     : INFO    : Load resource configurations for xsede.comet_ortelib
2017-08-12 13:19:17,522: rp.session.vivek-HP-Pavilion-m6-Notebook-PC.vivek.017390.0019: MainProcess                     : MainThread     : INFO    : Load resource configurations for xsede.blacklight_ssh
2017-08-12 13:19:17,522: rp.session.vivek-HP-Pavilion-m6-Notebook-PC.vivek.017390.0019: MainProcess                     : MainThread     : INFO    : Load resource configurations for xsede.stampede_ortelib
2017-08-12 13:19:17,523: rp.session.vivek-HP-Pavilion-m6-Notebook-PC.vivek.017390.0019: MainProcess                     : MainThread     : INFO    : Load resource configurations from /home/vivek/Research/ves/test_entk/local/lib/python2.7/site-packages/radical/pilot/configs/resource_futuregrid.json
2017-08-12 13:19:17,533: rp.session.vivek-HP-Pavilion-m6-Notebook-PC.vivek.017390.0019: MainProcess                     : MainThread     : INFO    : Load resource configurations for futuregrid.delta_ssh
2017-08-12 13:19:17,533: rp.session.vivek-HP-Pavilion-m6-Notebook-PC.vivek.017390.0019: MainProcess                     : MainThread     : INFO    : Load resource configurations for futuregrid.india_ssh
2017-08-12 13:19:17,534: rp.session.vivek-HP-Pavilion-m6-Notebook-PC.vivek.017390.0019: MainProcess                     : MainThread     : INFO    : Load resource configurations for futuregrid.echo_ssh
2017-08-12 13:19:17,534: rp.session.vivek-HP-Pavilion-m6-Notebook-PC.vivek.017390.0019: MainProcess                     : MainThread     : INFO    : Load resource configurations for futuregrid.xray_ccm
2017-08-12 13:19:17,534: rp.session.vivek-HP-Pavilion-m6-Notebook-PC.vivek.017390.0019: MainProcess                     : MainThread     : INFO    : Load resource configurations for futuregrid.bravo_ssh
2017-08-12 13:19:17,535: rp.session.vivek-HP-Pavilion-m6-Notebook-PC.vivek.017390.0019: MainProcess                     : MainThread     : INFO    : Load resource configurations for futuregrid.xray_aprun
2017-08-12 13:19:17,535: rp.session.vivek-HP-Pavilion-m6-Notebook-PC.vivek.017390.0019: MainProcess                     : MainThread     : INFO    : Load resource configurations from /home/vivek/Research/ves/test_entk/local/lib/python2.7/site-packages/radical/pilot/configs/resource_epsrc.json
2017-08-12 13:19:17,538: rp.session.vivek-HP-Pavilion-m6-Notebook-PC.vivek.017390.0019: MainProcess                     : MainThread     : INFO    : Load resource configurations for epsrc.archer_orte
2017-08-12 13:19:17,539: rp.session.vivek-HP-Pavilion-m6-Notebook-PC.vivek.017390.0019: MainProcess                     : MainThread     : INFO    : Load resource configurations for epsrc.archer_aprun
2017-08-12 13:19:19,595: rp.session.vivek-HP-Pavilion-m6-Notebook-PC.vivek.017390.0019: MainProcess                     : MainThread     : INFO    : New Session created: rp.session.vivek-HP-Pavilion-m6-Notebook-PC.vivek.017390.0019.
2017-08-12 13:19:19,596: rp.session.vivek-HP-Pavilion-m6-Notebook-PC.vivek.017390.0019: MainProcess                     : MainThread     : DEBUG   : start bridges   : {u'control_pubsub': {u'bulk_size': 0, u'log_level': u'debug', u'stall_hwm': 1},
 u'log_pubsub': {u'bulk_size': 0, u'log_level': u'debug', u'stall_hwm': 1},
 u'state_pubsub': {u'bulk_size': 0, u'log_level': u'debug', u'stall_hwm': 1}}
2017-08-12 13:19:19,597: rp.session.vivek-HP-Pavilion-m6-Notebook-PC.vivek.017390.0019: MainProcess                     : MainThread     : INFO    : create bridge control_pubsub
2017-08-12 13:19:19,630: rp.session.vivek-HP-Pavilion-m6-Notebook-PC.vivek.017390.0019: MainProcess                     : MainThread     : INFO    : created bridge control_pubsub (control.pubsub.bridge.0000)
2017-08-12 13:19:19,630: rp.session.vivek-HP-Pavilion-m6-Notebook-PC.vivek.017390.0019: MainProcess                     : MainThread     : INFO    : create bridge state_pubsub
2017-08-12 13:19:19,650: rp.session.vivek-HP-Pavilion-m6-Notebook-PC.vivek.017390.0019: MainProcess                     : MainThread     : INFO    : created bridge state_pubsub (state.pubsub.bridge.0000)
2017-08-12 13:19:19,650: rp.session.vivek-HP-Pavilion-m6-Notebook-PC.vivek.017390.0019: MainProcess                     : MainThread     : INFO    : create bridge log_pubsub
2017-08-12 13:19:19,664: rp.session.vivek-HP-Pavilion-m6-Notebook-PC.vivek.017390.0019: MainProcess                     : MainThread     : INFO    : created bridge log_pubsub (log.pubsub.bridge.0000)
2017-08-12 13:19:19,664: rp.session.vivek-HP-Pavilion-m6-Notebook-PC.vivek.017390.0019: MainProcess                     : MainThread     : DEBUG   : start components: {u'UpdateWorker': {u'count': 1}}
2017-08-12 13:19:19,665: rp.session.vivek-HP-Pavilion-m6-Notebook-PC.vivek.017390.0019: MainProcess                     : MainThread     : DEBUG   : start 1 component(s) UpdateWorker
2017-08-12 13:19:20,345: rp.session.vivek-HP-Pavilion-m6-Notebook-PC.vivek.017390.0019: MainProcess                     : MainThread     : INFO    : rp.session.vivek-HP-Pavilion-m6-Notebook-PC.vivek.017390.0019 starts update.0
2017-08-12 13:19:20,482: rp.session.vivek-HP-Pavilion-m6-Notebook-PC.vivek.017390.0019: MainProcess                     : MainThread     : WARNING : using alias 'xsede.supermic_ssh' for deprecated resource key 'xsede.supermic'
2017-08-12 13:19:20,483: rp.session.vivek-HP-Pavilion-m6-Notebook-PC.vivek.017390.0019: MainProcess                     : MainThread     : DEBUG   : rsup.PTYShell('gsissh://supermic.cct-lsu.xsede.org:2222/')
2017-08-12 13:19:24,145: rp.session.vivek-HP-Pavilion-m6-Notebook-PC.vivek.017390.0019: MainProcess                     : MainThread     : DEBUG   : sandbox base gsissh://supermic.cct-lsu.xsede.org:2222/: '/work/vivek91'
2017-08-12 13:19:24,258: rp.session.vivek-HP-Pavilion-m6-Notebook-PC.vivek.017390.0019: MainProcess                     : MainThread     : DEBUG   : bulk pilot insert result: {'nModified': 0, 'nUpserted': 0, 'nMatched': 0, 'writeErrors': [], 'upserted': [], 'writeConcernErrors': [], 'nRemoved': 0, 'nInserted': 1}
2017-08-12 13:19:24,261: rp.session.vivek-HP-Pavilion-m6-Notebook-PC.vivek.017390.0019: pmgr.launching.0                : MainThread     : WARNING : using alias 'xsede.supermic_ssh' for deprecated resource key 'xsede.supermic'
2017-08-12 13:19:24,263: rp.session.vivek-HP-Pavilion-m6-Notebook-PC.vivek.017390.0019: pmgr.launching.0                : MainThread     : WARNING : using alias 'xsede.supermic_ssh' for deprecated resource key 'xsede.supermic'
2017-08-12 13:19:24,264: rp.session.vivek-HP-Pavilion-m6-Notebook-PC.vivek.017390.0019: pmgr.launching.0                : MainThread     : DEBUG   : rsup.PTYShell('gsissh://supermic.cct-lsu.xsede.org:2222/')
2017-08-12 13:19:26,048: rp.session.vivek-HP-Pavilion-m6-Notebook-PC.vivek.017390.0019: pmgr.launching.0                : MainThread     : DEBUG   : sandbox base gsissh://supermic.cct-lsu.xsede.org:2222/: '/work/vivek91'
2017-08-12 13:20:46,533: rp.session.vivek-HP-Pavilion-m6-Notebook-PC.vivek.017390.0019: task-manager                    : MainThread     : DEBUG   : bulk unit insert result: {'nModified': 0, 'nUpserted': 0, 'nMatched': 0, 'writeErrors': [], 'upserted': [], 'writeConcernErrors': [], 'nRemoved': 0, 'nInserted': 1}
2017-08-12 13:20:46,620: rp.session.vivek-HP-Pavilion-m6-Notebook-PC.vivek.017390.0019: task-manager                    : MainThread     : DEBUG   : bulk unit insert result: {'nModified': 0, 'nUpserted': 0, 'nMatched': 0, 'writeErrors': [], 'upserted': [], 'writeConcernErrors': [], 'nRemoved': 0, 'nInserted': 1}
2017-08-12 13:20:46,677: rp.session.vivek-HP-Pavilion-m6-Notebook-PC.vivek.017390.0019: task-manager                    : MainThread     : DEBUG   : bulk unit insert result: {'nModified': 0, 'nUpserted': 0, 'nMatched': 0, 'writeErrors': [], 'upserted': [], 'writeConcernErrors': [], 'nRemoved': 0, 'nInserted': 1}
2017-08-12 13:20:46,748: rp.session.vivek-HP-Pavilion-m6-Notebook-PC.vivek.017390.0019: task-manager                    : MainThread     : DEBUG   : bulk unit insert result: {'nModified': 0, 'nUpserted': 0, 'nMatched': 0, 'writeErrors': [], 'upserted': [], 'writeConcernErrors': [], 'nRemoved': 0, 'nInserted': 1}
2017-08-12 13:20:46,846: rp.session.vivek-HP-Pavilion-m6-Notebook-PC.vivek.017390.0019: task-manager                    : MainThread     : DEBUG   : bulk unit insert result: {'nModified': 0, 'nUpserted': 0, 'nMatched': 0, 'writeErrors': [], 'upserted': [], 'writeConcernErrors': [], 'nRemoved': 0, 'nInserted': 1}
2017-08-12 13:20:47,003: rp.session.vivek-HP-Pavilion-m6-Notebook-PC.vivek.017390.0019: task-manager                    : MainThread     : DEBUG   : bulk unit insert result: {'nModified': 0, 'nUpserted': 0, 'nMatched': 0, 'writeErrors': [], 'upserted': [], 'writeConcernErrors': [], 'nRemoved': 0, 'nInserted': 1}
2017-08-12 13:20:47,081: rp.session.vivek-HP-Pavilion-m6-Notebook-PC.vivek.017390.0019: task-manager                    : MainThread     : DEBUG   : bulk unit insert result: {'nModified': 0, 'nUpserted': 0, 'nMatched': 0, 'writeErrors': [], 'upserted': [], 'writeConcernErrors': [], 'nRemoved': 0, 'nInserted': 1}
2017-08-12 13:20:47,142: rp.session.vivek-HP-Pavilion-m6-Notebook-PC.vivek.017390.0019: task-manager                    : MainThread     : DEBUG   : bulk unit insert result: {'nModified': 0, 'nUpserted': 0, 'nMatched': 0, 'writeErrors': [], 'upserted': [], 'writeConcernErrors': [], 'nRemoved': 0, 'nInserted': 1}
2017-08-12 13:20:47,191: rp.session.vivek-HP-Pavilion-m6-Notebook-PC.vivek.017390.0019: task-manager                    : MainThread     : DEBUG   : bulk unit insert result: {'nModified': 0, 'nUpserted': 0, 'nMatched': 0, 'writeErrors': [], 'upserted': [], 'writeConcernErrors': [], 'nRemoved': 0, 'nInserted': 1}
2017-08-12 13:20:47,237: rp.session.vivek-HP-Pavilion-m6-Notebook-PC.vivek.017390.0019: task-manager                    : MainThread     : DEBUG   : bulk unit insert result: {'nModified': 0, 'nUpserted': 0, 'nMatched': 0, 'writeErrors': [], 'upserted': [], 'writeConcernErrors': [], 'nRemoved': 0, 'nInserted': 1}
2017-08-12 13:21:31,019: rp.session.vivek-HP-Pavilion-m6-Notebook-PC.vivek.017390.0019: task-manager                    : MainThread     : DEBUG   : bulk unit insert result: {'nModified': 0, 'nUpserted': 0, 'nMatched': 0, 'writeErrors': [], 'upserted': [], 'writeConcernErrors': [], 'nRemoved': 0, 'nInserted': 1}
2017-08-12 13:21:47,216: rp.session.vivek-HP-Pavilion-m6-Notebook-PC.vivek.017390.0019: MainProcess                     : MainThread     : DEBUG   : session rp.session.vivek-HP-Pavilion-m6-Notebook-PC.vivek.017390.0019 closing
2017-08-12 13:21:47,217: rp.session.vivek-HP-Pavilion-m6-Notebook-PC.vivek.017390.0019: MainProcess                     : MainThread     : DEBUG   : session rp.session.vivek-HP-Pavilion-m6-Notebook-PC.vivek.017390.0019 closes pmgr   pmgr.0000
2017-08-12 13:21:47,741: rp.session.vivek-HP-Pavilion-m6-Notebook-PC.vivek.017390.0019: MainProcess                     : MainThread     : DEBUG   : session rp.session.vivek-HP-Pavilion-m6-Notebook-PC.vivek.017390.0019 closed pmgr   pmgr.0000
2017-08-12 13:21:47,741: rp.session.vivek-HP-Pavilion-m6-Notebook-PC.vivek.017390.0019: MainProcess                     : MainThread     : DEBUG   : session rp.session.vivek-HP-Pavilion-m6-Notebook-PC.vivek.017390.0019 closes comp   update.0
2017-08-12 13:21:47,921: rp.session.vivek-HP-Pavilion-m6-Notebook-PC.vivek.017390.0019: MainProcess                     : MainThread     : DEBUG   : session rp.session.vivek-HP-Pavilion-m6-Notebook-PC.vivek.017390.0019 closed comp   update.0
2017-08-12 13:21:47,921: rp.session.vivek-HP-Pavilion-m6-Notebook-PC.vivek.017390.0019: MainProcess                     : MainThread     : DEBUG   : session rp.session.vivek-HP-Pavilion-m6-Notebook-PC.vivek.017390.0019 closes bridge control.pubsub.bridge.0000
2017-08-12 13:21:48,096: rp.session.vivek-HP-Pavilion-m6-Notebook-PC.vivek.017390.0019: MainProcess                     : MainThread     : DEBUG   : session rp.session.vivek-HP-Pavilion-m6-Notebook-PC.vivek.017390.0019 closed bridge control.pubsub.bridge.0000
2017-08-12 13:21:48,096: rp.session.vivek-HP-Pavilion-m6-Notebook-PC.vivek.017390.0019: MainProcess                     : MainThread     : DEBUG   : session rp.session.vivek-HP-Pavilion-m6-Notebook-PC.vivek.017390.0019 closes bridge state.pubsub.bridge.0000
2017-08-12 13:21:48,319: rp.session.vivek-HP-Pavilion-m6-Notebook-PC.vivek.017390.0019: MainProcess                     : MainThread     : DEBUG   : session rp.session.vivek-HP-Pavilion-m6-Notebook-PC.vivek.017390.0019 closed bridge state.pubsub.bridge.0000
2017-08-12 13:21:48,319: rp.session.vivek-HP-Pavilion-m6-Notebook-PC.vivek.017390.0019: MainProcess                     : MainThread     : DEBUG   : session rp.session.vivek-HP-Pavilion-m6-Notebook-PC.vivek.017390.0019 closes bridge log.pubsub.bridge.0000
2017-08-12 13:21:48,492: rp.session.vivek-HP-Pavilion-m6-Notebook-PC.vivek.017390.0019: MainProcess                     : MainThread     : DEBUG   : session rp.session.vivek-HP-Pavilion-m6-Notebook-PC.vivek.017390.0019 closed bridge log.pubsub.bridge.0000
2017-08-12 13:21:48,493: rp.session.vivek-HP-Pavilion-m6-Notebook-PC.vivek.017390.0019: MainProcess                     : MainThread     : DEBUG   : session rp.session.vivek-HP-Pavilion-m6-Notebook-PC.vivek.017390.0019 closes db (False)
2017-08-12 13:21:48,493: rp.session.vivek-HP-Pavilion-m6-Notebook-PC.vivek.017390.0019: MainProcess                     : MainThread     : DEBUG   : session rp.session.vivek-HP-Pavilion-m6-Notebook-PC.vivek.017390.0019 closed (delete=False)
