2017-08-12 13:20:45,865: umgr.scheduling.queue.bridge.0000: task-manager                    : MainThread     : INFO    : python.interpreter   version: 2.7.12 (default, Nov 19 2016, 06:48:10) [GCC 5.4.0 20160609]
2017-08-12 13:20:45,865: umgr.scheduling.queue.bridge.0000: task-manager                    : MainThread     : INFO    :                      pid: 19909
2017-08-12 13:20:45,865: umgr.scheduling.queue.bridge.0000: task-manager                    : MainThread     : INFO    :                      tid: MainThread
2017-08-12 13:20:45,866: umgr.scheduling.queue.bridge.0000: task-manager                    : MainThread     : INFO    : radical.pilot        version: 0.46-v0.46.RC2@HEAD-detached-at-v0.46.RC2
2017-08-12 13:20:45,866: umgr.scheduling.queue.bridge.0000: task-manager                    : MainThread     : INFO    : create umgr_scheduling_queue - bridge - tcp://*:*
2017-08-12 13:20:45,866: umgr.scheduling.queue.bridge.0000: task-manager                    : MainThread     : DEBUG   : start process
2017-08-12 13:20:45,876: umgr.scheduling.queue.bridge.0000: umgr.scheduling.queue.bridge.0000: MainThread     : DEBUG   : ru_initialize_common (NOOP)
2017-08-12 13:20:45,881: umgr.scheduling.queue.bridge.0000: umgr.scheduling.queue.bridge.0000.child: MainThread     : INFO    : child (me) initializing
2017-08-12 13:20:45,881: umgr.scheduling.queue.bridge.0000: umgr.scheduling.queue.bridge.0000.child: MainThread     : DEBUG   : parent name: umgr.scheduling.queue.bridge.0000.child.watch
2017-08-12 13:20:45,881: umgr.scheduling.queue.bridge.0000: umgr.scheduling.queue.bridge.0000.child: MainThread     : DEBUG   : start thread
2017-08-12 13:20:45,883: umgr.scheduling.queue.bridge.0000: umgr.scheduling.queue.bridge.0000.child: umgr.scheduling.queue.bridge.0000.child.watch: DEBUG   : child name: umgr.scheduling.queue.bridge.0000.child.watch.thread
2017-08-12 13:20:45,884: umgr.scheduling.queue.bridge.0000: umgr.scheduling.queue.bridge.0000.child: umgr.scheduling.queue.bridge.0000.child.watch: INFO    : child (me) initializing
2017-08-12 13:20:45,884: umgr.scheduling.queue.bridge.0000: umgr.scheduling.queue.bridge.0000.child: umgr.scheduling.queue.bridge.0000.child.watch: DEBUG   : ru_initialize_common (NOOP)
2017-08-12 13:20:45,884: umgr.scheduling.queue.bridge.0000: umgr.scheduling.queue.bridge.0000.child: umgr.scheduling.queue.bridge.0000.child.watch: DEBUG   : ru_initialize_child (NOOP)
2017-08-12 13:20:45,884: umgr.scheduling.queue.bridge.0000: umgr.scheduling.queue.bridge.0000.child: umgr.scheduling.queue.bridge.0000.child.watch: INFO    : send alive
2017-08-12 13:20:45,884: umgr.scheduling.queue.bridge.0000: umgr.scheduling.queue.bridge.0000.child: umgr.scheduling.queue.bridge.0000.child.watch: INFO    : put message: [umgr.scheduling.queue.bridge.0000.child.watch.thread] alive
2017-08-12 13:20:45,885: umgr.scheduling.queue.bridge.0000: umgr.scheduling.queue.bridge.0000.child: MainThread     : INFO    : get msg: alive
2017-08-12 13:20:45,885: umgr.scheduling.queue.bridge.0000: umgr.scheduling.queue.bridge.0000.child: MainThread     : DEBUG   : ru_initialize_common (NOOP)
2017-08-12 13:20:45,886: umgr.scheduling.queue.bridge.0000: umgr.scheduling.queue.bridge.0000.child: MainThread     : DEBUG   : ru_initialize_parent (NOOP)
2017-08-12 13:20:45,886: umgr.scheduling.queue.bridge.0000: umgr.scheduling.queue.bridge.0000.child: MainThread     : DEBUG   : child thread umgr.scheduling.queue.bridge.0000.child.watch started
2017-08-12 13:20:45,886: umgr.scheduling.queue.bridge.0000: umgr.scheduling.queue.bridge.0000.child: MainThread     : INFO    : child (me) is alive
2017-08-12 13:20:45,886: umgr.scheduling.queue.bridge.0000: umgr.scheduling.queue.bridge.0000.child: MainThread     : INFO    : send alive
2017-08-12 13:20:45,886: umgr.scheduling.queue.bridge.0000: umgr.scheduling.queue.bridge.0000.child: MainThread     : INFO    : send message: [umgr.scheduling.queue.bridge.0000.child] alive
2017-08-12 13:20:45,886: umgr.scheduling.queue.bridge.0000: task-manager                    : MainThread     : INFO    : recv message: alive
2017-08-12 13:20:45,886: umgr.scheduling.queue.bridge.0000: task-manager                    : MainThread     : DEBUG   : ru_initialize_common (NOOP)
2017-08-12 13:20:45,887: umgr.scheduling.queue.bridge.0000: task-manager                    : MainThread     : DEBUG   : ru_initialize_parent (NOOP)
2017-08-12 13:20:45,887: umgr.scheduling.queue.bridge.0000: task-manager                    : MainThread     : DEBUG   : parent name: umgr.scheduling.queue.bridge.0000.watch
2017-08-12 13:20:45,887: umgr.scheduling.queue.bridge.0000: task-manager                    : MainThread     : DEBUG   : start thread
2017-08-12 13:20:45,887: umgr.scheduling.queue.bridge.0000: task-manager                    : umgr.scheduling.queue.bridge.0000.watch: DEBUG   : child name: umgr.scheduling.queue.bridge.0000.watch.thread
2017-08-12 13:20:45,887: umgr.scheduling.queue.bridge.0000: task-manager                    : umgr.scheduling.queue.bridge.0000.watch: INFO    : child (me) initializing
2017-08-12 13:20:45,887: umgr.scheduling.queue.bridge.0000: task-manager                    : umgr.scheduling.queue.bridge.0000.watch: DEBUG   : ru_initialize_common (NOOP)
2017-08-12 13:20:45,888: umgr.scheduling.queue.bridge.0000: task-manager                    : umgr.scheduling.queue.bridge.0000.watch: DEBUG   : ru_initialize_child (NOOP)
2017-08-12 13:20:45,888: umgr.scheduling.queue.bridge.0000: task-manager                    : umgr.scheduling.queue.bridge.0000.watch: INFO    : send alive
2017-08-12 13:20:45,888: umgr.scheduling.queue.bridge.0000: task-manager                    : umgr.scheduling.queue.bridge.0000.watch: INFO    : put message: [umgr.scheduling.queue.bridge.0000.watch.thread] alive
2017-08-12 13:20:45,888: umgr.scheduling.queue.bridge.0000: task-manager                    : MainThread     : INFO    : get msg: alive
2017-08-12 13:20:45,888: umgr.scheduling.queue.bridge.0000: task-manager                    : MainThread     : DEBUG   : ru_initialize_common (NOOP)
2017-08-12 13:20:45,889: umgr.scheduling.queue.bridge.0000: task-manager                    : MainThread     : DEBUG   : ru_initialize_parent (NOOP)
2017-08-12 13:20:45,889: umgr.scheduling.queue.bridge.0000: task-manager                    : MainThread     : DEBUG   : child thread umgr.scheduling.queue.bridge.0000.watch started
2017-08-12 13:20:45,889: umgr.scheduling.queue.bridge.0000: task-manager                    : MainThread     : INFO    : child is alive
2017-08-12 13:20:45,889: umgr.scheduling.queue.bridge.0000: task-manager                    : MainThread     : DEBUG   : process class started child
2017-08-12 13:21:39,488: umgr.scheduling.queue.bridge.0000: umgr.scheduling.queue.bridge.0000.child: umgr.scheduling.queue.bridge.0000.child.watch: WARNING : endpoint disappeard
2017-08-12 13:21:39,489: umgr.scheduling.queue.bridge.0000: umgr.scheduling.queue.bridge.0000.child: umgr.scheduling.queue.bridge.0000.child.watch: INFO    : watcher closes
2017-08-12 13:21:39,489: umgr.scheduling.queue.bridge.0000: umgr.scheduling.queue.bridge.0000.child: umgr.scheduling.queue.bridge.0000.child.watch: INFO    : put message: [umgr.scheduling.queue.bridge.0000.child.watch.thread] work finished
2017-08-12 13:21:39,490: umgr.scheduling.queue.bridge.0000: umgr.scheduling.queue.bridge.0000.child: umgr.scheduling.queue.bridge.0000.child.watch: DEBUG   : ru_finalize_child (NOOP)
2017-08-12 13:21:39,490: umgr.scheduling.queue.bridge.0000: umgr.scheduling.queue.bridge.0000.child: umgr.scheduling.queue.bridge.0000.child.watch: DEBUG   : ru_finalize_common (NOOP)
2017-08-12 13:21:39,490: umgr.scheduling.queue.bridge.0000: umgr.scheduling.queue.bridge.0000.child: umgr.scheduling.queue.bridge.0000.child.watch: INFO    : put message: [umgr.scheduling.queue.bridge.0000.child.watch.thread] terminating
2017-08-12 13:21:40,030: umgr.scheduling.queue.bridge.0000: umgr.scheduling.queue.bridge.0000.child: MainThread     : INFO    : send message: [umgr.scheduling.queue.bridge.0000.child] work finished
2017-08-12 13:21:40,032: umgr.scheduling.queue.bridge.0000: umgr.scheduling.queue.bridge.0000.child: MainThread     : DEBUG   : ru_finalize_child (NOOP)
2017-08-12 13:21:40,032: umgr.scheduling.queue.bridge.0000: umgr.scheduling.queue.bridge.0000.child: MainThread     : INFO    : send message: [umgr.scheduling.queue.bridge.0000.child] terminating
