2017-08-12 13:19:19,666: update.0            : MainProcess                     : MainThread     : INFO    : python.interpreter   version: 2.7.12 (default, Nov 19 2016, 06:48:10) [GCC 5.4.0 20160609]
2017-08-12 13:19:19,666: update.0            : MainProcess                     : MainThread     : INFO    :                      pid: 19721
2017-08-12 13:19:19,666: update.0            : MainProcess                     : MainThread     : INFO    :                      tid: MainThread
2017-08-12 13:19:19,666: update.0            : MainProcess                     : MainThread     : INFO    : radical.pilot        version: 0.46-v0.46.RC2@HEAD-detached-at-v0.46.RC2
2017-08-12 13:19:19,666: update.0            : MainProcess                     : MainThread     : DEBUG   : alive check in term
2017-08-12 13:19:19,666: update.0            : MainProcess                     : MainThread     : DEBUG   : start process
2017-08-12 13:19:20,330: update.0            : MainProcess                     : MainThread     : INFO    : recv message: alive
2017-08-12 13:19:20,330: update.0            : MainProcess                     : MainThread     : INFO    : initialize update.0
2017-08-12 13:19:20,333: update.0            : MainProcess                     : MainThread     : INFO    : cfg: {'agents': {},
 u'bridges': {u'control_pubsub': {'addr_in': 'tcp://192.168.1.14:44601',
                                  'addr_out': 'tcp://192.168.1.14:37323',
                                  u'bulk_size': 0,
                                  u'log_level': u'debug',
                                  u'stall_hwm': 1},
              u'log_pubsub': {'addr_in': 'tcp://192.168.1.14:36097',
                              'addr_out': 'tcp://192.168.1.14:36267',
                              u'bulk_size': 0,
                              u'log_level': u'debug',
                              u'stall_hwm': 1},
              u'state_pubsub': {'addr_in': 'tcp://192.168.1.14:40393',
                                'addr_out': 'tcp://192.168.1.14:42427',
                                u'bulk_size': 0,
                                u'log_level': u'debug',
                                u'stall_hwm': 1}},
 'cname': u'UpdateWorker',
 u'components': {},
 u'count': 1,
 'dburl': 'mongodb://rp:rp@ds015335.mlab.com:15335/rp',
 'debug': 'DEBUG',
 u'default_dburl': u'mongodb://rp:rp@ds015335.mlab.com:15335/rp',
 'logdir': '/home/vivek/Research/repos/entk-experiments/anen_base/rp.session.vivek-HP-Pavilion-m6-Notebook-PC.vivek.017390.0019',
 'number': 0,
 'owner': 'rp.session.vivek-HP-Pavilion-m6-Notebook-PC.vivek.017390.0019',
 'session_id': 'rp.session.vivek-HP-Pavilion-m6-Notebook-PC.vivek.017390.0019'}
2017-08-12 13:19:20,333: update.0            : MainProcess                     : MainThread     : DEBUG   : alive check in term
2017-08-12 13:19:20,334: update.0            : MainProcess                     : MainThread     : DEBUG   : START: update.0 register publisher log_pubsub
2017-08-12 13:19:20,334: update.0            : MainProcess                     : MainThread     : DEBUG   : using addr tcp://192.168.1.14:36097 for pubsub log_pubsub
2017-08-12 13:19:20,337: update.0            : MainProcess                     : MainThread     : DEBUG   : registered publisher : log_pubsub : log.pubsub.pub.0000
2017-08-12 13:19:20,337: update.0            : MainProcess                     : MainThread     : DEBUG   : alive check in term
2017-08-12 13:19:20,337: update.0            : MainProcess                     : MainThread     : DEBUG   : START: update.0 register publisher state_pubsub
2017-08-12 13:19:20,337: update.0            : MainProcess                     : MainThread     : DEBUG   : using addr tcp://192.168.1.14:40393 for pubsub state_pubsub
2017-08-12 13:19:20,340: update.0            : MainProcess                     : MainThread     : DEBUG   : registered publisher : state_pubsub : state.pubsub.pub.0000
2017-08-12 13:19:20,340: update.0            : MainProcess                     : MainThread     : DEBUG   : alive check in term
2017-08-12 13:19:20,340: update.0            : MainProcess                     : MainThread     : DEBUG   : START: update.0 register publisher control_pubsub
2017-08-12 13:19:20,340: update.0            : MainProcess                     : MainThread     : DEBUG   : using addr tcp://192.168.1.14:44601 for pubsub control_pubsub
2017-08-12 13:19:20,343: update.0            : MainProcess                     : MainThread     : DEBUG   : registered publisher : control_pubsub : control.pubsub.pub.0000
2017-08-12 13:19:20,343: update.0            : MainProcess                     : MainThread     : DEBUG   : parent name: update.0.watch
2017-08-12 13:19:20,343: update.0            : MainProcess                     : MainThread     : DEBUG   : start thread
2017-08-12 13:19:20,343: update.0            : MainProcess                     : update.0.watch : DEBUG   : child name: update.0.watch.thread
2017-08-12 13:19:20,344: update.0            : MainProcess                     : update.0.watch : INFO    : child (me) initializing
2017-08-12 13:19:20,344: update.0            : MainProcess                     : update.0.watch : DEBUG   : ru_initialize_common (NOOP)
2017-08-12 13:19:20,344: update.0            : MainProcess                     : update.0.watch : DEBUG   : ru_initialize_child (NOOP)
2017-08-12 13:19:20,344: update.0            : MainProcess                     : update.0.watch : INFO    : send alive
2017-08-12 13:19:20,344: update.0            : MainProcess                     : update.0.watch : INFO    : put message: [update.0.watch.thread] alive
2017-08-12 13:19:20,345: update.0            : MainProcess                     : MainThread     : INFO    : get msg: alive
2017-08-12 13:19:20,345: update.0            : MainProcess                     : MainThread     : DEBUG   : ru_initialize_common (NOOP)
2017-08-12 13:19:20,345: update.0            : MainProcess                     : MainThread     : DEBUG   : ru_initialize_parent (NOOP)
2017-08-12 13:19:20,345: update.0            : MainProcess                     : MainThread     : DEBUG   : child thread update.0.watch started
2017-08-12 13:19:20,345: update.0            : MainProcess                     : MainThread     : INFO    : child is alive
2017-08-12 13:19:20,345: update.0            : MainProcess                     : MainThread     : DEBUG   : process class started child
2017-08-12 13:21:47,743: update.0            : MainProcess                     : MainThread     : INFO    : stop update.0 (19721 : 19763 : MainThread) [radical.pilot.worker.update.Update.stop]
2017-08-12 13:21:47,743: update.0            : MainProcess                     : MainThread     : INFO    : parent stops child
2017-08-12 13:21:47,743: update.0            : MainProcess                     : MainThread     : DEBUG   : ru_finalize_common()
2017-08-12 13:21:47,743: update.0            : MainProcess                     : MainThread     : DEBUG   : TERM : update.0 unregister publisher log_pubsub
2017-08-12 13:21:47,745: update.0            : MainProcess                     : MainThread     : DEBUG   : unregistered publisher log_pubsub
2017-08-12 13:21:47,745: update.0            : MainProcess                     : MainThread     : DEBUG   : TERM : update.0 unregister publisher state_pubsub
2017-08-12 13:21:47,746: update.0            : MainProcess                     : MainThread     : DEBUG   : unregistered publisher state_pubsub
2017-08-12 13:21:47,746: update.0            : MainProcess                     : MainThread     : DEBUG   : TERM : update.0 unregister publisher control_pubsub
2017-08-12 13:21:47,748: update.0            : MainProcess                     : MainThread     : DEBUG   : unregistered publisher control_pubsub
2017-08-12 13:21:47,748: update.0            : MainProcess                     : MainThread     : DEBUG   : update.0 close prof
2017-08-12 13:21:47,748: update.0            : MainProcess                     : MainThread     : INFO    : parent stops child
2017-08-12 13:21:47,748: update.0            : MainProcess                     : MainThread     : DEBUG   : ru_finalize_parent (NOOP)
2017-08-12 13:21:47,748: update.0            : MainProcess                     : MainThread     : DEBUG   : ru_finalize_common (NOOP)
2017-08-12 13:21:47,782: update.0            : MainProcess                     : update.0.watch : INFO    : watcher closes
2017-08-12 13:21:47,782: update.0            : MainProcess                     : update.0.watch : INFO    : put message: [update.0.watch.thread] work finished
2017-08-12 13:21:47,783: update.0            : MainProcess                     : update.0.watch : DEBUG   : ru_finalize_child (NOOP)
2017-08-12 13:21:47,783: update.0            : MainProcess                     : update.0.watch : DEBUG   : ru_finalize_common (NOOP)
2017-08-12 13:21:47,783: update.0            : MainProcess                     : update.0.watch : INFO    : put message: [update.0.watch.thread] terminating
2017-08-12 13:21:47,913: update.0            : MainProcess                     : MainThread     : WARNING : failed to stop child - terminate
2017-08-12 13:21:48,494: update.0            : MainProcess                     : MainThread     : INFO    : stop update.0 (19721 : 19763 : MainThread) [radical.pilot.worker.update.Update.stop]
