\BOOKMARK [0][-]{chapter.1}{Introduction}{}% 1
\BOOKMARK [1][-]{section.1.1}{Purpose}{chapter.1}% 2
\BOOKMARK [1][-]{section.1.2}{Document Conventions}{chapter.1}% 3
\BOOKMARK [1][-]{section.1.3}{Intended Audience and Reading Suggestions}{chapter.1}% 4
\BOOKMARK [1][-]{section.1.4}{Project Scope}{chapter.1}% 5
\BOOKMARK [1][-]{section.1.5}{References}{chapter.1}% 6
\BOOKMARK [0][-]{chapter.2}{Overall Description}{}% 7
\BOOKMARK [1][-]{section.2.1}{Product Perspective}{chapter.2}% 8
\BOOKMARK [1][-]{section.2.2}{Product Functions}{chapter.2}% 9
\BOOKMARK [1][-]{section.2.3}{User Classes and Characteristics}{chapter.2}% 10
\BOOKMARK [1][-]{section.2.4}{Operating Environment}{chapter.2}% 11
\BOOKMARK [1][-]{section.2.5}{Design and Implementation Constraints}{chapter.2}% 12
\BOOKMARK [1][-]{section.2.6}{User Documentation}{chapter.2}% 13
\BOOKMARK [1][-]{section.2.7}{Assumptions and Dependencies}{chapter.2}% 14
\BOOKMARK [0][-]{chapter.3}{External Interface Requirements}{}% 15
\BOOKMARK [1][-]{section.3.1}{User Interfaces}{chapter.3}% 16
\BOOKMARK [1][-]{section.3.2}{Hardware Interfaces}{chapter.3}% 17
\BOOKMARK [1][-]{section.3.3}{Software Interfaces}{chapter.3}% 18
\BOOKMARK [1][-]{section.3.4}{Communications Interfaces}{chapter.3}% 19
\BOOKMARK [0][-]{chapter.4}{System Features}{}% 20
\BOOKMARK [1][-]{section.4.1}{Execution of O\(1000\) concurrent tasks on Titan}{chapter.4}% 21
\BOOKMARK [2][-]{subsection.4.1.1}{Description and Priority}{section.4.1}% 22
\BOOKMARK [2][-]{subsection.4.1.2}{Stimulus/Response Sequences}{section.4.1}% 23
\BOOKMARK [2][-]{subsection.4.1.3}{Functional Requirements}{section.4.1}% 24
\BOOKMARK [1][-]{section.4.2}{GPU-only simulations}{chapter.4}% 25
\BOOKMARK [2][-]{subsection.4.2.1}{Description and Priority}{section.4.2}% 26
\BOOKMARK [2][-]{subsection.4.2.2}{Stimulus/Response Sequences}{section.4.2}% 27
\BOOKMARK [2][-]{subsection.4.2.3}{Functional Requirements}{section.4.2}% 28
\BOOKMARK [1][-]{section.4.3}{Real-time monitoring: Database}{chapter.4}% 29
\BOOKMARK [2][-]{subsection.4.3.1}{Description and Priority}{section.4.3}% 30
\BOOKMARK [2][-]{subsection.4.3.2}{Stimulus/Response Sequences}{section.4.3}% 31
\BOOKMARK [2][-]{subsection.4.3.3}{Functional Requirements}{section.4.3}% 32
\BOOKMARK [0][-]{chapter.5}{Other Nonfunctional Requirements}{}% 33
\BOOKMARK [1][-]{section.5.1}{Performance Requirements}{chapter.5}% 34
\BOOKMARK [1][-]{section.5.2}{Safety Requirements}{chapter.5}% 35
\BOOKMARK [1][-]{section.5.3}{Security Requirements}{chapter.5}% 36
\BOOKMARK [1][-]{section.5.4}{Software Quality Attributes}{chapter.5}% 37
\BOOKMARK [2][-]{subsection.5.4.1}{Robustness}{section.5.4}% 38
\BOOKMARK [2][-]{subsection.5.4.2}{Reliability}{section.5.4}% 39
\BOOKMARK [0][-]{chapter.6}{Other Requirements}{}% 40
\BOOKMARK [1][-]{section.6.1}{Compiling binaries with specific OpenMPI}{chapter.6}% 41
\BOOKMARK [1][-]{section.6.2}{Appendix A: Glossary}{chapter.6}% 42
\BOOKMARK [1][-]{section.6.3}{Appendix B: Analysis Models}{chapter.6}% 43
\BOOKMARK [1][-]{section.6.4}{Appendix C: To Be Determined List}{chapter.6}% 44
