2017-08-12 14:20:51,889: rp.session.vivek-HP-Pavilion-m6-Notebook-PC.vivek.017390.0022: MainProcess                     : MainThread     : INFO    : python.interpreter   version: 2.7.12 (default, Nov 19 2016, 06:48:10) [GCC 5.4.0 20160609]
2017-08-12 14:20:51,889: rp.session.vivek-HP-Pavilion-m6-Notebook-PC.vivek.017390.0022: MainProcess                     : MainThread     : INFO    :                      pid: 22598
2017-08-12 14:20:51,889: rp.session.vivek-HP-Pavilion-m6-Notebook-PC.vivek.017390.0022: MainProcess                     : MainThread     : INFO    :                      tid: MainThread
2017-08-12 14:20:51,889: rp.session.vivek-HP-Pavilion-m6-Notebook-PC.vivek.017390.0022: MainProcess                     : MainThread     : INFO    : radical.pilot        version: 0.46-v0.46.RC2@HEAD-detached-at-v0.46.RC2
2017-08-12 14:20:51,890: rp.session.vivek-HP-Pavilion-m6-Notebook-PC.vivek.017390.0022: MainProcess                     : MainThread     : INFO    : using database mongodb://rp:rp@ds015335.mlab.com:15335/rp
2017-08-12 14:20:51,890: rp.session.vivek-HP-Pavilion-m6-Notebook-PC.vivek.017390.0022: MainProcess                     : MainThread     : INFO    : Load resource configurations from /home/vivek/Research/ves/test_entk/local/lib/python2.7/site-packages/radical/pilot/configs/resource_nersc.json
2017-08-12 14:20:51,904: rp.session.vivek-HP-Pavilion-m6-Notebook-PC.vivek.017390.0022: MainProcess                     : MainThread     : INFO    : Load resource configurations for nersc.edison_ccm_ssh
2017-08-12 14:20:51,904: rp.session.vivek-HP-Pavilion-m6-Notebook-PC.vivek.017390.0022: MainProcess                     : MainThread     : INFO    : Load resource configurations for nersc.hopper_orte
2017-08-12 14:20:51,905: rp.session.vivek-HP-Pavilion-m6-Notebook-PC.vivek.017390.0022: MainProcess                     : MainThread     : INFO    : Load resource configurations for nersc.hopper_ccm_ssh
2017-08-12 14:20:51,905: rp.session.vivek-HP-Pavilion-m6-Notebook-PC.vivek.017390.0022: MainProcess                     : MainThread     : INFO    : Load resource configurations for nersc.edison_aprun
2017-08-12 14:20:51,906: rp.session.vivek-HP-Pavilion-m6-Notebook-PC.vivek.017390.0022: MainProcess                     : MainThread     : INFO    : Load resource configurations for nersc.hopper_aprun
2017-08-12 14:20:51,906: rp.session.vivek-HP-Pavilion-m6-Notebook-PC.vivek.017390.0022: MainProcess                     : MainThread     : INFO    : Load resource configurations for nersc.edison_orte
2017-08-12 14:20:51,906: rp.session.vivek-HP-Pavilion-m6-Notebook-PC.vivek.017390.0022: MainProcess                     : MainThread     : INFO    : Load resource configurations from /home/vivek/Research/ves/test_entk/local/lib/python2.7/site-packages/radical/pilot/configs/resource_ornl.json
2017-08-12 14:20:51,912: rp.session.vivek-HP-Pavilion-m6-Notebook-PC.vivek.017390.0022: MainProcess                     : MainThread     : INFO    : Load resource configurations for ornl.titan_orte
2017-08-12 14:20:51,912: rp.session.vivek-HP-Pavilion-m6-Notebook-PC.vivek.017390.0022: MainProcess                     : MainThread     : INFO    : Load resource configurations for ornl.titan_aprun
2017-08-12 14:20:51,913: rp.session.vivek-HP-Pavilion-m6-Notebook-PC.vivek.017390.0022: MainProcess                     : MainThread     : INFO    : Load resource configurations for ornl.titan_ortelib
2017-08-12 14:20:51,913: rp.session.vivek-HP-Pavilion-m6-Notebook-PC.vivek.017390.0022: MainProcess                     : MainThread     : INFO    : Load resource configurations from /home/vivek/Research/ves/test_entk/local/lib/python2.7/site-packages/radical/pilot/configs/resource_rice.json
2017-08-12 14:20:51,916: rp.session.vivek-HP-Pavilion-m6-Notebook-PC.vivek.017390.0022: MainProcess                     : MainThread     : INFO    : Load resource configurations for rice.davinci_ssh
2017-08-12 14:20:51,916: rp.session.vivek-HP-Pavilion-m6-Notebook-PC.vivek.017390.0022: MainProcess                     : MainThread     : INFO    : Load resource configurations for rice.biou_ssh
2017-08-12 14:20:51,917: rp.session.vivek-HP-Pavilion-m6-Notebook-PC.vivek.017390.0022: MainProcess                     : MainThread     : INFO    : Load resource configurations from /home/vivek/Research/ves/test_entk/local/lib/python2.7/site-packages/radical/pilot/configs/resource_lumc.json
2017-08-12 14:20:51,920: rp.session.vivek-HP-Pavilion-m6-Notebook-PC.vivek.017390.0022: MainProcess                     : MainThread     : INFO    : Load resource configurations for lumc.gb-ui_ssh
2017-08-12 14:20:51,921: rp.session.vivek-HP-Pavilion-m6-Notebook-PC.vivek.017390.0022: MainProcess                     : MainThread     : INFO    : Load resource configurations for lumc.shark_ssh
2017-08-12 14:20:51,921: rp.session.vivek-HP-Pavilion-m6-Notebook-PC.vivek.017390.0022: MainProcess                     : MainThread     : INFO    : Load resource configurations from /home/vivek/Research/ves/test_entk/local/lib/python2.7/site-packages/radical/pilot/configs/resource_ncsa.json
2017-08-12 14:20:51,929: rp.session.vivek-HP-Pavilion-m6-Notebook-PC.vivek.017390.0022: MainProcess                     : MainThread     : INFO    : Load resource configurations for ncsa.bw_orte
2017-08-12 14:20:51,930: rp.session.vivek-HP-Pavilion-m6-Notebook-PC.vivek.017390.0022: MainProcess                     : MainThread     : INFO    : Load resource configurations for ncsa.bw_ccm_ssh
2017-08-12 14:20:51,930: rp.session.vivek-HP-Pavilion-m6-Notebook-PC.vivek.017390.0022: MainProcess                     : MainThread     : INFO    : Load resource configurations for ncsa.bw_ortelib
2017-08-12 14:20:51,930: rp.session.vivek-HP-Pavilion-m6-Notebook-PC.vivek.017390.0022: MainProcess                     : MainThread     : INFO    : Load resource configurations for ncsa.bw_aprun
2017-08-12 14:20:51,931: rp.session.vivek-HP-Pavilion-m6-Notebook-PC.vivek.017390.0022: MainProcess                     : MainThread     : INFO    : Load resource configurations for ncsa.bw_local_orte
2017-08-12 14:20:51,931: rp.session.vivek-HP-Pavilion-m6-Notebook-PC.vivek.017390.0022: MainProcess                     : MainThread     : INFO    : Load resource configurations from /home/vivek/Research/ves/test_entk/local/lib/python2.7/site-packages/radical/pilot/configs/resource_das5.json
2017-08-12 14:20:51,933: rp.session.vivek-HP-Pavilion-m6-Notebook-PC.vivek.017390.0022: MainProcess                     : MainThread     : INFO    : Load resource configurations for das5.fs1_ssh
2017-08-12 14:20:51,933: rp.session.vivek-HP-Pavilion-m6-Notebook-PC.vivek.017390.0022: MainProcess                     : MainThread     : INFO    : Load resource configurations from /home/vivek/Research/ves/test_entk/local/lib/python2.7/site-packages/radical/pilot/configs/resource_chameleon.json
2017-08-12 14:20:51,935: rp.session.vivek-HP-Pavilion-m6-Notebook-PC.vivek.017390.0022: MainProcess                     : MainThread     : INFO    : Load resource configurations for chameleon.cloud_vm_yarn
2017-08-12 14:20:51,935: rp.session.vivek-HP-Pavilion-m6-Notebook-PC.vivek.017390.0022: MainProcess                     : MainThread     : INFO    : Load resource configurations from /home/vivek/Research/ves/test_entk/local/lib/python2.7/site-packages/radical/pilot/configs/resource_stfc.json
2017-08-12 14:20:51,936: rp.session.vivek-HP-Pavilion-m6-Notebook-PC.vivek.017390.0022: MainProcess                     : MainThread     : INFO    : Load resource configurations for stfc.joule_runjob
2017-08-12 14:20:51,937: rp.session.vivek-HP-Pavilion-m6-Notebook-PC.vivek.017390.0022: MainProcess                     : MainThread     : INFO    : Load resource configurations from /home/vivek/Research/ves/test_entk/local/lib/python2.7/site-packages/radical/pilot/configs/resource_das4.json
2017-08-12 14:20:51,938: rp.session.vivek-HP-Pavilion-m6-Notebook-PC.vivek.017390.0022: MainProcess                     : MainThread     : INFO    : Load resource configurations for das4.fs2_ssh
2017-08-12 14:20:51,939: rp.session.vivek-HP-Pavilion-m6-Notebook-PC.vivek.017390.0022: MainProcess                     : MainThread     : INFO    : Load resource configurations from /home/vivek/Research/ves/test_entk/local/lib/python2.7/site-packages/radical/pilot/configs/resource_yale.json
2017-08-12 14:20:51,940: rp.session.vivek-HP-Pavilion-m6-Notebook-PC.vivek.017390.0022: MainProcess                     : MainThread     : INFO    : Load resource configurations for yale.grace_ssh
2017-08-12 14:20:51,941: rp.session.vivek-HP-Pavilion-m6-Notebook-PC.vivek.017390.0022: MainProcess                     : MainThread     : INFO    : Load resource configurations from /home/vivek/Research/ves/test_entk/local/lib/python2.7/site-packages/radical/pilot/configs/resource_ncar.json
2017-08-12 14:20:51,942: rp.session.vivek-HP-Pavilion-m6-Notebook-PC.vivek.017390.0022: MainProcess                     : MainThread     : INFO    : Load resource configurations for ncar.yellowstone_ssh
2017-08-12 14:20:51,942: rp.session.vivek-HP-Pavilion-m6-Notebook-PC.vivek.017390.0022: MainProcess                     : MainThread     : INFO    : Load resource configurations from /home/vivek/Research/ves/test_entk/local/lib/python2.7/site-packages/radical/pilot/configs/resource_iu.json
2017-08-12 14:20:51,945: rp.session.vivek-HP-Pavilion-m6-Notebook-PC.vivek.017390.0022: MainProcess                     : MainThread     : INFO    : Load resource configurations for iu.bigred2_ccm_ssh
2017-08-12 14:20:51,946: rp.session.vivek-HP-Pavilion-m6-Notebook-PC.vivek.017390.0022: MainProcess                     : MainThread     : INFO    : Load resource configurations for iu.bigred2_aprun
2017-08-12 14:20:51,946: rp.session.vivek-HP-Pavilion-m6-Notebook-PC.vivek.017390.0022: MainProcess                     : MainThread     : INFO    : Load resource configurations from /home/vivek/Research/ves/test_entk/local/lib/python2.7/site-packages/radical/pilot/configs/resource_osg.json
2017-08-12 14:20:51,949: rp.session.vivek-HP-Pavilion-m6-Notebook-PC.vivek.017390.0022: MainProcess                     : MainThread     : INFO    : Load resource configurations for osg.xsede-virt-clust
2017-08-12 14:20:51,950: rp.session.vivek-HP-Pavilion-m6-Notebook-PC.vivek.017390.0022: MainProcess                     : MainThread     : INFO    : Load resource configurations for osg.connect
2017-08-12 14:20:51,950: rp.session.vivek-HP-Pavilion-m6-Notebook-PC.vivek.017390.0022: MainProcess                     : MainThread     : INFO    : Load resource configurations from /home/vivek/Research/ves/test_entk/local/lib/python2.7/site-packages/radical/pilot/configs/resource_radical.json
2017-08-12 14:20:51,955: rp.session.vivek-HP-Pavilion-m6-Notebook-PC.vivek.017390.0022: MainProcess                     : MainThread     : INFO    : Load resource configurations for radical.two
2017-08-12 14:20:51,955: rp.session.vivek-HP-Pavilion-m6-Notebook-PC.vivek.017390.0022: MainProcess                     : MainThread     : INFO    : Load resource configurations for radical.tutorial
2017-08-12 14:20:51,955: rp.session.vivek-HP-Pavilion-m6-Notebook-PC.vivek.017390.0022: MainProcess                     : MainThread     : INFO    : Load resource configurations for radical.one
2017-08-12 14:20:51,956: rp.session.vivek-HP-Pavilion-m6-Notebook-PC.vivek.017390.0022: MainProcess                     : MainThread     : INFO    : Load resource configurations from /home/vivek/Research/ves/test_entk/local/lib/python2.7/site-packages/radical/pilot/configs/resource_lrz.json
2017-08-12 14:20:51,957: rp.session.vivek-HP-Pavilion-m6-Notebook-PC.vivek.017390.0022: MainProcess                     : MainThread     : INFO    : Load resource configurations for lrz.supermuc_ssh
2017-08-12 14:20:51,958: rp.session.vivek-HP-Pavilion-m6-Notebook-PC.vivek.017390.0022: MainProcess                     : MainThread     : INFO    : Load resource configurations from /home/vivek/Research/ves/test_entk/local/lib/python2.7/site-packages/radical/pilot/configs/resource_local.json
2017-08-12 14:20:51,967: rp.session.vivek-HP-Pavilion-m6-Notebook-PC.vivek.017390.0022: MainProcess                     : MainThread     : INFO    : Load resource configurations for local.localhost_orte
2017-08-12 14:20:51,967: rp.session.vivek-HP-Pavilion-m6-Notebook-PC.vivek.017390.0022: MainProcess                     : MainThread     : INFO    : Load resource configurations for local.localhost_anaconda
2017-08-12 14:20:51,968: rp.session.vivek-HP-Pavilion-m6-Notebook-PC.vivek.017390.0022: MainProcess                     : MainThread     : INFO    : Load resource configurations for local.localhost_ortelib
2017-08-12 14:20:51,968: rp.session.vivek-HP-Pavilion-m6-Notebook-PC.vivek.017390.0022: MainProcess                     : MainThread     : INFO    : Load resource configurations for local.localhost
2017-08-12 14:20:51,968: rp.session.vivek-HP-Pavilion-m6-Notebook-PC.vivek.017390.0022: MainProcess                     : MainThread     : INFO    : Load resource configurations for local.localhost_spark
2017-08-12 14:20:51,969: rp.session.vivek-HP-Pavilion-m6-Notebook-PC.vivek.017390.0022: MainProcess                     : MainThread     : INFO    : Load resource configurations for local.localhost_spark_anaconda
2017-08-12 14:20:51,969: rp.session.vivek-HP-Pavilion-m6-Notebook-PC.vivek.017390.0022: MainProcess                     : MainThread     : INFO    : Load resource configurations for local.localhost_yarn
2017-08-12 14:20:51,969: rp.session.vivek-HP-Pavilion-m6-Notebook-PC.vivek.017390.0022: MainProcess                     : MainThread     : INFO    : Load resource configurations from /home/vivek/Research/ves/test_entk/local/lib/python2.7/site-packages/radical/pilot/configs/resource_aliases.json
2017-08-12 14:20:51,970: rp.session.vivek-HP-Pavilion-m6-Notebook-PC.vivek.017390.0022: MainProcess                     : MainThread     : INFO    : Load resource configurations from /home/vivek/Research/ves/test_entk/local/lib/python2.7/site-packages/radical/pilot/configs/resource_fub.json
2017-08-12 14:20:51,971: rp.session.vivek-HP-Pavilion-m6-Notebook-PC.vivek.017390.0022: MainProcess                     : MainThread     : INFO    : Load resource configurations for fub.allegro_rsh
2017-08-12 14:20:51,972: rp.session.vivek-HP-Pavilion-m6-Notebook-PC.vivek.017390.0022: MainProcess                     : MainThread     : INFO    : Load resource configurations from /home/vivek/Research/ves/test_entk/local/lib/python2.7/site-packages/radical/pilot/configs/resource_xsede.json
2017-08-12 14:20:52,005: rp.session.vivek-HP-Pavilion-m6-Notebook-PC.vivek.017390.0022: MainProcess                     : MainThread     : INFO    : Load resource configurations for xsede.stampede2_ssh
2017-08-12 14:20:52,006: rp.session.vivek-HP-Pavilion-m6-Notebook-PC.vivek.017390.0022: MainProcess                     : MainThread     : INFO    : Load resource configurations for xsede.wrangler_spark
2017-08-12 14:20:52,006: rp.session.vivek-HP-Pavilion-m6-Notebook-PC.vivek.017390.0022: MainProcess                     : MainThread     : INFO    : Load resource configurations for xsede.stampede_yarn
2017-08-12 14:20:52,007: rp.session.vivek-HP-Pavilion-m6-Notebook-PC.vivek.017390.0022: MainProcess                     : MainThread     : INFO    : Load resource configurations for xsede.gordon_ssh
2017-08-12 14:20:52,007: rp.session.vivek-HP-Pavilion-m6-Notebook-PC.vivek.017390.0022: MainProcess                     : MainThread     : INFO    : Load resource configurations for xsede.stampede_ssh
2017-08-12 14:20:52,008: rp.session.vivek-HP-Pavilion-m6-Notebook-PC.vivek.017390.0022: MainProcess                     : MainThread     : INFO    : Load resource configurations for xsede.lonestar_ssh
2017-08-12 14:20:52,008: rp.session.vivek-HP-Pavilion-m6-Notebook-PC.vivek.017390.0022: MainProcess                     : MainThread     : INFO    : Load resource configurations for xsede.supermic_spark
2017-08-12 14:20:52,008: rp.session.vivek-HP-Pavilion-m6-Notebook-PC.vivek.017390.0022: MainProcess                     : MainThread     : INFO    : Load resource configurations for xsede.wrangler_ssh
2017-08-12 14:20:52,009: rp.session.vivek-HP-Pavilion-m6-Notebook-PC.vivek.017390.0022: MainProcess                     : MainThread     : INFO    : Load resource configurations for xsede.wrangler_yarn
2017-08-12 14:20:52,009: rp.session.vivek-HP-Pavilion-m6-Notebook-PC.vivek.017390.0022: MainProcess                     : MainThread     : INFO    : Load resource configurations for xsede.bridges
2017-08-12 14:20:52,010: rp.session.vivek-HP-Pavilion-m6-Notebook-PC.vivek.017390.0022: MainProcess                     : MainThread     : INFO    : Load resource configurations for xsede.supermic_ssh
2017-08-12 14:20:52,010: rp.session.vivek-HP-Pavilion-m6-Notebook-PC.vivek.017390.0022: MainProcess                     : MainThread     : INFO    : Load resource configurations for xsede.stampede_orte
2017-08-12 14:20:52,011: rp.session.vivek-HP-Pavilion-m6-Notebook-PC.vivek.017390.0022: MainProcess                     : MainThread     : INFO    : Load resource configurations for xsede.greenfield
2017-08-12 14:20:52,011: rp.session.vivek-HP-Pavilion-m6-Notebook-PC.vivek.017390.0022: MainProcess                     : MainThread     : INFO    : Load resource configurations for xsede.comet_spark
2017-08-12 14:20:52,012: rp.session.vivek-HP-Pavilion-m6-Notebook-PC.vivek.017390.0022: MainProcess                     : MainThread     : INFO    : Load resource configurations for xsede.trestles_ssh
2017-08-12 14:20:52,012: rp.session.vivek-HP-Pavilion-m6-Notebook-PC.vivek.017390.0022: MainProcess                     : MainThread     : INFO    : Load resource configurations for xsede.comet_ssh
2017-08-12 14:20:52,012: rp.session.vivek-HP-Pavilion-m6-Notebook-PC.vivek.017390.0022: MainProcess                     : MainThread     : INFO    : Load resource configurations for xsede.stampede_spark
2017-08-12 14:20:52,013: rp.session.vivek-HP-Pavilion-m6-Notebook-PC.vivek.017390.0022: MainProcess                     : MainThread     : INFO    : Load resource configurations for xsede.comet_orte
2017-08-12 14:20:52,013: rp.session.vivek-HP-Pavilion-m6-Notebook-PC.vivek.017390.0022: MainProcess                     : MainThread     : INFO    : Load resource configurations for xsede.comet_ortelib
2017-08-12 14:20:52,014: rp.session.vivek-HP-Pavilion-m6-Notebook-PC.vivek.017390.0022: MainProcess                     : MainThread     : INFO    : Load resource configurations for xsede.blacklight_ssh
2017-08-12 14:20:52,014: rp.session.vivek-HP-Pavilion-m6-Notebook-PC.vivek.017390.0022: MainProcess                     : MainThread     : INFO    : Load resource configurations for xsede.stampede_ortelib
2017-08-12 14:20:52,014: rp.session.vivek-HP-Pavilion-m6-Notebook-PC.vivek.017390.0022: MainProcess                     : MainThread     : INFO    : Load resource configurations from /home/vivek/Research/ves/test_entk/local/lib/python2.7/site-packages/radical/pilot/configs/resource_futuregrid.json
2017-08-12 14:20:52,024: rp.session.vivek-HP-Pavilion-m6-Notebook-PC.vivek.017390.0022: MainProcess                     : MainThread     : INFO    : Load resource configurations for futuregrid.delta_ssh
2017-08-12 14:20:52,025: rp.session.vivek-HP-Pavilion-m6-Notebook-PC.vivek.017390.0022: MainProcess                     : MainThread     : INFO    : Load resource configurations for futuregrid.india_ssh
2017-08-12 14:20:52,025: rp.session.vivek-HP-Pavilion-m6-Notebook-PC.vivek.017390.0022: MainProcess                     : MainThread     : INFO    : Load resource configurations for futuregrid.echo_ssh
2017-08-12 14:20:52,026: rp.session.vivek-HP-Pavilion-m6-Notebook-PC.vivek.017390.0022: MainProcess                     : MainThread     : INFO    : Load resource configurations for futuregrid.xray_ccm
2017-08-12 14:20:52,026: rp.session.vivek-HP-Pavilion-m6-Notebook-PC.vivek.017390.0022: MainProcess                     : MainThread     : INFO    : Load resource configurations for futuregrid.bravo_ssh
2017-08-12 14:20:52,026: rp.session.vivek-HP-Pavilion-m6-Notebook-PC.vivek.017390.0022: MainProcess                     : MainThread     : INFO    : Load resource configurations for futuregrid.xray_aprun
2017-08-12 14:20:52,027: rp.session.vivek-HP-Pavilion-m6-Notebook-PC.vivek.017390.0022: MainProcess                     : MainThread     : INFO    : Load resource configurations from /home/vivek/Research/ves/test_entk/local/lib/python2.7/site-packages/radical/pilot/configs/resource_epsrc.json
2017-08-12 14:20:52,030: rp.session.vivek-HP-Pavilion-m6-Notebook-PC.vivek.017390.0022: MainProcess                     : MainThread     : INFO    : Load resource configurations for epsrc.archer_orte
2017-08-12 14:20:52,031: rp.session.vivek-HP-Pavilion-m6-Notebook-PC.vivek.017390.0022: MainProcess                     : MainThread     : INFO    : Load resource configurations for epsrc.archer_aprun
2017-08-12 14:20:52,306: rp.session.vivek-HP-Pavilion-m6-Notebook-PC.vivek.017390.0022: MainProcess                     : MainThread     : INFO    : New Session created: rp.session.vivek-HP-Pavilion-m6-Notebook-PC.vivek.017390.0022.
2017-08-12 14:20:52,307: rp.session.vivek-HP-Pavilion-m6-Notebook-PC.vivek.017390.0022: MainProcess                     : MainThread     : DEBUG   : start bridges   : {u'control_pubsub': {u'bulk_size': 0, u'log_level': u'debug', u'stall_hwm': 1},
 u'log_pubsub': {u'bulk_size': 0, u'log_level': u'debug', u'stall_hwm': 1},
 u'state_pubsub': {u'bulk_size': 0, u'log_level': u'debug', u'stall_hwm': 1}}
2017-08-12 14:20:52,307: rp.session.vivek-HP-Pavilion-m6-Notebook-PC.vivek.017390.0022: MainProcess                     : MainThread     : INFO    : create bridge control_pubsub
2017-08-12 14:20:52,343: rp.session.vivek-HP-Pavilion-m6-Notebook-PC.vivek.017390.0022: MainProcess                     : MainThread     : INFO    : created bridge control_pubsub (control.pubsub.bridge.0000)
2017-08-12 14:20:52,343: rp.session.vivek-HP-Pavilion-m6-Notebook-PC.vivek.017390.0022: MainProcess                     : MainThread     : INFO    : create bridge state_pubsub
2017-08-12 14:20:52,360: rp.session.vivek-HP-Pavilion-m6-Notebook-PC.vivek.017390.0022: MainProcess                     : MainThread     : INFO    : created bridge state_pubsub (state.pubsub.bridge.0000)
2017-08-12 14:20:52,360: rp.session.vivek-HP-Pavilion-m6-Notebook-PC.vivek.017390.0022: MainProcess                     : MainThread     : INFO    : create bridge log_pubsub
2017-08-12 14:20:52,376: rp.session.vivek-HP-Pavilion-m6-Notebook-PC.vivek.017390.0022: MainProcess                     : MainThread     : INFO    : created bridge log_pubsub (log.pubsub.bridge.0000)
2017-08-12 14:20:52,376: rp.session.vivek-HP-Pavilion-m6-Notebook-PC.vivek.017390.0022: MainProcess                     : MainThread     : DEBUG   : start components: {u'UpdateWorker': {u'count': 1}}
2017-08-12 14:20:52,376: rp.session.vivek-HP-Pavilion-m6-Notebook-PC.vivek.017390.0022: MainProcess                     : MainThread     : DEBUG   : start 1 component(s) UpdateWorker
2017-08-12 14:20:52,517: rp.session.vivek-HP-Pavilion-m6-Notebook-PC.vivek.017390.0022: MainProcess                     : MainThread     : INFO    : rp.session.vivek-HP-Pavilion-m6-Notebook-PC.vivek.017390.0022 starts update.0
2017-08-12 14:20:52,652: rp.session.vivek-HP-Pavilion-m6-Notebook-PC.vivek.017390.0022: MainProcess                     : MainThread     : WARNING : using alias 'xsede.supermic_ssh' for deprecated resource key 'xsede.supermic'
2017-08-12 14:20:52,653: rp.session.vivek-HP-Pavilion-m6-Notebook-PC.vivek.017390.0022: MainProcess                     : MainThread     : DEBUG   : rsup.PTYShell('gsissh://supermic.cct-lsu.xsede.org:2222/')
2017-08-12 14:20:57,046: rp.session.vivek-HP-Pavilion-m6-Notebook-PC.vivek.017390.0022: MainProcess                     : MainThread     : DEBUG   : sandbox base gsissh://supermic.cct-lsu.xsede.org:2222/: '/work/vivek91'
2017-08-12 14:20:57,171: rp.session.vivek-HP-Pavilion-m6-Notebook-PC.vivek.017390.0022: MainProcess                     : MainThread     : DEBUG   : bulk pilot insert result: {'nModified': 0, 'nUpserted': 0, 'nMatched': 0, 'writeErrors': [], 'upserted': [], 'writeConcernErrors': [], 'nRemoved': 0, 'nInserted': 1}
2017-08-12 14:20:57,176: rp.session.vivek-HP-Pavilion-m6-Notebook-PC.vivek.017390.0022: pmgr.launching.0                : MainThread     : WARNING : using alias 'xsede.supermic_ssh' for deprecated resource key 'xsede.supermic'
2017-08-12 14:20:57,181: rp.session.vivek-HP-Pavilion-m6-Notebook-PC.vivek.017390.0022: pmgr.launching.0                : MainThread     : WARNING : using alias 'xsede.supermic_ssh' for deprecated resource key 'xsede.supermic'
2017-08-12 14:20:57,182: rp.session.vivek-HP-Pavilion-m6-Notebook-PC.vivek.017390.0022: pmgr.launching.0                : MainThread     : DEBUG   : rsup.PTYShell('gsissh://supermic.cct-lsu.xsede.org:2222/')
2017-08-12 14:20:58,636: rp.session.vivek-HP-Pavilion-m6-Notebook-PC.vivek.017390.0022: pmgr.launching.0                : MainThread     : DEBUG   : sandbox base gsissh://supermic.cct-lsu.xsede.org:2222/: '/work/vivek91'
2017-08-12 14:22:08,549: rp.session.vivek-HP-Pavilion-m6-Notebook-PC.vivek.017390.0022: task-manager                    : MainThread     : DEBUG   : bulk unit insert result: {'nModified': 0, 'nUpserted': 0, 'nMatched': 0, 'writeErrors': [], 'upserted': [], 'writeConcernErrors': [], 'nRemoved': 0, 'nInserted': 1}
2017-08-12 14:22:08,664: rp.session.vivek-HP-Pavilion-m6-Notebook-PC.vivek.017390.0022: task-manager                    : MainThread     : DEBUG   : bulk unit insert result: {'nModified': 0, 'nUpserted': 0, 'nMatched': 0, 'writeErrors': [], 'upserted': [], 'writeConcernErrors': [], 'nRemoved': 0, 'nInserted': 1}
2017-08-12 14:22:08,750: rp.session.vivek-HP-Pavilion-m6-Notebook-PC.vivek.017390.0022: task-manager                    : MainThread     : DEBUG   : bulk unit insert result: {'nModified': 0, 'nUpserted': 0, 'nMatched': 0, 'writeErrors': [], 'upserted': [], 'writeConcernErrors': [], 'nRemoved': 0, 'nInserted': 1}
2017-08-12 14:22:08,841: rp.session.vivek-HP-Pavilion-m6-Notebook-PC.vivek.017390.0022: task-manager                    : MainThread     : DEBUG   : bulk unit insert result: {'nModified': 0, 'nUpserted': 0, 'nMatched': 0, 'writeErrors': [], 'upserted': [], 'writeConcernErrors': [], 'nRemoved': 0, 'nInserted': 1}
2017-08-12 14:22:08,928: rp.session.vivek-HP-Pavilion-m6-Notebook-PC.vivek.017390.0022: task-manager                    : MainThread     : DEBUG   : bulk unit insert result: {'nModified': 0, 'nUpserted': 0, 'nMatched': 0, 'writeErrors': [], 'upserted': [], 'writeConcernErrors': [], 'nRemoved': 0, 'nInserted': 1}
2017-08-12 14:22:09,035: rp.session.vivek-HP-Pavilion-m6-Notebook-PC.vivek.017390.0022: task-manager                    : MainThread     : DEBUG   : bulk unit insert result: {'nModified': 0, 'nUpserted': 0, 'nMatched': 0, 'writeErrors': [], 'upserted': [], 'writeConcernErrors': [], 'nRemoved': 0, 'nInserted': 1}
2017-08-12 14:22:09,076: rp.session.vivek-HP-Pavilion-m6-Notebook-PC.vivek.017390.0022: task-manager                    : MainThread     : DEBUG   : bulk unit insert result: {'nModified': 0, 'nUpserted': 0, 'nMatched': 0, 'writeErrors': [], 'upserted': [], 'writeConcernErrors': [], 'nRemoved': 0, 'nInserted': 1}
2017-08-12 14:22:09,137: rp.session.vivek-HP-Pavilion-m6-Notebook-PC.vivek.017390.0022: task-manager                    : MainThread     : DEBUG   : bulk unit insert result: {'nModified': 0, 'nUpserted': 0, 'nMatched': 0, 'writeErrors': [], 'upserted': [], 'writeConcernErrors': [], 'nRemoved': 0, 'nInserted': 1}
2017-08-12 14:22:09,197: rp.session.vivek-HP-Pavilion-m6-Notebook-PC.vivek.017390.0022: task-manager                    : MainThread     : DEBUG   : bulk unit insert result: {'nModified': 0, 'nUpserted': 0, 'nMatched': 0, 'writeErrors': [], 'upserted': [], 'writeConcernErrors': [], 'nRemoved': 0, 'nInserted': 1}
2017-08-12 14:22:09,264: rp.session.vivek-HP-Pavilion-m6-Notebook-PC.vivek.017390.0022: task-manager                    : MainThread     : DEBUG   : bulk unit insert result: {'nModified': 0, 'nUpserted': 0, 'nMatched': 0, 'writeErrors': [], 'upserted': [], 'writeConcernErrors': [], 'nRemoved': 0, 'nInserted': 1}
2017-08-12 14:22:51,718: rp.session.vivek-HP-Pavilion-m6-Notebook-PC.vivek.017390.0022: task-manager                    : MainThread     : DEBUG   : bulk unit insert result: {'nModified': 0, 'nUpserted': 0, 'nMatched': 0, 'writeErrors': [], 'upserted': [], 'writeConcernErrors': [], 'nRemoved': 0, 'nInserted': 1}
2017-08-12 14:23:29,359: rp.session.vivek-HP-Pavilion-m6-Notebook-PC.vivek.017390.0022: MainProcess                     : MainThread     : DEBUG   : session rp.session.vivek-HP-Pavilion-m6-Notebook-PC.vivek.017390.0022 closing
2017-08-12 14:23:29,360: rp.session.vivek-HP-Pavilion-m6-Notebook-PC.vivek.017390.0022: MainProcess                     : MainThread     : DEBUG   : session rp.session.vivek-HP-Pavilion-m6-Notebook-PC.vivek.017390.0022 closes pmgr   pmgr.0000
2017-08-12 14:23:29,834: rp.session.vivek-HP-Pavilion-m6-Notebook-PC.vivek.017390.0022: MainProcess                     : MainThread     : DEBUG   : session rp.session.vivek-HP-Pavilion-m6-Notebook-PC.vivek.017390.0022 closed pmgr   pmgr.0000
2017-08-12 14:23:29,834: rp.session.vivek-HP-Pavilion-m6-Notebook-PC.vivek.017390.0022: MainProcess                     : MainThread     : DEBUG   : session rp.session.vivek-HP-Pavilion-m6-Notebook-PC.vivek.017390.0022 closes comp   update.0
2017-08-12 14:23:30,058: rp.session.vivek-HP-Pavilion-m6-Notebook-PC.vivek.017390.0022: MainProcess                     : MainThread     : DEBUG   : session rp.session.vivek-HP-Pavilion-m6-Notebook-PC.vivek.017390.0022 closed comp   update.0
2017-08-12 14:23:30,058: rp.session.vivek-HP-Pavilion-m6-Notebook-PC.vivek.017390.0022: MainProcess                     : MainThread     : DEBUG   : session rp.session.vivek-HP-Pavilion-m6-Notebook-PC.vivek.017390.0022 closes bridge control.pubsub.bridge.0000
2017-08-12 14:23:30,183: rp.session.vivek-HP-Pavilion-m6-Notebook-PC.vivek.017390.0022: MainProcess                     : MainThread     : DEBUG   : session rp.session.vivek-HP-Pavilion-m6-Notebook-PC.vivek.017390.0022 closed bridge control.pubsub.bridge.0000
2017-08-12 14:23:30,183: rp.session.vivek-HP-Pavilion-m6-Notebook-PC.vivek.017390.0022: MainProcess                     : MainThread     : DEBUG   : session rp.session.vivek-HP-Pavilion-m6-Notebook-PC.vivek.017390.0022 closes bridge state.pubsub.bridge.0000
2017-08-12 14:23:30,356: rp.session.vivek-HP-Pavilion-m6-Notebook-PC.vivek.017390.0022: MainProcess                     : MainThread     : DEBUG   : session rp.session.vivek-HP-Pavilion-m6-Notebook-PC.vivek.017390.0022 closed bridge state.pubsub.bridge.0000
2017-08-12 14:23:30,356: rp.session.vivek-HP-Pavilion-m6-Notebook-PC.vivek.017390.0022: MainProcess                     : MainThread     : DEBUG   : session rp.session.vivek-HP-Pavilion-m6-Notebook-PC.vivek.017390.0022 closes bridge log.pubsub.bridge.0000
2017-08-12 14:23:30,529: rp.session.vivek-HP-Pavilion-m6-Notebook-PC.vivek.017390.0022: MainProcess                     : MainThread     : DEBUG   : session rp.session.vivek-HP-Pavilion-m6-Notebook-PC.vivek.017390.0022 closed bridge log.pubsub.bridge.0000
2017-08-12 14:23:30,530: rp.session.vivek-HP-Pavilion-m6-Notebook-PC.vivek.017390.0022: MainProcess                     : MainThread     : DEBUG   : session rp.session.vivek-HP-Pavilion-m6-Notebook-PC.vivek.017390.0022 closes db (False)
2017-08-12 14:23:30,530: rp.session.vivek-HP-Pavilion-m6-Notebook-PC.vivek.017390.0022: MainProcess                     : MainThread     : DEBUG   : session rp.session.vivek-HP-Pavilion-m6-Notebook-PC.vivek.017390.0022 closed (delete=False)
