2017-08-12 14:20:52,390: state.pubsub.pub.0000: update.0                        : MainThread     : INFO    : python.interpreter   version: 2.7.12 (default, Nov 19 2016, 06:48:10) [GCC 5.4.0 20160609]
2017-08-12 14:20:52,391: state.pubsub.pub.0000: update.0                        : MainThread     : INFO    :                      pid: 22635
2017-08-12 14:20:52,391: state.pubsub.pub.0000: update.0                        : MainThread     : INFO    :                      tid: MainThread
2017-08-12 14:20:52,391: state.pubsub.pub.0000: update.0                        : MainThread     : INFO    : radical.pilot        version: 0.46-v0.46.RC2@HEAD-detached-at-v0.46.RC2
2017-08-12 14:20:52,391: state.pubsub.pub.0000: update.0                        : MainThread     : INFO    : create state_pubsub - pub - tcp://192.168.1.14:38213
2017-08-12 14:20:52,392: state.pubsub.pub.0000: update.0                        : MainThread     : DEBUG   : start process
2017-08-12 14:20:52,392: state.pubsub.pub.0000: update.0                        : MainThread     : DEBUG   : ru_initialize_common (NOOP)
2017-08-12 14:20:52,392: state.pubsub.pub.0000: update.0                        : MainThread     : DEBUG   : ru_initialize_parent (NOOP)
2017-08-12 14:20:52,392: state.pubsub.pub.0000: update.0                        : MainThread     : DEBUG   : process class started (no child)
2017-08-12 14:20:52,510: state.pubsub.pub.0000: MainProcess                     : MainThread     : INFO    : python.interpreter   version: 2.7.12 (default, Nov 19 2016, 06:48:10) [GCC 5.4.0 20160609]
2017-08-12 14:20:52,510: state.pubsub.pub.0000: MainProcess                     : MainThread     : INFO    :                      pid: 22598
2017-08-12 14:20:52,510: state.pubsub.pub.0000: MainProcess                     : MainThread     : INFO    :                      tid: MainThread
2017-08-12 14:20:52,510: state.pubsub.pub.0000: MainProcess                     : MainThread     : INFO    : radical.pilot        version: 0.46-v0.46.RC2@HEAD-detached-at-v0.46.RC2
2017-08-12 14:20:52,511: state.pubsub.pub.0000: MainProcess                     : MainThread     : INFO    : create state_pubsub - pub - tcp://192.168.1.14:38213
2017-08-12 14:20:52,511: state.pubsub.pub.0000: MainProcess                     : MainThread     : DEBUG   : start process
2017-08-12 14:20:52,511: state.pubsub.pub.0000: MainProcess                     : MainThread     : DEBUG   : ru_initialize_common (NOOP)
2017-08-12 14:20:52,511: state.pubsub.pub.0000: MainProcess                     : MainThread     : DEBUG   : ru_initialize_parent (NOOP)
2017-08-12 14:20:52,512: state.pubsub.pub.0000: MainProcess                     : MainThread     : DEBUG   : process class started (no child)
2017-08-12 14:23:29,838: state.pubsub.pub.0000: MainProcess                     : MainThread     : INFO    : parent stops child
2017-08-12 14:23:29,838: state.pubsub.pub.0000: MainProcess                     : MainThread     : DEBUG   : ru_finalize_parent (NOOP)
