2017-08-12 14:22:08,342: state.pubsub.sub.0001: umgr.scheduling.0               : MainThread     : INFO    : python.interpreter   version: 2.7.12 (default, Nov 19 2016, 06:48:10) [GCC 5.4.0 20160609]
2017-08-12 14:22:08,342: state.pubsub.sub.0001: umgr.scheduling.0               : MainThread     : INFO    :                      pid: 22851
2017-08-12 14:22:08,343: state.pubsub.sub.0001: umgr.scheduling.0               : MainThread     : INFO    :                      tid: MainThread
2017-08-12 14:22:08,343: state.pubsub.sub.0001: umgr.scheduling.0               : MainThread     : INFO    : radical.pilot        version: 0.46-v0.46.RC2@HEAD-detached-at-v0.46.RC2
2017-08-12 14:22:08,343: state.pubsub.sub.0001: umgr.scheduling.0               : MainThread     : INFO    : create state_pubsub - sub - tcp://192.168.1.14:45655
2017-08-12 14:22:08,343: state.pubsub.sub.0001: umgr.scheduling.0               : MainThread     : DEBUG   : start process
2017-08-12 14:22:08,343: state.pubsub.sub.0001: umgr.scheduling.0               : MainThread     : DEBUG   : ru_initialize_common (NOOP)
2017-08-12 14:22:08,343: state.pubsub.sub.0001: umgr.scheduling.0               : MainThread     : DEBUG   : ru_initialize_parent (NOOP)
2017-08-12 14:22:08,344: state.pubsub.sub.0001: umgr.scheduling.0               : MainThread     : DEBUG   : process class started (no child)
2017-08-12 14:22:08,471: state.pubsub.sub.0001: task-manager                    : MainThread     : INFO    : python.interpreter   version: 2.7.12 (default, Nov 19 2016, 06:48:10) [GCC 5.4.0 20160609]
2017-08-12 14:22:08,472: state.pubsub.sub.0001: task-manager                    : MainThread     : INFO    :                      pid: 22779
2017-08-12 14:22:08,472: state.pubsub.sub.0001: task-manager                    : MainThread     : INFO    :                      tid: MainThread
2017-08-12 14:22:08,472: state.pubsub.sub.0001: task-manager                    : MainThread     : INFO    : radical.pilot        version: 0.46-v0.46.RC2@HEAD-detached-at-v0.46.RC2
2017-08-12 14:22:08,472: state.pubsub.sub.0001: task-manager                    : MainThread     : INFO    : create state_pubsub - sub - tcp://192.168.1.14:45655
2017-08-12 14:22:08,473: state.pubsub.sub.0001: task-manager                    : MainThread     : DEBUG   : start process
2017-08-12 14:22:08,473: state.pubsub.sub.0001: task-manager                    : MainThread     : DEBUG   : ru_initialize_common (NOOP)
2017-08-12 14:22:08,474: state.pubsub.sub.0001: task-manager                    : MainThread     : DEBUG   : ru_initialize_parent (NOOP)
2017-08-12 14:22:08,474: state.pubsub.sub.0001: task-manager                    : MainThread     : DEBUG   : process class started (no child)
2017-08-12 14:23:21,854: state.pubsub.sub.0001: umgr.scheduling.0               : MainThread     : INFO    : parent stops child
2017-08-12 14:23:21,855: state.pubsub.sub.0001: umgr.scheduling.0               : MainThread     : DEBUG   : ru_finalize_parent (NOOP)
